This is pdfTeX, Version 3.141592653-2.6-1.40.22 (TeX Live 2021) (preloaded format=pdflatex 2021.11.21)  10 MAR 2022 09:49
entering extended mode
 restricted \write18 enabled.
 %&-line parsing enabled.
**advancePres.tex
(./advancePres.tex
LaTeX2e <2020-10-01> patch level 4
L3 programming layer <2021-02-18>
(/usr/local/texlive/2021/texmf-dist/tex/latex/beamer/beamer.cls
Document Class: beamer 2021/03/19 v3.62 A class for typesetting presentations
(/usr/local/texlive/2021/texmf-dist/tex/latex/beamer/beamerbasemodes.sty
(/usr/local/texlive/2021/texmf-dist/tex/latex/etoolbox/etoolbox.sty
Package: etoolbox 2020/10/05 v2.5k e-TeX tools for LaTeX (JAW)
\etb@tempcnta=\count179
)
\beamer@tempbox=\box47
\beamer@tempcount=\count180
\c@beamerpauses=\count181

(/usr/local/texlive/2021/texmf-dist/tex/latex/beamer/beamerbasedecode.sty
\beamer@slideinframe=\count182
\beamer@minimum=\count183
\beamer@decode@box=\box48
)
\beamer@commentbox=\box49
\beamer@modecount=\count184
)
(/usr/local/texlive/2021/texmf-dist/tex/generic/iftex/ifpdf.sty
Package: ifpdf 2019/10/25 v3.4 ifpdf legacy package. Use iftex instead.

(/usr/local/texlive/2021/texmf-dist/tex/generic/iftex/iftex.sty
Package: iftex 2020/03/06 v1.0d TeX engine tests
))
\headdp=\dimen138
\footheight=\dimen139
\sidebarheight=\dimen140
\beamer@tempdim=\dimen141
\beamer@finalheight=\dimen142
\beamer@animht=\dimen143
\beamer@animdp=\dimen144
\beamer@animwd=\dimen145
\beamer@leftmargin=\dimen146
\beamer@rightmargin=\dimen147
\beamer@leftsidebar=\dimen148
\beamer@rightsidebar=\dimen149
\beamer@boxsize=\dimen150
\beamer@vboxoffset=\dimen151
\beamer@descdefault=\dimen152
\beamer@descriptionwidth=\dimen153
\beamer@lastskip=\skip47
\beamer@areabox=\box50
\beamer@animcurrent=\box51
\beamer@animshowbox=\box52
\beamer@sectionbox=\box53
\beamer@logobox=\box54
\beamer@linebox=\box55
\beamer@sectioncount=\count185
\beamer@subsubsectionmax=\count186
\beamer@subsectionmax=\count187
\beamer@sectionmax=\count188
\beamer@totalheads=\count189
\beamer@headcounter=\count190
\beamer@partstartpage=\count191
\beamer@sectionstartpage=\count192
\beamer@subsectionstartpage=\count193
\beamer@animationtempa=\count194
\beamer@animationtempb=\count195
\beamer@xpos=\count196
\beamer@ypos=\count197
\beamer@ypos@offset=\count198
\beamer@showpartnumber=\count199
\beamer@currentsubsection=\count266
\beamer@coveringdepth=\count267
\beamer@sectionadjust=\count268
\beamer@tocsectionnumber=\count269

(/usr/local/texlive/2021/texmf-dist/tex/latex/beamer/beamerbaseoptions.sty
(/usr/local/texlive/2021/texmf-dist/tex/latex/graphics/keyval.sty
Package: keyval 2014/10/28 v1.15 key=value parser (DPC)
\KV@toks@=\toks15
))
\beamer@paperwidth=\skip48
\beamer@paperheight=\skip49

(/usr/local/texlive/2021/texmf-dist/tex/latex/geometry/geometry.sty
Package: geometry 2020/01/02 v5.9 Page Geometry

(/usr/local/texlive/2021/texmf-dist/tex/generic/iftex/ifvtex.sty
Package: ifvtex 2019/10/25 v1.7 ifvtex legacy package. Use iftex instead.
)
\Gm@cnth=\count270
\Gm@cntv=\count271
\c@Gm@tempcnt=\count272
\Gm@bindingoffset=\dimen154
\Gm@wd@mp=\dimen155
\Gm@odd@mp=\dimen156
\Gm@even@mp=\dimen157
\Gm@layoutwidth=\dimen158
\Gm@layoutheight=\dimen159
\Gm@layouthoffset=\dimen160
\Gm@layoutvoffset=\dimen161
\Gm@dimlist=\toks16
)
(/usr/local/texlive/2021/texmf-dist/tex/latex/base/size11.clo
File: size11.clo 2020/04/10 v1.4m Standard LaTeX file (size option)
)
(/usr/local/texlive/2021/texmf-dist/tex/latex/pgf/basiclayer/pgfcore.sty
(/usr/local/texlive/2021/texmf-dist/tex/latex/graphics/graphicx.sty
Package: graphicx 2020/09/09 v1.2b Enhanced LaTeX Graphics (DPC,SPQR)

(/usr/local/texlive/2021/texmf-dist/tex/latex/graphics/graphics.sty
Package: graphics 2020/08/30 v1.4c Standard LaTeX Graphics (DPC,SPQR)

(/usr/local/texlive/2021/texmf-dist/tex/latex/graphics/trig.sty
Package: trig 2016/01/03 v1.10 sin cos tan (DPC)
)
(/usr/local/texlive/2021/texmf-dist/tex/latex/graphics-cfg/graphics.cfg
File: graphics.cfg 2016/06/04 v1.11 sample graphics configuration
)
Package graphics Info: Driver file: pdftex.def on input line 105.

(/usr/local/texlive/2021/texmf-dist/tex/latex/graphics-def/pdftex.def
File: pdftex.def 2020/10/05 v1.2a Graphics/color driver for pdftex
))
\Gin@req@height=\dimen162
\Gin@req@width=\dimen163
)
(/usr/local/texlive/2021/texmf-dist/tex/latex/pgf/systemlayer/pgfsys.sty
(/usr/local/texlive/2021/texmf-dist/tex/latex/pgf/utilities/pgfrcs.sty
(/usr/local/texlive/2021/texmf-dist/tex/generic/pgf/utilities/pgfutil-common.te
x
\pgfutil@everybye=\toks17
\pgfutil@tempdima=\dimen164
\pgfutil@tempdimb=\dimen165

(/usr/local/texlive/2021/texmf-dist/tex/generic/pgf/utilities/pgfutil-common-li
sts.tex))
(/usr/local/texlive/2021/texmf-dist/tex/generic/pgf/utilities/pgfutil-latex.def
\pgfutil@abb=\box56
) (/usr/local/texlive/2021/texmf-dist/tex/generic/pgf/utilities/pgfrcs.code.tex
(/usr/local/texlive/2021/texmf-dist/tex/generic/pgf/pgf.revision.tex)
Package: pgfrcs 2020/12/27 v3.1.8b (3.1.8b)
))
(/usr/local/texlive/2021/texmf-dist/tex/generic/pgf/systemlayer/pgfsys.code.tex
Package: pgfsys 2020/12/27 v3.1.8b (3.1.8b)
(/usr/local/texlive/2021/texmf-dist/tex/generic/pgf/utilities/pgfkeys.code.tex
\pgfkeys@pathtoks=\toks18
\pgfkeys@temptoks=\toks19

(/usr/local/texlive/2021/texmf-dist/tex/generic/pgf/utilities/pgfkeysfiltered.c
ode.tex
\pgfkeys@tmptoks=\toks20
))
\pgf@x=\dimen166
\pgf@y=\dimen167
\pgf@xa=\dimen168
\pgf@ya=\dimen169
\pgf@xb=\dimen170
\pgf@yb=\dimen171
\pgf@xc=\dimen172
\pgf@yc=\dimen173
\pgf@xd=\dimen174
\pgf@yd=\dimen175
\w@pgf@writea=\write3
\r@pgf@reada=\read2
\c@pgf@counta=\count273
\c@pgf@countb=\count274
\c@pgf@countc=\count275
\c@pgf@countd=\count276
\t@pgf@toka=\toks21
\t@pgf@tokb=\toks22
\t@pgf@tokc=\toks23
\pgf@sys@id@count=\count277

(/usr/local/texlive/2021/texmf-dist/tex/generic/pgf/systemlayer/pgf.cfg
File: pgf.cfg 2020/12/27 v3.1.8b (3.1.8b)
)
Driver file for pgf: pgfsys-pdftex.def

(/usr/local/texlive/2021/texmf-dist/tex/generic/pgf/systemlayer/pgfsys-pdftex.d
ef
File: pgfsys-pdftex.def 2020/12/27 v3.1.8b (3.1.8b)

(/usr/local/texlive/2021/texmf-dist/tex/generic/pgf/systemlayer/pgfsys-common-p
df.def
File: pgfsys-common-pdf.def 2020/12/27 v3.1.8b (3.1.8b)
)))
(/usr/local/texlive/2021/texmf-dist/tex/generic/pgf/systemlayer/pgfsyssoftpath.
code.tex
File: pgfsyssoftpath.code.tex 2020/12/27 v3.1.8b (3.1.8b)
\pgfsyssoftpath@smallbuffer@items=\count278
\pgfsyssoftpath@bigbuffer@items=\count279
)
(/usr/local/texlive/2021/texmf-dist/tex/generic/pgf/systemlayer/pgfsysprotocol.
code.tex
File: pgfsysprotocol.code.tex 2020/12/27 v3.1.8b (3.1.8b)
)) (/usr/local/texlive/2021/texmf-dist/tex/latex/xcolor/xcolor.sty
Package: xcolor 2016/05/11 v2.12 LaTeX color extensions (UK)

(/usr/local/texlive/2021/texmf-dist/tex/latex/graphics-cfg/color.cfg
File: color.cfg 2016/01/02 v1.6 sample color configuration
)
Package xcolor Info: Driver file: pdftex.def on input line 225.

(/usr/local/texlive/2021/texmf-dist/tex/latex/colortbl/colortbl.sty
Package: colortbl 2020/01/04 v1.0e Color table columns (DPC)

(/usr/local/texlive/2021/texmf-dist/tex/latex/tools/array.sty
Package: array 2020/10/01 v2.5c Tabular extension package (FMi)
\col@sep=\dimen176
\ar@mcellbox=\box57
\extrarowheight=\dimen177
\NC@list=\toks24
\extratabsurround=\skip50
\backup@length=\skip51
\ar@cellbox=\box58
)
\everycr=\toks25
\minrowclearance=\skip52
)
\rownum=\count280
Package xcolor Info: Model `cmy' substituted by `cmy0' on input line 1348.
Package xcolor Info: Model `hsb' substituted by `rgb' on input line 1352.
Package xcolor Info: Model `RGB' extended on input line 1364.
Package xcolor Info: Model `HTML' substituted by `rgb' on input line 1366.
Package xcolor Info: Model `Hsb' substituted by `hsb' on input line 1367.
Package xcolor Info: Model `tHsb' substituted by `hsb' on input line 1368.
Package xcolor Info: Model `HSB' substituted by `hsb' on input line 1369.
Package xcolor Info: Model `Gray' substituted by `gray' on input line 1370.
Package xcolor Info: Model `wave' substituted by `hsb' on input line 1371.

(/usr/local/texlive/2021/texmf-dist/tex/latex/graphics/dvipsnam.def
File: dvipsnam.def 2016/06/17 v3.0m Driver-dependent file (DPC,SPQR)
))
(/usr/local/texlive/2021/texmf-dist/tex/generic/pgf/basiclayer/pgfcore.code.tex
Package: pgfcore 2020/12/27 v3.1.8b (3.1.8b)
(/usr/local/texlive/2021/texmf-dist/tex/generic/pgf/math/pgfmath.code.tex
(/usr/local/texlive/2021/texmf-dist/tex/generic/pgf/math/pgfmathcalc.code.tex
(/usr/local/texlive/2021/texmf-dist/tex/generic/pgf/math/pgfmathutil.code.tex)
(/usr/local/texlive/2021/texmf-dist/tex/generic/pgf/math/pgfmathparser.code.tex
\pgfmath@dimen=\dimen178
\pgfmath@count=\count281
\pgfmath@box=\box59
\pgfmath@toks=\toks26
\pgfmath@stack@operand=\toks27
\pgfmath@stack@operation=\toks28
)
(/usr/local/texlive/2021/texmf-dist/tex/generic/pgf/math/pgfmathfunctions.code.
tex
(/usr/local/texlive/2021/texmf-dist/tex/generic/pgf/math/pgfmathfunctions.basic
.code.tex)
(/usr/local/texlive/2021/texmf-dist/tex/generic/pgf/math/pgfmathfunctions.trigo
nometric.code.tex)
(/usr/local/texlive/2021/texmf-dist/tex/generic/pgf/math/pgfmathfunctions.rando
m.code.tex)
(/usr/local/texlive/2021/texmf-dist/tex/generic/pgf/math/pgfmathfunctions.compa
rison.code.tex)
(/usr/local/texlive/2021/texmf-dist/tex/generic/pgf/math/pgfmathfunctions.base.
code.tex)
(/usr/local/texlive/2021/texmf-dist/tex/generic/pgf/math/pgfmathfunctions.round
.code.tex)
(/usr/local/texlive/2021/texmf-dist/tex/generic/pgf/math/pgfmathfunctions.misc.
code.tex)
(/usr/local/texlive/2021/texmf-dist/tex/generic/pgf/math/pgfmathfunctions.integ
erarithmetics.code.tex)))
(/usr/local/texlive/2021/texmf-dist/tex/generic/pgf/math/pgfmathfloat.code.tex
\c@pgfmathroundto@lastzeros=\count282
)) (/usr/local/texlive/2021/texmf-dist/tex/generic/pgf/math/pgfint.code.tex)
(/usr/local/texlive/2021/texmf-dist/tex/generic/pgf/basiclayer/pgfcorepoints.co
de.tex
File: pgfcorepoints.code.tex 2020/12/27 v3.1.8b (3.1.8b)
\pgf@picminx=\dimen179
\pgf@picmaxx=\dimen180
\pgf@picminy=\dimen181
\pgf@picmaxy=\dimen182
\pgf@pathminx=\dimen183
\pgf@pathmaxx=\dimen184
\pgf@pathminy=\dimen185
\pgf@pathmaxy=\dimen186
\pgf@xx=\dimen187
\pgf@xy=\dimen188
\pgf@yx=\dimen189
\pgf@yy=\dimen190
\pgf@zx=\dimen191
\pgf@zy=\dimen192
)
(/usr/local/texlive/2021/texmf-dist/tex/generic/pgf/basiclayer/pgfcorepathconst
ruct.code.tex
File: pgfcorepathconstruct.code.tex 2020/12/27 v3.1.8b (3.1.8b)
\pgf@path@lastx=\dimen193
\pgf@path@lasty=\dimen194
)
(/usr/local/texlive/2021/texmf-dist/tex/generic/pgf/basiclayer/pgfcorepathusage
.code.tex
File: pgfcorepathusage.code.tex 2020/12/27 v3.1.8b (3.1.8b)
\pgf@shorten@end@additional=\dimen195
\pgf@shorten@start@additional=\dimen196
)
(/usr/local/texlive/2021/texmf-dist/tex/generic/pgf/basiclayer/pgfcorescopes.co
de.tex
File: pgfcorescopes.code.tex 2020/12/27 v3.1.8b (3.1.8b)
\pgfpic=\box60
\pgf@hbox=\box61
\pgf@layerbox@main=\box62
\pgf@picture@serial@count=\count283
)
(/usr/local/texlive/2021/texmf-dist/tex/generic/pgf/basiclayer/pgfcoregraphicst
ate.code.tex
File: pgfcoregraphicstate.code.tex 2020/12/27 v3.1.8b (3.1.8b)
\pgflinewidth=\dimen197
)
(/usr/local/texlive/2021/texmf-dist/tex/generic/pgf/basiclayer/pgfcoretransform
ations.code.tex
File: pgfcoretransformations.code.tex 2020/12/27 v3.1.8b (3.1.8b)
\pgf@pt@x=\dimen198
\pgf@pt@y=\dimen199
\pgf@pt@temp=\dimen256
)
(/usr/local/texlive/2021/texmf-dist/tex/generic/pgf/basiclayer/pgfcorequick.cod
e.tex
File: pgfcorequick.code.tex 2020/12/27 v3.1.8b (3.1.8b)
)
(/usr/local/texlive/2021/texmf-dist/tex/generic/pgf/basiclayer/pgfcoreobjects.c
ode.tex
File: pgfcoreobjects.code.tex 2020/12/27 v3.1.8b (3.1.8b)
)
(/usr/local/texlive/2021/texmf-dist/tex/generic/pgf/basiclayer/pgfcorepathproce
ssing.code.tex
File: pgfcorepathprocessing.code.tex 2020/12/27 v3.1.8b (3.1.8b)
)
(/usr/local/texlive/2021/texmf-dist/tex/generic/pgf/basiclayer/pgfcorearrows.co
de.tex
File: pgfcorearrows.code.tex 2020/12/27 v3.1.8b (3.1.8b)
\pgfarrowsep=\dimen257
)
(/usr/local/texlive/2021/texmf-dist/tex/generic/pgf/basiclayer/pgfcoreshade.cod
e.tex
File: pgfcoreshade.code.tex 2020/12/27 v3.1.8b (3.1.8b)
\pgf@max=\dimen258
\pgf@sys@shading@range@num=\count284
\pgf@shadingcount=\count285
)
(/usr/local/texlive/2021/texmf-dist/tex/generic/pgf/basiclayer/pgfcoreimage.cod
e.tex
File: pgfcoreimage.code.tex 2020/12/27 v3.1.8b (3.1.8b)

(/usr/local/texlive/2021/texmf-dist/tex/generic/pgf/basiclayer/pgfcoreexternal.
code.tex
File: pgfcoreexternal.code.tex 2020/12/27 v3.1.8b (3.1.8b)
\pgfexternal@startupbox=\box63
))
(/usr/local/texlive/2021/texmf-dist/tex/generic/pgf/basiclayer/pgfcorelayers.co
de.tex
File: pgfcorelayers.code.tex 2020/12/27 v3.1.8b (3.1.8b)
)
(/usr/local/texlive/2021/texmf-dist/tex/generic/pgf/basiclayer/pgfcoretranspare
ncy.code.tex
File: pgfcoretransparency.code.tex 2020/12/27 v3.1.8b (3.1.8b)
)
(/usr/local/texlive/2021/texmf-dist/tex/generic/pgf/basiclayer/pgfcorepatterns.
code.tex
File: pgfcorepatterns.code.tex 2020/12/27 v3.1.8b (3.1.8b)
)
(/usr/local/texlive/2021/texmf-dist/tex/generic/pgf/basiclayer/pgfcorerdf.code.
tex
File: pgfcorerdf.code.tex 2020/12/27 v3.1.8b (3.1.8b)
))) (/usr/local/texlive/2021/texmf-dist/tex/latex/pgf/utilities/xxcolor.sty
Package: xxcolor 2003/10/24 ver 0.1
\XC@nummixins=\count286
\XC@countmixins=\count287
) (/usr/local/texlive/2021/texmf-dist/tex/latex/base/atbegshi-ltx.sty
Package: atbegshi-ltx 2020/08/17 v1.0a Emulation of the original atbegshi packa
ge
with kernel methods
)
(/usr/local/texlive/2021/texmf-dist/tex/latex/hyperref/hyperref.sty
Package: hyperref 2021-02-27 v7.00k Hypertext links for LaTeX

(/usr/local/texlive/2021/texmf-dist/tex/generic/ltxcmds/ltxcmds.sty
Package: ltxcmds 2020-05-10 v1.25 LaTeX kernel commands for general use (HO)
)
(/usr/local/texlive/2021/texmf-dist/tex/generic/pdftexcmds/pdftexcmds.sty
Package: pdftexcmds 2020-06-27 v0.33 Utility functions of pdfTeX for LuaTeX (HO
)

(/usr/local/texlive/2021/texmf-dist/tex/generic/infwarerr/infwarerr.sty
Package: infwarerr 2019/12/03 v1.5 Providing info/warning/error messages (HO)
)
Package pdftexcmds Info: \pdf@primitive is available.
Package pdftexcmds Info: \pdf@ifprimitive is available.
Package pdftexcmds Info: \pdfdraftmode found.
)
(/usr/local/texlive/2021/texmf-dist/tex/generic/kvsetkeys/kvsetkeys.sty
Package: kvsetkeys 2019/12/15 v1.18 Key value parser (HO)
)
(/usr/local/texlive/2021/texmf-dist/tex/generic/kvdefinekeys/kvdefinekeys.sty
Package: kvdefinekeys 2019-12-19 v1.6 Define keys (HO)
)
(/usr/local/texlive/2021/texmf-dist/tex/generic/pdfescape/pdfescape.sty
Package: pdfescape 2019/12/09 v1.15 Implements pdfTeX's escape features (HO)
)
(/usr/local/texlive/2021/texmf-dist/tex/latex/hycolor/hycolor.sty
Package: hycolor 2020-01-27 v1.10 Color options for hyperref/bookmark (HO)
)
(/usr/local/texlive/2021/texmf-dist/tex/latex/letltxmacro/letltxmacro.sty
Package: letltxmacro 2019/12/03 v1.6 Let assignment for LaTeX macros (HO)
)
(/usr/local/texlive/2021/texmf-dist/tex/latex/auxhook/auxhook.sty
Package: auxhook 2019-12-17 v1.6 Hooks for auxiliary files (HO)
)
(/usr/local/texlive/2021/texmf-dist/tex/latex/kvoptions/kvoptions.sty
Package: kvoptions 2020-10-07 v3.14 Key value format for package options (HO)
)
\@linkdim=\dimen259
\Hy@linkcounter=\count288
\Hy@pagecounter=\count289

(/usr/local/texlive/2021/texmf-dist/tex/latex/hyperref/pd1enc.def
File: pd1enc.def 2021-02-27 v7.00k Hyperref: PDFDocEncoding definition (HO)
Now handling font encoding PD1 ...
... no UTF-8 mapping file for font encoding PD1
)
(/usr/local/texlive/2021/texmf-dist/tex/latex/hyperref/hyperref-langpatches.def
File: hyperref-langpatches.def 2021-02-27 v7.00k Hyperref: patches for babel la
nguages
) (/usr/local/texlive/2021/texmf-dist/tex/generic/intcalc/intcalc.sty
Package: intcalc 2019/12/15 v1.3 Expandable calculations with integers (HO)
)
(/usr/local/texlive/2021/texmf-dist/tex/generic/etexcmds/etexcmds.sty
Package: etexcmds 2019/12/15 v1.7 Avoid name clashes with e-TeX commands (HO)
)
\Hy@SavedSpaceFactor=\count290

(/usr/local/texlive/2021/texmf-dist/tex/latex/hyperref/puenc.def
File: puenc.def 2021-02-27 v7.00k Hyperref: PDF Unicode definition (HO)
Now handling font encoding PU ...
... no UTF-8 mapping file for font encoding PU
)
Package hyperref Info: Option `bookmarks' set `true' on input line 4073.
Package hyperref Info: Option `bookmarksopen' set `true' on input line 4073.
Package hyperref Info: Option `implicit' set `false' on input line 4073.
Package hyperref Info: Hyper figures OFF on input line 4192.
Package hyperref Info: Link nesting OFF on input line 4197.
Package hyperref Info: Hyper index ON on input line 4200.
Package hyperref Info: Plain pages OFF on input line 4207.
Package hyperref Info: Backreferencing OFF on input line 4212.
Package hyperref Info: Implicit mode OFF; no redefinition of LaTeX internals.
Package hyperref Info: Bookmarks ON on input line 4445.
\c@Hy@tempcnt=\count291

(/usr/local/texlive/2021/texmf-dist/tex/latex/url/url.sty
\Urlmuskip=\muskip16
Package: url 2013/09/16  ver 3.4  Verb mode for urls, etc.
)
LaTeX Info: Redefining \url on input line 4804.
\XeTeXLinkMargin=\dimen260

(/usr/local/texlive/2021/texmf-dist/tex/generic/bitset/bitset.sty
Package: bitset 2019/12/09 v1.3 Handle bit-vector datatype (HO)

(/usr/local/texlive/2021/texmf-dist/tex/generic/bigintcalc/bigintcalc.sty
Package: bigintcalc 2019/12/15 v1.5 Expandable calculations on big integers (HO
)
))
\Fld@menulength=\count292
\Field@Width=\dimen261
\Fld@charsize=\dimen262
Package hyperref Info: Hyper figures OFF on input line 6075.
Package hyperref Info: Link nesting OFF on input line 6080.
Package hyperref Info: Hyper index ON on input line 6083.
Package hyperref Info: backreferencing OFF on input line 6090.
Package hyperref Info: Link coloring OFF on input line 6095.
Package hyperref Info: Link coloring with OCG OFF on input line 6100.
Package hyperref Info: PDF/A mode OFF on input line 6105.
LaTeX Info: Redefining \ref on input line 6145.
LaTeX Info: Redefining \pageref on input line 6149.
\Hy@abspage=\count293


Package hyperref Message: Stopped early.

)
Package hyperref Info: Driver (autodetected): hpdftex.
 (/usr/local/texlive/2021/texmf-dist/tex/latex/hyperref/hpdftex.def
File: hpdftex.def 2021-02-27 v7.00k Hyperref driver for pdfTeX

(/usr/local/texlive/2021/texmf-dist/tex/latex/base/atveryend-ltx.sty
Package: atveryend-ltx 2020/08/19 v1.0a Emulation of the original atvery packag
e
with kernel methods
)
\Fld@listcount=\count294
\c@bookmark@seq@number=\count295

(/usr/local/texlive/2021/texmf-dist/tex/latex/rerunfilecheck/rerunfilecheck.sty
Package: rerunfilecheck 2019/12/05 v1.9 Rerun checks for auxiliary files (HO)

(/usr/local/texlive/2021/texmf-dist/tex/generic/uniquecounter/uniquecounter.sty
Package: uniquecounter 2019/12/15 v1.4 Provide unlimited unique counter (HO)
)
Package uniquecounter Info: New unique counter `rerunfilecheck' on input line 2
86.
)) (/usr/local/texlive/2021/texmf-dist/tex/latex/beamer/beamerbaserequires.sty
(/usr/local/texlive/2021/texmf-dist/tex/latex/beamer/beamerbasecompatibility.st
y) (/usr/local/texlive/2021/texmf-dist/tex/latex/beamer/beamerbasefont.sty
(/usr/local/texlive/2021/texmf-dist/tex/latex/amsfonts/amssymb.sty
Package: amssymb 2013/01/14 v3.01 AMS font symbols

(/usr/local/texlive/2021/texmf-dist/tex/latex/amsfonts/amsfonts.sty
Package: amsfonts 2013/01/14 v3.01 Basic AMSFonts support
\@emptytoks=\toks29
\symAMSa=\mathgroup4
\symAMSb=\mathgroup5
LaTeX Font Info:    Redeclaring math symbol \hbar on input line 98.
LaTeX Font Info:    Overwriting math alphabet `\mathfrak' in version `bold'
(Font)                  U/euf/m/n --> U/euf/b/n on input line 106.
))
(/usr/local/texlive/2021/texmf-dist/tex/latex/sansmathaccent/sansmathaccent.sty
Package: sansmathaccent 2020/01/31
(/usr/local/texlive/2021/texmf-dist/tex/latex/koma-script/scrlfile.sty
Package: scrlfile 2021/03/17 v3.33 KOMA-Script package (file load hooks)

(/usr/local/texlive/2021/texmf-dist/tex/latex/koma-script/scrlfile-hook.sty
Package: scrlfile-hook 2021/03/17 v3.33 KOMA-Script package (using LaTeX hooks)


LaTeX3 Info: Defining command \BeforeFile with sig. 'm' on line 61.


LaTeX3 Info: Defining command \AfterFile with sig. 'm' on line 65.


LaTeX3 Info: Defining command \BeforeClass with sig. 'm' on line 69.


LaTeX3 Info: Defining command \BeforePackage with sig. 'm' on line 73.


LaTeX3 Info: Defining command \AfterAtEndOfClass with sig. 'smo+m' on line 83.


LaTeX3 Info: Defining command \AfterAtEndOfPackage with sig. 'smo+m' on line
(LaTeX3)     93.


LaTeX3 Info: Defining command \scrlfile@AfterClass with sig. 'smo+m' on line
(LaTeX3)     173.


LaTeX3 Info: Defining command \AfterClass with sig. '' on line 174.


LaTeX3 Info: Defining command \scrlfile@AfterPackage with sig. 'smo+m' on line
(LaTeX3)     191.


LaTeX3 Info: Defining command \AfterPackage with sig. '' on line 192.


LaTeX3 Info: Defining command \ReplaceInput with sig. '' on line 193.


LaTeX3 Info: Defining command \ReplaceClass with sig. 'mm' on line 196.


LaTeX3 Info: Defining command \ReplacePackage with sig. 'mm' on line 199.


LaTeX3 Info: Defining command \UnReplaceInput with sig. '' on line 200.


LaTeX3 Info: Defining command \UnReplaceClass with sig. 'm' on line 203.


LaTeX3 Info: Defining command \UnReplacePackage with sig. 'mm' on line 206.


LaTeX3 Info: Defining command \PreventPackageFromLoading with sig. 's+om' on
(LaTeX3)     line 234.


LaTeX3 Info: Defining command \StorePreventPackageFromLoading with sig. 'm' on
(LaTeX3)     line 242.


LaTeX3 Info: Defining command \ResetPreventPackageFromLoading with sig. '' on
(LaTeX3)     line 247.


LaTeX3 Info: Defining command \UnPreventPackageFromLoading with sig. 'sm' on
(LaTeX3)     line 261.


LaTeX3 Info: Defining command \BeforeClosingMainAux with sig. 'om' on line
(LaTeX3)     274.


LaTeX3 Info: Defining command \AfterReadingMainAux with sig. 'om' on line 287.


LaTeX3 Info: Defining command \protected@immediate@write with sig. 'm+m+m' on
(LaTeX3)     line 298.


(/usr/local/texlive/2021/texmf-dist/tex/latex/koma-script/scrlogo.sty
Package: scrlogo 2021/03/17 v3.33 KOMA-Script package (logo)
)))))
(/usr/local/texlive/2021/texmf-dist/tex/latex/beamer/beamerbasetranslator.sty
(/usr/local/texlive/2021/texmf-dist/tex/latex/translator/translator.sty
Package: translator 2020-08-03 v1.12c Easy translation of strings in LaTeX
))
(/usr/local/texlive/2021/texmf-dist/tex/latex/beamer/beamerbasemisc.sty)
(/usr/local/texlive/2021/texmf-dist/tex/latex/beamer/beamerbasetwoscreens.sty)
(/usr/local/texlive/2021/texmf-dist/tex/latex/beamer/beamerbaseoverlay.sty
\beamer@argscount=\count296
\beamer@lastskipcover=\skip53
\beamer@trivlistdepth=\count297
)
(/usr/local/texlive/2021/texmf-dist/tex/latex/beamer/beamerbasetitle.sty)
(/usr/local/texlive/2021/texmf-dist/tex/latex/beamer/beamerbasesection.sty
\c@lecture=\count298
\c@part=\count299
\c@section=\count300
\c@subsection=\count301
\c@subsubsection=\count302
)
(/usr/local/texlive/2021/texmf-dist/tex/latex/beamer/beamerbaseframe.sty
\beamer@framebox=\box64
\beamer@frametitlebox=\box65
\beamer@zoombox=\box66
\beamer@zoomcount=\count303
\beamer@zoomframecount=\count304
\beamer@frametextheight=\dimen263
\c@subsectionslide=\count305
\beamer@frametopskip=\skip54
\beamer@framebottomskip=\skip55
\beamer@frametopskipautobreak=\skip56
\beamer@framebottomskipautobreak=\skip57
\beamer@envbody=\toks30
\framewidth=\dimen264
\c@framenumber=\count306
)
(/usr/local/texlive/2021/texmf-dist/tex/latex/beamer/beamerbaseverbatim.sty
\beamer@verbatimfileout=\write4
)
(/usr/local/texlive/2021/texmf-dist/tex/latex/beamer/beamerbaseframesize.sty
\beamer@splitbox=\box67
\beamer@autobreakcount=\count307
\beamer@autobreaklastheight=\dimen265
\beamer@frametitletoks=\toks31
\beamer@framesubtitletoks=\toks32
)
(/usr/local/texlive/2021/texmf-dist/tex/latex/beamer/beamerbaseframecomponents.
sty
\beamer@footins=\box68
) (/usr/local/texlive/2021/texmf-dist/tex/latex/beamer/beamerbasecolor.sty)
(/usr/local/texlive/2021/texmf-dist/tex/latex/beamer/beamerbasenotes.sty
\beamer@frameboxcopy=\box69
)
(/usr/local/texlive/2021/texmf-dist/tex/latex/beamer/beamerbasetoc.sty)
(/usr/local/texlive/2021/texmf-dist/tex/latex/beamer/beamerbasetemplates.sty
\beamer@sbttoks=\toks33

(/usr/local/texlive/2021/texmf-dist/tex/latex/beamer/beamerbaseauxtemplates.sty
(/usr/local/texlive/2021/texmf-dist/tex/latex/beamer/beamerbaseboxes.sty
\bmb@box=\box70
\bmb@colorbox=\box71
\bmb@boxwidth=\dimen266
\bmb@boxheight=\dimen267
\bmb@prevheight=\dimen268
\bmb@temp=\dimen269
\bmb@dima=\dimen270
\bmb@dimb=\dimen271
\bmb@prevheight=\dimen272
)
\beamer@blockheadheight=\dimen273
))
(/usr/local/texlive/2021/texmf-dist/tex/latex/beamer/beamerbaselocalstructure.s
ty (/usr/local/texlive/2021/texmf-dist/tex/latex/tools/enumerate.sty
Package: enumerate 2015/07/23 v3.00 enumerate extensions (DPC)
\@enLab=\toks34
)
\beamer@bibiconwidth=\skip58
\c@figure=\count308
\c@table=\count309
\abovecaptionskip=\skip59
\belowcaptionskip=\skip60
)
(/usr/local/texlive/2021/texmf-dist/tex/latex/beamer/beamerbasenavigation.sty
\beamer@section@min@dim=\dimen274
)
(/usr/local/texlive/2021/texmf-dist/tex/latex/beamer/beamerbasetheorems.sty
(/usr/local/texlive/2021/texmf-dist/tex/latex/amsmath/amsmath.sty
Package: amsmath 2020/09/23 v2.17i AMS math features
\@mathmargin=\skip61

For additional information on amsmath, use the `?' option.
(/usr/local/texlive/2021/texmf-dist/tex/latex/amsmath/amstext.sty
Package: amstext 2000/06/29 v2.01 AMS text

(/usr/local/texlive/2021/texmf-dist/tex/latex/amsmath/amsgen.sty
File: amsgen.sty 1999/11/30 v2.0 generic functions
\@emptytoks=\toks35
\ex@=\dimen275
))
(/usr/local/texlive/2021/texmf-dist/tex/latex/amsmath/amsbsy.sty
Package: amsbsy 1999/11/29 v1.2d Bold Symbols
\pmbraise@=\dimen276
)
(/usr/local/texlive/2021/texmf-dist/tex/latex/amsmath/amsopn.sty
Package: amsopn 2016/03/08 v2.02 operator names
)
\inf@bad=\count310
LaTeX Info: Redefining \frac on input line 234.
\uproot@=\count311
\leftroot@=\count312
LaTeX Info: Redefining \overline on input line 399.
\classnum@=\count313
\DOTSCASE@=\count314
LaTeX Info: Redefining \ldots on input line 496.
LaTeX Info: Redefining \dots on input line 499.
LaTeX Info: Redefining \cdots on input line 620.
\Mathstrutbox@=\box72
\strutbox@=\box73
\big@size=\dimen277
LaTeX Font Info:    Redeclaring font encoding OML on input line 743.
LaTeX Font Info:    Redeclaring font encoding OMS on input line 744.
\macc@depth=\count315
\c@MaxMatrixCols=\count316
\dotsspace@=\muskip17
\c@parentequation=\count317
\dspbrk@lvl=\count318
\tag@help=\toks36
\row@=\count319
\column@=\count320
\maxfields@=\count321
\andhelp@=\toks37
\eqnshift@=\dimen278
\alignsep@=\dimen279
\tagshift@=\dimen280
\tagwidth@=\dimen281
\totwidth@=\dimen282
\lineht@=\dimen283
\@envbody=\toks38
\multlinegap=\skip62
\multlinetaggap=\skip63
\mathdisplay@stack=\toks39
LaTeX Info: Redefining \[ on input line 2923.
LaTeX Info: Redefining \] on input line 2924.
)
(/usr/local/texlive/2021/texmf-dist/tex/latex/amscls/amsthm.sty
Package: amsthm 2020/05/29 v2.20.6
\thm@style=\toks40
\thm@bodyfont=\toks41
\thm@headfont=\toks42
\thm@notefont=\toks43
\thm@headpunct=\toks44
\thm@preskip=\skip64
\thm@postskip=\skip65
\thm@headsep=\skip66
\dth@everypar=\toks45
)
\c@theorem=\count322
)
(/usr/local/texlive/2021/texmf-dist/tex/latex/beamer/beamerbasethemes.sty))
(/usr/local/texlive/2021/texmf-dist/tex/latex/beamer/beamerthemedefault.sty
(/usr/local/texlive/2021/texmf-dist/tex/latex/beamer/beamerfontthemedefault.sty
)
(/usr/local/texlive/2021/texmf-dist/tex/latex/beamer/beamercolorthemedefault.st
y)
(/usr/local/texlive/2021/texmf-dist/tex/latex/beamer/beamerinnerthemedefault.st
y
\beamer@dima=\dimen284
\beamer@dimb=\dimen285
)
(/usr/local/texlive/2021/texmf-dist/tex/latex/beamer/beamerouterthemedefault.st
y))) (/usr/local/texlive/2021/texmf-dist/tex/latex/beamer/beamerthemeBerlin.sty

(/usr/local/texlive/2021/texmf-dist/tex/latex/beamer/beamerouterthememiniframes
.sty)
(/usr/local/texlive/2021/texmf-dist/tex/latex/beamer/beamercolorthemewhale.sty)

(/usr/local/texlive/2021/texmf-dist/tex/latex/beamer/beamercolorthemeorchid.sty
)
(/usr/local/texlive/2021/texmf-dist/tex/latex/beamer/beamerinnerthemerectangles
.sty))
\sympureletters=\mathgroup6
LaTeX Font Info:    Overwriting symbol font `pureletters' in version `bold'
(Font)                  OT1/mathkerncmss/m/sl --> OT1/mathkerncmss/bx/sl on inp
ut line 7.
 (/usr/local/texlive/2021/texmf-dist/tex/latex/tools/bm.sty
Package: bm 2019/07/24 v1.2d Bold Symbol Support (DPC/FMi)
\symboldoperators=\mathgroup7
\symboldletters=\mathgroup8
\symboldsymbols=\mathgroup9
\symboldpureletters=\mathgroup10
LaTeX Font Info:    Redeclaring math alphabet \mathbf on input line 141.
LaTeX Info: Redefining \bm on input line 209.
)
(/usr/local/texlive/2021/texmf-dist/tex/latex/pgf/frontendlayer/tikz.sty
(/usr/local/texlive/2021/texmf-dist/tex/latex/pgf/basiclayer/pgf.sty
Package: pgf 2020/12/27 v3.1.8b (3.1.8b)

(/usr/local/texlive/2021/texmf-dist/tex/generic/pgf/modules/pgfmoduleshapes.cod
e.tex
File: pgfmoduleshapes.code.tex 2020/12/27 v3.1.8b (3.1.8b)
\pgfnodeparttextbox=\box74
)
(/usr/local/texlive/2021/texmf-dist/tex/generic/pgf/modules/pgfmoduleplot.code.
tex
File: pgfmoduleplot.code.tex 2020/12/27 v3.1.8b (3.1.8b)
)
(/usr/local/texlive/2021/texmf-dist/tex/latex/pgf/compatibility/pgfcomp-version
-0-65.sty
Package: pgfcomp-version-0-65 2020/12/27 v3.1.8b (3.1.8b)
\pgf@nodesepstart=\dimen286
\pgf@nodesepend=\dimen287
)
(/usr/local/texlive/2021/texmf-dist/tex/latex/pgf/compatibility/pgfcomp-version
-1-18.sty
Package: pgfcomp-version-1-18 2020/12/27 v3.1.8b (3.1.8b)
))
(/usr/local/texlive/2021/texmf-dist/tex/latex/pgf/utilities/pgffor.sty
(/usr/local/texlive/2021/texmf-dist/tex/latex/pgf/utilities/pgfkeys.sty
(/usr/local/texlive/2021/texmf-dist/tex/generic/pgf/utilities/pgfkeys.code.tex)
) (/usr/local/texlive/2021/texmf-dist/tex/latex/pgf/math/pgfmath.sty
(/usr/local/texlive/2021/texmf-dist/tex/generic/pgf/math/pgfmath.code.tex))
(/usr/local/texlive/2021/texmf-dist/tex/generic/pgf/utilities/pgffor.code.tex
Package: pgffor 2020/12/27 v3.1.8b (3.1.8b)

(/usr/local/texlive/2021/texmf-dist/tex/generic/pgf/math/pgfmath.code.tex)
\pgffor@iter=\dimen288
\pgffor@skip=\dimen289
\pgffor@stack=\toks46
\pgffor@toks=\toks47
))
(/usr/local/texlive/2021/texmf-dist/tex/generic/pgf/frontendlayer/tikz/tikz.cod
e.tex
Package: tikz 2020/12/27 v3.1.8b (3.1.8b)

(/usr/local/texlive/2021/texmf-dist/tex/generic/pgf/libraries/pgflibraryplothan
dlers.code.tex
File: pgflibraryplothandlers.code.tex 2020/12/27 v3.1.8b (3.1.8b)
\pgf@plot@mark@count=\count323
\pgfplotmarksize=\dimen290
)
\tikz@lastx=\dimen291
\tikz@lasty=\dimen292
\tikz@lastxsaved=\dimen293
\tikz@lastysaved=\dimen294
\tikz@lastmovetox=\dimen295
\tikz@lastmovetoy=\dimen296
\tikzleveldistance=\dimen297
\tikzsiblingdistance=\dimen298
\tikz@figbox=\box75
\tikz@figbox@bg=\box76
\tikz@tempbox=\box77
\tikz@tempbox@bg=\box78
\tikztreelevel=\count324
\tikznumberofchildren=\count325
\tikznumberofcurrentchild=\count326
\tikz@fig@count=\count327

(/usr/local/texlive/2021/texmf-dist/tex/generic/pgf/modules/pgfmodulematrix.cod
e.tex
File: pgfmodulematrix.code.tex 2020/12/27 v3.1.8b (3.1.8b)
\pgfmatrixcurrentrow=\count328
\pgfmatrixcurrentcolumn=\count329
\pgf@matrix@numberofcolumns=\count330
)
\tikz@expandcount=\count331

(/usr/local/texlive/2021/texmf-dist/tex/generic/pgf/frontendlayer/tikz/librarie
s/tikzlibrarytopaths.code.tex
File: tikzlibrarytopaths.code.tex 2020/12/27 v3.1.8b (3.1.8b)
)))
(/usr/local/texlive/2021/texmf-dist/tex/latex/doublestroke/dsfont.sty
Package: dsfont 1995/08/01 v0.1 Double stroke roman fonts
)
(/usr/local/texlive/2021/texmf-dist/tex/latex/changepage/changepage.sty
Package: changepage 2009/10/20 v1.0c check page and change page layout
\c@cp@cntr=\count332
\cp@tempcnt=\count333
)
(/usr/local/texlive/2021/texmf-dist/tex/latex/pgfgantt/pgfgantt.sty
Package: pgfgantt 2018/01/10 v5.0 Draw Gantt diagrams with TikZ

(/usr/local/texlive/2021/texmf-dist/tex/generic/pgf/frontendlayer/tikz/librarie
s/tikzlibraryarrows.code.tex
File: tikzlibraryarrows.code.tex 2020/12/27 v3.1.8b (3.1.8b)

(/usr/local/texlive/2021/texmf-dist/tex/generic/pgf/libraries/pgflibraryarrows.
code.tex
File: pgflibraryarrows.code.tex 2020/12/27 v3.1.8b (3.1.8b)
\arrowsize=\dimen299
))
(/usr/local/texlive/2021/texmf-dist/tex/generic/pgf/frontendlayer/tikz/librarie
s/tikzlibrarybackgrounds.code.tex
File: tikzlibrarybackgrounds.code.tex 2020/12/27 v3.1.8b (3.1.8b)
\pgf@layerbox@background=\box79
\pgf@layerboxsaved@background=\box80
)
(/usr/local/texlive/2021/texmf-dist/tex/generic/pgf/frontendlayer/tikz/librarie
s/tikzlibrarycalc.code.tex
File: tikzlibrarycalc.code.tex 2020/12/27 v3.1.8b (3.1.8b)
)
(/usr/local/texlive/2021/texmf-dist/tex/generic/pgf/frontendlayer/tikz/librarie
s/tikzlibrarypatterns.code.tex
File: tikzlibrarypatterns.code.tex 2020/12/27 v3.1.8b (3.1.8b)

(/usr/local/texlive/2021/texmf-dist/tex/generic/pgf/libraries/pgflibrarypattern
s.code.tex
File: pgflibrarypatterns.code.tex 2020/12/27 v3.1.8b (3.1.8b)
))
(/usr/local/texlive/2021/texmf-dist/tex/generic/pgf/frontendlayer/tikz/librarie
s/tikzlibrarypositioning.code.tex
File: tikzlibrarypositioning.code.tex 2020/12/27 v3.1.8b (3.1.8b)
)
(/usr/local/texlive/2021/texmf-dist/tex/generic/pgf/frontendlayer/tikz/librarie
s/tikzlibraryshapes.geometric.code.tex
File: tikzlibraryshapes.geometric.code.tex 2020/12/27 v3.1.8b (3.1.8b)

(/usr/local/texlive/2021/texmf-dist/tex/generic/pgf/libraries/shapes/pgflibrary
shapes.geometric.code.tex
File: pgflibraryshapes.geometric.code.tex 2020/12/27 v3.1.8b (3.1.8b)
))
(/usr/local/texlive/2021/texmf-dist/tex/latex/pgf/utilities/pgfcalendar.sty
(/usr/local/texlive/2021/texmf-dist/tex/generic/pgf/utilities/pgfcalendar.code.
tex
File: pgfcalendar.code.tex 2020/12/27 v3.1.8b (3.1.8b)
 (/usr/local/texlive/2021/texmf-dist/tex/generic/pgf/math/pgfint.code.tex)
\pgfcalendarcurrentjulian=\count334
\pgf@cal@easter@Y=\count335
\pgf@cal@easter@G=\count336
\pgf@cal@easter@C=\count337
\pgf@cal@easter@X=\count338
\pgf@cal@easter@Z=\count339
\pgf@cal@easter@D=\count340
\pgf@cal@easter@E=\count341
\pgf@cal@easter@N=\count342
\pgf@cal@easter@M=\count343
\pgf@cal@easter@julianday=\count344
))
\gtt@currentline=\count345
\gtt@lasttitleline=\count346
\gtt@currgrid=\count347
\gtt@chartwidth=\count348
\gtt@lasttitleslot=\count349
\gtt@elementid=\count350
\gtt@today@slot=\count351
\gtt@startjulian=\count352
\gtt@endjulian=\count353
\gtt@chartid=\count354
\gtt@vrule@slot=\count355
\gtt@calendar@slots=\count356
\gtt@calendar@weeknumber=\count357
\gtt@calendar@startofweek=\count358
\gtt@left@slot=\count359
\gtt@right@slot=\count360
) (/usr/local/texlive/2021/texmf-dist/tex/latex/units/nicefrac.sty
Package: nicefrac 1998/08/04 v0.9b Nice fractions
\L@UnitsRaiseDisplaystyle=\skip67
\L@UnitsRaiseTextstyle=\skip68
\L@UnitsRaiseScriptstyle=\skip69

(/usr/local/texlive/2021/texmf-dist/tex/latex/base/ifthen.sty
Package: ifthen 2014/09/29 v1.1c Standard LaTeX ifthen package (DPC)
))
(/usr/local/texlive/2021/texmf-dist/tex/latex/scalerel/scalerel.sty
Package: scalerel 2016/12/29 v1.8 Routines for constrained scaling and stretchi
ng of objects, relative to a reference object or in absolute terms

(/usr/local/texlive/2021/texmf-dist/tex/latex/tools/calc.sty
Package: calc 2017/05/25 v4.3 Infix arithmetic (KKT,FJ)
\calc@Acount=\count361
\calc@Bcount=\count362
\calc@Adimen=\dimen300
\calc@Bdimen=\dimen301
\calc@Askip=\skip70
\calc@Bskip=\skip71
LaTeX Info: Redefining \setlength on input line 80.
LaTeX Info: Redefining \addtolength on input line 81.
\calc@Ccount=\count363
\calc@Cskip=\skip72
)
\thesrwidth=\skip73
\thesrheight=\skip74
\srblobheight=\skip75
\srblobdepth=\skip76
\mnxsrwidth=\skip77
\LMex=\skip78
\LMpt=\skip79
)
(/usr/local/texlive/2021/texmf-dist/tex/latex/l3backend/l3backend-pdftex.def
File: l3backend-pdftex.def 2021-03-18 L3 backend support: PDF output (pdfTeX)
\l__color_backend_stack_int=\count364
\l__pdf_internal_box=\box81
)
(./advancePres.aux)
\openout1 = `advancePres.aux'.

LaTeX Font Info:    Checking defaults for OML/cmm/m/it on input line 57.
LaTeX Font Info:    ... okay on input line 57.
LaTeX Font Info:    Checking defaults for OMS/cmsy/m/n on input line 57.
LaTeX Font Info:    ... okay on input line 57.
LaTeX Font Info:    Checking defaults for OT1/cmr/m/n on input line 57.
LaTeX Font Info:    ... okay on input line 57.
LaTeX Font Info:    Checking defaults for T1/cmr/m/n on input line 57.
LaTeX Font Info:    ... okay on input line 57.
LaTeX Font Info:    Checking defaults for TS1/cmr/m/n on input line 57.
LaTeX Font Info:    ... okay on input line 57.
LaTeX Font Info:    Checking defaults for OMX/cmex/m/n on input line 57.
LaTeX Font Info:    ... okay on input line 57.
LaTeX Font Info:    Checking defaults for U/cmr/m/n on input line 57.
LaTeX Font Info:    ... okay on input line 57.
LaTeX Font Info:    Checking defaults for PD1/pdf/m/n on input line 57.
LaTeX Font Info:    ... okay on input line 57.
LaTeX Font Info:    Checking defaults for PU/pdf/m/n on input line 57.
LaTeX Font Info:    ... okay on input line 57.

*geometry* driver: auto-detecting
*geometry* detected driver: pdftex
*geometry* verbose mode - [ preamble ] result:
* driver: pdftex
* paper: custom
* layout: <same size as paper>
* layoutoffset:(h,v)=(0.0pt,0.0pt)
* modes: includehead includefoot 
* h-part:(L,W,R)=(28.45274pt, 307.28987pt, 28.45274pt)
* v-part:(T,H,B)=(0.0pt, 273.14662pt, 0.0pt)
* \paperwidth=364.19536pt
* \paperheight=273.14662pt
* \textwidth=307.28987pt
* \textheight=244.6939pt
* \oddsidemargin=-43.81725pt
* \evensidemargin=-43.81725pt
* \topmargin=-72.26999pt
* \headheight=14.22636pt
* \headsep=0.0pt
* \topskip=11.0pt
* \footskip=14.22636pt
* \marginparwidth=4.0pt
* \marginparsep=10.0pt
* \columnsep=10.0pt
* \skip\footins=10.0pt plus 4.0pt minus 2.0pt
* \hoffset=0.0pt
* \voffset=0.0pt
* \mag=1000
* \@twocolumnfalse
* \@twosidefalse
* \@mparswitchfalse
* \@reversemarginfalse
* (1in=72.27pt=25.4mm, 1cm=28.453pt)

(/usr/local/texlive/2021/texmf-dist/tex/context/base/mkii/supp-pdf.mkii
[Loading MPS to PDF converter (version 2006.09.02).]
\scratchcounter=\count365
\scratchdimen=\dimen302
\scratchbox=\box82
\nofMPsegments=\count366
\nofMParguments=\count367
\everyMPshowfont=\toks48
\MPscratchCnt=\count368
\MPscratchDim=\dimen303
\MPnumerator=\count369
\makeMPintoPDFobject=\count370
\everyMPtoPDFconversion=\toks49
) (/usr/local/texlive/2021/texmf-dist/tex/latex/epstopdf-pkg/epstopdf-base.sty
Package: epstopdf-base 2020-01-24 v2.11 Base part for package epstopdf
Package epstopdf-base Info: Redefining graphics rule for `.eps' on input line 4
85.

(/usr/local/texlive/2021/texmf-dist/tex/latex/latexconfig/epstopdf-sys.cfg
File: epstopdf-sys.cfg 2010/07/13 v1.3 Configuration of (r)epstopdf for TeX Liv
e
))
Package hyperref Info: Link coloring OFF on input line 57.

(/usr/local/texlive/2021/texmf-dist/tex/latex/hyperref/nameref.sty
Package: nameref 2021-04-02 v2.47 Cross-referencing by name of section

(/usr/local/texlive/2021/texmf-dist/tex/latex/refcount/refcount.sty
Package: refcount 2019/12/15 v3.6 Data extraction from label references (HO)
)
(/usr/local/texlive/2021/texmf-dist/tex/generic/gettitlestring/gettitlestring.s
ty
Package: gettitlestring 2019/12/15 v1.6 Cleanup title references (HO)
)
\c@section@level=\count371
)
LaTeX Info: Redefining \ref on input line 57.
LaTeX Info: Redefining \pageref on input line 57.
LaTeX Info: Redefining \nameref on input line 57.
 (./advancePres.out) (./advancePres.out)
\@outlinefile=\write5
\openout5 = `advancePres.out'.

LaTeX Font Info:    Overwriting symbol font `operators' in version `normal'
(Font)                  OT1/cmr/m/n --> OT1/cmss/m/n on input line 57.
LaTeX Font Info:    Overwriting symbol font `operators' in version `bold'
(Font)                  OT1/cmr/bx/n --> OT1/cmss/b/n on input line 57.
\symnumbers=\mathgroup11
LaTeX Font Info:    Redeclaring symbol font `pureletters' on input line 57.
LaTeX Font Info:    Overwriting symbol font `pureletters' in version `normal'
(Font)                  OT1/mathkerncmss/m/sl --> OT1/cmss/m/it on input line 5
7.
LaTeX Font Info:    Overwriting symbol font `pureletters' in version `bold'
(Font)                  OT1/mathkerncmss/bx/sl --> OT1/cmss/m/it on input line 
57.
LaTeX Font Info:    Overwriting math alphabet `\mathrm' in version `normal'
(Font)                  OT1/cmss/m/n --> OT1/cmr/m/n on input line 57.
LaTeX Font Info:    Redeclaring math alphabet \mathbf on input line 57.
LaTeX Font Info:    Redeclaring math alphabet \mathsf on input line 57.
LaTeX Font Info:    Overwriting math alphabet `\mathsf' in version `normal'
(Font)                  OT1/cmss/m/n --> OT1/cmss/m/n on input line 57.
LaTeX Font Info:    Overwriting math alphabet `\mathsf' in version `bold'
(Font)                  OT1/cmss/bx/n --> OT1/cmss/m/n on input line 57.
LaTeX Font Info:    Redeclaring math alphabet \mathit on input line 57.
LaTeX Font Info:    Overwriting math alphabet `\mathit' in version `normal'
(Font)                  OT1/cmr/m/it --> OT1/cmss/m/it on input line 57.
LaTeX Font Info:    Overwriting math alphabet `\mathit' in version `bold'
(Font)                  OT1/cmr/bx/it --> OT1/cmss/m/it on input line 57.
LaTeX Font Info:    Redeclaring math alphabet \mathtt on input line 57.
LaTeX Font Info:    Overwriting math alphabet `\mathtt' in version `normal'
(Font)                  OT1/cmtt/m/n --> OT1/cmtt/m/n on input line 57.
LaTeX Font Info:    Overwriting math alphabet `\mathtt' in version `bold'
(Font)                  OT1/cmtt/m/n --> OT1/cmtt/m/n on input line 57.
LaTeX Font Info:    Overwriting symbol font `numbers' in version `bold'
(Font)                  OT1/cmss/m/n --> OT1/cmss/b/n on input line 57.
LaTeX Font Info:    Overwriting symbol font `pureletters' in version `bold'
(Font)                  OT1/cmss/m/it --> OT1/cmss/b/it on input line 57.
LaTeX Font Info:    Overwriting math alphabet `\mathrm' in version `bold'
(Font)                  OT1/cmss/b/n --> OT1/cmr/b/n on input line 57.
LaTeX Font Info:    Overwriting math alphabet `\mathbf' in version `bold'
(Font)                  OT1/cmss/b/n --> OT1/cmss/b/n on input line 57.
LaTeX Font Info:    Overwriting math alphabet `\mathsf' in version `bold'
(Font)                  OT1/cmss/m/n --> OT1/cmss/b/n on input line 57.
LaTeX Font Info:    Overwriting math alphabet `\mathit' in version `bold'
(Font)                  OT1/cmss/m/it --> OT1/cmss/b/it on input line 57.
LaTeX Font Info:    Overwriting math alphabet `\mathtt' in version `bold'
(Font)                  OT1/cmtt/m/n --> OT1/cmtt/b/n on input line 57.
LaTeX Font Info:    Redeclaring symbol font `pureletters' on input line 57.
LaTeX Font Info:    Overwriting symbol font `pureletters' in version `normal'
(Font)                  OT1/cmss/m/it --> OT1/mathkerncmss/m/sl on input line 5
7.
LaTeX Font Info:    Overwriting symbol font `pureletters' in version `bold'
(Font)                  OT1/cmss/b/it --> OT1/mathkerncmss/m/sl on input line 5
7.
LaTeX Font Info:    Overwriting symbol font `pureletters' in version `bold'
(Font)                  OT1/mathkerncmss/m/sl --> OT1/mathkerncmss/bx/sl on inp
ut line 57.

(/usr/local/texlive/2021/texmf-dist/tex/latex/translator/translator-basic-dicti
onary-English.dict
Dictionary: translator-basic-dictionary, Language: English 
)
(/usr/local/texlive/2021/texmf-dist/tex/latex/translator/translator-bibliograph
y-dictionary-English.dict
Dictionary: translator-bibliography-dictionary, Language: English 
)
(/usr/local/texlive/2021/texmf-dist/tex/latex/translator/translator-environment
-dictionary-English.dict
Dictionary: translator-environment-dictionary, Language: English 
)
(/usr/local/texlive/2021/texmf-dist/tex/latex/translator/translator-months-dict
ionary-English.dict
Dictionary: translator-months-dictionary, Language: English 
)
(/usr/local/texlive/2021/texmf-dist/tex/latex/translator/translator-numbers-dic
tionary-English.dict
Dictionary: translator-numbers-dictionary, Language: English 
)
(/usr/local/texlive/2021/texmf-dist/tex/latex/translator/translator-theorem-dic
tionary-English.dict
Dictionary: translator-theorem-dictionary, Language: English 
) (./advancePres.nav)
<noaaText.png, id=99, 628.43478pt x 471.32608pt>
File: noaaText.png Graphic file (type png)
<use noaaText.png>
Package pdftex.def Info: noaaText.png  used on input line 71.
(pdftex.def)             Requested size: 90.34514pt x 67.7544pt.
LaTeX Font Info:    Trying to load font information for U+msa on input line 71.


(/usr/local/texlive/2021/texmf-dist/tex/latex/amsfonts/umsa.fd
File: umsa.fd 2013/01/14 v3.01 AMS symbols A
)
LaTeX Font Info:    Trying to load font information for U+msb on input line 71.


(/usr/local/texlive/2021/texmf-dist/tex/latex/amsfonts/umsb.fd
File: umsb.fd 2013/01/14 v3.01 AMS symbols B
)
LaTeX Font Info:    Trying to load font information for OT1+mathkerncmss on inp
ut line 71.

(/usr/local/texlive/2021/texmf-dist/tex/latex/sansmathaccent/ot1mathkerncmss.fd
File: ot1mathkerncmss.fd 2020/01/31 Fontinst v1.933 font definitions for OT1/ma
thkerncmss.
)
<slug.jpg, id=101, 301.125pt x 254.9525pt>
File: slug.jpg Graphic file (type jpg)
<use slug.jpg>
Package pdftex.def Info: slug.jpg  used on input line 71.
(pdftex.def)             Requested size: 82.816pt x 70.11798pt.
 [1{/usr/local/texlive/2021/texmf-var/fonts/map/pdftex/updmap/pdftex.map}

 <./noaaText.png> <./slug.jpg>] (./advancePres.toc) [2

] (./advancePres.toc) [3

]
<../plots/hakeIndex.png, id=334, 481.8pt x 481.8pt>
File: ../plots/hakeIndex.png Graphic file (type png)
<use ../plots/hakeIndex.png>
Package pdftex.def Info: ../plots/hakeIndex.png  used on input line 94.
(pdftex.def)             Requested size: 150.57372pt x 150.56947pt.
<../plots/hakeCatch.png, id=335, 481.8pt x 481.8pt>
File: ../plots/hakeCatch.png Graphic file (type png)
<use ../plots/hakeCatch.png>
Package pdftex.def Info: ../plots/hakeCatch.png  used on input line 94.
(pdftex.def)             Requested size: 150.57372pt x 150.56947pt.

[4

 <../plots/hakeIndex.png> <../plots/hakeCatch.png>]
<../plots/srrSchaefferPar.png, id=403, 481.8pt x 481.8pt>
File: ../plots/srrSchaefferPar.png Graphic file (type png)
<use ../plots/srrSchaefferPar.png>
Package pdftex.def Info: ../plots/srrSchaefferPar.png  used on input line 112.
(pdftex.def)             Requested size: 165.93446pt x 165.93446pt.
 [5

 <../plots/srrSchaefferPar.png (PNG copy)>]
<../plots/srrSchaefferRPplus.png, id=466, 481.8pt x 481.8pt>
File: ../plots/srrSchaefferRPplus.png Graphic file (type png)
<use ../plots/srrSchaefferRPplus.png>
Package pdftex.def Info: ../plots/srrSchaefferRPplus.png  used on input line 14
5.
(pdftex.def)             Requested size: 165.93446pt x 165.93446pt.
 [6

 <../plots/srrSchaefferRPplus.png (PNG copy)>]
Underfull \hbox (badness 10000) in paragraph at lines 203--203

 []

<cjasFig.png, id=528, 433.1382pt x 434.5836pt>
File: cjasFig.png Graphic file (type png)
<use cjasFig.png>
Package pdftex.def Info: cjasFig.png  used on input line 203.
(pdftex.def)             Requested size: 167.77925pt x 168.33972pt.

Overfull \hbox (36.14337pt too wide) in paragraph at lines 203--203
|  [] 
 []

[7

 <./cjasFig.png>]
<shaeferConst.png, id=592, 481.8pt x 481.8pt>
File: shaeferConst.png Graphic file (type png)
<use shaeferConst.png>
Package pdftex.def Info: shaeferConst.png  used on input line 203.
(pdftex.def)             Requested size: 167.77925pt x 167.77972pt.

Overfull \hbox (36.14337pt too wide) in paragraph at lines 203--203
|  [] 
 []

[8

 <./shaeferConst.png>] (./advancePres.toc) [9

]
<../plots/srr1.1.png, id=722, 481.8pt x 481.8pt>
File: ../plots/srr1.1.png Graphic file (type png)
<use ../plots/srr1.1.png>
Package pdftex.def Info: ../plots/srr1.1.png  used on input line 229.
(pdftex.def)             Requested size: 155.4887pt x 155.48773pt.

Overfull \hbox (20.28041pt too wide) in paragraph at lines 229--229
[][] 
 []

[10

 <../plots/srr1.1.png (PNG copy)>]
<../../.././nick/gpBias/bioCatchFlatNoQX2Z0.6.png, id=783, 481.8pt x 481.8pt>
File: ../../.././nick/gpBias/bioCatchFlatNoQX2Z0.6.png Graphic file (type png)
<use ../../.././nick/gpBias/bioCatchFlatNoQX2Z0.6.png>
Package pdftex.def Info: ../../.././nick/gpBias/bioCatchFlatNoQX2Z0.6.png  used
 on input line 267.
(pdftex.def)             Requested size: 150.57372pt x 150.56947pt.
<../../.././nick/gpBias/bioCatchExpT45X2Z0.6.png, id=784, 481.8pt x 481.8pt>
File: ../../.././nick/gpBias/bioCatchExpT45X2Z0.6.png Graphic file (type png)
<use ../../.././nick/gpBias/bioCatchExpT45X2Z0.6.png>
Package pdftex.def Info: ../../.././nick/gpBias/bioCatchExpT45X2Z0.6.png  used 
on input line 267.
(pdftex.def)             Requested size: 150.57372pt x 150.56947pt.
 [11

 <../../.././nick/gpBias/bioCatchFlatNoQX2Z0.6.png (PNG copy)> <../../.././nick
/gpBias/bioCatchExpT45X2Z0.6.png (PNG copy)>]
Overfull \hbox (24.01787pt too wide) detected at line 316
[]
 []

<shaeferDat.png, id=845, 481.8pt x 481.8pt>
File: shaeferDat.png Graphic file (type png)
<use shaeferDat.png>
Package pdftex.def Info: shaeferDat.png  used on input line 316.
(pdftex.def)             Requested size: 178.30731pt x 178.31036pt.

Overfull \vbox (10.12369pt too high) detected at line 316
 []

[12

 <./shaeferDat.png (PNG copy)>]
Overfull \hbox (24.01787pt too wide) detected at line 316
[]
 []

File: shaeferDat.png Graphic file (type png)
<use shaeferDat.png>
Package pdftex.def Info: shaeferDat.png  used on input line 316.
(pdftex.def)             Requested size: 178.30731pt x 178.31036pt.
<../../.././nick/gpBias/bioExpT45X0.5Z0.6.png, id=907, 481.8pt x 481.8pt>
File: ../../.././nick/gpBias/bioExpT45X0.5Z0.6.png Graphic file (type png)
<use ../../.././nick/gpBias/bioExpT45X0.5Z0.6.png>
Package pdftex.def Info: ../../.././nick/gpBias/bioExpT45X0.5Z0.6.png  used on 
input line 316.
(pdftex.def)             Requested size: 55.71828pt x 55.72177pt.
<../../.././nick/gpBias/bioExpT45X3.5Z0.6.png, id=908, 481.8pt x 481.8pt>
File: ../../.././nick/gpBias/bioExpT45X3.5Z0.6.png Graphic file (type png)
<use ../../.././nick/gpBias/bioExpT45X3.5Z0.6.png>
Package pdftex.def Info: ../../.././nick/gpBias/bioExpT45X3.5Z0.6.png  used on 
input line 316.
(pdftex.def)             Requested size: 55.71828pt x 55.72177pt.
<../../.././nick/gpBias/bioExpT45X3.5Z0.2.png, id=909, 481.8pt x 481.8pt>
File: ../../.././nick/gpBias/bioExpT45X3.5Z0.2.png Graphic file (type png)
<use ../../.././nick/gpBias/bioExpT45X3.5Z0.2.png>
Package pdftex.def Info: ../../.././nick/gpBias/bioExpT45X3.5Z0.2.png  used on 
input line 316.
(pdftex.def)             Requested size: 55.71828pt x 55.72177pt.
<../../.././nick/gpBias/bioExpT45X0.5Z0.2.png, id=910, 481.8pt x 481.8pt>
File: ../../.././nick/gpBias/bioExpT45X0.5Z0.2.png Graphic file (type png)
<use ../../.././nick/gpBias/bioExpT45X0.5Z0.2.png>
Package pdftex.def Info: ../../.././nick/gpBias/bioExpT45X0.5Z0.2.png  used on 
input line 316.
(pdftex.def)             Requested size: 55.71828pt x 55.72177pt.

Overfull \vbox (10.12369pt too high) detected at line 316
 []

[13

 <../../.././nick/gpBias/bioExpT45X0.5Z0.6.png> <../../.././nick/gpBias/bioExpT
45X3.5Z0.6.png> <../../.././nick/gpBias/bioExpT45X3.5Z0.2.png> <../../.././nick
/gpBias/bioExpT45X0.5Z0.2.png>]

Package amsmath Warning: Foreign command \atop;
(amsmath)                \frac or \genfrac should be used instead
(amsmath)                 on input line 331.

[14

] (./advancePres.toc)
File: ../../.././nick/gpBias/bioCatchFlatNoQX2Z0.6.png Graphic file (type png)
<use ../../.././nick/gpBias/bioCatchFlatNoQX2Z0.6.png>
Package pdftex.def Info: ../../.././nick/gpBias/bioCatchFlatNoQX2Z0.6.png  used
 on input line 345.
(pdftex.def)             Requested size: 153.64493pt x 153.64247pt.

Overfull \vbox (2.61925pt too high) detected at line 345
 []

[15

]
<../../.././nick/gpBias/directionalBiasPellaFlatNoQ.png, id=1104, 481.8pt x 481
.8pt>
File: ../../.././nick/gpBias/directionalBiasPellaFlatNoQ.png Graphic file (type
 png)
<use ../../.././nick/gpBias/directionalBiasPellaFlatNoQ.png>
Package pdftex.def Info: ../../.././nick/gpBias/directionalBiasPellaFlatNoQ.png
  used on input line 366.
(pdftex.def)             Requested size: 222.88782pt x 222.88712pt.

Overfull \vbox (9.0pt too high) detected at line 366
 []

[16

 <../../.././nick/gpBias/directionalBiasPellaFlatNoQ.png (PNG copy)>]
<../../.././nick/gpBias/fMSYRelBiasPellaFlatNoQ.png, id=1165, 481.8pt x 481.8pt
>
File: ../../.././nick/gpBias/fMSYRelBiasPellaFlatNoQ.png Graphic file (type png
)
<use ../../.././nick/gpBias/fMSYRelBiasPellaFlatNoQ.png>
Package pdftex.def Info: ../../.././nick/gpBias/fMSYRelBiasPellaFlatNoQ.png  us
ed on input line 385.
(pdftex.def)             Requested size: 165.632pt x 165.62569pt.

Overfull \hbox (24.6048pt too wide) in paragraph at lines 385--385
[]|  [] 
 []

<../../.././nick/gpBias/zetaRelBiasPellaFlatNoQ.png, id=1166, 481.8pt x 481.8pt
>
File: ../../.././nick/gpBias/zetaRelBiasPellaFlatNoQ.png Graphic file (type png
)
<use ../../.././nick/gpBias/zetaRelBiasPellaFlatNoQ.png>
Package pdftex.def Info: ../../.././nick/gpBias/zetaRelBiasPellaFlatNoQ.png  us
ed on input line 385.
(pdftex.def)             Requested size: 165.632pt x 165.62569pt.

Overfull \hbox (45.94437pt too wide) in paragraph at lines 385--385
[]|  [] 
 []

[17

 <../../.././nick/gpBias/fMSYRelBiasPellaFlatNoQ.png (PNG copy)> <../../.././ni
ck/gpBias/zetaRelBiasPellaFlatNoQ.png (PNG copy)>]
<../../.././nick/gpBias/fMSYXRelBiasPellaFlatNoQ.png, id=1226, 481.8pt x 481.8p
t>
File: ../../.././nick/gpBias/fMSYXRelBiasPellaFlatNoQ.png Graphic file (type pn
g)
<use ../../.././nick/gpBias/fMSYXRelBiasPellaFlatNoQ.png>
Package pdftex.def Info: ../../.././nick/gpBias/fMSYXRelBiasPellaFlatNoQ.png  u
sed on input line 410.
(pdftex.def)             Requested size: 124.83531pt x 124.83128pt.
<../../.././nick/gpBias/curveCompareFlatNoQX0.5Z0.6.png, id=1227, 481.8pt x 481
.8pt>
File: ../../.././nick/gpBias/curveCompareFlatNoQX0.5Z0.6.png Graphic file (type
 png)
<use ../../.././nick/gpBias/curveCompareFlatNoQX0.5Z0.6.png>
Package pdftex.def Info: ../../.././nick/gpBias/curveCompareFlatNoQX0.5Z0.6.png
  used on input line 410.
(pdftex.def)             Requested size: 109.85568pt x 109.85594pt.
<../../.././nick/gpBias/curveCompareFlatNoQX0.5Z0.2.png, id=1228, 481.8pt x 481
.8pt>
File: ../../.././nick/gpBias/curveCompareFlatNoQX0.5Z0.2.png Graphic file (type
 png)
<use ../../.././nick/gpBias/curveCompareFlatNoQX0.5Z0.2.png>
Package pdftex.def Info: ../../.././nick/gpBias/curveCompareFlatNoQX0.5Z0.2.png
  used on input line 410.
(pdftex.def)             Requested size: 109.85568pt x 109.85594pt.

Overfull \hbox (9.98743pt too wide) in paragraph at lines 410--410
[][] 
 []


Overfull \hbox (9.98743pt too wide) in paragraph at lines 410--410
[] 
 []

<../../.././nick/gpBias/curveCompareFlatNoQX3.5Z0.6.png, id=1229, 481.8pt x 481
.8pt>
File: ../../.././nick/gpBias/curveCompareFlatNoQX3.5Z0.6.png Graphic file (type
 png)
<use ../../.././nick/gpBias/curveCompareFlatNoQX3.5Z0.6.png>
Package pdftex.def Info: ../../.././nick/gpBias/curveCompareFlatNoQX3.5Z0.6.png
  used on input line 410.
(pdftex.def)             Requested size: 109.85568pt x 109.85594pt.
<../../.././nick/gpBias/curveCompareFlatNoQX3.5Z0.2.png, id=1230, 481.8pt x 481
.8pt>
File: ../../.././nick/gpBias/curveCompareFlatNoQX3.5Z0.2.png Graphic file (type
 png)
<use ../../.././nick/gpBias/curveCompareFlatNoQX3.5Z0.2.png>
Package pdftex.def Info: ../../.././nick/gpBias/curveCompareFlatNoQX3.5Z0.2.png
  used on input line 410.
(pdftex.def)             Requested size: 109.85568pt x 109.85594pt.

Overfull \hbox (19.53394pt too wide) in paragraph at lines 410--410
[]|  [] 
 []


Overfull \hbox (19.53394pt too wide) in paragraph at lines 410--410
|  [] 
 []

[18

 <../../.././nick/gpBias/fMSYXRelBiasPellaFlatNoQ.png (PNG copy)> <../../.././n
ick/gpBias/curveCompareFlatNoQX0.5Z0.6.png (PNG copy)> <../../.././nick/gpBias/
curveCompareFlatNoQX0.5Z0.2.png (PNG copy)> <../../.././nick/gpBias/curveCompar
eFlatNoQX3.5Z0.6.png (PNG copy)> <../../.././nick/gpBias/curveCompareFlatNoQX3.
5Z0.2.png (PNG copy)>]
File: ../../.././nick/gpBias/zetaRelBiasPellaFlatNoQ.png Graphic file (type png
)
<use ../../.././nick/gpBias/zetaRelBiasPellaFlatNoQ.png>
Package pdftex.def Info: ../../.././nick/gpBias/zetaRelBiasPellaFlatNoQ.png  us
ed on input line 447.
(pdftex.def)             Requested size: 122.58904pt x 122.5886pt.

Underfull \hbox (badness 10000) in paragraph at lines 447--447

 []

<../../.././nick/gpBias/bMSYRelBiasPellaFlatNoQ.png, id=1291, 481.8pt x 481.8pt
>
File: ../../.././nick/gpBias/bMSYRelBiasPellaFlatNoQ.png Graphic file (type png
)
<use ../../.././nick/gpBias/bMSYRelBiasPellaFlatNoQ.png>
Package pdftex.def Info: ../../.././nick/gpBias/bMSYRelBiasPellaFlatNoQ.png  us
ed on input line 447.
(pdftex.def)             Requested size: 122.58904pt x 122.5886pt.
<../../.././nick/gpBias/kRelBiasPellaFlatNoQ.png, id=1292, 481.8pt x 481.8pt>
File: ../../.././nick/gpBias/kRelBiasPellaFlatNoQ.png Graphic file (type png)
<use ../../.././nick/gpBias/kRelBiasPellaFlatNoQ.png>
Package pdftex.def Info: ../../.././nick/gpBias/kRelBiasPellaFlatNoQ.png  used 
on input line 447.
(pdftex.def)             Requested size: 122.58904pt x 122.5886pt.

Overfull \hbox (4.79532pt too wide) in paragraph at lines 447--447
[]|  |  [] 
 []


Overfull \vbox (14.69849pt too high) detected at line 447
 []

[19

 <../../.././nick/gpBias/bMSYRelBiasPellaFlatNoQ.png (PNG copy)> <../../.././ni
ck/gpBias/kRelBiasPellaFlatNoQ.png (PNG copy)>] (./advancePres.toc)
File: ../../.././nick/gpBias/bioCatchExpT45X2Z0.6.png Graphic file (type png)
<use ../../.././nick/gpBias/bioCatchExpT45X2Z0.6.png>
Package pdftex.def Info: ../../.././nick/gpBias/bioCatchExpT45X2Z0.6.png  used 
on input line 462.
(pdftex.def)             Requested size: 153.64493pt x 153.64247pt.

Overfull \vbox (2.61925pt too high) detected at line 462
 []

[20

]
<../../.././nick/gpBias/rfExpT45X2Z0.6.png, id=1422, 481.8pt x 481.8pt>
File: ../../.././nick/gpBias/rfExpT45X2Z0.6.png Graphic file (type png)
<use ../../.././nick/gpBias/rfExpT45X2Z0.6.png>
Package pdftex.def Info: ../../.././nick/gpBias/rfExpT45X2Z0.6.png  used on inp
ut line 503.
(pdftex.def)             Requested size: 109.85568pt x 109.85594pt.
<../../.././nick/gpBias/rfExpT90X2Z0.6.png, id=1423, 481.8pt x 481.8pt>
File: ../../.././nick/gpBias/rfExpT90X2Z0.6.png Graphic file (type png)
<use ../../.././nick/gpBias/rfExpT90X2Z0.6.png>
Package pdftex.def Info: ../../.././nick/gpBias/rfExpT90X2Z0.6.png  used on inp
ut line 503.
(pdftex.def)             Requested size: 109.85568pt x 109.85594pt.
<../../.././nick/gpBias/bMSYRelBiasPellaExpT45.png, id=1424, 481.8pt x 481.8pt>

File: ../../.././nick/gpBias/bMSYRelBiasPellaExpT45.png Graphic file (type png)

<use ../../.././nick/gpBias/bMSYRelBiasPellaExpT45.png>
Package pdftex.def Info: ../../.././nick/gpBias/bMSYRelBiasPellaExpT45.png  use
d on input line 503.
(pdftex.def)             Requested size: 109.85568pt x 109.85594pt.
<../../.././nick/gpBias/bMSYRelBiasPellaExpT90.png, id=1425, 481.8pt x 481.8pt>

File: ../../.././nick/gpBias/bMSYRelBiasPellaExpT90.png Graphic file (type png)

<use ../../.././nick/gpBias/bMSYRelBiasPellaExpT90.png>
Package pdftex.def Info: ../../.././nick/gpBias/bMSYRelBiasPellaExpT90.png  use
d on input line 503.
(pdftex.def)             Requested size: 109.85568pt x 109.85594pt.

Overfull \hbox (5.30759pt too wide) in paragraph at lines 503--503
[]|  [] 
 []


Overfull \hbox (5.30759pt too wide) in paragraph at lines 503--503
|  [] 
 []

<../../.././nick/gpBias/fMSYRelBiasPellaExpT45.png, id=1426, 481.8pt x 481.8pt>

File: ../../.././nick/gpBias/fMSYRelBiasPellaExpT45.png Graphic file (type png)

<use ../../.././nick/gpBias/fMSYRelBiasPellaExpT45.png>
Package pdftex.def Info: ../../.././nick/gpBias/fMSYRelBiasPellaExpT45.png  use
d on input line 503.
(pdftex.def)             Requested size: 109.85568pt x 109.85594pt.
<../../.././nick/gpBias/fMSYRelBiasPellaExpT90.png, id=1427, 481.8pt x 481.8pt>

File: ../../.././nick/gpBias/fMSYRelBiasPellaExpT90.png Graphic file (type png)

<use ../../.././nick/gpBias/fMSYRelBiasPellaExpT90.png>
Package pdftex.def Info: ../../.././nick/gpBias/fMSYRelBiasPellaExpT90.png  use
d on input line 503.
(pdftex.def)             Requested size: 109.85568pt x 109.85594pt.

Overfull \hbox (19.53394pt too wide) in paragraph at lines 503--503
[]|  [] 
 []


Overfull \hbox (19.53394pt too wide) in paragraph at lines 503--503
|  [] 
 []

[21

 <../../.././nick/gpBias/rfExpT45X2Z0.6.png> <../../.././nick/gpBias/rfExpT90X2
Z0.6.png> <../../.././nick/gpBias/bMSYRelBiasPellaExpT45.png (PNG copy)> <../..
/.././nick/gpBias/bMSYRelBiasPellaExpT90.png (PNG copy)> <../../.././nick/gpBia
s/fMSYRelBiasPellaExpT45.png (PNG copy)> <../../.././nick/gpBias/fMSYRelBiasPel
laExpT90.png (PNG copy)>] [22

] (./advancePres.toc) [23

]
Overfull \hbox (0.76175pt too wide) detected at line 567
[]
 []

<../plots/derisoSrr.png, id=1618, 481.8pt x 481.8pt>
File: ../plots/derisoSrr.png Graphic file (type png)
<use ../plots/derisoSrr.png>
Package pdftex.def Info: ../plots/derisoSrr.png  used on input line 567.
(pdftex.def)             Requested size: 150.57372pt x 150.56947pt.
[24

 <../plots/derisoSrr.png (PNG copy)>]
<../plots/bhRP.png, id=1680, 481.8pt x 481.8pt>
File: ../plots/bhRP.png Graphic file (type png)
<use ../plots/bhRP.png>
Package pdftex.def Info: ../plots/bhRP.png  used on input line 582.
(pdftex.def)             Requested size: 150.57372pt x 150.56947pt.
 [25

 <../plots/bhRP.png>] [26

]
(./advancePres.toc) [27

]
Overfull \hbox (21.97595pt too wide) detected at line 678
[]
 []

[28

]
Underfull \hbox (badness 10000) in paragraph at lines 678--678

 []


Overfull \hbox (21.97595pt too wide) detected at line 678
[]
 []


Underfull \hbox (badness 10000) in paragraph at lines 678--678

 []

[29

]
LaTeX Font Info:    Trying to load font information for U+dsrom on input line 6
95.
 (/usr/local/texlive/2021/texmf-dist/tex/latex/doublestroke/Udsrom.fd
File: Udsrom.fd 1995/08/01 v0.1 Double stroke roman font definitions
)
Overfull \hbox (1.71115pt too wide) detected at line 695
[]
 []

File: ../plots/hakeCatch.png Graphic file (type png)
<use ../plots/hakeCatch.png>
Package pdftex.def Info: ../plots/hakeCatch.png  used on input line 695.
(pdftex.def)             Requested size: 165.632pt x 165.62569pt.

Overfull \hbox (15.05829pt too wide) in paragraph at lines 695--695
[][] 
 []

[30

]
Overfull \hbox (12.54472pt too wide) detected at line 743
[]
 []

<../../.././nick/spline/dataPlots.png, id=2052, 481.8pt x 481.8pt>
File: ../../.././nick/spline/dataPlots.png Graphic file (type png)
<use ../../.././nick/spline/dataPlots.png>
Package pdftex.def Info: ../../.././nick/spline/dataPlots.png  used on input li
ne 743.
(pdftex.def)             Requested size: 150.57372pt x 150.56947pt.

Overfull \vbox (7.37856pt too high) detected at line 743
 []

[31

 <../../.././nick/spline/dataPlots.png (PNG copy)>]
Overfull \hbox (12.54472pt too wide) detected at line 743
[]
 []

File: ../../.././nick/spline/dataPlots.png Graphic file (type png)
<use ../../.././nick/spline/dataPlots.png>
Package pdftex.def Info: ../../.././nick/spline/dataPlots.png  used on input li
ne 743.
(pdftex.def)             Requested size: 150.57372pt x 150.56947pt.
<../../.././nick/spline/intCurves.png, id=2115, 481.8pt x 481.8pt>
File: ../../.././nick/spline/intCurves.png Graphic file (type png)
<use ../../.././nick/spline/intCurves.png>
Package pdftex.def Info: ../../.././nick/spline/intCurves.png  used on input li
ne 743.
(pdftex.def)             Requested size: 150.57372pt x 150.56947pt.

Overfull \vbox (8.37856pt too high) detected at line 743
 []

[32

 <../../.././nick/spline/intCurves.png (PNG copy)>]
File: ../../.././nick/spline/dataPlots.png Graphic file (type png)
<use ../../.././nick/spline/dataPlots.png>
Package pdftex.def Info: ../../.././nick/spline/dataPlots.png  used on input li
ne 743.
(pdftex.def)             Requested size: 150.57372pt x 150.56947pt.
File: ../../.././nick/spline/intCurves.png Graphic file (type png)
<use ../../.././nick/spline/intCurves.png>
Package pdftex.def Info: ../../.././nick/spline/intCurves.png  used on input li
ne 743.
(pdftex.def)             Requested size: 150.57372pt x 150.56947pt.

Overfull \vbox (3.92538pt too high) detected at line 743
 []

[33

] [34

]
<rockFish.png, id=2296, 716.6775pt x 422.57875pt>
File: rockFish.png Graphic file (type png)
<use rockFish.png>
Package pdftex.def Info: rockFish.png  used on input line 849.
(pdftex.def)             Requested size: 121.68661pt x 71.74716pt.
<seaGrant-logo.png, id=2297, 216.81pt x 83.31125pt>
File: seaGrant-logo.png Graphic file (type png)
<use seaGrant-logo.png>
Package pdftex.def Info: seaGrant-logo.png  used on input line 849.
(pdftex.def)             Requested size: 181.2999pt x 69.66951pt.
<dssc.jpg, id=2298, 447.6725pt x 384.43625pt>
File: dssc.jpg Graphic file (type jpg)
<use dssc.jpg>
Package pdftex.def Info: dssc.jpg  used on input line 849.
(pdftex.def)             Requested size: 119.84285pt x 102.91339pt.
 [35

 <./rockFish.png> <./seaGrant-logo.png> <./dssc.jpg>]
Overfull \vbox (2.06293pt too high) detected at line 849
 []

[36

]
<../../.././nick/gpBias/crossCovExpT45.png, id=2422, 481.8pt x 481.8pt>
File: ../../.././nick/gpBias/crossCovExpT45.png Graphic file (type png)
<use ../../.././nick/gpBias/crossCovExpT45.png>
Package pdftex.def Info: ../../.././nick/gpBias/crossCovExpT45.png  used on inp
ut line 849.
(pdftex.def)             Requested size: 215.10196pt x 215.1024pt.

Overfull \vbox (1.21529pt too high) detected at line 849
 []

[37

 <../../.././nick/gpBias/crossCovExpT45.png (PNG copy)>]
File: ../../.././nick/gpBias/directionalBiasPellaFlatNoQ.png Graphic file (type
 png)
<use ../../.././nick/gpBias/directionalBiasPellaFlatNoQ.png>
Package pdftex.def Info: ../../.././nick/gpBias/directionalBiasPellaFlatNoQ.png
  used on input line 849.
(pdftex.def)             Requested size: 150.57372pt x 150.56947pt.
<../../.././nick/gpBias/directionalBiasPellaExpT45.png, id=2483, 481.8pt x 481.
8pt>
File: ../../.././nick/gpBias/directionalBiasPellaExpT45.png Graphic file (type 
png)
<use ../../.././nick/gpBias/directionalBiasPellaExpT45.png>
Package pdftex.def Info: ../../.././nick/gpBias/directionalBiasPellaExpT45.png 
 used on input line 849.
(pdftex.def)             Requested size: 150.57372pt x 150.56947pt.
 [38

 <../../.././nick/gpBias/directionalBiasPellaExpT45.png (PNG copy)>] [39

]
<../plots/eulerTry.png, id=2602, 481.8pt x 481.8pt>
File: ../plots/eulerTry.png Graphic file (type png)
<use ../plots/eulerTry.png>
Package pdftex.def Info: ../plots/eulerTry.png  used on input line 849.
(pdftex.def)             Requested size: 140.12692pt x 140.12276pt.

Overfull \hbox (66.37567pt too wide) in paragraph at lines 849--849
[][] 
 []

[40

 <../plots/eulerTry.png>]
\tf@nav=\write6
\openout6 = `advancePres.nav'.

\tf@toc=\write7
\openout7 = `advancePres.toc'.

\tf@snm=\write8
\openout8 = `advancePres.snm'.

 (./advancePres.aux)
Package rerunfilecheck Info: File `advancePres.out' has not changed.
(rerunfilecheck)             Checksum: 99E04F09FD97DE629147A1A3CEE5C991;1388.
 ) 
Here is how much of TeX's memory you used:
 26971 strings out of 478994
 537348 string characters out of 5858183
 872712 words of memory out of 5000000
 43699 multiletter control sequences out of 15000+600000
 425223 words of font info for 94 fonts, out of 8000000 for 9000
 1141 hyphenation exceptions out of 8191
 131i,19n,132p,415b,823s stack positions out of 5000i,500n,10000p,200000b,80000s
{/usr/local/texlive/2021/texmf-dist/fonts/enc/dvips/cm-super/cm-super-t1.enc}
</usr/local/texlive/2021/texmf-dist/fonts/type1/public/amsfonts/cmextra/cmbsy8.
pfb></usr/local/texlive/2021/texmf-dist/fonts/type1/public/amsfonts/cm/cmex10.p
fb></usr/local/texlive/2021/texmf-dist/fonts/type1/public/amsfonts/cmextra/cmex
8.pfb></usr/local/texlive/2021/texmf-dist/fonts/type1/public/amsfonts/cm/cmmi10
.pfb></usr/local/texlive/2021/texmf-dist/fonts/type1/public/amsfonts/cm/cmmi6.p
fb></usr/local/texlive/2021/texmf-dist/fonts/type1/public/amsfonts/cm/cmmi8.pfb
></usr/local/texlive/2021/texmf-dist/fonts/type1/public/amsfonts/cm/cmmib10.pfb
></usr/local/texlive/2021/texmf-dist/fonts/type1/public/amsfonts/cmextra/cmmib8
.pfb></usr/local/texlive/2021/texmf-dist/fonts/type1/public/amsfonts/cm/cmss10.
pfb></usr/local/texlive/2021/texmf-dist/fonts/type1/public/amsfonts/cm/cmss12.p
fb></usr/local/texlive/2021/texmf-dist/fonts/type1/public/amsfonts/cm/cmss8.pfb
></usr/local/texlive/2021/texmf-dist/fonts/type1/public/amsfonts/cm/cmssbx10.pf
b></usr/local/texlive/2021/texmf-dist/fonts/type1/public/amsfonts/cm/cmssi10.pf
b></usr/local/texlive/2021/texmf-dist/fonts/type1/public/amsfonts/cm/cmssi8.pfb
></usr/local/texlive/2021/texmf-dist/fonts/type1/public/amsfonts/cm/cmsy10.pfb>
</usr/local/texlive/2021/texmf-dist/fonts/type1/public/amsfonts/cm/cmsy6.pfb></
usr/local/texlive/2021/texmf-dist/fonts/type1/public/amsfonts/cm/cmsy8.pfb></us
r/local/texlive/2021/texmf-dist/fonts/type1/public/doublestroke/dsrom10.pfb></u
sr/local/texlive/2021/texmf-dist/fonts/type1/public/amsfonts/symbols/msbm10.pfb
></usr/local/texlive/2021/texmf-dist/fonts/type1/public/cm-super/sfso1000.pfb>
Output written on advancePres.pdf (40 pages, 4071574 bytes).
PDF statistics:
 2752 PDF objects out of 2984 (max. 8388607)
 2567 compressed objects within 26 object streams
 94 named destinations out of 1000 (max. 500000)
 357 words of extra memory for PDF output out of 10000 (max. 10000000)

