This is pdfTeX, Version 3.14159265-2.6-1.40.20 (TeX Live 2019/Debian) (preloaded format=pdflatex 2021.3.2)  3 MAR 2022 17:32
entering extended mode
 restricted \write18 enabled.
 %&-line parsing enabled.
**biasFigs.tex
(./biasFigs.tex
LaTeX2e <2020-02-02> patch level 2
L3 programming layer <2020-02-14>
(/usr/share/texlive/texmf-dist/tex/latex/beamer/beamer.cls
Document Class: beamer 2019/09/29 v3.57 A class for typesetting presentations
(/usr/share/texlive/texmf-dist/tex/latex/beamer/beamerbasemodes.sty
(/usr/share/texlive/texmf-dist/tex/latex/etoolbox/etoolbox.sty
Package: etoolbox 2019/09/21 v2.5h e-TeX tools for LaTeX (JAW)
\etb@tempcnta=\count167
)
\beamer@tempbox=\box45
\beamer@tempcount=\count168
\c@beamerpauses=\count169

(/usr/share/texlive/texmf-dist/tex/latex/beamer/beamerbasedecode.sty
\beamer@slideinframe=\count170
\beamer@minimum=\count171
\beamer@decode@box=\box46
)
\beamer@commentbox=\box47
\beamer@modecount=\count172
)
(/usr/share/texlive/texmf-dist/tex/generic/iftex/ifpdf.sty
Package: ifpdf 2019/10/25 v3.4 ifpdf legacy package. Use iftex instead.

(/usr/share/texlive/texmf-dist/tex/generic/iftex/iftex.sty
Package: iftex 2019/11/07 v1.0c TeX engine tests
))
\headdp=\dimen134
\footheight=\dimen135
\sidebarheight=\dimen136
\beamer@tempdim=\dimen137
\beamer@finalheight=\dimen138
\beamer@animht=\dimen139
\beamer@animdp=\dimen140
\beamer@animwd=\dimen141
\beamer@leftmargin=\dimen142
\beamer@rightmargin=\dimen143
\beamer@leftsidebar=\dimen144
\beamer@rightsidebar=\dimen145
\beamer@boxsize=\dimen146
\beamer@vboxoffset=\dimen147
\beamer@descdefault=\dimen148
\beamer@descriptionwidth=\dimen149
\beamer@lastskip=\skip47
\beamer@areabox=\box48
\beamer@animcurrent=\box49
\beamer@animshowbox=\box50
\beamer@sectionbox=\box51
\beamer@logobox=\box52
\beamer@linebox=\box53
\beamer@sectioncount=\count173
\beamer@subsubsectionmax=\count174
\beamer@subsectionmax=\count175
\beamer@sectionmax=\count176
\beamer@totalheads=\count177
\beamer@headcounter=\count178
\beamer@partstartpage=\count179
\beamer@sectionstartpage=\count180
\beamer@subsectionstartpage=\count181
\beamer@animationtempa=\count182
\beamer@animationtempb=\count183
\beamer@xpos=\count184
\beamer@ypos=\count185
\beamer@ypos@offset=\count186
\beamer@showpartnumber=\count187
\beamer@currentsubsection=\count188
\beamer@coveringdepth=\count189
\beamer@sectionadjust=\count190
\beamer@tocsectionnumber=\count191

(/usr/share/texlive/texmf-dist/tex/latex/beamer/beamerbaseoptions.sty
(/usr/share/texlive/texmf-dist/tex/latex/graphics/keyval.sty
Package: keyval 2014/10/28 v1.15 key=value parser (DPC)
\KV@toks@=\toks14
))
\beamer@paperwidth=\skip48
\beamer@paperheight=\skip49

(/usr/share/texlive/texmf-dist/tex/latex/geometry/geometry.sty
Package: geometry 2020/01/02 v5.9 Page Geometry

(/usr/share/texlive/texmf-dist/tex/generic/iftex/ifvtex.sty
Package: ifvtex 2019/10/25 v1.7 ifvtex legacy package. Use iftex instead.
)
\Gm@cnth=\count192
\Gm@cntv=\count193
\c@Gm@tempcnt=\count194
\Gm@bindingoffset=\dimen150
\Gm@wd@mp=\dimen151
\Gm@odd@mp=\dimen152
\Gm@even@mp=\dimen153
\Gm@layoutwidth=\dimen154
\Gm@layoutheight=\dimen155
\Gm@layouthoffset=\dimen156
\Gm@layoutvoffset=\dimen157
\Gm@dimlist=\toks15
)
(/usr/share/texlive/texmf-dist/tex/latex/base/size11.clo
File: size11.clo 2019/12/20 v1.4l Standard LaTeX file (size option)
)
(/usr/share/texlive/texmf-dist/tex/latex/pgf/basiclayer/pgfcore.sty
(/usr/share/texlive/texmf-dist/tex/latex/graphics/graphicx.sty
Package: graphicx 2019/11/30 v1.2a Enhanced LaTeX Graphics (DPC,SPQR)

(/usr/share/texlive/texmf-dist/tex/latex/graphics/graphics.sty
Package: graphics 2019/11/30 v1.4a Standard LaTeX Graphics (DPC,SPQR)

(/usr/share/texlive/texmf-dist/tex/latex/graphics/trig.sty
Package: trig 2016/01/03 v1.10 sin cos tan (DPC)
)
(/usr/share/texlive/texmf-dist/tex/latex/graphics-cfg/graphics.cfg
File: graphics.cfg 2016/06/04 v1.11 sample graphics configuration
)
Package graphics Info: Driver file: pdftex.def on input line 105.

(/usr/share/texlive/texmf-dist/tex/latex/graphics-def/pdftex.def
File: pdftex.def 2018/01/08 v1.0l Graphics/color driver for pdftex
))
\Gin@req@height=\dimen158
\Gin@req@width=\dimen159
)
(/usr/share/texlive/texmf-dist/tex/latex/pgf/systemlayer/pgfsys.sty
(/usr/share/texlive/texmf-dist/tex/latex/pgf/utilities/pgfrcs.sty
(/usr/share/texlive/texmf-dist/tex/generic/pgf/utilities/pgfutil-common.tex
\pgfutil@everybye=\toks16
\pgfutil@tempdima=\dimen160
\pgfutil@tempdimb=\dimen161

(/usr/share/texlive/texmf-dist/tex/generic/pgf/utilities/pgfutil-common-lists.t
ex)) (/usr/share/texlive/texmf-dist/tex/generic/pgf/utilities/pgfutil-latex.def
\pgfutil@abb=\box54
(/usr/share/texlive/texmf-dist/tex/latex/ms/everyshi.sty
Package: everyshi 2001/05/15 v3.00 EveryShipout Package (MS)
))
(/usr/share/texlive/texmf-dist/tex/generic/pgf/utilities/pgfrcs.code.tex
(/usr/share/texlive/texmf-dist/tex/generic/pgf/pgf.revision.tex)
Package: pgfrcs 2020/01/08 v3.1.5b (3.1.5b)
))
(/usr/share/texlive/texmf-dist/tex/generic/pgf/systemlayer/pgfsys.code.tex
Package: pgfsys 2020/01/08 v3.1.5b (3.1.5b)

(/usr/share/texlive/texmf-dist/tex/generic/pgf/utilities/pgfkeys.code.tex
\pgfkeys@pathtoks=\toks17
\pgfkeys@temptoks=\toks18

(/usr/share/texlive/texmf-dist/tex/generic/pgf/utilities/pgfkeysfiltered.code.t
ex
\pgfkeys@tmptoks=\toks19
))
\pgf@x=\dimen162
\pgf@y=\dimen163
\pgf@xa=\dimen164
\pgf@ya=\dimen165
\pgf@xb=\dimen166
\pgf@yb=\dimen167
\pgf@xc=\dimen168
\pgf@yc=\dimen169
\pgf@xd=\dimen170
\pgf@yd=\dimen171
\w@pgf@writea=\write3
\r@pgf@reada=\read2
\c@pgf@counta=\count195
\c@pgf@countb=\count196
\c@pgf@countc=\count197
\c@pgf@countd=\count198
\t@pgf@toka=\toks20
\t@pgf@tokb=\toks21
\t@pgf@tokc=\toks22
\pgf@sys@id@count=\count199
 (/usr/share/texlive/texmf-dist/tex/generic/pgf/systemlayer/pgf.cfg
File: pgf.cfg 2020/01/08 v3.1.5b (3.1.5b)
)
Driver file for pgf: pgfsys-pdftex.def

(/usr/share/texlive/texmf-dist/tex/generic/pgf/systemlayer/pgfsys-pdftex.def
File: pgfsys-pdftex.def 2020/01/08 v3.1.5b (3.1.5b)

(/usr/share/texlive/texmf-dist/tex/generic/pgf/systemlayer/pgfsys-common-pdf.de
f
File: pgfsys-common-pdf.def 2020/01/08 v3.1.5b (3.1.5b)
)))
(/usr/share/texlive/texmf-dist/tex/generic/pgf/systemlayer/pgfsyssoftpath.code.
tex
File: pgfsyssoftpath.code.tex 2020/01/08 v3.1.5b (3.1.5b)
\pgfsyssoftpath@smallbuffer@items=\count266
\pgfsyssoftpath@bigbuffer@items=\count267
)
(/usr/share/texlive/texmf-dist/tex/generic/pgf/systemlayer/pgfsysprotocol.code.
tex
File: pgfsysprotocol.code.tex 2020/01/08 v3.1.5b (3.1.5b)
)) (/usr/share/texlive/texmf-dist/tex/latex/xcolor/xcolor.sty
Package: xcolor 2016/05/11 v2.12 LaTeX color extensions (UK)

(/usr/share/texlive/texmf-dist/tex/latex/graphics-cfg/color.cfg
File: color.cfg 2016/01/02 v1.6 sample color configuration
)
Package xcolor Info: Driver file: pdftex.def on input line 225.

(/usr/share/texlive/texmf-dist/tex/latex/colortbl/colortbl.sty
Package: colortbl 2020/01/04 v1.0e Color table columns (DPC)

(/usr/share/texlive/texmf-dist/tex/latex/tools/array.sty
Package: array 2019/08/31 v2.4l Tabular extension package (FMi)
\col@sep=\dimen172
\ar@mcellbox=\box55
\extrarowheight=\dimen173
\NC@list=\toks23
\extratabsurround=\skip50
\backup@length=\skip51
\ar@cellbox=\box56
)
\everycr=\toks24
\minrowclearance=\skip52
)
\rownum=\count268
Package xcolor Info: Model `cmy' substituted by `cmy0' on input line 1348.
Package xcolor Info: Model `hsb' substituted by `rgb' on input line 1352.
Package xcolor Info: Model `RGB' extended on input line 1364.
Package xcolor Info: Model `HTML' substituted by `rgb' on input line 1366.
Package xcolor Info: Model `Hsb' substituted by `hsb' on input line 1367.
Package xcolor Info: Model `tHsb' substituted by `hsb' on input line 1368.
Package xcolor Info: Model `HSB' substituted by `hsb' on input line 1369.
Package xcolor Info: Model `Gray' substituted by `gray' on input line 1370.
Package xcolor Info: Model `wave' substituted by `hsb' on input line 1371.

(/usr/share/texlive/texmf-dist/tex/latex/graphics/dvipsnam.def
File: dvipsnam.def 2016/06/17 v3.0m Driver-dependent file (DPC,SPQR)
))
(/usr/share/texlive/texmf-dist/tex/generic/pgf/basiclayer/pgfcore.code.tex
Package: pgfcore 2020/01/08 v3.1.5b (3.1.5b)

(/usr/share/texlive/texmf-dist/tex/generic/pgf/math/pgfmath.code.tex
(/usr/share/texlive/texmf-dist/tex/generic/pgf/math/pgfmathcalc.code.tex
(/usr/share/texlive/texmf-dist/tex/generic/pgf/math/pgfmathutil.code.tex)
(/usr/share/texlive/texmf-dist/tex/generic/pgf/math/pgfmathparser.code.tex
\pgfmath@dimen=\dimen174
\pgfmath@count=\count269
\pgfmath@box=\box57
\pgfmath@toks=\toks25
\pgfmath@stack@operand=\toks26
\pgfmath@stack@operation=\toks27
)
(/usr/share/texlive/texmf-dist/tex/generic/pgf/math/pgfmathfunctions.code.tex
(/usr/share/texlive/texmf-dist/tex/generic/pgf/math/pgfmathfunctions.basic.code
.tex)
(/usr/share/texlive/texmf-dist/tex/generic/pgf/math/pgfmathfunctions.trigonomet
ric.code.tex)
(/usr/share/texlive/texmf-dist/tex/generic/pgf/math/pgfmathfunctions.random.cod
e.tex)
(/usr/share/texlive/texmf-dist/tex/generic/pgf/math/pgfmathfunctions.comparison
.code.tex)
(/usr/share/texlive/texmf-dist/tex/generic/pgf/math/pgfmathfunctions.base.code.
tex)
(/usr/share/texlive/texmf-dist/tex/generic/pgf/math/pgfmathfunctions.round.code
.tex)
(/usr/share/texlive/texmf-dist/tex/generic/pgf/math/pgfmathfunctions.misc.code.
tex)
(/usr/share/texlive/texmf-dist/tex/generic/pgf/math/pgfmathfunctions.integerari
thmetics.code.tex)))
(/usr/share/texlive/texmf-dist/tex/generic/pgf/math/pgfmathfloat.code.tex
\c@pgfmathroundto@lastzeros=\count270
))
(/usr/share/texlive/texmf-dist/tex/generic/pgf/math/pgfint.code.tex)
(/usr/share/texlive/texmf-dist/tex/generic/pgf/basiclayer/pgfcorepoints.code.te
x
File: pgfcorepoints.code.tex 2020/01/08 v3.1.5b (3.1.5b)
\pgf@picminx=\dimen175
\pgf@picmaxx=\dimen176
\pgf@picminy=\dimen177
\pgf@picmaxy=\dimen178
\pgf@pathminx=\dimen179
\pgf@pathmaxx=\dimen180
\pgf@pathminy=\dimen181
\pgf@pathmaxy=\dimen182
\pgf@xx=\dimen183
\pgf@xy=\dimen184
\pgf@yx=\dimen185
\pgf@yy=\dimen186
\pgf@zx=\dimen187
\pgf@zy=\dimen188
)
(/usr/share/texlive/texmf-dist/tex/generic/pgf/basiclayer/pgfcorepathconstruct.
code.tex
File: pgfcorepathconstruct.code.tex 2020/01/08 v3.1.5b (3.1.5b)
\pgf@path@lastx=\dimen189
\pgf@path@lasty=\dimen190
)
(/usr/share/texlive/texmf-dist/tex/generic/pgf/basiclayer/pgfcorepathusage.code
.tex
File: pgfcorepathusage.code.tex 2020/01/08 v3.1.5b (3.1.5b)
\pgf@shorten@end@additional=\dimen191
\pgf@shorten@start@additional=\dimen192
)
(/usr/share/texlive/texmf-dist/tex/generic/pgf/basiclayer/pgfcorescopes.code.te
x
File: pgfcorescopes.code.tex 2020/01/08 v3.1.5b (3.1.5b)
\pgfpic=\box58
\pgf@hbox=\box59
\pgf@layerbox@main=\box60
\pgf@picture@serial@count=\count271
)
(/usr/share/texlive/texmf-dist/tex/generic/pgf/basiclayer/pgfcoregraphicstate.c
ode.tex
File: pgfcoregraphicstate.code.tex 2020/01/08 v3.1.5b (3.1.5b)
\pgflinewidth=\dimen193
)
(/usr/share/texlive/texmf-dist/tex/generic/pgf/basiclayer/pgfcoretransformation
s.code.tex
File: pgfcoretransformations.code.tex 2020/01/08 v3.1.5b (3.1.5b)
\pgf@pt@x=\dimen194
\pgf@pt@y=\dimen195
\pgf@pt@temp=\dimen196
)
(/usr/share/texlive/texmf-dist/tex/generic/pgf/basiclayer/pgfcorequick.code.tex
File: pgfcorequick.code.tex 2020/01/08 v3.1.5b (3.1.5b)
)
(/usr/share/texlive/texmf-dist/tex/generic/pgf/basiclayer/pgfcoreobjects.code.t
ex
File: pgfcoreobjects.code.tex 2020/01/08 v3.1.5b (3.1.5b)
)
(/usr/share/texlive/texmf-dist/tex/generic/pgf/basiclayer/pgfcorepathprocessing
.code.tex
File: pgfcorepathprocessing.code.tex 2020/01/08 v3.1.5b (3.1.5b)
)
(/usr/share/texlive/texmf-dist/tex/generic/pgf/basiclayer/pgfcorearrows.code.te
x
File: pgfcorearrows.code.tex 2020/01/08 v3.1.5b (3.1.5b)
\pgfarrowsep=\dimen197
)
(/usr/share/texlive/texmf-dist/tex/generic/pgf/basiclayer/pgfcoreshade.code.tex
File: pgfcoreshade.code.tex 2020/01/08 v3.1.5b (3.1.5b)
\pgf@max=\dimen198
\pgf@sys@shading@range@num=\count272
\pgf@shadingcount=\count273
)
(/usr/share/texlive/texmf-dist/tex/generic/pgf/basiclayer/pgfcoreimage.code.tex
File: pgfcoreimage.code.tex 2020/01/08 v3.1.5b (3.1.5b)

(/usr/share/texlive/texmf-dist/tex/generic/pgf/basiclayer/pgfcoreexternal.code.
tex
File: pgfcoreexternal.code.tex 2020/01/08 v3.1.5b (3.1.5b)
\pgfexternal@startupbox=\box61
))
(/usr/share/texlive/texmf-dist/tex/generic/pgf/basiclayer/pgfcorelayers.code.te
x
File: pgfcorelayers.code.tex 2020/01/08 v3.1.5b (3.1.5b)
)
(/usr/share/texlive/texmf-dist/tex/generic/pgf/basiclayer/pgfcoretransparency.c
ode.tex
File: pgfcoretransparency.code.tex 2020/01/08 v3.1.5b (3.1.5b)
)
(/usr/share/texlive/texmf-dist/tex/generic/pgf/basiclayer/pgfcorepatterns.code.
tex
File: pgfcorepatterns.code.tex 2020/01/08 v3.1.5b (3.1.5b)
)
(/usr/share/texlive/texmf-dist/tex/generic/pgf/basiclayer/pgfcorerdf.code.tex
File: pgfcorerdf.code.tex 2020/01/08 v3.1.5b (3.1.5b)
))) (/usr/share/texlive/texmf-dist/tex/latex/pgf/utilities/xxcolor.sty
Package: xxcolor 2003/10/24 ver 0.1
\XC@nummixins=\count274
\XC@countmixins=\count275
)
(/usr/share/texlive/texmf-dist/tex/generic/atbegshi/atbegshi.sty
Package: atbegshi 2019/12/05 v1.19 At begin shipout hook (HO)

(/usr/share/texlive/texmf-dist/tex/generic/infwarerr/infwarerr.sty
Package: infwarerr 2019/12/03 v1.5 Providing info/warning/error messages (HO)
)
(/usr/share/texlive/texmf-dist/tex/generic/ltxcmds/ltxcmds.sty
Package: ltxcmds 2019/12/15 v1.24 LaTeX kernel commands for general use (HO)
))
(/usr/share/texlive/texmf-dist/tex/latex/hyperref/hyperref.sty
Package: hyperref 2020/01/14 v7.00d Hypertext links for LaTeX

(/usr/share/texlive/texmf-dist/tex/latex/pdftexcmds/pdftexcmds.sty
Package: pdftexcmds 2019/11/24 v0.31 Utility functions of pdfTeX for LuaTeX (HO
)
Package pdftexcmds Info: \pdf@primitive is available.
Package pdftexcmds Info: \pdf@ifprimitive is available.
Package pdftexcmds Info: \pdfdraftmode found.
)
(/usr/share/texlive/texmf-dist/tex/generic/kvsetkeys/kvsetkeys.sty
Package: kvsetkeys 2019/12/15 v1.18 Key value parser (HO)
)
(/usr/share/texlive/texmf-dist/tex/generic/kvdefinekeys/kvdefinekeys.sty
Package: kvdefinekeys 2019-12-19 v1.6 Define keys (HO)
)
(/usr/share/texlive/texmf-dist/tex/generic/pdfescape/pdfescape.sty
Package: pdfescape 2019/12/09 v1.15 Implements pdfTeX's escape features (HO)
)
(/usr/share/texlive/texmf-dist/tex/latex/hycolor/hycolor.sty
Package: hycolor 2020-01-27 v1.10 Color options for hyperref/bookmark (HO)
)
(/usr/share/texlive/texmf-dist/tex/latex/letltxmacro/letltxmacro.sty
Package: letltxmacro 2019/12/03 v1.6 Let assignment for LaTeX macros (HO)
)
(/usr/share/texlive/texmf-dist/tex/latex/auxhook/auxhook.sty
Package: auxhook 2019-12-17 v1.6 Hooks for auxiliary files (HO)
)
(/usr/share/texlive/texmf-dist/tex/latex/kvoptions/kvoptions.sty
Package: kvoptions 2019/11/29 v3.13 Key value format for package options (HO)
)
\@linkdim=\dimen199
\Hy@linkcounter=\count276
\Hy@pagecounter=\count277

(/usr/share/texlive/texmf-dist/tex/latex/hyperref/pd1enc.def
File: pd1enc.def 2020/01/14 v7.00d Hyperref: PDFDocEncoding definition (HO)
Now handling font encoding PD1 ...
... no UTF-8 mapping file for font encoding PD1
)
(/usr/share/texlive/texmf-dist/tex/generic/intcalc/intcalc.sty
Package: intcalc 2019/12/15 v1.3 Expandable calculations with integers (HO)
)
(/usr/share/texlive/texmf-dist/tex/generic/etexcmds/etexcmds.sty
Package: etexcmds 2019/12/15 v1.7 Avoid name clashes with e-TeX commands (HO)
)
\Hy@SavedSpaceFactor=\count278
\pdfmajorversion=\count279
Package hyperref Info: Option `bookmarks' set `true' on input line 4421.
Package hyperref Info: Option `bookmarksopen' set `true' on input line 4421.
Package hyperref Info: Option `implicit' set `false' on input line 4421.
Package hyperref Info: Hyper figures OFF on input line 4547.
Package hyperref Info: Link nesting OFF on input line 4552.
Package hyperref Info: Hyper index ON on input line 4555.
Package hyperref Info: Plain pages OFF on input line 4562.
Package hyperref Info: Backreferencing OFF on input line 4567.
Package hyperref Info: Implicit mode OFF; no redefinition of LaTeX internals.
Package hyperref Info: Bookmarks ON on input line 4800.
\c@Hy@tempcnt=\count280

(/usr/share/texlive/texmf-dist/tex/latex/url/url.sty
\Urlmuskip=\muskip16
Package: url 2013/09/16  ver 3.4  Verb mode for urls, etc.
)
LaTeX Info: Redefining \url on input line 5159.
\XeTeXLinkMargin=\dimen256

(/usr/share/texlive/texmf-dist/tex/generic/bitset/bitset.sty
Package: bitset 2019/12/09 v1.3 Handle bit-vector datatype (HO)

(/usr/share/texlive/texmf-dist/tex/generic/bigintcalc/bigintcalc.sty
Package: bigintcalc 2019/12/15 v1.5 Expandable calculations on big integers (HO
)
))
\Fld@menulength=\count281
\Field@Width=\dimen257
\Fld@charsize=\dimen258
Package hyperref Info: Hyper figures OFF on input line 6430.
Package hyperref Info: Link nesting OFF on input line 6435.
Package hyperref Info: Hyper index ON on input line 6438.
Package hyperref Info: backreferencing OFF on input line 6445.
Package hyperref Info: Link coloring OFF on input line 6450.
Package hyperref Info: Link coloring with OCG OFF on input line 6455.
Package hyperref Info: PDF/A mode OFF on input line 6460.
LaTeX Info: Redefining \ref on input line 6500.
LaTeX Info: Redefining \pageref on input line 6504.
\Hy@abspage=\count282


Package hyperref Message: Stopped early.

)
Package hyperref Info: Driver (autodetected): hpdftex.
 (/usr/share/texlive/texmf-dist/tex/latex/hyperref/hpdftex.def
File: hpdftex.def 2020/01/14 v7.00d Hyperref driver for pdfTeX

(/usr/share/texlive/texmf-dist/tex/latex/atveryend/atveryend.sty
Package: atveryend 2019-12-11 v1.11 Hooks at the very end of document (HO)
)
\Fld@listcount=\count283
\c@bookmark@seq@number=\count284

(/usr/share/texlive/texmf-dist/tex/latex/rerunfilecheck/rerunfilecheck.sty
Package: rerunfilecheck 2019/12/05 v1.9 Rerun checks for auxiliary files (HO)

(/usr/share/texlive/texmf-dist/tex/generic/uniquecounter/uniquecounter.sty
Package: uniquecounter 2019/12/15 v1.4 Provide unlimited unique counter (HO)
)
Package uniquecounter Info: New unique counter `rerunfilecheck' on input line 2
86.
))
(/usr/share/texlive/texmf-dist/tex/latex/beamer/beamerbaserequires.sty
(/usr/share/texlive/texmf-dist/tex/latex/beamer/beamerbasecompatibility.sty)
(/usr/share/texlive/texmf-dist/tex/latex/beamer/beamerbasefont.sty
(/usr/share/texlive/texmf-dist/tex/latex/amsfonts/amssymb.sty
Package: amssymb 2013/01/14 v3.01 AMS font symbols

(/usr/share/texlive/texmf-dist/tex/latex/amsfonts/amsfonts.sty
Package: amsfonts 2013/01/14 v3.01 Basic AMSFonts support
\@emptytoks=\toks28
\symAMSa=\mathgroup4
\symAMSb=\mathgroup5
LaTeX Font Info:    Redeclaring math symbol \hbar on input line 98.
LaTeX Font Info:    Overwriting math alphabet `\mathfrak' in version `bold'
(Font)                  U/euf/m/n --> U/euf/b/n on input line 106.
))
(/usr/share/texlive/texmf-dist/tex/latex/sansmathaccent/sansmathaccent.sty
Package: sansmathaccent 2020/01/31

(/usr/share/texlive/texmf-dist/tex/latex/koma-script/scrlfile.sty
Package: scrlfile 2020/01/24 v3.29 KOMA-Script package (loading files)
)))
(/usr/share/texlive/texmf-dist/tex/latex/beamer/beamerbasetranslator.sty
(/usr/share/texlive/texmf-dist/tex/latex/translator/translator.sty
Package: translator 2019-05-31 v1.12a Easy translation of strings in LaTeX
))
(/usr/share/texlive/texmf-dist/tex/latex/beamer/beamerbasemisc.sty)
(/usr/share/texlive/texmf-dist/tex/latex/beamer/beamerbasetwoscreens.sty)
(/usr/share/texlive/texmf-dist/tex/latex/beamer/beamerbaseoverlay.sty
\beamer@argscount=\count285
\beamer@lastskipcover=\skip53
\beamer@trivlistdepth=\count286
)
(/usr/share/texlive/texmf-dist/tex/latex/beamer/beamerbasetitle.sty)
(/usr/share/texlive/texmf-dist/tex/latex/beamer/beamerbasesection.sty
\c@lecture=\count287
\c@part=\count288
\c@section=\count289
\c@subsection=\count290
\c@subsubsection=\count291
)
(/usr/share/texlive/texmf-dist/tex/latex/beamer/beamerbaseframe.sty
\beamer@framebox=\box62
\beamer@frametitlebox=\box63
\beamer@zoombox=\box64
\beamer@zoomcount=\count292
\beamer@zoomframecount=\count293
\beamer@frametextheight=\dimen259
\c@subsectionslide=\count294
\beamer@frametopskip=\skip54
\beamer@framebottomskip=\skip55
\beamer@frametopskipautobreak=\skip56
\beamer@framebottomskipautobreak=\skip57
\beamer@envbody=\toks29
\framewidth=\dimen260
\c@framenumber=\count295
)
(/usr/share/texlive/texmf-dist/tex/latex/beamer/beamerbaseverbatim.sty
\beamer@verbatimfileout=\write4
)
(/usr/share/texlive/texmf-dist/tex/latex/beamer/beamerbaseframesize.sty
\beamer@splitbox=\box65
\beamer@autobreakcount=\count296
\beamer@autobreaklastheight=\dimen261
\beamer@frametitletoks=\toks30
\beamer@framesubtitletoks=\toks31
)
(/usr/share/texlive/texmf-dist/tex/latex/beamer/beamerbaseframecomponents.sty
\beamer@footins=\box66
)
(/usr/share/texlive/texmf-dist/tex/latex/beamer/beamerbasecolor.sty)
(/usr/share/texlive/texmf-dist/tex/latex/beamer/beamerbasenotes.sty
\beamer@frameboxcopy=\box67
)
(/usr/share/texlive/texmf-dist/tex/latex/beamer/beamerbasetoc.sty)
(/usr/share/texlive/texmf-dist/tex/latex/beamer/beamerbasetemplates.sty
\beamer@sbttoks=\toks32

(/usr/share/texlive/texmf-dist/tex/latex/beamer/beamerbaseauxtemplates.sty
(/usr/share/texlive/texmf-dist/tex/latex/beamer/beamerbaseboxes.sty
\bmb@box=\box68
\bmb@colorbox=\box69
\bmb@boxshadow=\box70
\bmb@boxshadowball=\box71
\bmb@boxshadowballlarge=\box72
\bmb@temp=\dimen262
\bmb@dima=\dimen263
\bmb@dimb=\dimen264
\bmb@prevheight=\dimen265
)
\beamer@blockheadheight=\dimen266
))
(/usr/share/texlive/texmf-dist/tex/latex/beamer/beamerbaselocalstructure.sty
(/usr/share/texlive/texmf-dist/tex/latex/tools/enumerate.sty
Package: enumerate 2015/07/23 v3.00 enumerate extensions (DPC)
\@enLab=\toks33
)
\c@figure=\count297
\c@table=\count298
\abovecaptionskip=\skip58
\belowcaptionskip=\skip59
)
(/usr/share/texlive/texmf-dist/tex/latex/beamer/beamerbasenavigation.sty
\beamer@section@min@dim=\dimen267
)
(/usr/share/texlive/texmf-dist/tex/latex/beamer/beamerbasetheorems.sty
(/usr/share/texlive/texmf-dist/tex/latex/amsmath/amsmath.sty
Package: amsmath 2020/01/20 v2.17e AMS math features
\@mathmargin=\skip60

For additional information on amsmath, use the `?' option.
(/usr/share/texlive/texmf-dist/tex/latex/amsmath/amstext.sty
Package: amstext 2000/06/29 v2.01 AMS text

(/usr/share/texlive/texmf-dist/tex/latex/amsmath/amsgen.sty
File: amsgen.sty 1999/11/30 v2.0 generic functions
\@emptytoks=\toks34
\ex@=\dimen268
))
(/usr/share/texlive/texmf-dist/tex/latex/amsmath/amsbsy.sty
Package: amsbsy 1999/11/29 v1.2d Bold Symbols
\pmbraise@=\dimen269
)
(/usr/share/texlive/texmf-dist/tex/latex/amsmath/amsopn.sty
Package: amsopn 2016/03/08 v2.02 operator names
)
\inf@bad=\count299
LaTeX Info: Redefining \frac on input line 227.
\uproot@=\count300
\leftroot@=\count301
LaTeX Info: Redefining \overline on input line 389.
\classnum@=\count302
\DOTSCASE@=\count303
LaTeX Info: Redefining \ldots on input line 486.
LaTeX Info: Redefining \dots on input line 489.
LaTeX Info: Redefining \cdots on input line 610.
\Mathstrutbox@=\box73
\strutbox@=\box74
\big@size=\dimen270
LaTeX Font Info:    Redeclaring font encoding OML on input line 733.
LaTeX Font Info:    Redeclaring font encoding OMS on input line 734.
\macc@depth=\count304
\c@MaxMatrixCols=\count305
\dotsspace@=\muskip17
\c@parentequation=\count306
\dspbrk@lvl=\count307
\tag@help=\toks35
\row@=\count308
\column@=\count309
\maxfields@=\count310
\andhelp@=\toks36
\eqnshift@=\dimen271
\alignsep@=\dimen272
\tagshift@=\dimen273
\tagwidth@=\dimen274
\totwidth@=\dimen275
\lineht@=\dimen276
\@envbody=\toks37
\multlinegap=\skip61
\multlinetaggap=\skip62
\mathdisplay@stack=\toks38
LaTeX Info: Redefining \[ on input line 2859.
LaTeX Info: Redefining \] on input line 2860.
)
(/usr/share/texlive/texmf-dist/tex/latex/amscls/amsthm.sty
Package: amsthm 2017/10/31 v2.20.4
\thm@style=\toks39
\thm@bodyfont=\toks40
\thm@headfont=\toks41
\thm@notefont=\toks42
\thm@headpunct=\toks43
\thm@preskip=\skip63
\thm@postskip=\skip64
\thm@headsep=\skip65
\dth@everypar=\toks44
)
\c@theorem=\count311
)
(/usr/share/texlive/texmf-dist/tex/latex/beamer/beamerbasethemes.sty))
(/usr/share/texlive/texmf-dist/tex/latex/beamer/beamerthemedefault.sty
(/usr/share/texlive/texmf-dist/tex/latex/beamer/beamerfontthemedefault.sty)
(/usr/share/texlive/texmf-dist/tex/latex/beamer/beamercolorthemedefault.sty)
(/usr/share/texlive/texmf-dist/tex/latex/beamer/beamerinnerthemedefault.sty
\beamer@dima=\dimen277
\beamer@dimb=\dimen278
)
(/usr/share/texlive/texmf-dist/tex/latex/beamer/beamerouterthemedefault.sty)))
(/usr/share/texlive/texmf-dist/tex/latex/beamer/beamerthemeBerlin.sty
(/usr/share/texlive/texmf-dist/tex/latex/beamer/beamerouterthememiniframes.sty)
(/usr/share/texlive/texmf-dist/tex/latex/beamer/beamercolorthemewhale.sty)
(/usr/share/texlive/texmf-dist/tex/latex/beamer/beamercolorthemeorchid.sty)
(/usr/share/texlive/texmf-dist/tex/latex/beamer/beamerinnerthemerectangles.sty)
)
\sympureletters=\mathgroup6
LaTeX Font Info:    Overwriting symbol font `pureletters' in version `bold'
(Font)                  OT1/mathkerncmss/m/sl --> OT1/mathkerncmss/bx/sl on inp
ut line 7.
 (/usr/share/texlive/texmf-dist/tex/latex/tools/bm.sty
Package: bm 2019/07/24 v1.2d Bold Symbol Support (DPC/FMi)
\symboldoperators=\mathgroup7
\symboldletters=\mathgroup8
\symboldsymbols=\mathgroup9
\symboldpureletters=\mathgroup10
LaTeX Font Info:    Redeclaring math alphabet \mathbf on input line 141.
LaTeX Info: Redefining \bm on input line 209.
)
(/usr/share/texlive/texmf-dist/tex/latex/pgf/frontendlayer/tikz.sty
(/usr/share/texlive/texmf-dist/tex/latex/pgf/basiclayer/pgf.sty
Package: pgf 2020/01/08 v3.1.5b (3.1.5b)

(/usr/share/texlive/texmf-dist/tex/generic/pgf/modules/pgfmoduleshapes.code.tex
File: pgfmoduleshapes.code.tex 2020/01/08 v3.1.5b (3.1.5b)
\pgfnodeparttextbox=\box75
) (/usr/share/texlive/texmf-dist/tex/generic/pgf/modules/pgfmoduleplot.code.tex
File: pgfmoduleplot.code.tex 2020/01/08 v3.1.5b (3.1.5b)
)
(/usr/share/texlive/texmf-dist/tex/latex/pgf/compatibility/pgfcomp-version-0-65
.sty
Package: pgfcomp-version-0-65 2020/01/08 v3.1.5b (3.1.5b)
\pgf@nodesepstart=\dimen279
\pgf@nodesepend=\dimen280
)
(/usr/share/texlive/texmf-dist/tex/latex/pgf/compatibility/pgfcomp-version-1-18
.sty
Package: pgfcomp-version-1-18 2020/01/08 v3.1.5b (3.1.5b)
)) (/usr/share/texlive/texmf-dist/tex/latex/pgf/utilities/pgffor.sty
(/usr/share/texlive/texmf-dist/tex/latex/pgf/utilities/pgfkeys.sty
(/usr/share/texlive/texmf-dist/tex/generic/pgf/utilities/pgfkeys.code.tex))
(/usr/share/texlive/texmf-dist/tex/latex/pgf/math/pgfmath.sty
(/usr/share/texlive/texmf-dist/tex/generic/pgf/math/pgfmath.code.tex))
(/usr/share/texlive/texmf-dist/tex/generic/pgf/utilities/pgffor.code.tex
Package: pgffor 2020/01/08 v3.1.5b (3.1.5b)

(/usr/share/texlive/texmf-dist/tex/generic/pgf/math/pgfmath.code.tex)
\pgffor@iter=\dimen281
\pgffor@skip=\dimen282
\pgffor@stack=\toks45
\pgffor@toks=\toks46
))
(/usr/share/texlive/texmf-dist/tex/generic/pgf/frontendlayer/tikz/tikz.code.tex
Package: tikz 2020/01/08 v3.1.5b (3.1.5b)

(/usr/share/texlive/texmf-dist/tex/generic/pgf/libraries/pgflibraryplothandlers
.code.tex
File: pgflibraryplothandlers.code.tex 2020/01/08 v3.1.5b (3.1.5b)
\pgf@plot@mark@count=\count312
\pgfplotmarksize=\dimen283
)
\tikz@lastx=\dimen284
\tikz@lasty=\dimen285
\tikz@lastxsaved=\dimen286
\tikz@lastysaved=\dimen287
\tikz@lastmovetox=\dimen288
\tikz@lastmovetoy=\dimen289
\tikzleveldistance=\dimen290
\tikzsiblingdistance=\dimen291
\tikz@figbox=\box76
\tikz@figbox@bg=\box77
\tikz@tempbox=\box78
\tikz@tempbox@bg=\box79
\tikztreelevel=\count313
\tikznumberofchildren=\count314
\tikznumberofcurrentchild=\count315
\tikz@fig@count=\count316

(/usr/share/texlive/texmf-dist/tex/generic/pgf/modules/pgfmodulematrix.code.tex
File: pgfmodulematrix.code.tex 2020/01/08 v3.1.5b (3.1.5b)
\pgfmatrixcurrentrow=\count317
\pgfmatrixcurrentcolumn=\count318
\pgf@matrix@numberofcolumns=\count319
)
\tikz@expandcount=\count320

(/usr/share/texlive/texmf-dist/tex/generic/pgf/frontendlayer/tikz/libraries/tik
zlibrarytopaths.code.tex
File: tikzlibrarytopaths.code.tex 2020/01/08 v3.1.5b (3.1.5b)
)))
(/usr/share/texlive/texmf-dist/tex/latex/doublestroke/dsfont.sty
Package: dsfont 1995/08/01 v0.1 Double stroke roman fonts
)
(/usr/share/texlive/texmf-dist/tex/latex/changepage/changepage.sty
Package: changepage 2009/10/20 v1.0c check page and change page layout
\c@cp@cntr=\count321
\cp@tempcnt=\count322
)
(/usr/share/texlive/texmf-dist/tex/latex/l3backend/l3backend-pdfmode.def
File: l3backend-pdfmode.def 2020-02-03 L3 backend support: PDF mode
\l__kernel_color_stack_int=\count323
\l__pdf_internal_box=\box80
)
(./biasFigs.aux)
\openout1 = `biasFigs.aux'.

LaTeX Font Info:    Checking defaults for OML/cmm/m/it on input line 39.
LaTeX Font Info:    ... okay on input line 39.
LaTeX Font Info:    Checking defaults for OMS/cmsy/m/n on input line 39.
LaTeX Font Info:    ... okay on input line 39.
LaTeX Font Info:    Checking defaults for OT1/cmr/m/n on input line 39.
LaTeX Font Info:    ... okay on input line 39.
LaTeX Font Info:    Checking defaults for T1/cmr/m/n on input line 39.
LaTeX Font Info:    ... okay on input line 39.
LaTeX Font Info:    Checking defaults for TS1/cmr/m/n on input line 39.
LaTeX Font Info:    ... okay on input line 39.
LaTeX Font Info:    Checking defaults for OMX/cmex/m/n on input line 39.
LaTeX Font Info:    ... okay on input line 39.
LaTeX Font Info:    Checking defaults for U/cmr/m/n on input line 39.
LaTeX Font Info:    ... okay on input line 39.
LaTeX Font Info:    Checking defaults for PD1/pdf/m/n on input line 39.
LaTeX Font Info:    ... okay on input line 39.

*geometry* driver: auto-detecting
*geometry* detected driver: pdftex
*geometry* verbose mode - [ preamble ] result:
* driver: pdftex
* paper: custom
* layout: <same size as paper>
* layoutoffset:(h,v)=(0.0pt,0.0pt)
* modes: includehead includefoot 
* h-part:(L,W,R)=(28.45274pt, 307.28987pt, 28.45274pt)
* v-part:(T,H,B)=(0.0pt, 273.14662pt, 0.0pt)
* \paperwidth=364.19536pt
* \paperheight=273.14662pt
* \textwidth=307.28987pt
* \textheight=244.6939pt
* \oddsidemargin=-43.81725pt
* \evensidemargin=-43.81725pt
* \topmargin=-72.26999pt
* \headheight=14.22636pt
* \headsep=0.0pt
* \topskip=11.0pt
* \footskip=14.22636pt
* \marginparwidth=4.0pt
* \marginparsep=10.0pt
* \columnsep=10.0pt
* \skip\footins=10.0pt plus 4.0pt minus 2.0pt
* \hoffset=0.0pt
* \voffset=0.0pt
* \mag=1000
* \@twocolumnfalse
* \@twosidefalse
* \@mparswitchfalse
* \@reversemarginfalse
* (1in=72.27pt=25.4mm, 1cm=28.453pt)

(/usr/share/texlive/texmf-dist/tex/context/base/mkii/supp-pdf.mkii
[Loading MPS to PDF converter (version 2006.09.02).]
\scratchcounter=\count324
\scratchdimen=\dimen292
\scratchbox=\box81
\nofMPsegments=\count325
\nofMParguments=\count326
\everyMPshowfont=\toks47
\MPscratchCnt=\count327
\MPscratchDim=\dimen293
\MPnumerator=\count328
\makeMPintoPDFobject=\count329
\everyMPtoPDFconversion=\toks48
) (/usr/share/texlive/texmf-dist/tex/latex/epstopdf-pkg/epstopdf-base.sty
Package: epstopdf-base 2020-01-24 v2.11 Base part for package epstopdf
Package epstopdf-base Info: Redefining graphics rule for `.eps' on input line 4
85.

(/usr/share/texlive/texmf-dist/tex/latex/latexconfig/epstopdf-sys.cfg
File: epstopdf-sys.cfg 2010/07/13 v1.3 Configuration of (r)epstopdf for TeX Liv
e
))
ABD: EveryShipout initializing macros
\AtBeginShipoutBox=\box82
Package hyperref Info: Link coloring OFF on input line 39.

(/usr/share/texlive/texmf-dist/tex/latex/hyperref/nameref.sty
Package: nameref 2019/09/16 v2.46 Cross-referencing by name of section

(/usr/share/texlive/texmf-dist/tex/latex/refcount/refcount.sty
Package: refcount 2019/12/15 v3.6 Data extraction from label references (HO)
)
(/usr/share/texlive/texmf-dist/tex/generic/gettitlestring/gettitlestring.sty
Package: gettitlestring 2019/12/15 v1.6 Cleanup title references (HO)
)
\c@section@level=\count330
)
LaTeX Info: Redefining \ref on input line 39.
LaTeX Info: Redefining \pageref on input line 39.
LaTeX Info: Redefining \nameref on input line 39.

(./biasFigs.out) (./biasFigs.out)
\@outlinefile=\write5
\openout5 = `biasFigs.out'.

LaTeX Font Info:    Overwriting symbol font `operators' in version `normal'
(Font)                  OT1/cmr/m/n --> OT1/cmss/m/n on input line 39.
LaTeX Font Info:    Overwriting symbol font `operators' in version `bold'
(Font)                  OT1/cmr/bx/n --> OT1/cmss/b/n on input line 39.
\symnumbers=\mathgroup11
LaTeX Font Info:    Redeclaring symbol font `pureletters' on input line 39.
LaTeX Font Info:    Overwriting symbol font `pureletters' in version `normal'
(Font)                  OT1/mathkerncmss/m/sl --> OT1/cmss/m/it on input line 3
9.
LaTeX Font Info:    Overwriting symbol font `pureletters' in version `bold'
(Font)                  OT1/mathkerncmss/bx/sl --> OT1/cmss/m/it on input line 
39.
LaTeX Font Info:    Overwriting math alphabet `\mathrm' in version `normal'
(Font)                  OT1/cmss/m/n --> OT1/cmr/m/n on input line 39.
LaTeX Font Info:    Redeclaring math alphabet \mathbf on input line 39.
LaTeX Font Info:    Redeclaring math alphabet \mathsf on input line 39.
LaTeX Font Info:    Overwriting math alphabet `\mathsf' in version `normal'
(Font)                  OT1/cmss/m/n --> OT1/cmss/m/n on input line 39.
LaTeX Font Info:    Overwriting math alphabet `\mathsf' in version `bold'
(Font)                  OT1/cmss/bx/n --> OT1/cmss/m/n on input line 39.
LaTeX Font Info:    Redeclaring math alphabet \mathit on input line 39.
LaTeX Font Info:    Overwriting math alphabet `\mathit' in version `normal'
(Font)                  OT1/cmr/m/it --> OT1/cmss/m/it on input line 39.
LaTeX Font Info:    Overwriting math alphabet `\mathit' in version `bold'
(Font)                  OT1/cmr/bx/it --> OT1/cmss/m/it on input line 39.
LaTeX Font Info:    Redeclaring math alphabet \mathtt on input line 39.
LaTeX Font Info:    Overwriting math alphabet `\mathtt' in version `normal'
(Font)                  OT1/cmtt/m/n --> OT1/cmtt/m/n on input line 39.
LaTeX Font Info:    Overwriting math alphabet `\mathtt' in version `bold'
(Font)                  OT1/cmtt/m/n --> OT1/cmtt/m/n on input line 39.
LaTeX Font Info:    Overwriting symbol font `numbers' in version `bold'
(Font)                  OT1/cmss/m/n --> OT1/cmss/b/n on input line 39.
LaTeX Font Info:    Overwriting symbol font `pureletters' in version `bold'
(Font)                  OT1/cmss/m/it --> OT1/cmss/b/it on input line 39.
LaTeX Font Info:    Overwriting math alphabet `\mathrm' in version `bold'
(Font)                  OT1/cmss/b/n --> OT1/cmr/b/n on input line 39.
LaTeX Font Info:    Overwriting math alphabet `\mathbf' in version `bold'
(Font)                  OT1/cmss/b/n --> OT1/cmss/b/n on input line 39.
LaTeX Font Info:    Overwriting math alphabet `\mathsf' in version `bold'
(Font)                  OT1/cmss/m/n --> OT1/cmss/b/n on input line 39.
LaTeX Font Info:    Overwriting math alphabet `\mathit' in version `bold'
(Font)                  OT1/cmss/m/it --> OT1/cmss/b/it on input line 39.
LaTeX Font Info:    Overwriting math alphabet `\mathtt' in version `bold'
(Font)                  OT1/cmtt/m/n --> OT1/cmtt/b/n on input line 39.
LaTeX Font Info:    Redeclaring symbol font `pureletters' on input line 39.
LaTeX Font Info:    Overwriting symbol font `pureletters' in version `normal'
(Font)                  OT1/cmss/m/it --> OT1/mathkerncmss/m/sl on input line 3
9.
LaTeX Font Info:    Overwriting symbol font `pureletters' in version `bold'
(Font)                  OT1/cmss/b/it --> OT1/mathkerncmss/m/sl on input line 3
9.
LaTeX Font Info:    Overwriting symbol font `pureletters' in version `bold'
(Font)                  OT1/mathkerncmss/m/sl --> OT1/mathkerncmss/bx/sl on inp
ut line 39.

(/usr/share/texlive/texmf-dist/tex/latex/translator/translator-basic-dictionary
-English.dict
Dictionary: translator-basic-dictionary, Language: English 
)
(/usr/share/texlive/texmf-dist/tex/latex/translator/translator-bibliography-dic
tionary-English.dict
Dictionary: translator-bibliography-dictionary, Language: English 
)
(/usr/share/texlive/texmf-dist/tex/latex/translator/translator-environment-dict
ionary-English.dict
Dictionary: translator-environment-dictionary, Language: English 
)
(/usr/share/texlive/texmf-dist/tex/latex/translator/translator-months-dictionar
y-English.dict
Dictionary: translator-months-dictionary, Language: English 
)
(/usr/share/texlive/texmf-dist/tex/latex/translator/translator-numbers-dictiona
ry-English.dict
Dictionary: translator-numbers-dictionary, Language: English 
)
(/usr/share/texlive/texmf-dist/tex/latex/translator/translator-theorem-dictiona
ry-English.dict
Dictionary: translator-theorem-dictionary, Language: English 
) (./biasFigs.nav)
<noaaText.png, id=89, 628.43478pt x 471.32608pt>
File: noaaText.png Graphic file (type png)
<use noaaText.png>
Package pdftex.def Info: noaaText.png  used on input line 51.
(pdftex.def)             Requested size: 90.34514pt x 67.7544pt.
LaTeX Font Info:    Trying to load font information for U+msa on input line 51.


(/usr/share/texlive/texmf-dist/tex/latex/amsfonts/umsa.fd
File: umsa.fd 2013/01/14 v3.01 AMS symbols A
)
LaTeX Font Info:    Trying to load font information for U+msb on input line 51.


(/usr/share/texlive/texmf-dist/tex/latex/amsfonts/umsb.fd
File: umsb.fd 2013/01/14 v3.01 AMS symbols B
)
LaTeX Font Info:    Trying to load font information for OT1+mathkerncmss on inp
ut line 51.

(/usr/share/texlive/texmf-dist/tex/latex/sansmathaccent/ot1mathkerncmss.fd
File: ot1mathkerncmss.fd 2020/01/31 Fontinst v1.933 font definitions for OT1/ma
thkerncmss.
)
<slug.jpg, id=91, 301.125pt x 254.9525pt>
File: slug.jpg Graphic file (type jpg)
<use slug.jpg>
Package pdftex.def Info: slug.jpg  used on input line 51.
(pdftex.def)             Requested size: 82.816pt x 70.11798pt.

[1{/var/lib/texmf/fonts/map/pdftex/updmap/pdftex.map}

 <./noaaText.png> <./slug.jpg>]
<../plots/hakeIndex.png, id=172, 481.8pt x 481.8pt>
File: ../plots/hakeIndex.png Graphic file (type png)
<use ../plots/hakeIndex.png>
Package pdftex.def Info: ../plots/hakeIndex.png  used on input line 95.
(pdftex.def)             Requested size: 150.57372pt x 150.56947pt.
<../plots/hakeCatch.png, id=173, 481.8pt x 481.8pt>
File: ../plots/hakeCatch.png Graphic file (type png)
<use ../plots/hakeCatch.png>
Package pdftex.def Info: ../plots/hakeCatch.png  used on input line 95.
(pdftex.def)             Requested size: 150.57372pt x 150.56947pt.
 [2

 <../plots/hakeIndex.png> <../plots/hakeCatch.png>]
<../plots/srrSchaefferPar.png, id=236, 481.8pt x 481.8pt>
File: ../plots/srrSchaefferPar.png Graphic file (type png)
<use ../plots/srrSchaefferPar.png>
Package pdftex.def Info: ../plots/srrSchaefferPar.png  used on input line 113.
(pdftex.def)             Requested size: 165.93446pt x 165.93446pt.
 [3

 <../plots/srrSchaefferPar.png (PNG copy)>]
<../plots/srrSchaefferRPplus.png, id=292, 481.8pt x 481.8pt>
File: ../plots/srrSchaefferRPplus.png Graphic file (type png)
<use ../plots/srrSchaefferRPplus.png>
Package pdftex.def Info: ../plots/srrSchaefferRPplus.png  used on input line 14
5.
(pdftex.def)             Requested size: 165.93446pt x 165.93446pt.
 [4

 <../plots/srrSchaefferRPplus.png (PNG copy)>]
<shaeferConst.png, id=348, 481.8pt x 481.8pt>
File: shaeferConst.png Graphic file (type png)
<use shaeferConst.png>
Package pdftex.def Info: shaeferConst.png  used on input line 233.
(pdftex.def)             Requested size: 138.2795pt x 138.27748pt.

[5

 <./shaeferConst.png>]
<../plots/srr1.1.png, id=403, 481.8pt x 481.8pt>
File: ../plots/srr1.1.png Graphic file (type png)
<use ../plots/srr1.1.png>
Package pdftex.def Info: ../plots/srr1.1.png  used on input line 256.
(pdftex.def)             Requested size: 135.20828pt x 135.20448pt.
 [6

 <../plots/srr1.1.png (PNG copy)>]
<../../.././nick/gpBias/rfFlatNoQX2Z0.6.png, id=458, 481.8pt x 481.8pt>
File: ../../.././nick/gpBias/rfFlatNoQX2Z0.6.png Graphic file (type png)
<use ../../.././nick/gpBias/rfFlatNoQX2Z0.6.png>
Package pdftex.def Info: ../../.././nick/gpBias/rfFlatNoQX2Z0.6.png  used on in
put line 287.
(pdftex.def)             Requested size: 98.335pt x 98.32854pt.
<../../.././nick/gpBias/rfExpT45X2Z0.6.png, id=459, 481.8pt x 481.8pt>
File: ../../.././nick/gpBias/rfExpT45X2Z0.6.png Graphic file (type png)
<use ../../.././nick/gpBias/rfExpT45X2Z0.6.png>
Package pdftex.def Info: ../../.././nick/gpBias/rfExpT45X2Z0.6.png  used on inp
ut line 287.
(pdftex.def)             Requested size: 98.335pt x 98.32854pt.

Overfull \vbox (4.31308pt too high) detected at line 287
 []

[7

 <../../.././nick/gpBias/rfFlatNoQX2Z0.6.png> <../../.././nick/gpBias/rfExpT45X
2Z0.6.png>]
File: ../../.././nick/gpBias/rfFlatNoQX2Z0.6.png Graphic file (type png)
<use ../../.././nick/gpBias/rfFlatNoQX2Z0.6.png>
Package pdftex.def Info: ../../.././nick/gpBias/rfFlatNoQX2Z0.6.png  used on in
put line 287.
(pdftex.def)             Requested size: 98.335pt x 98.32854pt.
File: ../../.././nick/gpBias/rfExpT45X2Z0.6.png Graphic file (type png)
<use ../../.././nick/gpBias/rfExpT45X2Z0.6.png>
Package pdftex.def Info: ../../.././nick/gpBias/rfExpT45X2Z0.6.png  used on inp
ut line 287.
(pdftex.def)             Requested size: 98.335pt x 98.32854pt.
<../../.././nick/gpBias/bioCatchFlatNoQX2Z0.6.png, id=518, 481.8pt x 481.8pt>
File: ../../.././nick/gpBias/bioCatchFlatNoQX2Z0.6.png Graphic file (type png)
<use ../../.././nick/gpBias/bioCatchFlatNoQX2Z0.6.png>
Package pdftex.def Info: ../../.././nick/gpBias/bioCatchFlatNoQX2Z0.6.png  used
 on input line 287.
(pdftex.def)             Requested size: 98.335pt x 98.32854pt.
<../../.././nick/gpBias/bioCatchExpT45X2Z0.6.png, id=519, 481.8pt x 481.8pt>
File: ../../.././nick/gpBias/bioCatchExpT45X2Z0.6.png Graphic file (type png)
<use ../../.././nick/gpBias/bioCatchExpT45X2Z0.6.png>
Package pdftex.def Info: ../../.././nick/gpBias/bioCatchExpT45X2Z0.6.png  used 
on input line 287.
(pdftex.def)             Requested size: 98.335pt x 98.32854pt.

Overfull \vbox (8.48848pt too high) detected at line 287
 []

[8

 <../../.././nick/gpBias/bioCatchFlatNoQX2Z0.6.png (PNG copy)> <../../.././nick
/gpBias/bioCatchExpT45X2Z0.6.png (PNG copy)>]
Overfull \hbox (24.01787pt too wide) detected at line 353
[]
 []

<shaeferDat.png, id=573, 481.8pt x 481.8pt>
File: shaeferDat.png Graphic file (type png)
<use shaeferDat.png>
Package pdftex.def Info: shaeferDat.png  used on input line 353.
(pdftex.def)             Requested size: 178.30731pt x 178.31036pt.

Overfull \vbox (10.12369pt too high) detected at line 353
 []

[9

 <./shaeferDat.png (PNG copy)>]
Overfull \hbox (24.01787pt too wide) detected at line 353
[]
 []

File: shaeferDat.png Graphic file (type png)
<use shaeferDat.png>
Package pdftex.def Info: shaeferDat.png  used on input line 353.
(pdftex.def)             Requested size: 178.30731pt x 178.31036pt.
<../../.././nick/gpBias/bioExpT45X0.5Z0.6.png, id=631, 481.8pt x 481.8pt>
File: ../../.././nick/gpBias/bioExpT45X0.5Z0.6.png Graphic file (type png)
<use ../../.././nick/gpBias/bioExpT45X0.5Z0.6.png>
Package pdftex.def Info: ../../.././nick/gpBias/bioExpT45X0.5Z0.6.png  used on 
input line 353.
(pdftex.def)             Requested size: 55.71828pt x 55.72177pt.
<../../.././nick/gpBias/bioExpT45X3.5Z0.6.png, id=632, 481.8pt x 481.8pt>
File: ../../.././nick/gpBias/bioExpT45X3.5Z0.6.png Graphic file (type png)
<use ../../.././nick/gpBias/bioExpT45X3.5Z0.6.png>
Package pdftex.def Info: ../../.././nick/gpBias/bioExpT45X3.5Z0.6.png  used on 
input line 353.
(pdftex.def)             Requested size: 55.71828pt x 55.72177pt.
<../../.././nick/gpBias/bioExpT45X3.5Z0.2.png, id=633, 481.8pt x 481.8pt>
File: ../../.././nick/gpBias/bioExpT45X3.5Z0.2.png Graphic file (type png)
<use ../../.././nick/gpBias/bioExpT45X3.5Z0.2.png>
Package pdftex.def Info: ../../.././nick/gpBias/bioExpT45X3.5Z0.2.png  used on 
input line 353.
(pdftex.def)             Requested size: 55.71828pt x 55.72177pt.
<../../.././nick/gpBias/bioExpT45X0.5Z0.2.png, id=634, 481.8pt x 481.8pt>
File: ../../.././nick/gpBias/bioExpT45X0.5Z0.2.png Graphic file (type png)
<use ../../.././nick/gpBias/bioExpT45X0.5Z0.2.png>
Package pdftex.def Info: ../../.././nick/gpBias/bioExpT45X0.5Z0.2.png  used on 
input line 353.
(pdftex.def)             Requested size: 55.71828pt x 55.72177pt.

Overfull \vbox (10.12369pt too high) detected at line 353
 []

[10

 <../../.././nick/gpBias/bioExpT45X0.5Z0.6.png> <../../.././nick/gpBias/bioExpT
45X3.5Z0.6.png> <../../.././nick/gpBias/bioExpT45X3.5Z0.2.png> <../../.././nick
/gpBias/bioExpT45X0.5Z0.2.png>] [11

] [12

]
<../../.././nick/gpBias/directionalBiasPellaFlatNoQ.png, id=801, 481.8pt x 481.
8pt>
File: ../../.././nick/gpBias/directionalBiasPellaFlatNoQ.png Graphic file (type
 png)
<use ../../.././nick/gpBias/directionalBiasPellaFlatNoQ.png>
Package pdftex.def Info: ../../.././nick/gpBias/directionalBiasPellaFlatNoQ.png
  used on input line 599.
(pdftex.def)             Requested size: 222.88782pt x 222.88712pt.

Overfull \vbox (9.0pt too high) detected at line 599
 []

[13

 <../../.././nick/gpBias/directionalBiasPellaFlatNoQ.png (PNG copy)>]
<../../.././nick/gpBias/fMSYRelBiasPellaFlatNoQ.png, id=857, 481.8pt x 481.8pt>

File: ../../.././nick/gpBias/fMSYRelBiasPellaFlatNoQ.png Graphic file (type png
)
<use ../../.././nick/gpBias/fMSYRelBiasPellaFlatNoQ.png>
Package pdftex.def Info: ../../.././nick/gpBias/fMSYRelBiasPellaFlatNoQ.png  us
ed on input line 618.
(pdftex.def)             Requested size: 165.632pt x 165.62569pt.

Overfull \hbox (24.6048pt too wide) in paragraph at lines 618--618
[]|  [] 
 []

<../../.././nick/gpBias/zetaRelBiasPellaFlatNoQ.png, id=858, 481.8pt x 481.8pt>

File: ../../.././nick/gpBias/zetaRelBiasPellaFlatNoQ.png Graphic file (type png
)
<use ../../.././nick/gpBias/zetaRelBiasPellaFlatNoQ.png>
Package pdftex.def Info: ../../.././nick/gpBias/zetaRelBiasPellaFlatNoQ.png  us
ed on input line 618.
(pdftex.def)             Requested size: 165.632pt x 165.62569pt.

Overfull \hbox (45.94437pt too wide) in paragraph at lines 618--618
[]|  [] 
 []

[14

 <../../.././nick/gpBias/fMSYRelBiasPellaFlatNoQ.png (PNG copy)> <../../.././ni
ck/gpBias/zetaRelBiasPellaFlatNoQ.png (PNG copy)>]
<../../.././nick/gpBias/bMSYRelBiasPellaFlatNoQ.png, id=912, 481.8pt x 481.8pt>

File: ../../.././nick/gpBias/bMSYRelBiasPellaFlatNoQ.png Graphic file (type png
)
<use ../../.././nick/gpBias/bMSYRelBiasPellaFlatNoQ.png>
Package pdftex.def Info: ../../.././nick/gpBias/bMSYRelBiasPellaFlatNoQ.png  us
ed on input line 637.
(pdftex.def)             Requested size: 165.632pt x 165.62569pt.

Overfull \hbox (24.6048pt too wide) in paragraph at lines 637--637
[]|  [] 
 []

<../../.././nick/gpBias/kRelBiasPellaFlatNoQ.png, id=913, 481.8pt x 481.8pt>
File: ../../.././nick/gpBias/kRelBiasPellaFlatNoQ.png Graphic file (type png)
<use ../../.././nick/gpBias/kRelBiasPellaFlatNoQ.png>
Package pdftex.def Info: ../../.././nick/gpBias/kRelBiasPellaFlatNoQ.png  used 
on input line 637.
(pdftex.def)             Requested size: 165.632pt x 165.62569pt.

Overfull \hbox (45.94437pt too wide) in paragraph at lines 637--637
[]|  [] 
 []

[15

 <../../.././nick/gpBias/bMSYRelBiasPellaFlatNoQ.png (PNG copy)> <../../.././ni
ck/gpBias/kRelBiasPellaFlatNoQ.png (PNG copy)>]
<../../.././nick/gpBias/curveCompareFlatNoQX0.5Z0.6.png, id=969, 481.8pt x 481.
8pt>
File: ../../.././nick/gpBias/curveCompareFlatNoQX0.5Z0.6.png Graphic file (type
 png)
<use ../../.././nick/gpBias/curveCompareFlatNoQX0.5Z0.6.png>
Package pdftex.def Info: ../../.././nick/gpBias/curveCompareFlatNoQX0.5Z0.6.png
  used on input line 657.
(pdftex.def)             Requested size: 112.93028pt x 112.92894pt.
<../../.././nick/gpBias/curveCompareFlatNoQX0.5Z0.2.png, id=970, 481.8pt x 481.
8pt>
File: ../../.././nick/gpBias/curveCompareFlatNoQX0.5Z0.2.png Graphic file (type
 png)
<use ../../.././nick/gpBias/curveCompareFlatNoQX0.5Z0.2.png>
Package pdftex.def Info: ../../.././nick/gpBias/curveCompareFlatNoQX0.5Z0.2.png
  used on input line 657.
(pdftex.def)             Requested size: 112.93028pt x 112.92894pt.
<../../.././nick/gpBias/curveCompareFlatNoQX3.5Z0.6.png, id=971, 481.8pt x 481.
8pt>
File: ../../.././nick/gpBias/curveCompareFlatNoQX3.5Z0.6.png Graphic file (type
 png)
<use ../../.././nick/gpBias/curveCompareFlatNoQX3.5Z0.6.png>
Package pdftex.def Info: ../../.././nick/gpBias/curveCompareFlatNoQX3.5Z0.6.png
  used on input line 657.
(pdftex.def)             Requested size: 112.93028pt x 112.92894pt.
<../../.././nick/gpBias/curveCompareFlatNoQX3.5Z0.2.png, id=972, 481.8pt x 481.
8pt>
File: ../../.././nick/gpBias/curveCompareFlatNoQX3.5Z0.2.png Graphic file (type
 png)
<use ../../.././nick/gpBias/curveCompareFlatNoQX3.5Z0.2.png>
Package pdftex.def Info: ../../.././nick/gpBias/curveCompareFlatNoQX3.5Z0.2.png
  used on input line 657.
(pdftex.def)             Requested size: 112.93028pt x 112.92894pt.

Overfull \vbox (15.79582pt too high) detected at line 657
 []

[16

 <../../.././nick/gpBias/curveCompareFlatNoQX0.5Z0.6.png (PNG copy)> <../../../
./nick/gpBias/curveCompareFlatNoQX0.5Z0.2.png (PNG copy)> <../../.././nick/gpBi
as/curveCompareFlatNoQX3.5Z0.6.png (PNG copy)> <../../.././nick/gpBias/curveCom
pareFlatNoQX3.5Z0.2.png (PNG copy)>]
File: ../../.././nick/gpBias/rfExpT45X2Z0.6.png Graphic file (type png)
<use ../../.././nick/gpBias/rfExpT45X2Z0.6.png>
Package pdftex.def Info: ../../.././nick/gpBias/rfExpT45X2Z0.6.png  used on inp
ut line 701.
(pdftex.def)             Requested size: 109.85568pt x 109.85594pt.
<../../.././nick/gpBias/rfExpT90X2Z0.6.png, id=1026, 481.8pt x 481.8pt>
File: ../../.././nick/gpBias/rfExpT90X2Z0.6.png Graphic file (type png)
<use ../../.././nick/gpBias/rfExpT90X2Z0.6.png>
Package pdftex.def Info: ../../.././nick/gpBias/rfExpT90X2Z0.6.png  used on inp
ut line 701.
(pdftex.def)             Requested size: 109.85568pt x 109.85594pt.
<../../.././nick/gpBias/bMSYRelBiasPellaExpT45.png, id=1027, 481.8pt x 481.8pt>

File: ../../.././nick/gpBias/bMSYRelBiasPellaExpT45.png Graphic file (type png)

<use ../../.././nick/gpBias/bMSYRelBiasPellaExpT45.png>
Package pdftex.def Info: ../../.././nick/gpBias/bMSYRelBiasPellaExpT45.png  use
d on input line 701.
(pdftex.def)             Requested size: 109.85568pt x 109.85594pt.
<../../.././nick/gpBias/bMSYRelBiasPellaExpT90.png, id=1028, 481.8pt x 481.8pt>

File: ../../.././nick/gpBias/bMSYRelBiasPellaExpT90.png Graphic file (type png)

<use ../../.././nick/gpBias/bMSYRelBiasPellaExpT90.png>
Package pdftex.def Info: ../../.././nick/gpBias/bMSYRelBiasPellaExpT90.png  use
d on input line 701.
(pdftex.def)             Requested size: 109.85568pt x 109.85594pt.

Overfull \hbox (5.30759pt too wide) in paragraph at lines 701--701
[]|  [] 
 []


Overfull \hbox (5.30759pt too wide) in paragraph at lines 701--701
|  [] 
 []

<../../.././nick/gpBias/fMSYRelBiasPellaExpT45.png, id=1029, 481.8pt x 481.8pt>

File: ../../.././nick/gpBias/fMSYRelBiasPellaExpT45.png Graphic file (type png)

<use ../../.././nick/gpBias/fMSYRelBiasPellaExpT45.png>
Package pdftex.def Info: ../../.././nick/gpBias/fMSYRelBiasPellaExpT45.png  use
d on input line 701.
(pdftex.def)             Requested size: 109.85568pt x 109.85594pt.
<../../.././nick/gpBias/fMSYRelBiasPellaExpT90.png, id=1030, 481.8pt x 481.8pt>

File: ../../.././nick/gpBias/fMSYRelBiasPellaExpT90.png Graphic file (type png)

<use ../../.././nick/gpBias/fMSYRelBiasPellaExpT90.png>
Package pdftex.def Info: ../../.././nick/gpBias/fMSYRelBiasPellaExpT90.png  use
d on input line 701.
(pdftex.def)             Requested size: 109.85568pt x 109.85594pt.

Overfull \hbox (19.53394pt too wide) in paragraph at lines 701--701
[]|  [] 
 []


Overfull \hbox (19.53394pt too wide) in paragraph at lines 701--701
|  [] 
 []

[17

 <../../.././nick/gpBias/rfExpT90X2Z0.6.png> <../../.././nick/gpBias/bMSYRelBia
sPellaExpT45.png (PNG copy)> <../../.././nick/gpBias/bMSYRelBiasPellaExpT90.png
 (PNG copy)> <../../.././nick/gpBias/fMSYRelBiasPellaExpT45.png (PNG copy)> <..
/../.././nick/gpBias/fMSYRelBiasPellaExpT90.png (PNG copy)>]
Overfull \vbox (2.93927pt too high) detected at line 775
 []

[18

]
Overfull \hbox (0.76175pt too wide) detected at line 800
[]
 []

<../plots/derisoSrr.png, id=1141, 481.8pt x 481.8pt>
File: ../plots/derisoSrr.png Graphic file (type png)
<use ../plots/derisoSrr.png>
Package pdftex.def Info: ../plots/derisoSrr.png  used on input line 800.
(pdftex.def)             Requested size: 150.57372pt x 150.56947pt.
[19

 <../plots/derisoSrr.png (PNG copy)>]
<../plots/bhRP.png, id=1198, 481.8pt x 481.8pt>
File: ../plots/bhRP.png Graphic file (type png)
<use ../plots/bhRP.png>
Package pdftex.def Info: ../plots/bhRP.png  used on input line 815.
(pdftex.def)             Requested size: 150.57372pt x 150.56947pt.
 [20

 <../plots/bhRP.png>] [21

]
LaTeX Font Info:    Trying to load font information for U+dsrom on input line 8
45.

(/usr/share/texlive/texmf-dist/tex/latex/doublestroke/Udsrom.fd
File: Udsrom.fd 1995/08/01 v0.1 Double stroke roman font definitions
)
File: ../plots/hakeCatch.png Graphic file (type png)
<use ../plots/hakeCatch.png>
Package pdftex.def Info: ../plots/hakeCatch.png  used on input line 845.
(pdftex.def)             Requested size: 165.632pt x 165.62569pt.

Overfull \hbox (15.05829pt too wide) in paragraph at lines 845--845
[][] 
 []

[22

]
Overfull \hbox (12.54472pt too wide) detected at line 861
[]
 []

<../../.././nick/spline/dataPlots.png, id=1363, 481.8pt x 481.8pt>
File: ../../.././nick/spline/dataPlots.png Graphic file (type png)
<use ../../.././nick/spline/dataPlots.png>
Package pdftex.def Info: ../../.././nick/spline/dataPlots.png  used on input li
ne 861.
(pdftex.def)             Requested size: 150.57372pt x 150.56947pt.
<../../.././nick/spline/intCurves.png, id=1364, 481.8pt x 481.8pt>
File: ../../.././nick/spline/intCurves.png Graphic file (type png)
<use ../../.././nick/spline/intCurves.png>
Package pdftex.def Info: ../../.././nick/spline/intCurves.png  used on input li
ne 861.
(pdftex.def)             Requested size: 150.57372pt x 150.56947pt.

Overfull \vbox (7.37856pt too high) detected at line 861
 []

[23

 <../../.././nick/spline/dataPlots.png (PNG copy)> <../../.././nick/spline/intC
urves.png (PNG copy)>] [24

] [25

]
\tf@nav=\write6
\openout6 = `biasFigs.nav'.

\tf@toc=\write7
\openout7 = `biasFigs.toc'.

\tf@snm=\write8
\openout8 = `biasFigs.snm'.

Package atveryend Info: Empty hook `BeforeClearDocument' on input line 2079.
Package atveryend Info: Empty hook `AfterLastShipout' on input line 2079.
 (./biasFigs.aux)
Package atveryend Info: Executing hook `AtVeryEndDocument' on input line 2079.
Package atveryend Info: Executing hook `AtEndAfterFileList' on input line 2079.

Package rerunfilecheck Info: File `biasFigs.out' has not changed.
(rerunfilecheck)             Checksum: D5568BF38F175970569B3E8D1809B03C;564.
 ) 
Here is how much of TeX's memory you used:
 21785 strings out of 481239
 432982 string characters out of 5920378
 697992 words of memory out of 5000000
 36393 multiletter control sequences out of 15000+600000
 561031 words of font info for 112 fonts, out of 8000000 for 9000
 1141 hyphenation exceptions out of 8191
 58i,19n,67p,775b,769s stack positions out of 5000i,500n,10000p,200000b,80000s
{/usr/share/texmf/fonts/enc/dvips/cm-super/cm-super-t1.enc}</usr/share/texliv
e/texmf-dist/fonts/type1/public/amsfonts/cmextra/cmbsy8.pfb></usr/share/texlive
/texmf-dist/fonts/type1/public/amsfonts/cm/cmex10.pfb></usr/share/texlive/texmf
-dist/fonts/type1/public/amsfonts/cmextra/cmex8.pfb></usr/share/texlive/texmf-d
ist/fonts/type1/public/amsfonts/cm/cmmi10.pfb></usr/share/texlive/texmf-dist/fo
nts/type1/public/amsfonts/cm/cmmi6.pfb></usr/share/texlive/texmf-dist/fonts/typ
e1/public/amsfonts/cm/cmmi8.pfb></usr/share/texlive/texmf-dist/fonts/type1/publ
ic/amsfonts/cm/cmmib10.pfb></usr/share/texlive/texmf-dist/fonts/type1/public/am
sfonts/cmextra/cmmib8.pfb></usr/share/texlive/texmf-dist/fonts/type1/public/ams
fonts/cm/cmss10.pfb></usr/share/texlive/texmf-dist/fonts/type1/public/amsfonts/
cm/cmss12.pfb></usr/share/texlive/texmf-dist/fonts/type1/public/amsfonts/cm/cms
s8.pfb></usr/share/texlive/texmf-dist/fonts/type1/public/amsfonts/cm/cmss9.pfb>
</usr/share/texlive/texmf-dist/fonts/type1/public/amsfonts/cm/cmssi10.pfb></usr
/share/texlive/texmf-dist/fonts/type1/public/amsfonts/cm/cmssi8.pfb></usr/share
/texlive/texmf-dist/fonts/type1/public/amsfonts/cm/cmssi9.pfb></usr/share/texli
ve/texmf-dist/fonts/type1/public/amsfonts/cm/cmsy10.pfb></usr/share/texlive/tex
mf-dist/fonts/type1/public/amsfonts/cm/cmsy6.pfb></usr/share/texlive/texmf-dist
/fonts/type1/public/amsfonts/cm/cmsy7.pfb></usr/share/texlive/texmf-dist/fonts/
type1/public/amsfonts/cm/cmsy8.pfb></usr/share/texlive/texmf-dist/fonts/type1/p
ublic/doublestroke/dsrom10.pfb></usr/share/texlive/texmf-dist/fonts/type1/publi
c/amsfonts/symbols/msbm10.pfb></usr/share/texmf/fonts/type1/public/cm-super/sfs
o1000.pfb>
Output written on biasFigs.pdf (25 pages, 990055 bytes).
PDF statistics:
 1612 PDF objects out of 1728 (max. 8388607)
 1467 compressed objects within 15 object streams
 64 named destinations out of 1000 (max. 500000)
 314 words of extra memory for PDF output out of 10000 (max. 10000000)

