This is pdfTeX, Version 3.141592653-2.6-1.40.22 (TeX Live 2022/dev/Debian) (preloaded format=pdflatex 2022.4.28)  9 AUG 2022 14:47
entering extended mode
 restricted \write18 enabled.
 %&-line parsing enabled.
**afsPres.tex
(./afsPres.tex
LaTeX2e <2021-11-15> patch level 1
L3 programming layer <2022-01-21>
(/usr/share/texlive/texmf-dist/tex/latex/beamer/beamer.cls
Document Class: beamer 2022/01/21 v3.65 A class for typesetting presentations
(/usr/share/texlive/texmf-dist/tex/latex/beamer/beamerbasemodes.sty
(/usr/share/texlive/texmf-dist/tex/latex/etoolbox/etoolbox.sty
Package: etoolbox 2020/10/05 v2.5k e-TeX tools for LaTeX (JAW)
\etb@tempcnta=\count185
)
\beamer@tempbox=\box50
\beamer@tempcount=\count186
\c@beamerpauses=\count187

(/usr/share/texlive/texmf-dist/tex/latex/beamer/beamerbasedecode.sty
\beamer@slideinframe=\count188
\beamer@minimum=\count189
\beamer@decode@box=\box51
)
\beamer@commentbox=\box52
\beamer@modecount=\count190
)
(/usr/share/texlive/texmf-dist/tex/generic/iftex/ifpdf.sty
Package: ifpdf 2019/10/25 v3.4 ifpdf legacy package. Use iftex instead.

(/usr/share/texlive/texmf-dist/tex/generic/iftex/iftex.sty
Package: iftex 2020/03/06 v1.0d TeX engine tests
))
\headdp=\dimen138
\footheight=\dimen139
\sidebarheight=\dimen140
\beamer@tempdim=\dimen141
\beamer@finalheight=\dimen142
\beamer@animht=\dimen143
\beamer@animdp=\dimen144
\beamer@animwd=\dimen145
\beamer@leftmargin=\dimen146
\beamer@rightmargin=\dimen147
\beamer@leftsidebar=\dimen148
\beamer@rightsidebar=\dimen149
\beamer@boxsize=\dimen150
\beamer@vboxoffset=\dimen151
\beamer@descdefault=\dimen152
\beamer@descriptionwidth=\dimen153
\beamer@lastskip=\skip47
\beamer@areabox=\box53
\beamer@animcurrent=\box54
\beamer@animshowbox=\box55
\beamer@sectionbox=\box56
\beamer@logobox=\box57
\beamer@linebox=\box58
\beamer@sectioncount=\count191
\beamer@subsubsectionmax=\count192
\beamer@subsectionmax=\count193
\beamer@sectionmax=\count194
\beamer@totalheads=\count195
\beamer@headcounter=\count196
\beamer@partstartpage=\count197
\beamer@sectionstartpage=\count198
\beamer@subsectionstartpage=\count199
\beamer@animationtempa=\count266
\beamer@animationtempb=\count267
\beamer@xpos=\count268
\beamer@ypos=\count269
\beamer@ypos@offset=\count270
\beamer@showpartnumber=\count271
\beamer@currentsubsection=\count272
\beamer@coveringdepth=\count273
\beamer@sectionadjust=\count274
\beamer@toclastsection=\count275
\beamer@tocsectionnumber=\count276

(/usr/share/texlive/texmf-dist/tex/latex/beamer/beamerbaseoptions.sty
(/usr/share/texlive/texmf-dist/tex/latex/graphics/keyval.sty
Package: keyval 2014/10/28 v1.15 key=value parser (DPC)
\KV@toks@=\toks16
))
\beamer@paperwidth=\skip48
\beamer@paperheight=\skip49

(/usr/share/texlive/texmf-dist/tex/latex/geometry/geometry.sty
Package: geometry 2020/01/02 v5.9 Page Geometry

(/usr/share/texlive/texmf-dist/tex/generic/iftex/ifvtex.sty
Package: ifvtex 2019/10/25 v1.7 ifvtex legacy package. Use iftex instead.
)
\Gm@cnth=\count277
\Gm@cntv=\count278
\c@Gm@tempcnt=\count279
\Gm@bindingoffset=\dimen154
\Gm@wd@mp=\dimen155
\Gm@odd@mp=\dimen156
\Gm@even@mp=\dimen157
\Gm@layoutwidth=\dimen158
\Gm@layoutheight=\dimen159
\Gm@layouthoffset=\dimen160
\Gm@layoutvoffset=\dimen161
\Gm@dimlist=\toks17
)
(/usr/share/texlive/texmf-dist/tex/latex/pgf/basiclayer/pgfcore.sty
(/usr/share/texlive/texmf-dist/tex/latex/graphics/graphicx.sty
Package: graphicx 2021/09/16 v1.2d Enhanced LaTeX Graphics (DPC,SPQR)

(/usr/share/texlive/texmf-dist/tex/latex/graphics/graphics.sty
Package: graphics 2021/03/04 v1.4d Standard LaTeX Graphics (DPC,SPQR)

(/usr/share/texlive/texmf-dist/tex/latex/graphics/trig.sty
Package: trig 2021/08/11 v1.11 sin cos tan (DPC)
)
(/usr/share/texlive/texmf-dist/tex/latex/graphics-cfg/graphics.cfg
File: graphics.cfg 2016/06/04 v1.11 sample graphics configuration
)
Package graphics Info: Driver file: pdftex.def on input line 107.

(/usr/share/texlive/texmf-dist/tex/latex/graphics-def/pdftex.def
File: pdftex.def 2020/10/05 v1.2a Graphics/color driver for pdftex
))
\Gin@req@height=\dimen162
\Gin@req@width=\dimen163
)
(/usr/share/texlive/texmf-dist/tex/latex/pgf/systemlayer/pgfsys.sty
(/usr/share/texlive/texmf-dist/tex/latex/pgf/utilities/pgfrcs.sty
(/usr/share/texlive/texmf-dist/tex/generic/pgf/utilities/pgfutil-common.tex
\pgfutil@everybye=\toks18
\pgfutil@tempdima=\dimen164
\pgfutil@tempdimb=\dimen165

(/usr/share/texlive/texmf-dist/tex/generic/pgf/utilities/pgfutil-common-lists.t
ex)) (/usr/share/texlive/texmf-dist/tex/generic/pgf/utilities/pgfutil-latex.def
\pgfutil@abb=\box59
) (/usr/share/texlive/texmf-dist/tex/generic/pgf/utilities/pgfrcs.code.tex
(/usr/share/texlive/texmf-dist/tex/generic/pgf/pgf.revision.tex)
Package: pgfrcs 2021/05/15 v3.1.9a (3.1.9a)
))
(/usr/share/texlive/texmf-dist/tex/generic/pgf/systemlayer/pgfsys.code.tex
Package: pgfsys 2021/05/15 v3.1.9a (3.1.9a)

(/usr/share/texlive/texmf-dist/tex/generic/pgf/utilities/pgfkeys.code.tex
\pgfkeys@pathtoks=\toks19
\pgfkeys@temptoks=\toks20

(/usr/share/texlive/texmf-dist/tex/generic/pgf/utilities/pgfkeysfiltered.code.t
ex
\pgfkeys@tmptoks=\toks21
))
\pgf@x=\dimen166
\pgf@y=\dimen167
\pgf@xa=\dimen168
\pgf@ya=\dimen169
\pgf@xb=\dimen170
\pgf@yb=\dimen171
\pgf@xc=\dimen172
\pgf@yc=\dimen173
\pgf@xd=\dimen174
\pgf@yd=\dimen175
\w@pgf@writea=\write3
\r@pgf@reada=\read2
\c@pgf@counta=\count280
\c@pgf@countb=\count281
\c@pgf@countc=\count282
\c@pgf@countd=\count283
\t@pgf@toka=\toks22
\t@pgf@tokb=\toks23
\t@pgf@tokc=\toks24
\pgf@sys@id@count=\count284
 (/usr/share/texlive/texmf-dist/tex/generic/pgf/systemlayer/pgf.cfg
File: pgf.cfg 2021/05/15 v3.1.9a (3.1.9a)
)
Driver file for pgf: pgfsys-pdftex.def

(/usr/share/texlive/texmf-dist/tex/generic/pgf/systemlayer/pgfsys-pdftex.def
File: pgfsys-pdftex.def 2021/05/15 v3.1.9a (3.1.9a)

(/usr/share/texlive/texmf-dist/tex/generic/pgf/systemlayer/pgfsys-common-pdf.de
f
File: pgfsys-common-pdf.def 2021/05/15 v3.1.9a (3.1.9a)
)))
(/usr/share/texlive/texmf-dist/tex/generic/pgf/systemlayer/pgfsyssoftpath.code.
tex
File: pgfsyssoftpath.code.tex 2021/05/15 v3.1.9a (3.1.9a)
\pgfsyssoftpath@smallbuffer@items=\count285
\pgfsyssoftpath@bigbuffer@items=\count286
)
(/usr/share/texlive/texmf-dist/tex/generic/pgf/systemlayer/pgfsysprotocol.code.
tex
File: pgfsysprotocol.code.tex 2021/05/15 v3.1.9a (3.1.9a)
)) (/usr/share/texlive/texmf-dist/tex/latex/xcolor/xcolor.sty
Package: xcolor 2021/10/31 v2.13 LaTeX color extensions (UK)

(/usr/share/texlive/texmf-dist/tex/latex/graphics-cfg/color.cfg
File: color.cfg 2016/01/02 v1.6 sample color configuration
)
Package xcolor Info: Driver file: pdftex.def on input line 227.

(/usr/share/texlive/texmf-dist/tex/latex/colortbl/colortbl.sty
Package: colortbl 2020/01/04 v1.0e Color table columns (DPC)

(/usr/share/texlive/texmf-dist/tex/latex/tools/array.sty
Package: array 2021/10/04 v2.5f Tabular extension package (FMi)
\col@sep=\dimen176
\ar@mcellbox=\box60
\extrarowheight=\dimen177
\NC@list=\toks25
\extratabsurround=\skip50
\backup@length=\skip51
\ar@cellbox=\box61
)
\everycr=\toks26
\minrowclearance=\skip52
)
\rownum=\count287
Package xcolor Info: Model `cmy' substituted by `cmy0' on input line 1352.
Package xcolor Info: Model `hsb' substituted by `rgb' on input line 1356.
Package xcolor Info: Model `RGB' extended on input line 1368.
Package xcolor Info: Model `HTML' substituted by `rgb' on input line 1370.
Package xcolor Info: Model `Hsb' substituted by `hsb' on input line 1371.
Package xcolor Info: Model `tHsb' substituted by `hsb' on input line 1372.
Package xcolor Info: Model `HSB' substituted by `hsb' on input line 1373.
Package xcolor Info: Model `Gray' substituted by `gray' on input line 1374.
Package xcolor Info: Model `wave' substituted by `hsb' on input line 1375.

(/usr/share/texlive/texmf-dist/tex/latex/graphics/dvipsnam.def
File: dvipsnam.def 2016/06/17 v3.0m Driver-dependent file (DPC,SPQR)
))
(/usr/share/texlive/texmf-dist/tex/generic/pgf/basiclayer/pgfcore.code.tex
Package: pgfcore 2021/05/15 v3.1.9a (3.1.9a)

(/usr/share/texlive/texmf-dist/tex/generic/pgf/math/pgfmath.code.tex
(/usr/share/texlive/texmf-dist/tex/generic/pgf/math/pgfmathcalc.code.tex
(/usr/share/texlive/texmf-dist/tex/generic/pgf/math/pgfmathutil.code.tex)
(/usr/share/texlive/texmf-dist/tex/generic/pgf/math/pgfmathparser.code.tex
\pgfmath@dimen=\dimen178
\pgfmath@count=\count288
\pgfmath@box=\box62
\pgfmath@toks=\toks27
\pgfmath@stack@operand=\toks28
\pgfmath@stack@operation=\toks29
)
(/usr/share/texlive/texmf-dist/tex/generic/pgf/math/pgfmathfunctions.code.tex
(/usr/share/texlive/texmf-dist/tex/generic/pgf/math/pgfmathfunctions.basic.code
.tex)
(/usr/share/texlive/texmf-dist/tex/generic/pgf/math/pgfmathfunctions.trigonomet
ric.code.tex)
(/usr/share/texlive/texmf-dist/tex/generic/pgf/math/pgfmathfunctions.random.cod
e.tex)
(/usr/share/texlive/texmf-dist/tex/generic/pgf/math/pgfmathfunctions.comparison
.code.tex)
(/usr/share/texlive/texmf-dist/tex/generic/pgf/math/pgfmathfunctions.base.code.
tex)
(/usr/share/texlive/texmf-dist/tex/generic/pgf/math/pgfmathfunctions.round.code
.tex)
(/usr/share/texlive/texmf-dist/tex/generic/pgf/math/pgfmathfunctions.misc.code.
tex)
(/usr/share/texlive/texmf-dist/tex/generic/pgf/math/pgfmathfunctions.integerari
thmetics.code.tex)))
(/usr/share/texlive/texmf-dist/tex/generic/pgf/math/pgfmathfloat.code.tex
\c@pgfmathroundto@lastzeros=\count289
))
(/usr/share/texlive/texmf-dist/tex/generic/pgf/math/pgfint.code.tex)
(/usr/share/texlive/texmf-dist/tex/generic/pgf/basiclayer/pgfcorepoints.code.te
x
File: pgfcorepoints.code.tex 2021/05/15 v3.1.9a (3.1.9a)
\pgf@picminx=\dimen179
\pgf@picmaxx=\dimen180
\pgf@picminy=\dimen181
\pgf@picmaxy=\dimen182
\pgf@pathminx=\dimen183
\pgf@pathmaxx=\dimen184
\pgf@pathminy=\dimen185
\pgf@pathmaxy=\dimen186
\pgf@xx=\dimen187
\pgf@xy=\dimen188
\pgf@yx=\dimen189
\pgf@yy=\dimen190
\pgf@zx=\dimen191
\pgf@zy=\dimen192
)
(/usr/share/texlive/texmf-dist/tex/generic/pgf/basiclayer/pgfcorepathconstruct.
code.tex
File: pgfcorepathconstruct.code.tex 2021/05/15 v3.1.9a (3.1.9a)
\pgf@path@lastx=\dimen193
\pgf@path@lasty=\dimen194
)
(/usr/share/texlive/texmf-dist/tex/generic/pgf/basiclayer/pgfcorepathusage.code
.tex
File: pgfcorepathusage.code.tex 2021/05/15 v3.1.9a (3.1.9a)
\pgf@shorten@end@additional=\dimen195
\pgf@shorten@start@additional=\dimen196
)
(/usr/share/texlive/texmf-dist/tex/generic/pgf/basiclayer/pgfcorescopes.code.te
x
File: pgfcorescopes.code.tex 2021/05/15 v3.1.9a (3.1.9a)
\pgfpic=\box63
\pgf@hbox=\box64
\pgf@layerbox@main=\box65
\pgf@picture@serial@count=\count290
)
(/usr/share/texlive/texmf-dist/tex/generic/pgf/basiclayer/pgfcoregraphicstate.c
ode.tex
File: pgfcoregraphicstate.code.tex 2021/05/15 v3.1.9a (3.1.9a)
\pgflinewidth=\dimen197
)
(/usr/share/texlive/texmf-dist/tex/generic/pgf/basiclayer/pgfcoretransformation
s.code.tex
File: pgfcoretransformations.code.tex 2021/05/15 v3.1.9a (3.1.9a)
\pgf@pt@x=\dimen198
\pgf@pt@y=\dimen199
\pgf@pt@temp=\dimen256
)
(/usr/share/texlive/texmf-dist/tex/generic/pgf/basiclayer/pgfcorequick.code.tex
File: pgfcorequick.code.tex 2021/05/15 v3.1.9a (3.1.9a)
)
(/usr/share/texlive/texmf-dist/tex/generic/pgf/basiclayer/pgfcoreobjects.code.t
ex
File: pgfcoreobjects.code.tex 2021/05/15 v3.1.9a (3.1.9a)
)
(/usr/share/texlive/texmf-dist/tex/generic/pgf/basiclayer/pgfcorepathprocessing
.code.tex
File: pgfcorepathprocessing.code.tex 2021/05/15 v3.1.9a (3.1.9a)
)
(/usr/share/texlive/texmf-dist/tex/generic/pgf/basiclayer/pgfcorearrows.code.te
x
File: pgfcorearrows.code.tex 2021/05/15 v3.1.9a (3.1.9a)
\pgfarrowsep=\dimen257
)
(/usr/share/texlive/texmf-dist/tex/generic/pgf/basiclayer/pgfcoreshade.code.tex
File: pgfcoreshade.code.tex 2021/05/15 v3.1.9a (3.1.9a)
\pgf@max=\dimen258
\pgf@sys@shading@range@num=\count291
\pgf@shadingcount=\count292
)
(/usr/share/texlive/texmf-dist/tex/generic/pgf/basiclayer/pgfcoreimage.code.tex
File: pgfcoreimage.code.tex 2021/05/15 v3.1.9a (3.1.9a)

(/usr/share/texlive/texmf-dist/tex/generic/pgf/basiclayer/pgfcoreexternal.code.
tex
File: pgfcoreexternal.code.tex 2021/05/15 v3.1.9a (3.1.9a)
\pgfexternal@startupbox=\box66
))
(/usr/share/texlive/texmf-dist/tex/generic/pgf/basiclayer/pgfcorelayers.code.te
x
File: pgfcorelayers.code.tex 2021/05/15 v3.1.9a (3.1.9a)
)
(/usr/share/texlive/texmf-dist/tex/generic/pgf/basiclayer/pgfcoretransparency.c
ode.tex
File: pgfcoretransparency.code.tex 2021/05/15 v3.1.9a (3.1.9a)
)
(/usr/share/texlive/texmf-dist/tex/generic/pgf/basiclayer/pgfcorepatterns.code.
tex
File: pgfcorepatterns.code.tex 2021/05/15 v3.1.9a (3.1.9a)
)
(/usr/share/texlive/texmf-dist/tex/generic/pgf/basiclayer/pgfcorerdf.code.tex
File: pgfcorerdf.code.tex 2021/05/15 v3.1.9a (3.1.9a)
))) (/usr/share/texlive/texmf-dist/tex/latex/base/size11.clo
File: size11.clo 2021/10/04 v1.4n Standard LaTeX file (size option)
)
(/usr/share/texlive/texmf-dist/tex/latex/pgf/utilities/xxcolor.sty
Package: xxcolor 2003/10/24 ver 0.1
\XC@nummixins=\count293
\XC@countmixins=\count294
)
(/usr/share/texlive/texmf-dist/tex/latex/base/atbegshi-ltx.sty
Package: atbegshi-ltx 2021/01/10 v1.0c Emulation of the original atbegshi
package with kernel methods
)
(/usr/share/texlive/texmf-dist/tex/latex/hyperref/hyperref.sty
Package: hyperref 2021-06-07 v7.00m Hypertext links for LaTeX

(/usr/share/texlive/texmf-dist/tex/generic/ltxcmds/ltxcmds.sty
Package: ltxcmds 2020-05-10 v1.25 LaTeX kernel commands for general use (HO)
)
(/usr/share/texlive/texmf-dist/tex/generic/pdftexcmds/pdftexcmds.sty
Package: pdftexcmds 2020-06-27 v0.33 Utility functions of pdfTeX for LuaTeX (HO
)

(/usr/share/texlive/texmf-dist/tex/generic/infwarerr/infwarerr.sty
Package: infwarerr 2019/12/03 v1.5 Providing info/warning/error messages (HO)
)
Package pdftexcmds Info: \pdf@primitive is available.
Package pdftexcmds Info: \pdf@ifprimitive is available.
Package pdftexcmds Info: \pdfdraftmode found.
)
(/usr/share/texlive/texmf-dist/tex/generic/kvsetkeys/kvsetkeys.sty
Package: kvsetkeys 2019/12/15 v1.18 Key value parser (HO)
)
(/usr/share/texlive/texmf-dist/tex/generic/kvdefinekeys/kvdefinekeys.sty
Package: kvdefinekeys 2019-12-19 v1.6 Define keys (HO)
)
(/usr/share/texlive/texmf-dist/tex/generic/pdfescape/pdfescape.sty
Package: pdfescape 2019/12/09 v1.15 Implements pdfTeX's escape features (HO)
)
(/usr/share/texlive/texmf-dist/tex/latex/hycolor/hycolor.sty
Package: hycolor 2020-01-27 v1.10 Color options for hyperref/bookmark (HO)
)
(/usr/share/texlive/texmf-dist/tex/latex/letltxmacro/letltxmacro.sty
Package: letltxmacro 2019/12/03 v1.6 Let assignment for LaTeX macros (HO)
)
(/usr/share/texlive/texmf-dist/tex/latex/auxhook/auxhook.sty
Package: auxhook 2019-12-17 v1.6 Hooks for auxiliary files (HO)
)
(/usr/share/texlive/texmf-dist/tex/latex/kvoptions/kvoptions.sty
Package: kvoptions 2020-10-07 v3.14 Key value format for package options (HO)
)
\@linkdim=\dimen259
\Hy@linkcounter=\count295
\Hy@pagecounter=\count296

(/usr/share/texlive/texmf-dist/tex/latex/hyperref/pd1enc.def
File: pd1enc.def 2021-06-07 v7.00m Hyperref: PDFDocEncoding definition (HO)
Now handling font encoding PD1 ...
... no UTF-8 mapping file for font encoding PD1
)
(/usr/share/texlive/texmf-dist/tex/latex/hyperref/hyperref-langpatches.def
File: hyperref-langpatches.def 2021-06-07 v7.00m Hyperref: patches for babel la
nguages
)
(/usr/share/texlive/texmf-dist/tex/generic/intcalc/intcalc.sty
Package: intcalc 2019/12/15 v1.3 Expandable calculations with integers (HO)
)
(/usr/share/texlive/texmf-dist/tex/generic/etexcmds/etexcmds.sty
Package: etexcmds 2019/12/15 v1.7 Avoid name clashes with e-TeX commands (HO)
)
\Hy@SavedSpaceFactor=\count297

(/usr/share/texlive/texmf-dist/tex/latex/hyperref/puenc.def
File: puenc.def 2021-06-07 v7.00m Hyperref: PDF Unicode definition (HO)
Now handling font encoding PU ...
... no UTF-8 mapping file for font encoding PU
)
Package hyperref Info: Option `bookmarks' set `true' on input line 4073.
Package hyperref Info: Option `bookmarksopen' set `true' on input line 4073.
Package hyperref Info: Option `implicit' set `false' on input line 4073.
Package hyperref Info: Hyper figures OFF on input line 4192.
Package hyperref Info: Link nesting OFF on input line 4197.
Package hyperref Info: Hyper index ON on input line 4200.
Package hyperref Info: Plain pages OFF on input line 4207.
Package hyperref Info: Backreferencing OFF on input line 4212.
Package hyperref Info: Implicit mode OFF; no redefinition of LaTeX internals.
Package hyperref Info: Bookmarks ON on input line 4445.
\c@Hy@tempcnt=\count298

(/usr/share/texlive/texmf-dist/tex/latex/url/url.sty
\Urlmuskip=\muskip16
Package: url 2013/09/16  ver 3.4  Verb mode for urls, etc.
)
LaTeX Info: Redefining \url on input line 4804.
\XeTeXLinkMargin=\dimen260

(/usr/share/texlive/texmf-dist/tex/generic/bitset/bitset.sty
Package: bitset 2019/12/09 v1.3 Handle bit-vector datatype (HO)

(/usr/share/texlive/texmf-dist/tex/generic/bigintcalc/bigintcalc.sty
Package: bigintcalc 2019/12/15 v1.5 Expandable calculations on big integers (HO
)
))
\Fld@menulength=\count299
\Field@Width=\dimen261
\Fld@charsize=\dimen262
Package hyperref Info: Hyper figures OFF on input line 6076.
Package hyperref Info: Link nesting OFF on input line 6081.
Package hyperref Info: Hyper index ON on input line 6084.
Package hyperref Info: backreferencing OFF on input line 6091.
Package hyperref Info: Link coloring OFF on input line 6096.
Package hyperref Info: Link coloring with OCG OFF on input line 6101.
Package hyperref Info: PDF/A mode OFF on input line 6106.
LaTeX Info: Redefining \ref on input line 6146.
LaTeX Info: Redefining \pageref on input line 6150.
\Hy@abspage=\count300


Package hyperref Message: Stopped early.

)
Package hyperref Info: Driver (autodetected): hpdftex.
 (/usr/share/texlive/texmf-dist/tex/latex/hyperref/hpdftex.def
File: hpdftex.def 2021-06-07 v7.00m Hyperref driver for pdfTeX

(/usr/share/texlive/texmf-dist/tex/latex/base/atveryend-ltx.sty
Package: atveryend-ltx 2020/08/19 v1.0a Emulation of the original atveryend pac
kage
with kernel methods
)
\Fld@listcount=\count301
\c@bookmark@seq@number=\count302

(/usr/share/texlive/texmf-dist/tex/latex/rerunfilecheck/rerunfilecheck.sty
Package: rerunfilecheck 2019/12/05 v1.9 Rerun checks for auxiliary files (HO)

(/usr/share/texlive/texmf-dist/tex/generic/uniquecounter/uniquecounter.sty
Package: uniquecounter 2019/12/15 v1.4 Provide unlimited unique counter (HO)
)
Package uniquecounter Info: New unique counter `rerunfilecheck' on input line 2
86.
))
(/usr/share/texlive/texmf-dist/tex/latex/beamer/beamerbaserequires.sty
(/usr/share/texlive/texmf-dist/tex/latex/beamer/beamerbasecompatibility.sty)
(/usr/share/texlive/texmf-dist/tex/latex/beamer/beamerbasefont.sty
(/usr/share/texlive/texmf-dist/tex/latex/amsfonts/amssymb.sty
Package: amssymb 2013/01/14 v3.01 AMS font symbols

(/usr/share/texlive/texmf-dist/tex/latex/amsfonts/amsfonts.sty
Package: amsfonts 2013/01/14 v3.01 Basic AMSFonts support
\@emptytoks=\toks30
\symAMSa=\mathgroup4
\symAMSb=\mathgroup5
LaTeX Font Info:    Redeclaring math symbol \hbar on input line 98.
LaTeX Font Info:    Overwriting math alphabet `\mathfrak' in version `bold'
(Font)                  U/euf/m/n --> U/euf/b/n on input line 106.
))
(/usr/share/texlive/texmf-dist/tex/latex/sansmathaccent/sansmathaccent.sty
Package: sansmathaccent 2020/01/31

(/usr/share/texlive/texmf-dist/tex/latex/koma-script/scrlfile.sty
Package: scrlfile 2021/11/13 v3.35 KOMA-Script package (file load hooks)

(/usr/share/texlive/texmf-dist/tex/latex/koma-script/scrlfile-hook.sty
Package: scrlfile-hook 2021/11/13 v3.35 KOMA-Script package (using LaTeX hooks)


(/usr/share/texlive/texmf-dist/tex/latex/koma-script/scrlogo.sty
Package: scrlogo 2021/11/13 v3.35 KOMA-Script package (logo)
)))))
(/usr/share/texlive/texmf-dist/tex/latex/beamer/beamerbasetranslator.sty
(/usr/share/texlive/texmf-dist/tex/latex/translator/translator.sty
Package: translator 2021-05-31 v1.12d Easy translation of strings in LaTeX
))
(/usr/share/texlive/texmf-dist/tex/latex/beamer/beamerbasemisc.sty)
(/usr/share/texlive/texmf-dist/tex/latex/beamer/beamerbasetwoscreens.sty)
(/usr/share/texlive/texmf-dist/tex/latex/beamer/beamerbaseoverlay.sty
\beamer@argscount=\count303
\beamer@lastskipcover=\skip53
\beamer@trivlistdepth=\count304
)
(/usr/share/texlive/texmf-dist/tex/latex/beamer/beamerbasetitle.sty)
(/usr/share/texlive/texmf-dist/tex/latex/beamer/beamerbasesection.sty
\c@lecture=\count305
\c@part=\count306
\c@section=\count307
\c@subsection=\count308
\c@subsubsection=\count309
)
(/usr/share/texlive/texmf-dist/tex/latex/beamer/beamerbaseframe.sty
\beamer@framebox=\box67
\beamer@frametitlebox=\box68
\beamer@zoombox=\box69
\beamer@zoomcount=\count310
\beamer@zoomframecount=\count311
\beamer@frametextheight=\dimen263
\c@subsectionslide=\count312
\beamer@frametopskip=\skip54
\beamer@framebottomskip=\skip55
\beamer@frametopskipautobreak=\skip56
\beamer@framebottomskipautobreak=\skip57
\beamer@envbody=\toks31
\framewidth=\dimen264
\c@framenumber=\count313
)
(/usr/share/texlive/texmf-dist/tex/latex/beamer/beamerbaseverbatim.sty
\beamer@verbatimfileout=\write4
)
(/usr/share/texlive/texmf-dist/tex/latex/beamer/beamerbaseframesize.sty
\beamer@splitbox=\box70
\beamer@autobreakcount=\count314
\beamer@autobreaklastheight=\dimen265
\beamer@frametitletoks=\toks32
\beamer@framesubtitletoks=\toks33
)
(/usr/share/texlive/texmf-dist/tex/latex/beamer/beamerbaseframecomponents.sty
\beamer@footins=\box71
)
(/usr/share/texlive/texmf-dist/tex/latex/beamer/beamerbasecolor.sty)
(/usr/share/texlive/texmf-dist/tex/latex/beamer/beamerbasenotes.sty
\beamer@frameboxcopy=\box72
)
(/usr/share/texlive/texmf-dist/tex/latex/beamer/beamerbasetoc.sty)
(/usr/share/texlive/texmf-dist/tex/latex/beamer/beamerbasetemplates.sty
\beamer@sbttoks=\toks34

(/usr/share/texlive/texmf-dist/tex/latex/beamer/beamerbaseauxtemplates.sty
(/usr/share/texlive/texmf-dist/tex/latex/beamer/beamerbaseboxes.sty
\bmb@box=\box73
\bmb@colorbox=\box74
\bmb@boxwidth=\dimen266
\bmb@boxheight=\dimen267
\bmb@prevheight=\dimen268
\bmb@temp=\dimen269
\bmb@dima=\dimen270
\bmb@dimb=\dimen271
\bmb@prevheight=\dimen272
)
\beamer@blockheadheight=\dimen273
))
(/usr/share/texlive/texmf-dist/tex/latex/beamer/beamerbaselocalstructure.sty
(/usr/share/texlive/texmf-dist/tex/latex/tools/enumerate.sty
Package: enumerate 2015/07/23 v3.00 enumerate extensions (DPC)
\@enLab=\toks35
)
\beamer@bibiconwidth=\skip58
\c@figure=\count315
\c@table=\count316
\abovecaptionskip=\skip59
\belowcaptionskip=\skip60
)
(/usr/share/texlive/texmf-dist/tex/latex/beamer/beamerbasenavigation.sty
\beamer@section@min@dim=\dimen274
)
(/usr/share/texlive/texmf-dist/tex/latex/beamer/beamerbasetheorems.sty
(/usr/share/texlive/texmf-dist/tex/latex/amsmath/amsmath.sty
Package: amsmath 2021/10/15 v2.17l AMS math features
\@mathmargin=\skip61

For additional information on amsmath, use the `?' option.
(/usr/share/texlive/texmf-dist/tex/latex/amsmath/amstext.sty
Package: amstext 2021/08/26 v2.01 AMS text

(/usr/share/texlive/texmf-dist/tex/latex/amsmath/amsgen.sty
File: amsgen.sty 1999/11/30 v2.0 generic functions
\@emptytoks=\toks36
\ex@=\dimen275
))
(/usr/share/texlive/texmf-dist/tex/latex/amsmath/amsbsy.sty
Package: amsbsy 1999/11/29 v1.2d Bold Symbols
\pmbraise@=\dimen276
)
(/usr/share/texlive/texmf-dist/tex/latex/amsmath/amsopn.sty
Package: amsopn 2021/08/26 v2.02 operator names
)
\inf@bad=\count317
LaTeX Info: Redefining \frac on input line 234.
\uproot@=\count318
\leftroot@=\count319
LaTeX Info: Redefining \overline on input line 399.
\classnum@=\count320
\DOTSCASE@=\count321
LaTeX Info: Redefining \ldots on input line 496.
LaTeX Info: Redefining \dots on input line 499.
LaTeX Info: Redefining \cdots on input line 620.
\Mathstrutbox@=\box75
\strutbox@=\box76
\big@size=\dimen277
LaTeX Font Info:    Redeclaring font encoding OML on input line 743.
LaTeX Font Info:    Redeclaring font encoding OMS on input line 744.
\macc@depth=\count322
\c@MaxMatrixCols=\count323
\dotsspace@=\muskip17
\c@parentequation=\count324
\dspbrk@lvl=\count325
\tag@help=\toks37
\row@=\count326
\column@=\count327
\maxfields@=\count328
\andhelp@=\toks38
\eqnshift@=\dimen278
\alignsep@=\dimen279
\tagshift@=\dimen280
\tagwidth@=\dimen281
\totwidth@=\dimen282
\lineht@=\dimen283
\@envbody=\toks39
\multlinegap=\skip62
\multlinetaggap=\skip63
\mathdisplay@stack=\toks40
LaTeX Info: Redefining \[ on input line 2938.
LaTeX Info: Redefining \] on input line 2939.
)
(/usr/share/texlive/texmf-dist/tex/latex/amscls/amsthm.sty
Package: amsthm 2020/05/29 v2.20.6
\thm@style=\toks41
\thm@bodyfont=\toks42
\thm@headfont=\toks43
\thm@notefont=\toks44
\thm@headpunct=\toks45
\thm@preskip=\skip64
\thm@postskip=\skip65
\thm@headsep=\skip66
\dth@everypar=\toks46
)
\c@theorem=\count329
)
(/usr/share/texlive/texmf-dist/tex/latex/beamer/beamerbasethemes.sty))
(/usr/share/texlive/texmf-dist/tex/latex/beamer/beamerthemedefault.sty
(/usr/share/texlive/texmf-dist/tex/latex/beamer/beamerfontthemedefault.sty)
(/usr/share/texlive/texmf-dist/tex/latex/beamer/beamercolorthemedefault.sty)
(/usr/share/texlive/texmf-dist/tex/latex/beamer/beamerinnerthemedefault.sty
\beamer@dima=\dimen284
\beamer@dimb=\dimen285
)
(/usr/share/texlive/texmf-dist/tex/latex/beamer/beamerouterthemedefault.sty)))
(/usr/share/texlive/texmf-dist/tex/latex/beamer/beamerthemeBerlin.sty
(/usr/share/texlive/texmf-dist/tex/latex/beamer/beamerouterthememiniframes.sty)
(/usr/share/texlive/texmf-dist/tex/latex/beamer/beamercolorthemewhale.sty)
(/usr/share/texlive/texmf-dist/tex/latex/beamer/beamercolorthemeorchid.sty)
(/usr/share/texlive/texmf-dist/tex/latex/beamer/beamerinnerthemerectangles.sty)
)
\sympureletters=\mathgroup6
LaTeX Font Info:    Overwriting symbol font `pureletters' in version `bold'
(Font)                  OT1/mathkerncmss/m/sl --> OT1/mathkerncmss/bx/sl on inp
ut line 7.
 (/usr/share/texlive/texmf-dist/tex/latex/tools/bm.sty
Package: bm 2021/04/25 v1.2e Bold Symbol Support (DPC/FMi)
\symboldoperators=\mathgroup7
\symboldletters=\mathgroup8
\symboldsymbols=\mathgroup9
Package bm Info: No bold for \OMX/cmex/m/n, using \pmb.
Package bm Info: No bold for \U/msa/m/n, using \pmb.
Package bm Info: No bold for \U/msb/m/n, using \pmb.
\symboldpureletters=\mathgroup10
LaTeX Font Info:    Redeclaring math alphabet \mathbf on input line 149.
)
(/usr/share/texlive/texmf-dist/tex/latex/pgf/frontendlayer/tikz.sty
(/usr/share/texlive/texmf-dist/tex/latex/pgf/basiclayer/pgf.sty
Package: pgf 2021/05/15 v3.1.9a (3.1.9a)

(/usr/share/texlive/texmf-dist/tex/generic/pgf/modules/pgfmoduleshapes.code.tex
File: pgfmoduleshapes.code.tex 2021/05/15 v3.1.9a (3.1.9a)
\pgfnodeparttextbox=\box77
) (/usr/share/texlive/texmf-dist/tex/generic/pgf/modules/pgfmoduleplot.code.tex
File: pgfmoduleplot.code.tex 2021/05/15 v3.1.9a (3.1.9a)
)
(/usr/share/texlive/texmf-dist/tex/latex/pgf/compatibility/pgfcomp-version-0-65
.sty
Package: pgfcomp-version-0-65 2021/05/15 v3.1.9a (3.1.9a)
\pgf@nodesepstart=\dimen286
\pgf@nodesepend=\dimen287
)
(/usr/share/texlive/texmf-dist/tex/latex/pgf/compatibility/pgfcomp-version-1-18
.sty
Package: pgfcomp-version-1-18 2021/05/15 v3.1.9a (3.1.9a)
)) (/usr/share/texlive/texmf-dist/tex/latex/pgf/utilities/pgffor.sty
(/usr/share/texlive/texmf-dist/tex/latex/pgf/utilities/pgfkeys.sty
(/usr/share/texlive/texmf-dist/tex/generic/pgf/utilities/pgfkeys.code.tex))
(/usr/share/texlive/texmf-dist/tex/latex/pgf/math/pgfmath.sty
(/usr/share/texlive/texmf-dist/tex/generic/pgf/math/pgfmath.code.tex))
(/usr/share/texlive/texmf-dist/tex/generic/pgf/utilities/pgffor.code.tex
Package: pgffor 2021/05/15 v3.1.9a (3.1.9a)

(/usr/share/texlive/texmf-dist/tex/generic/pgf/math/pgfmath.code.tex)
\pgffor@iter=\dimen288
\pgffor@skip=\dimen289
\pgffor@stack=\toks47
\pgffor@toks=\toks48
))
(/usr/share/texlive/texmf-dist/tex/generic/pgf/frontendlayer/tikz/tikz.code.tex
Package: tikz 2021/05/15 v3.1.9a (3.1.9a)

(/usr/share/texlive/texmf-dist/tex/generic/pgf/libraries/pgflibraryplothandlers
.code.tex
File: pgflibraryplothandlers.code.tex 2021/05/15 v3.1.9a (3.1.9a)
\pgf@plot@mark@count=\count330
\pgfplotmarksize=\dimen290
)
\tikz@lastx=\dimen291
\tikz@lasty=\dimen292
\tikz@lastxsaved=\dimen293
\tikz@lastysaved=\dimen294
\tikz@lastmovetox=\dimen295
\tikz@lastmovetoy=\dimen296
\tikzleveldistance=\dimen297
\tikzsiblingdistance=\dimen298
\tikz@figbox=\box78
\tikz@figbox@bg=\box79
\tikz@tempbox=\box80
\tikz@tempbox@bg=\box81
\tikztreelevel=\count331
\tikznumberofchildren=\count332
\tikznumberofcurrentchild=\count333
\tikz@fig@count=\count334

(/usr/share/texlive/texmf-dist/tex/generic/pgf/modules/pgfmodulematrix.code.tex
File: pgfmodulematrix.code.tex 2021/05/15 v3.1.9a (3.1.9a)
\pgfmatrixcurrentrow=\count335
\pgfmatrixcurrentcolumn=\count336
\pgf@matrix@numberofcolumns=\count337
)
\tikz@expandcount=\count338

(/usr/share/texlive/texmf-dist/tex/generic/pgf/frontendlayer/tikz/libraries/tik
zlibrarytopaths.code.tex
File: tikzlibrarytopaths.code.tex 2021/05/15 v3.1.9a (3.1.9a)
)))
(/usr/share/texlive/texmf-dist/tex/latex/changepage/changepage.sty
Package: changepage 2009/10/20 v1.0c check page and change page layout
\c@cp@cntr=\count339
\cp@tempcnt=\count340
)

Package hyperref Warning: Token not allowed in a PDF string (Unicode):
(hyperref)                removing `\\' on input line 20.


Package hyperref Warning: Token not allowed in a PDF string (Unicode):
(hyperref)                removing `math shift' on input line 20.


Package hyperref Warning: Token not allowed in a PDF string (Unicode):
(hyperref)                removing `math shift' on input line 20.


Package hyperref Warning: Token not allowed in a PDF string (Unicode):
(hyperref)                removing `\\' on input line 20.


Package hyperref Warning: Token not allowed in a PDF string (Unicode):
(hyperref)                removing `\\' on input line 20.


Package hyperref Warning: Token not allowed in a PDF string (Unicode):
(hyperref)                removing `\\' on input line 20.

(/usr/share/texlive/texmf-dist/tex/latex/l3backend/l3backend-pdftex.def
File: l3backend-pdftex.def 2022-01-12 L3 backend support: PDF output (pdfTeX)
\l__color_backend_stack_int=\count341
\l__pdf_internal_box=\box82
)
(./afsPres.aux)
\openout1 = `afsPres.aux'.

LaTeX Font Info:    Checking defaults for OML/cmm/m/it on input line 37.
LaTeX Font Info:    ... okay on input line 37.
LaTeX Font Info:    Checking defaults for OMS/cmsy/m/n on input line 37.
LaTeX Font Info:    ... okay on input line 37.
LaTeX Font Info:    Checking defaults for OT1/cmr/m/n on input line 37.
LaTeX Font Info:    ... okay on input line 37.
LaTeX Font Info:    Checking defaults for T1/cmr/m/n on input line 37.
LaTeX Font Info:    ... okay on input line 37.
LaTeX Font Info:    Checking defaults for TS1/cmr/m/n on input line 37.
LaTeX Font Info:    ... okay on input line 37.
LaTeX Font Info:    Checking defaults for OMX/cmex/m/n on input line 37.
LaTeX Font Info:    ... okay on input line 37.
LaTeX Font Info:    Checking defaults for U/cmr/m/n on input line 37.
LaTeX Font Info:    ... okay on input line 37.
LaTeX Font Info:    Checking defaults for PD1/pdf/m/n on input line 37.
LaTeX Font Info:    ... okay on input line 37.
LaTeX Font Info:    Checking defaults for PU/pdf/m/n on input line 37.
LaTeX Font Info:    ... okay on input line 37.

*geometry* driver: auto-detecting
*geometry* detected driver: pdftex
*geometry* verbose mode - [ preamble ] result:
* driver: pdftex
* paper: custom
* layout: <same size as paper>
* layoutoffset:(h,v)=(0.0pt,0.0pt)
* modes: includehead includefoot 
* h-part:(L,W,R)=(28.45274pt, 307.28987pt, 28.45274pt)
* v-part:(T,H,B)=(0.0pt, 273.14662pt, 0.0pt)
* \paperwidth=364.19536pt
* \paperheight=273.14662pt
* \textwidth=307.28987pt
* \textheight=244.6939pt
* \oddsidemargin=-43.81725pt
* \evensidemargin=-43.81725pt
* \topmargin=-72.26999pt
* \headheight=14.22636pt
* \headsep=0.0pt
* \topskip=11.0pt
* \footskip=14.22636pt
* \marginparwidth=4.0pt
* \marginparsep=10.0pt
* \columnsep=10.0pt
* \skip\footins=10.0pt plus 4.0pt minus 2.0pt
* \hoffset=0.0pt
* \voffset=0.0pt
* \mag=1000
* \@twocolumnfalse
* \@twosidefalse
* \@mparswitchfalse
* \@reversemarginfalse
* (1in=72.27pt=25.4mm, 1cm=28.453pt)

(/usr/share/texlive/texmf-dist/tex/context/base/mkii/supp-pdf.mkii
[Loading MPS to PDF converter (version 2006.09.02).]
\scratchcounter=\count342
\scratchdimen=\dimen299
\scratchbox=\box83
\nofMPsegments=\count343
\nofMParguments=\count344
\everyMPshowfont=\toks49
\MPscratchCnt=\count345
\MPscratchDim=\dimen300
\MPnumerator=\count346
\makeMPintoPDFobject=\count347
\everyMPtoPDFconversion=\toks50
) (/usr/share/texlive/texmf-dist/tex/latex/epstopdf-pkg/epstopdf-base.sty
Package: epstopdf-base 2020-01-24 v2.11 Base part for package epstopdf
Package epstopdf-base Info: Redefining graphics rule for `.eps' on input line 4
85.

(/usr/share/texlive/texmf-dist/tex/latex/latexconfig/epstopdf-sys.cfg
File: epstopdf-sys.cfg 2010/07/13 v1.3 Configuration of (r)epstopdf for TeX Liv
e
))
Package hyperref Info: Link coloring OFF on input line 37.

(/usr/share/texlive/texmf-dist/tex/latex/hyperref/nameref.sty
Package: nameref 2021-04-02 v2.47 Cross-referencing by name of section

(/usr/share/texlive/texmf-dist/tex/latex/refcount/refcount.sty
Package: refcount 2019/12/15 v3.6 Data extraction from label references (HO)
)
(/usr/share/texlive/texmf-dist/tex/generic/gettitlestring/gettitlestring.sty
Package: gettitlestring 2019/12/15 v1.6 Cleanup title references (HO)
)
\c@section@level=\count348
)
LaTeX Info: Redefining \ref on input line 37.
LaTeX Info: Redefining \pageref on input line 37.
LaTeX Info: Redefining \nameref on input line 37.

(./afsPres.out) (./afsPres.out)
\@outlinefile=\write5
\openout5 = `afsPres.out'.

LaTeX Font Info:    Overwriting symbol font `operators' in version `normal'
(Font)                  OT1/cmr/m/n --> OT1/cmss/m/n on input line 37.
LaTeX Font Info:    Overwriting symbol font `operators' in version `bold'
(Font)                  OT1/cmr/bx/n --> OT1/cmss/b/n on input line 37.
\symnumbers=\mathgroup11
LaTeX Font Info:    Redeclaring symbol font `pureletters' on input line 37.
LaTeX Font Info:    Overwriting symbol font `pureletters' in version `normal'
(Font)                  OT1/mathkerncmss/m/sl --> OT1/cmss/m/it on input line 3
7.
LaTeX Font Info:    Overwriting symbol font `pureletters' in version `bold'
(Font)                  OT1/mathkerncmss/bx/sl --> OT1/cmss/m/it on input line 
37.
LaTeX Font Info:    Overwriting math alphabet `\mathrm' in version `normal'
(Font)                  OT1/cmss/m/n --> OT1/cmr/m/n on input line 37.
LaTeX Font Info:    Redeclaring math alphabet \mathbf on input line 37.
LaTeX Font Info:    Redeclaring math alphabet \mathsf on input line 37.
LaTeX Font Info:    Overwriting math alphabet `\mathsf' in version `normal'
(Font)                  OT1/cmss/m/n --> OT1/cmss/m/n on input line 37.
LaTeX Font Info:    Overwriting math alphabet `\mathsf' in version `bold'
(Font)                  OT1/cmss/bx/n --> OT1/cmss/m/n on input line 37.
LaTeX Font Info:    Redeclaring math alphabet \mathit on input line 37.
LaTeX Font Info:    Overwriting math alphabet `\mathit' in version `normal'
(Font)                  OT1/cmr/m/it --> OT1/cmss/m/it on input line 37.
LaTeX Font Info:    Overwriting math alphabet `\mathit' in version `bold'
(Font)                  OT1/cmr/bx/it --> OT1/cmss/m/it on input line 37.
LaTeX Font Info:    Redeclaring math alphabet \mathtt on input line 37.
LaTeX Font Info:    Overwriting math alphabet `\mathtt' in version `normal'
(Font)                  OT1/cmtt/m/n --> OT1/cmtt/m/n on input line 37.
LaTeX Font Info:    Overwriting math alphabet `\mathtt' in version `bold'
(Font)                  OT1/cmtt/m/n --> OT1/cmtt/m/n on input line 37.
LaTeX Font Info:    Overwriting symbol font `numbers' in version `bold'
(Font)                  OT1/cmss/m/n --> OT1/cmss/b/n on input line 37.
LaTeX Font Info:    Overwriting symbol font `pureletters' in version `bold'
(Font)                  OT1/cmss/m/it --> OT1/cmss/b/it on input line 37.
LaTeX Font Info:    Overwriting math alphabet `\mathrm' in version `bold'
(Font)                  OT1/cmss/b/n --> OT1/cmr/b/n on input line 37.
LaTeX Font Info:    Overwriting math alphabet `\mathbf' in version `bold'
(Font)                  OT1/cmss/b/n --> OT1/cmss/b/n on input line 37.
LaTeX Font Info:    Overwriting math alphabet `\mathsf' in version `bold'
(Font)                  OT1/cmss/m/n --> OT1/cmss/b/n on input line 37.
LaTeX Font Info:    Overwriting math alphabet `\mathit' in version `bold'
(Font)                  OT1/cmss/m/it --> OT1/cmss/b/it on input line 37.
LaTeX Font Info:    Overwriting math alphabet `\mathtt' in version `bold'
(Font)                  OT1/cmtt/m/n --> OT1/cmtt/b/n on input line 37.
LaTeX Font Info:    Redeclaring symbol font `pureletters' on input line 37.
LaTeX Font Info:    Overwriting symbol font `pureletters' in version `normal'
(Font)                  OT1/cmss/m/it --> OT1/mathkerncmss/m/sl on input line 3
7.
LaTeX Font Info:    Overwriting symbol font `pureletters' in version `bold'
(Font)                  OT1/cmss/b/it --> OT1/mathkerncmss/m/sl on input line 3
7.
LaTeX Font Info:    Overwriting symbol font `pureletters' in version `bold'
(Font)                  OT1/mathkerncmss/m/sl --> OT1/mathkerncmss/bx/sl on inp
ut line 37.

(/usr/share/texlive/texmf-dist/tex/latex/translator/translator-basic-dictionary
-English.dict
Dictionary: translator-basic-dictionary, Language: English 
)
(/usr/share/texlive/texmf-dist/tex/latex/translator/translator-bibliography-dic
tionary-English.dict
Dictionary: translator-bibliography-dictionary, Language: English 
)
(/usr/share/texlive/texmf-dist/tex/latex/translator/translator-environment-dict
ionary-English.dict
Dictionary: translator-environment-dictionary, Language: English 
)
(/usr/share/texlive/texmf-dist/tex/latex/translator/translator-months-dictionar
y-English.dict
Dictionary: translator-months-dictionary, Language: English 
)
(/usr/share/texlive/texmf-dist/tex/latex/translator/translator-numbers-dictiona
ry-English.dict
Dictionary: translator-numbers-dictionary, Language: English 
)
(/usr/share/texlive/texmf-dist/tex/latex/translator/translator-theorem-dictiona
ry-English.dict
Dictionary: translator-theorem-dictionary, Language: English 
) (./afsPres.nav)
LaTeX Font Info:    Trying to load font information for U+msa on input line 37.


(/usr/share/texlive/texmf-dist/tex/latex/amsfonts/umsa.fd
File: umsa.fd 2013/01/14 v3.01 AMS symbols A
)
LaTeX Font Info:    Trying to load font information for U+msb on input line 37.


(/usr/share/texlive/texmf-dist/tex/latex/amsfonts/umsb.fd
File: umsb.fd 2013/01/14 v3.01 AMS symbols B
)
LaTeX Font Info:    Trying to load font information for OT1+mathkerncmss on inp
ut line 37.

(/usr/share/texlive/texmf-dist/tex/latex/sansmathaccent/ot1mathkerncmss.fd
File: ot1mathkerncmss.fd 2020/01/31 Fontinst v1.933 font definitions for OT1/ma
thkerncmss.
)
<noaaText.png, id=69, 628.43478pt x 471.32608pt>
File: noaaText.png Graphic file (type png)
<use noaaText.png>
Package pdftex.def Info: noaaText.png  used on input line 50.
(pdftex.def)             Requested size: 90.34514pt x 67.7544pt.
<slug.jpg, id=71, 301.125pt x 254.9525pt>
File: slug.jpg Graphic file (type jpg)
<use slug.jpg>
Package pdftex.def Info: slug.jpg  used on input line 50.
(pdftex.def)             Requested size: 82.816pt x 70.11798pt.

[1{/var/lib/texmf/fonts/map/pdftex/updmap/pdftex.map}

 <./noaaText.png> <./slug.jpg>]
<../advance/plots/yieldRPplus.png, id=145, 481.8pt x 481.8pt>
File: ../advance/plots/yieldRPplus.png Graphic file (type png)
<use ../advance/plots/yieldRPplus.png>
Package pdftex.def Info: ../advance/plots/yieldRPplus.png  used on input line 7
3.
(pdftex.def)             Requested size: 180.68799pt x 180.6819pt.

Overfull \hbox (38.23807pt too wide) in paragraph at lines 73--73
|  [] 
 []

[2

 <../advance/plots/yieldRPplus.png (PNG copy)>]
<cjasFig.png, id=203, 433.1382pt x 434.5836pt>
File: cjasFig.png Graphic file (type png)
<use cjasFig.png>
Package pdftex.def Info: cjasFig.png  used on input line 120.
(pdftex.def)             Requested size: 167.77925pt x 168.33972pt.

Overfull \hbox (41.83383pt too wide) in paragraph at lines 120--120
|  [] 
 []

[3

 <./cjasFig.png>]
File: cjasFig.png Graphic file (type png)
<use cjasFig.png>
Package pdftex.def Info: cjasFig.png  used on input line 120.
(pdftex.def)             Requested size: 167.77925pt x 168.33972pt.

Overfull \hbox (41.83383pt too wide) in paragraph at lines 120--120
|  [] 
 []

[4

]
Overfull \hbox (0.76175pt too wide) detected at line 144
[]
 []

<../advance/plots/derisoSrr.png, id=305, 481.8pt x 481.8pt>
File: ../advance/plots/derisoSrr.png Graphic file (type png)
<use ../advance/plots/derisoSrr.png>
Package pdftex.def Info: ../advance/plots/derisoSrr.png  used on input line 144
.
(pdftex.def)             Requested size: 150.57372pt x 150.56947pt.
[5

 <../advance/plots/derisoSrr.png (PNG copy)>] [6

]
<../gpBias/designLineHHardExpT45N150M0.3Wide.png, id=407, 481.8pt x 481.8pt>
File: ../gpBias/designLineHHardExpT45N150M0.3Wide.png Graphic file (type png)
<use ../gpBias/designLineHHardExpT45N150M0.3Wide.png>
Package pdftex.def Info: ../gpBias/designLineHHardExpT45N150M0.3Wide.png  used 
on input line 173.
(pdftex.def)             Requested size: 89.112pt x 89.10954pt.
 [7

 <../gpBias/designLineHHardExpT45N150M0.3Wide.png>]
<srrSchaeffer.png, id=460, 481.8pt x 481.8pt>
File: srrSchaeffer.png Graphic file (type png)
<use srrSchaeffer.png>
Package pdftex.def Info: srrSchaeffer.png  used on input line 217.
(pdftex.def)             Requested size: 165.93497pt x 165.93446pt.

Overfull \hbox (27.65547pt too wide) in paragraph at lines 217--217
[][] 
 []

[8

 <./srrSchaeffer.png>]
<shaeferConst.png, id=515, 481.8pt x 481.8pt>
File: shaeferConst.png Graphic file (type png)
<use shaeferConst.png>
Package pdftex.def Info: shaeferConst.png  used on input line 217.
(pdftex.def)             Requested size: 165.93497pt x 165.93446pt.

Overfull \hbox (27.65547pt too wide) in paragraph at lines 217--217
[][] 
 []

[9

 <./shaeferConst.png>]
<srr1.1.png, id=566, 481.8pt x 481.8pt>
File: srr1.1.png Graphic file (type png)
<use srr1.1.png>
Package pdftex.def Info: srr1.1.png  used on input line 233.
(pdftex.def)             Requested size: 150.57372pt x 150.56947pt.
<srr2.png, id=567, 481.8pt x 481.8pt>
File: srr2.png Graphic file (type png)
<use srr2.png>
Package pdftex.def Info: srr2.png  used on input line 233.
(pdftex.def)             Requested size: 150.57372pt x 150.56947pt.
 [10

 <./srr1.1.png> <./srr2.png>]
<shaeferDat.png, id=620, 481.8pt x 481.8pt>
File: shaeferDat.png Graphic file (type png)
<use shaeferDat.png>
Package pdftex.def Info: shaeferDat.png  used on input line 240.
(pdftex.def)             Requested size: 224.01997pt x 224.02502pt.

Overfull \vbox (9.0pt too high) detected at line 240
 []

[11

 <./shaeferDat.png (PNG copy)>]
<../gpBias/catchFlat.png, id=670, 481.8pt x 481.8pt>
File: ../gpBias/catchFlat.png Graphic file (type png)
<use ../gpBias/catchFlat.png>
Package pdftex.def Info: ../gpBias/catchFlat.png  used on input line 337.
(pdftex.def)             Requested size: 81.12682pt x 81.12563pt.

Overfull \hbox (14.67477pt too wide) in paragraph at lines 337--337
[][] 
 []

<../../../theses/nick/gpBias/catchCap.png, id=671, 481.8pt x 481.8pt>
File: ../../../theses/nick/gpBias/catchCap.png Graphic file (type png)
<use ../../../theses/nick/gpBias/catchCap.png>
Package pdftex.def Info: ../../../theses/nick/gpBias/catchCap.png  used on inpu
t line 337.
(pdftex.def)             Requested size: 81.12682pt x 81.12563pt.

Overfull \hbox (26.49756pt too wide) in paragraph at lines 337--337
|  [] 
 []

<../../../theses/nick/gpBias/catchCupNoQ.png, id=672, 481.8pt x 481.8pt>
File: ../../../theses/nick/gpBias/catchCupNoQ.png Graphic file (type png)
<use ../../../theses/nick/gpBias/catchCupNoQ.png>
Package pdftex.def Info: ../../../theses/nick/gpBias/catchCupNoQ.png  used on i
nput line 337.
(pdftex.def)             Requested size: 81.12682pt x 81.12563pt.

Overfull \hbox (35.88702pt too wide) in paragraph at lines 337--337
|  [] 
 []

<../../../theses/nick/gpBias/catchExp.png, id=673, 481.8pt x 481.8pt>
File: ../../../theses/nick/gpBias/catchExp.png Graphic file (type png)
<use ../../../theses/nick/gpBias/catchExp.png>
Package pdftex.def Info: ../../../theses/nick/gpBias/catchExp.png  used on inpu
t line 337.
(pdftex.def)             Requested size: 81.12682pt x 81.12563pt.

Overfull \hbox (45.56085pt too wide) in paragraph at lines 337--337
|  [] 
 []

[12

 <../gpBias/catchFlat.png> <../../../theses/nick/gpBias/catchCap.png> <../../..
/theses/nick/gpBias/catchCupNoQ.png> <../../../theses/nick/gpBias/catchExp.png>
]
<../../../theses/nick/gpBias/catchFlat.png, id=728, 481.8pt x 481.8pt>
File: ../../../theses/nick/gpBias/catchFlat.png Graphic file (type png)
<use ../../../theses/nick/gpBias/catchFlat.png>
Package pdftex.def Info: ../../../theses/nick/gpBias/catchFlat.png  used on inp
ut line 337.
(pdftex.def)             Requested size: 81.12682pt x 81.12563pt.

Overfull \hbox (14.67477pt too wide) in paragraph at lines 337--337
[][] 
 []

File: ../../../theses/nick/gpBias/catchCap.png Graphic file (type png)
<use ../../../theses/nick/gpBias/catchCap.png>
Package pdftex.def Info: ../../../theses/nick/gpBias/catchCap.png  used on inpu
t line 337.
(pdftex.def)             Requested size: 81.12682pt x 81.12563pt.

Overfull \hbox (29.7428pt too wide) in paragraph at lines 337--337
|  [] 
 []

File: ../../../theses/nick/gpBias/catchCupNoQ.png Graphic file (type png)
<use ../../../theses/nick/gpBias/catchCupNoQ.png>
Package pdftex.def Info: ../../../theses/nick/gpBias/catchCupNoQ.png  used on i
nput line 337.
(pdftex.def)             Requested size: 81.12682pt x 81.12563pt.

Overfull \hbox (39.13226pt too wide) in paragraph at lines 337--337
|  [] 
 []

File: ../../../theses/nick/gpBias/catchExp.png Graphic file (type png)
<use ../../../theses/nick/gpBias/catchExp.png>
Package pdftex.def Info: ../../../theses/nick/gpBias/catchExp.png  used on inpu
t line 337.
(pdftex.def)             Requested size: 81.12682pt x 81.12563pt.

Overfull \hbox (45.56085pt too wide) in paragraph at lines 337--337
|  [] 
 []

[13

 <../../../theses/nick/gpBias/catchFlat.png>] [14

]
<../../../theses/nick/gpBias/bMSYRelBiasPellaFlatNoQ.png, id=830, 481.8pt x 481
.8pt>
File: ../../../theses/nick/gpBias/bMSYRelBiasPellaFlatNoQ.png Graphic file (typ
e png)
<use ../../../theses/nick/gpBias/bMSYRelBiasPellaFlatNoQ.png>
Package pdftex.def Info: ../../../theses/nick/gpBias/bMSYRelBiasPellaFlatNoQ.pn
g  used on input line 415.
(pdftex.def)             Requested size: 111.54745pt x 111.54683pt.
<../../../theses/nick/gpBias/kRelBiasPellaFlatNoQ.png, id=831, 481.8pt x 481.8p
t>
File: ../../../theses/nick/gpBias/kRelBiasPellaFlatNoQ.png Graphic file (type p
ng)
<use ../../../theses/nick/gpBias/kRelBiasPellaFlatNoQ.png>
Package pdftex.def Info: ../../../theses/nick/gpBias/kRelBiasPellaFlatNoQ.png  
used on input line 415.
(pdftex.def)             Requested size: 111.54745pt x 111.54683pt.

Overfull \hbox (19.68774pt too wide) in paragraph at lines 415--415
[]|  [] 
 []


Overfull \hbox (19.68774pt too wide) in paragraph at lines 415--415
|  [] 
 []

File: ../../../theses/nick/gpBias/catchFlat.png Graphic file (type png)
<use ../../../theses/nick/gpBias/catchFlat.png>
Package pdftex.def Info: ../../../theses/nick/gpBias/catchFlat.png  used on inp
ut line 415.
(pdftex.def)             Requested size: 111.54745pt x 111.54683pt.
<../../../theses/nick/gpBias/msyRelBiasPellaFlatNoQ.png, id=832, 481.8pt x 481.
8pt>
File: ../../../theses/nick/gpBias/msyRelBiasPellaFlatNoQ.png Graphic file (type
 png)
<use ../../../theses/nick/gpBias/msyRelBiasPellaFlatNoQ.png>
Package pdftex.def Info: ../../../theses/nick/gpBias/msyRelBiasPellaFlatNoQ.png
  used on input line 415.
(pdftex.def)             Requested size: 111.54745pt x 111.54683pt.

Overfull \hbox (33.91412pt too wide) in paragraph at lines 415--415
[]|  [] 
 []


Overfull \hbox (33.91412pt too wide) in paragraph at lines 415--415
|  [] 
 []

<../../../theses/nick/gpBias/directionalBiasPellaFlatNoQ.png, id=833, 481.8pt x
 481.8pt>
File: ../../../theses/nick/gpBias/directionalBiasPellaFlatNoQ.png Graphic file 
(type png)
<use ../../../theses/nick/gpBias/directionalBiasPellaFlatNoQ.png>
Package pdftex.def Info: ../../../theses/nick/gpBias/directionalBiasPellaFlatNo
Q.png  used on input line 415.
(pdftex.def)             Requested size: 111.54745pt x 111.54683pt.
<../../../theses/nick/gpBias/fMSYRelBiasPellaFlatNoQ.png, id=834, 481.8pt x 481
.8pt>
File: ../../../theses/nick/gpBias/fMSYRelBiasPellaFlatNoQ.png Graphic file (typ
e png)
<use ../../../theses/nick/gpBias/fMSYRelBiasPellaFlatNoQ.png>
Package pdftex.def Info: ../../../theses/nick/gpBias/fMSYRelBiasPellaFlatNoQ.pn
g  used on input line 415.
(pdftex.def)             Requested size: 111.54745pt x 111.54683pt.

Overfull \hbox (41.02731pt too wide) in paragraph at lines 415--415
[]|  [] 
 []


Overfull \hbox (41.02731pt too wide) in paragraph at lines 415--415
|  [] 
 []

[15

 <../../../theses/nick/gpBias/bMSYRelBiasPellaFlatNoQ.png (PNG copy)> <../../..
/theses/nick/gpBias/kRelBiasPellaFlatNoQ.png (PNG copy)> <../../../theses/nick/
gpBias/msyRelBiasPellaFlatNoQ.png (PNG copy)> <../../../theses/nick/gpBias/dire
ctionalBiasPellaFlatNoQ.png (PNG copy)> <../../../theses/nick/gpBias/fMSYRelBia
sPellaFlatNoQ.png (PNG copy)>]
<../../../theses/nick/gpBias/bMSYRelBiasPellaExpNoQ.png, id=884, 481.8pt x 481.
8pt>
File: ../../../theses/nick/gpBias/bMSYRelBiasPellaExpNoQ.png Graphic file (type
 png)
<use ../../../theses/nick/gpBias/bMSYRelBiasPellaExpNoQ.png>
Package pdftex.def Info: ../../../theses/nick/gpBias/bMSYRelBiasPellaExpNoQ.png
  used on input line 475.
(pdftex.def)             Requested size: 111.54745pt x 111.54683pt.
<../../../theses/nick/gpBias/kRelBiasPellaExpNoQ.png, id=885, 481.8pt x 481.8pt
>
File: ../../../theses/nick/gpBias/kRelBiasPellaExpNoQ.png Graphic file (type pn
g)
<use ../../../theses/nick/gpBias/kRelBiasPellaExpNoQ.png>
Package pdftex.def Info: ../../../theses/nick/gpBias/kRelBiasPellaExpNoQ.png  u
sed on input line 475.
(pdftex.def)             Requested size: 111.54745pt x 111.54683pt.

Overfull \hbox (19.68774pt too wide) in paragraph at lines 475--475
[]|  [] 
 []


Overfull \hbox (19.68774pt too wide) in paragraph at lines 475--475
|  [] 
 []

File: ../../../theses/nick/gpBias/catchExp.png Graphic file (type png)
<use ../../../theses/nick/gpBias/catchExp.png>
Package pdftex.def Info: ../../../theses/nick/gpBias/catchExp.png  used on inpu
t line 475.
(pdftex.def)             Requested size: 111.54745pt x 111.54683pt.
<../../../theses/nick/gpBias/msyRelBiasPellaExpNoQ.png, id=886, 481.8pt x 481.8
pt>
File: ../../../theses/nick/gpBias/msyRelBiasPellaExpNoQ.png Graphic file (type 
png)
<use ../../../theses/nick/gpBias/msyRelBiasPellaExpNoQ.png>
Package pdftex.def Info: ../../../theses/nick/gpBias/msyRelBiasPellaExpNoQ.png 
 used on input line 475.
(pdftex.def)             Requested size: 111.54745pt x 111.54683pt.

Overfull \hbox (33.91412pt too wide) in paragraph at lines 475--475
[]|  [] 
 []


Overfull \hbox (33.91412pt too wide) in paragraph at lines 475--475
|  [] 
 []

<../../../theses/nick/gpBias/directionalBiasPellaExpNoQ.png, id=887, 481.8pt x 
481.8pt>
File: ../../../theses/nick/gpBias/directionalBiasPellaExpNoQ.png Graphic file (
type png)
<use ../../../theses/nick/gpBias/directionalBiasPellaExpNoQ.png>
Package pdftex.def Info: ../../../theses/nick/gpBias/directionalBiasPellaExpNoQ
.png  used on input line 475.
(pdftex.def)             Requested size: 111.54745pt x 111.54683pt.
<../../../theses/nick/gpBias/fMSYRelBiasPellaExpNoQ.png, id=888, 481.8pt x 481.
8pt>
File: ../../../theses/nick/gpBias/fMSYRelBiasPellaExpNoQ.png Graphic file (type
 png)
<use ../../../theses/nick/gpBias/fMSYRelBiasPellaExpNoQ.png>
Package pdftex.def Info: ../../../theses/nick/gpBias/fMSYRelBiasPellaExpNoQ.png
  used on input line 475.
(pdftex.def)             Requested size: 111.54745pt x 111.54683pt.

Overfull \hbox (41.02731pt too wide) in paragraph at lines 475--475
[]|  [] 
 []


Overfull \hbox (41.02731pt too wide) in paragraph at lines 475--475
|  [] 
 []


Overfull \vbox (1.06863pt too high) detected at line 475
 []

[16

 <../../../theses/nick/gpBias/bMSYRelBiasPellaExpNoQ.png> <../../../theses/nick
/gpBias/kRelBiasPellaExpNoQ.png> <../../../theses/nick/gpBias/msyRelBiasPellaEx
pNoQ.png> <../../../theses/nick/gpBias/directionalBiasPellaExpNoQ.png> <../../.
./theses/nick/gpBias/fMSYRelBiasPellaExpNoQ.png>]
<../../../theses/nick/gpBias/bMSYRelBiasPellaExpT45.png, id=944, 481.8pt x 481.
8pt>
File: ../../../theses/nick/gpBias/bMSYRelBiasPellaExpT45.png Graphic file (type
 png)
<use ../../../theses/nick/gpBias/bMSYRelBiasPellaExpT45.png>
Package pdftex.def Info: ../../../theses/nick/gpBias/bMSYRelBiasPellaExpT45.png
  used on input line 505.
(pdftex.def)             Requested size: 111.54745pt x 111.54683pt.
<../../../theses/nick/gpBias/kRelBiasPellaExpT45.png, id=945, 481.8pt x 481.8pt
>
File: ../../../theses/nick/gpBias/kRelBiasPellaExpT45.png Graphic file (type pn
g)
<use ../../../theses/nick/gpBias/kRelBiasPellaExpT45.png>
Package pdftex.def Info: ../../../theses/nick/gpBias/kRelBiasPellaExpT45.png  u
sed on input line 505.
(pdftex.def)             Requested size: 111.54745pt x 111.54683pt.

Overfull \hbox (19.68774pt too wide) in paragraph at lines 505--505
[]|  [] 
 []


Overfull \hbox (19.68774pt too wide) in paragraph at lines 505--505
|  [] 
 []

<../../../theses/nick/gpBias/catchExpT45.png, id=946, 481.8pt x 481.8pt>
File: ../../../theses/nick/gpBias/catchExpT45.png Graphic file (type png)
<use ../../../theses/nick/gpBias/catchExpT45.png>
Package pdftex.def Info: ../../../theses/nick/gpBias/catchExpT45.png  used on i
nput line 505.
(pdftex.def)             Requested size: 111.54745pt x 111.54683pt.
<../../../theses/nick/gpBias/msyRelBiasPellaExpT45.png, id=947, 481.8pt x 481.8
pt>
File: ../../../theses/nick/gpBias/msyRelBiasPellaExpT45.png Graphic file (type 
png)
<use ../../../theses/nick/gpBias/msyRelBiasPellaExpT45.png>
Package pdftex.def Info: ../../../theses/nick/gpBias/msyRelBiasPellaExpT45.png 
 used on input line 505.
(pdftex.def)             Requested size: 111.54745pt x 111.54683pt.

Overfull \hbox (33.91412pt too wide) in paragraph at lines 505--505
[]|  [] 
 []


Overfull \hbox (33.91412pt too wide) in paragraph at lines 505--505
|  [] 
 []

<../../../theses/nick/gpBias/directionalBiasPellaExpT45.png, id=948, 481.8pt x 
481.8pt>
File: ../../../theses/nick/gpBias/directionalBiasPellaExpT45.png Graphic file (
type png)
<use ../../../theses/nick/gpBias/directionalBiasPellaExpT45.png>
Package pdftex.def Info: ../../../theses/nick/gpBias/directionalBiasPellaExpT45
.png  used on input line 505.
(pdftex.def)             Requested size: 111.54745pt x 111.54683pt.
<../../../theses/nick/gpBias/fMSYRelBiasPellaExpT45.png, id=949, 481.8pt x 481.
8pt>
File: ../../../theses/nick/gpBias/fMSYRelBiasPellaExpT45.png Graphic file (type
 png)
<use ../../../theses/nick/gpBias/fMSYRelBiasPellaExpT45.png>
Package pdftex.def Info: ../../../theses/nick/gpBias/fMSYRelBiasPellaExpT45.png
  used on input line 505.
(pdftex.def)             Requested size: 111.54745pt x 111.54683pt.

Overfull \hbox (41.02731pt too wide) in paragraph at lines 505--505
[]|  [] 
 []


Overfull \hbox (41.02731pt too wide) in paragraph at lines 505--505
|  [] 
 []


Overfull \vbox (1.06863pt too high) detected at line 505
 []

[17

 <../../../theses/nick/gpBias/bMSYRelBiasPellaExpT45.png> <../../../theses/nick
/gpBias/kRelBiasPellaExpT45.png> <../../../theses/nick/gpBias/catchExpT45.png> 
<../../../theses/nick/gpBias/msyRelBiasPellaExpT45.png> <../../../theses/nick/g
pBias/directionalBiasPellaExpT45.png> <../../../theses/nick/gpBias/fMSYRelBiasP
ellaExpT45.png>]
<../../../theses/nick/gpBias/bMSYRelBiasPellaExpT60.png, id=1005, 481.8pt x 481
.8pt>
File: ../../../theses/nick/gpBias/bMSYRelBiasPellaExpT60.png Graphic file (type
 png)
<use ../../../theses/nick/gpBias/bMSYRelBiasPellaExpT60.png>
Package pdftex.def Info: ../../../theses/nick/gpBias/bMSYRelBiasPellaExpT60.png
  used on input line 536.
(pdftex.def)             Requested size: 111.54745pt x 111.54683pt.
<../../../theses/nick/gpBias/kRelBiasPellaExpT60.png, id=1006, 481.8pt x 481.8p
t>
File: ../../../theses/nick/gpBias/kRelBiasPellaExpT60.png Graphic file (type pn
g)
<use ../../../theses/nick/gpBias/kRelBiasPellaExpT60.png>
Package pdftex.def Info: ../../../theses/nick/gpBias/kRelBiasPellaExpT60.png  u
sed on input line 536.
(pdftex.def)             Requested size: 111.54745pt x 111.54683pt.

Overfull \hbox (19.68774pt too wide) in paragraph at lines 536--536
[]|  [] 
 []


Overfull \hbox (19.68774pt too wide) in paragraph at lines 536--536
|  [] 
 []

<../../../theses/nick/gpBias/catchExpT60.png, id=1007, 481.8pt x 481.8pt>
File: ../../../theses/nick/gpBias/catchExpT60.png Graphic file (type png)
<use ../../../theses/nick/gpBias/catchExpT60.png>
Package pdftex.def Info: ../../../theses/nick/gpBias/catchExpT60.png  used on i
nput line 536.
(pdftex.def)             Requested size: 111.54745pt x 111.54683pt.
<../../../theses/nick/gpBias/msyRelBiasPellaExpT60.png, id=1008, 481.8pt x 481.
8pt>
File: ../../../theses/nick/gpBias/msyRelBiasPellaExpT60.png Graphic file (type 
png)
<use ../../../theses/nick/gpBias/msyRelBiasPellaExpT60.png>
Package pdftex.def Info: ../../../theses/nick/gpBias/msyRelBiasPellaExpT60.png 
 used on input line 536.
(pdftex.def)             Requested size: 111.54745pt x 111.54683pt.

Overfull \hbox (33.91412pt too wide) in paragraph at lines 536--536
[]|  [] 
 []


Overfull \hbox (33.91412pt too wide) in paragraph at lines 536--536
|  [] 
 []

<../../../theses/nick/gpBias/directionalBiasPellaExpT60.png, id=1009, 481.8pt x
 481.8pt>
File: ../../../theses/nick/gpBias/directionalBiasPellaExpT60.png Graphic file (
type png)
<use ../../../theses/nick/gpBias/directionalBiasPellaExpT60.png>
Package pdftex.def Info: ../../../theses/nick/gpBias/directionalBiasPellaExpT60
.png  used on input line 536.
(pdftex.def)             Requested size: 111.54745pt x 111.54683pt.
<../../../theses/nick/gpBias/fMSYRelBiasPellaExpT60.png, id=1010, 481.8pt x 481
.8pt>
File: ../../../theses/nick/gpBias/fMSYRelBiasPellaExpT60.png Graphic file (type
 png)
<use ../../../theses/nick/gpBias/fMSYRelBiasPellaExpT60.png>
Package pdftex.def Info: ../../../theses/nick/gpBias/fMSYRelBiasPellaExpT60.png
  used on input line 536.
(pdftex.def)             Requested size: 111.54745pt x 111.54683pt.

Overfull \hbox (41.02731pt too wide) in paragraph at lines 536--536
[]|  [] 
 []


Overfull \hbox (41.02731pt too wide) in paragraph at lines 536--536
|  [] 
 []


Overfull \vbox (1.06863pt too high) detected at line 536
 []

[18

 <../../../theses/nick/gpBias/bMSYRelBiasPellaExpT60.png (PNG copy)> <../../../
theses/nick/gpBias/kRelBiasPellaExpT60.png (PNG copy)> <../../../theses/nick/gp
Bias/catchExpT60.png> <../../../theses/nick/gpBias/msyRelBiasPellaExpT60.png (P
NG copy)> <../../../theses/nick/gpBias/directionalBiasPellaExpT60.png (PNG copy
)> <../../../theses/nick/gpBias/fMSYRelBiasPellaExpT60.png (PNG copy)>]
<../../../theses/nick/gpBias/bMSYRelBiasPellaExpK.png, id=1062, 481.8pt x 481.8
pt>
File: ../../../theses/nick/gpBias/bMSYRelBiasPellaExpK.png Graphic file (type p
ng)
<use ../../../theses/nick/gpBias/bMSYRelBiasPellaExpK.png>
Package pdftex.def Info: ../../../theses/nick/gpBias/bMSYRelBiasPellaExpK.png  
used on input line 567.
(pdftex.def)             Requested size: 111.54745pt x 111.54683pt.
<../../../theses/nick/gpBias/kRelBiasPellaExpK.png, id=1063, 481.8pt x 481.8pt>

File: ../../../theses/nick/gpBias/kRelBiasPellaExpK.png Graphic file (type png)

<use ../../../theses/nick/gpBias/kRelBiasPellaExpK.png>
Package pdftex.def Info: ../../../theses/nick/gpBias/kRelBiasPellaExpK.png  use
d on input line 567.
(pdftex.def)             Requested size: 111.54745pt x 111.54683pt.

Overfull \hbox (19.68774pt too wide) in paragraph at lines 567--567
[]|  [] 
 []


Overfull \hbox (19.68774pt too wide) in paragraph at lines 567--567
|  [] 
 []

<../../../theses/nick/gpBias/catchExpK.png, id=1064, 481.8pt x 481.8pt>
File: ../../../theses/nick/gpBias/catchExpK.png Graphic file (type png)
<use ../../../theses/nick/gpBias/catchExpK.png>
Package pdftex.def Info: ../../../theses/nick/gpBias/catchExpK.png  used on inp
ut line 567.
(pdftex.def)             Requested size: 111.54745pt x 111.54683pt.
<../../../theses/nick/gpBias/msyRelBiasPellaExpK.png, id=1065, 481.8pt x 481.8p
t>
File: ../../../theses/nick/gpBias/msyRelBiasPellaExpK.png Graphic file (type pn
g)
<use ../../../theses/nick/gpBias/msyRelBiasPellaExpK.png>
Package pdftex.def Info: ../../../theses/nick/gpBias/msyRelBiasPellaExpK.png  u
sed on input line 567.
(pdftex.def)             Requested size: 111.54745pt x 111.54683pt.

Overfull \hbox (33.91412pt too wide) in paragraph at lines 567--567
[]|  [] 
 []


Overfull \hbox (33.91412pt too wide) in paragraph at lines 567--567
|  [] 
 []

<../../../theses/nick/gpBias/directionalBiasPellaExpK.png, id=1066, 481.8pt x 4
81.8pt>
File: ../../../theses/nick/gpBias/directionalBiasPellaExpK.png Graphic file (ty
pe png)
<use ../../../theses/nick/gpBias/directionalBiasPellaExpK.png>
Package pdftex.def Info: ../../../theses/nick/gpBias/directionalBiasPellaExpK.p
ng  used on input line 567.
(pdftex.def)             Requested size: 111.54745pt x 111.54683pt.
<../../../theses/nick/gpBias/fMSYRelBiasPellaExpK.png, id=1067, 481.8pt x 481.8
pt>
File: ../../../theses/nick/gpBias/fMSYRelBiasPellaExpK.png Graphic file (type p
ng)
<use ../../../theses/nick/gpBias/fMSYRelBiasPellaExpK.png>
Package pdftex.def Info: ../../../theses/nick/gpBias/fMSYRelBiasPellaExpK.png  
used on input line 567.
(pdftex.def)             Requested size: 111.54745pt x 111.54683pt.

Overfull \hbox (41.02731pt too wide) in paragraph at lines 567--567
[]|  [] 
 []


Overfull \hbox (41.02731pt too wide) in paragraph at lines 567--567
|  [] 
 []


Overfull \vbox (1.06863pt too high) detected at line 567
 []

[19

 <../../../theses/nick/gpBias/bMSYRelBiasPellaExpK.png (PNG copy)> <../../../th
eses/nick/gpBias/kRelBiasPellaExpK.png (PNG copy)> <../../../theses/nick/gpBias
/catchExpK.png> <../../../theses/nick/gpBias/msyRelBiasPellaExpK.png (PNG copy)
> <../../../theses/nick/gpBias/directionalBiasPellaExpK.png (PNG copy)> <../../
../theses/nick/gpBias/fMSYRelBiasPellaExpK.png (PNG copy)>]
<../../../theses/nick/gpBias/bMSYRelBiasPellaExpKT45.png, id=1119, 481.8pt x 48
1.8pt>
File: ../../../theses/nick/gpBias/bMSYRelBiasPellaExpKT45.png Graphic file (typ
e png)
<use ../../../theses/nick/gpBias/bMSYRelBiasPellaExpKT45.png>
Package pdftex.def Info: ../../../theses/nick/gpBias/bMSYRelBiasPellaExpKT45.pn
g  used on input line 598.
(pdftex.def)             Requested size: 111.54745pt x 111.54683pt.
<../../../theses/nick/gpBias/kRelBiasPellaExpKT45.png, id=1120, 481.8pt x 481.8
pt>
File: ../../../theses/nick/gpBias/kRelBiasPellaExpKT45.png Graphic file (type p
ng)
<use ../../../theses/nick/gpBias/kRelBiasPellaExpKT45.png>
Package pdftex.def Info: ../../../theses/nick/gpBias/kRelBiasPellaExpKT45.png  
used on input line 598.
(pdftex.def)             Requested size: 111.54745pt x 111.54683pt.

Overfull \hbox (19.68774pt too wide) in paragraph at lines 598--598
[]|  [] 
 []


Overfull \hbox (19.68774pt too wide) in paragraph at lines 598--598
|  [] 
 []

<../../../theses/nick/gpBias/catchExpKT45.png, id=1121, 481.8pt x 481.8pt>
File: ../../../theses/nick/gpBias/catchExpKT45.png Graphic file (type png)
<use ../../../theses/nick/gpBias/catchExpKT45.png>
Package pdftex.def Info: ../../../theses/nick/gpBias/catchExpKT45.png  used on 
input line 598.
(pdftex.def)             Requested size: 111.54745pt x 111.54683pt.
<../../../theses/nick/gpBias/msyRelBiasPellaExpKT45.png, id=1122, 481.8pt x 481
.8pt>
File: ../../../theses/nick/gpBias/msyRelBiasPellaExpKT45.png Graphic file (type
 png)
<use ../../../theses/nick/gpBias/msyRelBiasPellaExpKT45.png>
Package pdftex.def Info: ../../../theses/nick/gpBias/msyRelBiasPellaExpKT45.png
  used on input line 598.
(pdftex.def)             Requested size: 111.54745pt x 111.54683pt.

Overfull \hbox (33.91412pt too wide) in paragraph at lines 598--598
[]|  [] 
 []


Overfull \hbox (33.91412pt too wide) in paragraph at lines 598--598
|  [] 
 []

<../../../theses/nick/gpBias/directionalBiasPellaExpKT45.png, id=1123, 481.8pt 
x 481.8pt>
File: ../../../theses/nick/gpBias/directionalBiasPellaExpKT45.png Graphic file 
(type png)
<use ../../../theses/nick/gpBias/directionalBiasPellaExpKT45.png>
Package pdftex.def Info: ../../../theses/nick/gpBias/directionalBiasPellaExpKT4
5.png  used on input line 598.
(pdftex.def)             Requested size: 111.54745pt x 111.54683pt.
<../../../theses/nick/gpBias/fMSYRelBiasPellaExpKT45.png, id=1124, 481.8pt x 48
1.8pt>
File: ../../../theses/nick/gpBias/fMSYRelBiasPellaExpKT45.png Graphic file (typ
e png)
<use ../../../theses/nick/gpBias/fMSYRelBiasPellaExpKT45.png>
Package pdftex.def Info: ../../../theses/nick/gpBias/fMSYRelBiasPellaExpKT45.pn
g  used on input line 598.
(pdftex.def)             Requested size: 111.54745pt x 111.54683pt.

Overfull \hbox (41.02731pt too wide) in paragraph at lines 598--598
[]|  [] 
 []


Overfull \hbox (41.02731pt too wide) in paragraph at lines 598--598
|  [] 
 []


Overfull \vbox (1.06863pt too high) detected at line 598
 []

[20

 <../../../theses/nick/gpBias/bMSYRelBiasPellaExpKT45.png (PNG copy)> <../../..
/theses/nick/gpBias/kRelBiasPellaExpKT45.png (PNG copy)> <../../../theses/nick/
gpBias/catchExpKT45.png> <../../../theses/nick/gpBias/msyRelBiasPellaExpKT45.pn
g (PNG copy)> <../../../theses/nick/gpBias/directionalBiasPellaExpKT45.png (PNG
 copy)> <../../../theses/nick/gpBias/fMSYRelBiasPellaExpKT45.png (PNG copy)>]
<../../../theses/nick/gpBias/bMSYRelBiasPellaExp1KT60.png, id=1176, 481.8pt x 4
81.8pt>
File: ../../../theses/nick/gpBias/bMSYRelBiasPellaExp1KT60.png Graphic file (ty
pe png)
<use ../../../theses/nick/gpBias/bMSYRelBiasPellaExp1KT60.png>
Package pdftex.def Info: ../../../theses/nick/gpBias/bMSYRelBiasPellaExp1KT60.p
ng  used on input line 629.
(pdftex.def)             Requested size: 111.54745pt x 111.54683pt.
<../../../theses/nick/gpBias/kRelBiasPellaExp1KT60.png, id=1177, 481.8pt x 481.
8pt>
File: ../../../theses/nick/gpBias/kRelBiasPellaExp1KT60.png Graphic file (type 
png)
<use ../../../theses/nick/gpBias/kRelBiasPellaExp1KT60.png>
Package pdftex.def Info: ../../../theses/nick/gpBias/kRelBiasPellaExp1KT60.png 
 used on input line 629.
(pdftex.def)             Requested size: 111.54745pt x 111.54683pt.

Overfull \hbox (19.68774pt too wide) in paragraph at lines 629--629
[]|  [] 
 []


Overfull \hbox (19.68774pt too wide) in paragraph at lines 629--629
|  [] 
 []

<../../../theses/nick/gpBias/catchExp1KT60.png, id=1178, 481.8pt x 481.8pt>
File: ../../../theses/nick/gpBias/catchExp1KT60.png Graphic file (type png)
<use ../../../theses/nick/gpBias/catchExp1KT60.png>
Package pdftex.def Info: ../../../theses/nick/gpBias/catchExp1KT60.png  used on
 input line 629.
(pdftex.def)             Requested size: 111.54745pt x 111.54683pt.
<../../../theses/nick/gpBias/msyRelBiasPellaExp1KT60.png, id=1179, 481.8pt x 48
1.8pt>
File: ../../../theses/nick/gpBias/msyRelBiasPellaExp1KT60.png Graphic file (typ
e png)
<use ../../../theses/nick/gpBias/msyRelBiasPellaExp1KT60.png>
Package pdftex.def Info: ../../../theses/nick/gpBias/msyRelBiasPellaExp1KT60.pn
g  used on input line 629.
(pdftex.def)             Requested size: 111.54745pt x 111.54683pt.

Overfull \hbox (33.91412pt too wide) in paragraph at lines 629--629
[]|  [] 
 []


Overfull \hbox (33.91412pt too wide) in paragraph at lines 629--629
|  [] 
 []

<../../../theses/nick/gpBias/directionalBiasPellaExp1KT60.png, id=1180, 481.8pt
 x 481.8pt>
File: ../../../theses/nick/gpBias/directionalBiasPellaExp1KT60.png Graphic file
 (type png)
<use ../../../theses/nick/gpBias/directionalBiasPellaExp1KT60.png>
Package pdftex.def Info: ../../../theses/nick/gpBias/directionalBiasPellaExp1KT
60.png  used on input line 629.
(pdftex.def)             Requested size: 111.54745pt x 111.54683pt.
<../../../theses/nick/gpBias/fMSYRelBiasPellaExp1KT60.png, id=1181, 481.8pt x 4
81.8pt>
File: ../../../theses/nick/gpBias/fMSYRelBiasPellaExp1KT60.png Graphic file (ty
pe png)
<use ../../../theses/nick/gpBias/fMSYRelBiasPellaExp1KT60.png>
Package pdftex.def Info: ../../../theses/nick/gpBias/fMSYRelBiasPellaExp1KT60.p
ng  used on input line 629.
(pdftex.def)             Requested size: 111.54745pt x 111.54683pt.

Overfull \hbox (41.02731pt too wide) in paragraph at lines 629--629
[]|  [] 
 []


Overfull \hbox (41.02731pt too wide) in paragraph at lines 629--629
|  [] 
 []


Overfull \vbox (1.06863pt too high) detected at line 629
 []

[21

 <../../../theses/nick/gpBias/bMSYRelBiasPellaExp1KT60.png (PNG copy)> <../../.
./theses/nick/gpBias/kRelBiasPellaExp1KT60.png (PNG copy)> <../../../theses/nic
k/gpBias/catchExp1KT60.png> <../../../theses/nick/gpBias/msyRelBiasPellaExp1KT6
0.png (PNG copy)> <../../../theses/nick/gpBias/directionalBiasPellaExp1KT60.png
 (PNG copy)> <../../../theses/nick/gpBias/fMSYRelBiasPellaExp1KT60.png (PNG cop
y)>]
<../../../theses/nick/gpBias/bMSYRelBiasPellaExpK1T60.png, id=1232, 481.8pt x 4
81.8pt>
File: ../../../theses/nick/gpBias/bMSYRelBiasPellaExpK1T60.png Graphic file (ty
pe png)
<use ../../../theses/nick/gpBias/bMSYRelBiasPellaExpK1T60.png>
Package pdftex.def Info: ../../../theses/nick/gpBias/bMSYRelBiasPellaExpK1T60.p
ng  used on input line 660.
(pdftex.def)             Requested size: 111.54745pt x 111.54683pt.
<../../../theses/nick/gpBias/kRelBiasPellaExpK1T60.png, id=1233, 481.8pt x 481.
8pt>
File: ../../../theses/nick/gpBias/kRelBiasPellaExpK1T60.png Graphic file (type 
png)
<use ../../../theses/nick/gpBias/kRelBiasPellaExpK1T60.png>
Package pdftex.def Info: ../../../theses/nick/gpBias/kRelBiasPellaExpK1T60.png 
 used on input line 660.
(pdftex.def)             Requested size: 111.54745pt x 111.54683pt.

Overfull \hbox (19.68774pt too wide) in paragraph at lines 660--660
[]|  [] 
 []


Overfull \hbox (19.68774pt too wide) in paragraph at lines 660--660
|  [] 
 []

<../../../theses/nick/gpBias/catchExpK1T60.png, id=1234, 481.8pt x 481.8pt>
File: ../../../theses/nick/gpBias/catchExpK1T60.png Graphic file (type png)
<use ../../../theses/nick/gpBias/catchExpK1T60.png>
Package pdftex.def Info: ../../../theses/nick/gpBias/catchExpK1T60.png  used on
 input line 660.
(pdftex.def)             Requested size: 111.54745pt x 111.54683pt.
<../../../theses/nick/gpBias/msyRelBiasPellaExpK1T60.png, id=1235, 481.8pt x 48
1.8pt>
File: ../../../theses/nick/gpBias/msyRelBiasPellaExpK1T60.png Graphic file (typ
e png)
<use ../../../theses/nick/gpBias/msyRelBiasPellaExpK1T60.png>
Package pdftex.def Info: ../../../theses/nick/gpBias/msyRelBiasPellaExpK1T60.pn
g  used on input line 660.
(pdftex.def)             Requested size: 111.54745pt x 111.54683pt.

Overfull \hbox (33.91412pt too wide) in paragraph at lines 660--660
[]|  [] 
 []


Overfull \hbox (33.91412pt too wide) in paragraph at lines 660--660
|  [] 
 []

<../../../theses/nick/gpBias/directionalBiasPellaExpK1T60.png, id=1236, 481.8pt
 x 481.8pt>
File: ../../../theses/nick/gpBias/directionalBiasPellaExpK1T60.png Graphic file
 (type png)
<use ../../../theses/nick/gpBias/directionalBiasPellaExpK1T60.png>
Package pdftex.def Info: ../../../theses/nick/gpBias/directionalBiasPellaExpK1T
60.png  used on input line 660.
(pdftex.def)             Requested size: 111.54745pt x 111.54683pt.
<../../../theses/nick/gpBias/fMSYRelBiasPellaExpK1T60.png, id=1237, 481.8pt x 4
81.8pt>
File: ../../../theses/nick/gpBias/fMSYRelBiasPellaExpK1T60.png Graphic file (ty
pe png)
<use ../../../theses/nick/gpBias/fMSYRelBiasPellaExpK1T60.png>
Package pdftex.def Info: ../../../theses/nick/gpBias/fMSYRelBiasPellaExpK1T60.p
ng  used on input line 660.
(pdftex.def)             Requested size: 111.54745pt x 111.54683pt.

Overfull \hbox (41.02731pt too wide) in paragraph at lines 660--660
[]|  [] 
 []


Overfull \hbox (41.02731pt too wide) in paragraph at lines 660--660
|  [] 
 []


Overfull \vbox (1.06863pt too high) detected at line 660
 []

[22

 <../../../theses/nick/gpBias/bMSYRelBiasPellaExpK1T60.png (PNG copy)> <../../.
./theses/nick/gpBias/kRelBiasPellaExpK1T60.png (PNG copy)> <../../../theses/nic
k/gpBias/catchExpK1T60.png> <../../../theses/nick/gpBias/msyRelBiasPellaExpK1T6
0.png (PNG copy)> <../../../theses/nick/gpBias/directionalBiasPellaExpK1T60.png
 (PNG copy)> <../../../theses/nick/gpBias/fMSYRelBiasPellaExpK1T60.png (PNG cop
y)>] [23

]
\tf@nav=\write6
\openout6 = `afsPres.nav'.

\tf@toc=\write7
\openout7 = `afsPres.toc'.

\tf@snm=\write8
\openout8 = `afsPres.snm'.

 (./afsPres.aux)
Package rerunfilecheck Info: File `afsPres.out' has not changed.
(rerunfilecheck)             Checksum: 3ABBAEAADF4FA731B652D6FBCF20708B;550.
 ) 
Here is how much of TeX's memory you used:
 25765 strings out of 478287
 528395 string characters out of 5849289
 785187 words of memory out of 5000000
 43307 multiletter control sequences out of 15000+600000
 484229 words of font info for 74 fonts, out of 8000000 for 9000
 1141 hyphenation exceptions out of 8191
 128i,19n,122p,387b,862s stack positions out of 5000i,500n,10000p,200000b,80000s
</usr/share/texlive/texmf-dist/fonts/type1/public/amsfonts/cm/cmex10.pfb></us
r/share/texlive/texmf-dist/fonts/type1/public/amsfonts/cm/cmmi10.pfb></usr/shar
e/texlive/texmf-dist/fonts/type1/public/amsfonts/cm/cmmi6.pfb></usr/share/texli
ve/texmf-dist/fonts/type1/public/amsfonts/cm/cmmi8.pfb></usr/share/texlive/texm
f-dist/fonts/type1/public/amsfonts/cm/cmmib10.pfb></usr/share/texlive/texmf-dis
t/fonts/type1/public/amsfonts/cmextra/cmmib8.pfb></usr/share/texlive/texmf-dist
/fonts/type1/public/amsfonts/cm/cmss10.pfb></usr/share/texlive/texmf-dist/fonts
/type1/public/amsfonts/cm/cmss12.pfb></usr/share/texlive/texmf-dist/fonts/type1
/public/amsfonts/cm/cmss8.pfb></usr/share/texlive/texmf-dist/fonts/type1/public
/amsfonts/cm/cmssi10.pfb></usr/share/texlive/texmf-dist/fonts/type1/public/amsf
onts/cm/cmssi8.pfb></usr/share/texlive/texmf-dist/fonts/type1/public/amsfonts/c
m/cmsy10.pfb></usr/share/texlive/texmf-dist/fonts/type1/public/amsfonts/cm/cmsy
8.pfb></usr/share/texlive/texmf-dist/fonts/type1/public/amsfonts/symbols/msbm10
.pfb>
Output written on afsPres.pdf (23 pages, 1523245 bytes).
PDF statistics:
 1413 PDF objects out of 1440 (max. 8388607)
 1227 compressed objects within 13 object streams
 55 named destinations out of 1000 (max. 500000)
 417 words of extra memory for PDF output out of 10000 (max. 10000000)

