This is pdfTeX, Version 3.141592653-2.6-1.40.22 (TeX Live 2022/dev/Debian) (preloaded format=pdflatex 2023.7.5)  1 AUG 2023 14:09
entering extended mode
 restricted \write18 enabled.
 %&-line parsing enabled.
**delayDiffManuscript.tex
(./delayDiffManuscript.tex
LaTeX2e <2021-11-15> patch level 1
L3 programming layer <2022-01-21>
(/usr/share/texlive/texmf-dist/tex/latex/base/article.cls
Document Class: article 2021/10/04 v1.4n Standard LaTeX document class
(/usr/share/texlive/texmf-dist/tex/latex/base/size12.clo
File: size12.clo 2021/10/04 v1.4n Standard LaTeX file (size option)
)
\c@part=\count185
\c@section=\count186
\c@subsection=\count187
\c@subsubsection=\count188
\c@paragraph=\count189
\c@subparagraph=\count190
\c@figure=\count191
\c@table=\count192
\abovecaptionskip=\skip47
\belowcaptionskip=\skip48
\bibindent=\dimen138
)
(/usr/share/texlive/texmf-dist/tex/latex/graphics/graphicx.sty
Package: graphicx 2021/09/16 v1.2d Enhanced LaTeX Graphics (DPC,SPQR)

(/usr/share/texlive/texmf-dist/tex/latex/graphics/keyval.sty
Package: keyval 2014/10/28 v1.15 key=value parser (DPC)
\KV@toks@=\toks16
)
(/usr/share/texlive/texmf-dist/tex/latex/graphics/graphics.sty
Package: graphics 2021/03/04 v1.4d Standard LaTeX Graphics (DPC,SPQR)

(/usr/share/texlive/texmf-dist/tex/latex/graphics/trig.sty
Package: trig 2021/08/11 v1.11 sin cos tan (DPC)
)
(/usr/share/texlive/texmf-dist/tex/latex/graphics-cfg/graphics.cfg
File: graphics.cfg 2016/06/04 v1.11 sample graphics configuration
)
Package graphics Info: Driver file: pdftex.def on input line 107.

(/usr/share/texlive/texmf-dist/tex/latex/graphics-def/pdftex.def
File: pdftex.def 2020/10/05 v1.2a Graphics/color driver for pdftex
))
\Gin@req@height=\dimen139
\Gin@req@width=\dimen140
)
(/usr/share/texlive/texmf-dist/tex/latex/geometry/geometry.sty
Package: geometry 2020/01/02 v5.9 Page Geometry

(/usr/share/texlive/texmf-dist/tex/generic/iftex/ifvtex.sty
Package: ifvtex 2019/10/25 v1.7 ifvtex legacy package. Use iftex instead.

(/usr/share/texlive/texmf-dist/tex/generic/iftex/iftex.sty
Package: iftex 2020/03/06 v1.0d TeX engine tests
))
\Gm@cnth=\count193
\Gm@cntv=\count194
\c@Gm@tempcnt=\count195
\Gm@bindingoffset=\dimen141
\Gm@wd@mp=\dimen142
\Gm@odd@mp=\dimen143
\Gm@even@mp=\dimen144
\Gm@layoutwidth=\dimen145
\Gm@layoutheight=\dimen146
\Gm@layouthoffset=\dimen147
\Gm@layoutvoffset=\dimen148
\Gm@dimlist=\toks17
)
(/usr/share/texlive/texmf-dist/tex/latex/amsmath/amsmath.sty
Package: amsmath 2021/10/15 v2.17l AMS math features
\@mathmargin=\skip49

For additional information on amsmath, use the `?' option.
(/usr/share/texlive/texmf-dist/tex/latex/amsmath/amstext.sty
Package: amstext 2021/08/26 v2.01 AMS text

(/usr/share/texlive/texmf-dist/tex/latex/amsmath/amsgen.sty
File: amsgen.sty 1999/11/30 v2.0 generic functions
\@emptytoks=\toks18
\ex@=\dimen149
))
(/usr/share/texlive/texmf-dist/tex/latex/amsmath/amsbsy.sty
Package: amsbsy 1999/11/29 v1.2d Bold Symbols
\pmbraise@=\dimen150
)
(/usr/share/texlive/texmf-dist/tex/latex/amsmath/amsopn.sty
Package: amsopn 2021/08/26 v2.02 operator names
)
\inf@bad=\count196
LaTeX Info: Redefining \frac on input line 234.
\uproot@=\count197
\leftroot@=\count198
LaTeX Info: Redefining \overline on input line 399.
\classnum@=\count199
\DOTSCASE@=\count266
LaTeX Info: Redefining \ldots on input line 496.
LaTeX Info: Redefining \dots on input line 499.
LaTeX Info: Redefining \cdots on input line 620.
\Mathstrutbox@=\box50
\strutbox@=\box51
\big@size=\dimen151
LaTeX Font Info:    Redeclaring font encoding OML on input line 743.
LaTeX Font Info:    Redeclaring font encoding OMS on input line 744.
\macc@depth=\count267
\c@MaxMatrixCols=\count268
\dotsspace@=\muskip16
\c@parentequation=\count269
\dspbrk@lvl=\count270
\tag@help=\toks19
\row@=\count271
\column@=\count272
\maxfields@=\count273
\andhelp@=\toks20
\eqnshift@=\dimen152
\alignsep@=\dimen153
\tagshift@=\dimen154
\tagwidth@=\dimen155
\totwidth@=\dimen156
\lineht@=\dimen157
\@envbody=\toks21
\multlinegap=\skip50
\multlinetaggap=\skip51
\mathdisplay@stack=\toks22
LaTeX Info: Redefining \[ on input line 2938.
LaTeX Info: Redefining \] on input line 2939.
)
(/usr/share/texlive/texmf-dist/tex/latex/amsfonts/amssymb.sty
Package: amssymb 2013/01/14 v3.01 AMS font symbols

(/usr/share/texlive/texmf-dist/tex/latex/amsfonts/amsfonts.sty
Package: amsfonts 2013/01/14 v3.01 Basic AMSFonts support
\symAMSa=\mathgroup4
\symAMSb=\mathgroup5
LaTeX Font Info:    Redeclaring math symbol \hbar on input line 98.
LaTeX Font Info:    Overwriting math alphabet `\mathfrak' in version `bold'
(Font)                  U/euf/m/n --> U/euf/b/n on input line 106.
))
(/usr/share/texlive/texmf-dist/tex/latex/base/fontenc.sty
Package: fontenc 2021/04/29 v2.0v Standard LaTeX package
)
(/usr/share/texlive/texmf-dist/tex/latex/listings/listings.sty
\lst@mode=\count274
\lst@gtempboxa=\box52
\lst@token=\toks23
\lst@length=\count275
\lst@currlwidth=\dimen158
\lst@column=\count276
\lst@pos=\count277
\lst@lostspace=\dimen159
\lst@width=\dimen160
\lst@newlines=\count278
\lst@lineno=\count279
\lst@maxwidth=\dimen161

(/usr/share/texlive/texmf-dist/tex/latex/listings/lstmisc.sty
File: lstmisc.sty 2020/03/24 1.8d (Carsten Heinz)
\c@lstnumber=\count280
\lst@skipnumbers=\count281
\lst@framebox=\box53
)
(/usr/share/texlive/texmf-dist/tex/latex/listings/listings.cfg
File: listings.cfg 2020/03/24 1.8d listings configuration
))
Package: listings 2020/03/24 1.8d (Carsten Heinz)

(/usr/share/texlive/texmf-dist/tex/latex/tools/bm.sty
Package: bm 2021/04/25 v1.2e Bold Symbol Support (DPC/FMi)
\symboldoperators=\mathgroup6
\symboldletters=\mathgroup7
\symboldsymbols=\mathgroup8
Package bm Info: No bold for \OMX/cmex/m/n, using \pmb.
Package bm Info: No bold for \U/msa/m/n, using \pmb.
Package bm Info: No bold for \U/msb/m/n, using \pmb.
LaTeX Font Info:    Redeclaring math alphabet \mathbf on input line 149.
)
(/usr/share/texlive/texmf-dist/tex/latex/hyperref/hyperref.sty
Package: hyperref 2021-06-07 v7.00m Hypertext links for LaTeX

(/usr/share/texlive/texmf-dist/tex/generic/ltxcmds/ltxcmds.sty
Package: ltxcmds 2020-05-10 v1.25 LaTeX kernel commands for general use (HO)
)
(/usr/share/texlive/texmf-dist/tex/generic/pdftexcmds/pdftexcmds.sty
Package: pdftexcmds 2020-06-27 v0.33 Utility functions of pdfTeX for LuaTeX (HO
)

(/usr/share/texlive/texmf-dist/tex/generic/infwarerr/infwarerr.sty
Package: infwarerr 2019/12/03 v1.5 Providing info/warning/error messages (HO)
)
Package pdftexcmds Info: \pdf@primitive is available.
Package pdftexcmds Info: \pdf@ifprimitive is available.
Package pdftexcmds Info: \pdfdraftmode found.
)
(/usr/share/texlive/texmf-dist/tex/generic/kvsetkeys/kvsetkeys.sty
Package: kvsetkeys 2019/12/15 v1.18 Key value parser (HO)
)
(/usr/share/texlive/texmf-dist/tex/generic/kvdefinekeys/kvdefinekeys.sty
Package: kvdefinekeys 2019-12-19 v1.6 Define keys (HO)
)
(/usr/share/texlive/texmf-dist/tex/generic/pdfescape/pdfescape.sty
Package: pdfescape 2019/12/09 v1.15 Implements pdfTeX's escape features (HO)
)
(/usr/share/texlive/texmf-dist/tex/latex/hycolor/hycolor.sty
Package: hycolor 2020-01-27 v1.10 Color options for hyperref/bookmark (HO)
)
(/usr/share/texlive/texmf-dist/tex/latex/letltxmacro/letltxmacro.sty
Package: letltxmacro 2019/12/03 v1.6 Let assignment for LaTeX macros (HO)
)
(/usr/share/texlive/texmf-dist/tex/latex/auxhook/auxhook.sty
Package: auxhook 2019-12-17 v1.6 Hooks for auxiliary files (HO)
)
(/usr/share/texlive/texmf-dist/tex/latex/kvoptions/kvoptions.sty
Package: kvoptions 2020-10-07 v3.14 Key value format for package options (HO)
)
\@linkdim=\dimen162
\Hy@linkcounter=\count282
\Hy@pagecounter=\count283

(/usr/share/texlive/texmf-dist/tex/latex/hyperref/pd1enc.def
File: pd1enc.def 2021-06-07 v7.00m Hyperref: PDFDocEncoding definition (HO)
Now handling font encoding PD1 ...
... no UTF-8 mapping file for font encoding PD1
)
(/usr/share/texlive/texmf-dist/tex/latex/hyperref/hyperref-langpatches.def
File: hyperref-langpatches.def 2021-06-07 v7.00m Hyperref: patches for babel la
nguages
)
(/usr/share/texlive/texmf-dist/tex/generic/intcalc/intcalc.sty
Package: intcalc 2019/12/15 v1.3 Expandable calculations with integers (HO)
)
(/usr/share/texlive/texmf-dist/tex/generic/etexcmds/etexcmds.sty
Package: etexcmds 2019/12/15 v1.7 Avoid name clashes with e-TeX commands (HO)
)
\Hy@SavedSpaceFactor=\count284

(/usr/share/texlive/texmf-dist/tex/latex/hyperref/puenc.def
File: puenc.def 2021-06-07 v7.00m Hyperref: PDF Unicode definition (HO)
Now handling font encoding PU ...
... no UTF-8 mapping file for font encoding PU
)
Package hyperref Info: Hyper figures OFF on input line 4192.
Package hyperref Info: Link nesting OFF on input line 4197.
Package hyperref Info: Hyper index ON on input line 4200.
Package hyperref Info: Plain pages OFF on input line 4207.
Package hyperref Info: Backreferencing OFF on input line 4212.
Package hyperref Info: Implicit mode ON; LaTeX internals redefined.
Package hyperref Info: Bookmarks ON on input line 4445.
\c@Hy@tempcnt=\count285

(/usr/share/texlive/texmf-dist/tex/latex/url/url.sty
\Urlmuskip=\muskip17
Package: url 2013/09/16  ver 3.4  Verb mode for urls, etc.
)
LaTeX Info: Redefining \url on input line 4804.
\XeTeXLinkMargin=\dimen163

(/usr/share/texlive/texmf-dist/tex/generic/bitset/bitset.sty
Package: bitset 2019/12/09 v1.3 Handle bit-vector datatype (HO)

(/usr/share/texlive/texmf-dist/tex/generic/bigintcalc/bigintcalc.sty
Package: bigintcalc 2019/12/15 v1.5 Expandable calculations on big integers (HO
)
))
\Fld@menulength=\count286
\Field@Width=\dimen164
\Fld@charsize=\dimen165
Package hyperref Info: Hyper figures OFF on input line 6076.
Package hyperref Info: Link nesting OFF on input line 6081.
Package hyperref Info: Hyper index ON on input line 6084.
Package hyperref Info: backreferencing OFF on input line 6091.
Package hyperref Info: Link coloring OFF on input line 6096.
Package hyperref Info: Link coloring with OCG OFF on input line 6101.
Package hyperref Info: PDF/A mode OFF on input line 6106.
LaTeX Info: Redefining \ref on input line 6146.
LaTeX Info: Redefining \pageref on input line 6150.

(/usr/share/texlive/texmf-dist/tex/latex/base/atbegshi-ltx.sty
Package: atbegshi-ltx 2021/01/10 v1.0c Emulation of the original atbegshi
package with kernel methods
)
\Hy@abspage=\count287
\c@Item=\count288
\c@Hfootnote=\count289
)
Package hyperref Info: Driver (autodetected): hpdftex.

(/usr/share/texlive/texmf-dist/tex/latex/hyperref/hpdftex.def
File: hpdftex.def 2021-06-07 v7.00m Hyperref driver for pdfTeX

(/usr/share/texlive/texmf-dist/tex/latex/base/atveryend-ltx.sty
Package: atveryend-ltx 2020/08/19 v1.0a Emulation of the original atveryend pac
kage
with kernel methods
)
\Fld@listcount=\count290
\c@bookmark@seq@number=\count291

(/usr/share/texlive/texmf-dist/tex/latex/rerunfilecheck/rerunfilecheck.sty
Package: rerunfilecheck 2019/12/05 v1.9 Rerun checks for auxiliary files (HO)

(/usr/share/texlive/texmf-dist/tex/generic/uniquecounter/uniquecounter.sty
Package: uniquecounter 2019/12/15 v1.4 Provide unlimited unique counter (HO)
)
Package uniquecounter Info: New unique counter `rerunfilecheck' on input line 2
86.
)
\Hy@SectionHShift=\skip52
)
(/usr/share/texlive/texmf-dist/tex/latex/setspace/setspace.sty
Package: setspace 2011/12/19 v6.7a set line spacing
)
(/usr/share/texlive/texmf-dist/tex/latex/graphics/color.sty
Package: color 2021/12/07 v1.3c Standard LaTeX Color (DPC)

(/usr/share/texlive/texmf-dist/tex/latex/graphics-cfg/color.cfg
File: color.cfg 2016/01/02 v1.6 sample color configuration
)
Package color Info: Driver file: pdftex.def on input line 149.
)
(/usr/share/texlive/texmf-dist/tex/latex/base/inputenc.sty
Package: inputenc 2021/02/14 v1.3d Input encoding file
\inpenc@prehook=\toks24
\inpenc@posthook=\toks25
)
(/usr/share/texlive/texmf-dist/tex/latex/psfrag/psfrag.sty
Package: psfrag 1998/04/11 v3.04 PSfrag (MCG)
\pfg@pcount=\count292
\pfg@scount=\count293
\pfg@temp=\write3
)
(/usr/share/texlive/texmf-dist/tex/latex/fancyhdr/fancyhdr.sty
Package: fancyhdr 2021/01/28 v4.0.1 Extensive control of page headers and foote
rs
\f@nch@headwidth=\skip53
\f@nch@O@elh=\skip54
\f@nch@O@erh=\skip55
\f@nch@O@olh=\skip56
\f@nch@O@orh=\skip57
\f@nch@O@elf=\skip58
\f@nch@O@erf=\skip59
\f@nch@O@olf=\skip60
\f@nch@O@orf=\skip61
)
(/usr/share/texlive/texmf-dist/tex/latex/xcolor/xcolor.sty
Package: xcolor 2021/10/31 v2.13 LaTeX color extensions (UK)

(/usr/share/texlive/texmf-dist/tex/latex/graphics-cfg/color.cfg
File: color.cfg 2016/01/02 v1.6 sample color configuration
)
Package xcolor Info: Driver file: pdftex.def on input line 227.
LaTeX Info: Redefining \color on input line 711.
Package xcolor Info: Model `cmy' substituted by `cmy0' on input line 1352.
Package xcolor Info: Model `hsb' substituted by `rgb' on input line 1356.
Package xcolor Info: Model `RGB' extended on input line 1368.
Package xcolor Info: Model `HTML' substituted by `rgb' on input line 1370.
Package xcolor Info: Model `Hsb' substituted by `hsb' on input line 1371.
Package xcolor Info: Model `tHsb' substituted by `hsb' on input line 1372.
Package xcolor Info: Model `HSB' substituted by `hsb' on input line 1373.
Package xcolor Info: Model `Gray' substituted by `gray' on input line 1374.
Package xcolor Info: Model `wave' substituted by `hsb' on input line 1375.
)
(/usr/share/texlive/texmf-dist/tex/latex/lineno/lineno.sty
Package: lineno 2005/11/02 line numbers on paragraphs v4.41
\linenopenalty=\count294
\output=\toks26
\linenoprevgraf=\count295
\linenumbersep=\dimen166
\linenumberwidth=\dimen167
\c@linenumber=\count296
\c@pagewiselinenumber=\count297
\c@LN@truepage=\count298
\c@internallinenumber=\count299
\c@internallinenumbers=\count300
\quotelinenumbersep=\dimen168
\bframerule=\dimen169
\bframesep=\dimen170
\bframebox=\box54
LaTeX Info: Redefining \\ on input line 3056.
)
(/usr/share/texlive/texmf-dist/tex/latex/physics/physics.sty
Package: physics 

(/usr/share/texlive/texmf-dist/tex/latex/l3packages/xparse/xparse.sty
(/usr/share/texlive/texmf-dist/tex/latex/l3kernel/expl3.sty
Package: expl3 2022-01-21 L3 programming layer (loader) 

(/usr/share/texlive/texmf-dist/tex/latex/l3backend/l3backend-pdftex.def
File: l3backend-pdftex.def 2022-01-12 L3 backend support: PDF output (pdfTeX)
\l__color_backend_stack_int=\count301
\l__pdf_internal_box=\box55
))
Package: xparse 2022-01-12 L3 Experimental document command parser
))
(/usr/share/texlive/texmf-dist/tex/latex/apacite/apacite.sty
Package: apacite 2013/07/21 v6.03 APA citation
\c@BibCnt=\count302
\bibleftmargin=\skip62
\bibindent=\skip63
\bibparsep=\skip64
\bibitemsep=\skip65
\biblabelsep=\skip66
)
(/usr/share/texlive/texmf-dist/tex/latex/doublestroke/dsfont.sty
Package: dsfont 1995/08/01 v0.1 Double stroke roman fonts
)
(/usr/share/texlive/texmf-dist/tex/latex/pgfgantt/pgfgantt.sty
Package: pgfgantt 2018/01/10 v5.0 Draw Gantt diagrams with TikZ

(/usr/share/texlive/texmf-dist/tex/latex/pgf/frontendlayer/tikz.sty
(/usr/share/texlive/texmf-dist/tex/latex/pgf/basiclayer/pgf.sty
(/usr/share/texlive/texmf-dist/tex/latex/pgf/utilities/pgfrcs.sty
(/usr/share/texlive/texmf-dist/tex/generic/pgf/utilities/pgfutil-common.tex
\pgfutil@everybye=\toks27
\pgfutil@tempdima=\dimen171
\pgfutil@tempdimb=\dimen172

(/usr/share/texlive/texmf-dist/tex/generic/pgf/utilities/pgfutil-common-lists.t
ex)) (/usr/share/texlive/texmf-dist/tex/generic/pgf/utilities/pgfutil-latex.def
\pgfutil@abb=\box56
) (/usr/share/texlive/texmf-dist/tex/generic/pgf/utilities/pgfrcs.code.tex
(/usr/share/texlive/texmf-dist/tex/generic/pgf/pgf.revision.tex)
Package: pgfrcs 2021/05/15 v3.1.9a (3.1.9a)
))
Package: pgf 2021/05/15 v3.1.9a (3.1.9a)

(/usr/share/texlive/texmf-dist/tex/latex/pgf/basiclayer/pgfcore.sty
(/usr/share/texlive/texmf-dist/tex/latex/pgf/systemlayer/pgfsys.sty
(/usr/share/texlive/texmf-dist/tex/generic/pgf/systemlayer/pgfsys.code.tex
Package: pgfsys 2021/05/15 v3.1.9a (3.1.9a)

(/usr/share/texlive/texmf-dist/tex/generic/pgf/utilities/pgfkeys.code.tex
\pgfkeys@pathtoks=\toks28
\pgfkeys@temptoks=\toks29

(/usr/share/texlive/texmf-dist/tex/generic/pgf/utilities/pgfkeysfiltered.code.t
ex
\pgfkeys@tmptoks=\toks30
))
\pgf@x=\dimen173
\pgf@y=\dimen174
\pgf@xa=\dimen175
\pgf@ya=\dimen176
\pgf@xb=\dimen177
\pgf@yb=\dimen178
\pgf@xc=\dimen179
\pgf@yc=\dimen180
\pgf@xd=\dimen181
\pgf@yd=\dimen182
\w@pgf@writea=\write4
\r@pgf@reada=\read2
\c@pgf@counta=\count303
\c@pgf@countb=\count304
\c@pgf@countc=\count305
\c@pgf@countd=\count306
\t@pgf@toka=\toks31
\t@pgf@tokb=\toks32
\t@pgf@tokc=\toks33
\pgf@sys@id@count=\count307
 (/usr/share/texlive/texmf-dist/tex/generic/pgf/systemlayer/pgf.cfg
File: pgf.cfg 2021/05/15 v3.1.9a (3.1.9a)
)
Driver file for pgf: pgfsys-pdftex.def

(/usr/share/texlive/texmf-dist/tex/generic/pgf/systemlayer/pgfsys-pdftex.def
File: pgfsys-pdftex.def 2021/05/15 v3.1.9a (3.1.9a)

(/usr/share/texlive/texmf-dist/tex/generic/pgf/systemlayer/pgfsys-common-pdf.de
f
File: pgfsys-common-pdf.def 2021/05/15 v3.1.9a (3.1.9a)
)))
(/usr/share/texlive/texmf-dist/tex/generic/pgf/systemlayer/pgfsyssoftpath.code.
tex
File: pgfsyssoftpath.code.tex 2021/05/15 v3.1.9a (3.1.9a)
\pgfsyssoftpath@smallbuffer@items=\count308
\pgfsyssoftpath@bigbuffer@items=\count309
)
(/usr/share/texlive/texmf-dist/tex/generic/pgf/systemlayer/pgfsysprotocol.code.
tex
File: pgfsysprotocol.code.tex 2021/05/15 v3.1.9a (3.1.9a)
))
(/usr/share/texlive/texmf-dist/tex/generic/pgf/basiclayer/pgfcore.code.tex
Package: pgfcore 2021/05/15 v3.1.9a (3.1.9a)

(/usr/share/texlive/texmf-dist/tex/generic/pgf/math/pgfmath.code.tex
(/usr/share/texlive/texmf-dist/tex/generic/pgf/math/pgfmathcalc.code.tex
(/usr/share/texlive/texmf-dist/tex/generic/pgf/math/pgfmathutil.code.tex)
(/usr/share/texlive/texmf-dist/tex/generic/pgf/math/pgfmathparser.code.tex
\pgfmath@dimen=\dimen183
\pgfmath@count=\count310
\pgfmath@box=\box57
\pgfmath@toks=\toks34
\pgfmath@stack@operand=\toks35
\pgfmath@stack@operation=\toks36
)
(/usr/share/texlive/texmf-dist/tex/generic/pgf/math/pgfmathfunctions.code.tex
(/usr/share/texlive/texmf-dist/tex/generic/pgf/math/pgfmathfunctions.basic.code
.tex)
(/usr/share/texlive/texmf-dist/tex/generic/pgf/math/pgfmathfunctions.trigonomet
ric.code.tex)
(/usr/share/texlive/texmf-dist/tex/generic/pgf/math/pgfmathfunctions.random.cod
e.tex)
(/usr/share/texlive/texmf-dist/tex/generic/pgf/math/pgfmathfunctions.comparison
.code.tex)
(/usr/share/texlive/texmf-dist/tex/generic/pgf/math/pgfmathfunctions.base.code.
tex)
(/usr/share/texlive/texmf-dist/tex/generic/pgf/math/pgfmathfunctions.round.code
.tex)
(/usr/share/texlive/texmf-dist/tex/generic/pgf/math/pgfmathfunctions.misc.code.
tex)
(/usr/share/texlive/texmf-dist/tex/generic/pgf/math/pgfmathfunctions.integerari
thmetics.code.tex)))
(/usr/share/texlive/texmf-dist/tex/generic/pgf/math/pgfmathfloat.code.tex
\c@pgfmathroundto@lastzeros=\count311
))
(/usr/share/texlive/texmf-dist/tex/generic/pgf/math/pgfint.code.tex)
(/usr/share/texlive/texmf-dist/tex/generic/pgf/basiclayer/pgfcorepoints.code.te
x
File: pgfcorepoints.code.tex 2021/05/15 v3.1.9a (3.1.9a)
\pgf@picminx=\dimen184
\pgf@picmaxx=\dimen185
\pgf@picminy=\dimen186
\pgf@picmaxy=\dimen187
\pgf@pathminx=\dimen188
\pgf@pathmaxx=\dimen189
\pgf@pathminy=\dimen190
\pgf@pathmaxy=\dimen191
\pgf@xx=\dimen192
\pgf@xy=\dimen193
\pgf@yx=\dimen194
\pgf@yy=\dimen195
\pgf@zx=\dimen196
\pgf@zy=\dimen197
)
(/usr/share/texlive/texmf-dist/tex/generic/pgf/basiclayer/pgfcorepathconstruct.
code.tex
File: pgfcorepathconstruct.code.tex 2021/05/15 v3.1.9a (3.1.9a)
\pgf@path@lastx=\dimen198
\pgf@path@lasty=\dimen199
)
(/usr/share/texlive/texmf-dist/tex/generic/pgf/basiclayer/pgfcorepathusage.code
.tex
File: pgfcorepathusage.code.tex 2021/05/15 v3.1.9a (3.1.9a)
\pgf@shorten@end@additional=\dimen256
\pgf@shorten@start@additional=\dimen257
)
(/usr/share/texlive/texmf-dist/tex/generic/pgf/basiclayer/pgfcorescopes.code.te
x
File: pgfcorescopes.code.tex 2021/05/15 v3.1.9a (3.1.9a)
\pgfpic=\box58
\pgf@hbox=\box59
\pgf@layerbox@main=\box60
\pgf@picture@serial@count=\count312
)
(/usr/share/texlive/texmf-dist/tex/generic/pgf/basiclayer/pgfcoregraphicstate.c
ode.tex
File: pgfcoregraphicstate.code.tex 2021/05/15 v3.1.9a (3.1.9a)
\pgflinewidth=\dimen258
)
(/usr/share/texlive/texmf-dist/tex/generic/pgf/basiclayer/pgfcoretransformation
s.code.tex
File: pgfcoretransformations.code.tex 2021/05/15 v3.1.9a (3.1.9a)
\pgf@pt@x=\dimen259
\pgf@pt@y=\dimen260
\pgf@pt@temp=\dimen261
)
(/usr/share/texlive/texmf-dist/tex/generic/pgf/basiclayer/pgfcorequick.code.tex
File: pgfcorequick.code.tex 2021/05/15 v3.1.9a (3.1.9a)
)
(/usr/share/texlive/texmf-dist/tex/generic/pgf/basiclayer/pgfcoreobjects.code.t
ex
File: pgfcoreobjects.code.tex 2021/05/15 v3.1.9a (3.1.9a)
)
(/usr/share/texlive/texmf-dist/tex/generic/pgf/basiclayer/pgfcorepathprocessing
.code.tex
File: pgfcorepathprocessing.code.tex 2021/05/15 v3.1.9a (3.1.9a)
)
(/usr/share/texlive/texmf-dist/tex/generic/pgf/basiclayer/pgfcorearrows.code.te
x
File: pgfcorearrows.code.tex 2021/05/15 v3.1.9a (3.1.9a)
\pgfarrowsep=\dimen262
)
(/usr/share/texlive/texmf-dist/tex/generic/pgf/basiclayer/pgfcoreshade.code.tex
File: pgfcoreshade.code.tex 2021/05/15 v3.1.9a (3.1.9a)
\pgf@max=\dimen263
\pgf@sys@shading@range@num=\count313
\pgf@shadingcount=\count314
)
(/usr/share/texlive/texmf-dist/tex/generic/pgf/basiclayer/pgfcoreimage.code.tex
File: pgfcoreimage.code.tex 2021/05/15 v3.1.9a (3.1.9a)

(/usr/share/texlive/texmf-dist/tex/generic/pgf/basiclayer/pgfcoreexternal.code.
tex
File: pgfcoreexternal.code.tex 2021/05/15 v3.1.9a (3.1.9a)
\pgfexternal@startupbox=\box61
))
(/usr/share/texlive/texmf-dist/tex/generic/pgf/basiclayer/pgfcorelayers.code.te
x
File: pgfcorelayers.code.tex 2021/05/15 v3.1.9a (3.1.9a)
)
(/usr/share/texlive/texmf-dist/tex/generic/pgf/basiclayer/pgfcoretransparency.c
ode.tex
File: pgfcoretransparency.code.tex 2021/05/15 v3.1.9a (3.1.9a)
)
(/usr/share/texlive/texmf-dist/tex/generic/pgf/basiclayer/pgfcorepatterns.code.
tex
File: pgfcorepatterns.code.tex 2021/05/15 v3.1.9a (3.1.9a)
)
(/usr/share/texlive/texmf-dist/tex/generic/pgf/basiclayer/pgfcorerdf.code.tex
File: pgfcorerdf.code.tex 2021/05/15 v3.1.9a (3.1.9a)
)))
(/usr/share/texlive/texmf-dist/tex/generic/pgf/modules/pgfmoduleshapes.code.tex
File: pgfmoduleshapes.code.tex 2021/05/15 v3.1.9a (3.1.9a)
\pgfnodeparttextbox=\box62
) (/usr/share/texlive/texmf-dist/tex/generic/pgf/modules/pgfmoduleplot.code.tex
File: pgfmoduleplot.code.tex 2021/05/15 v3.1.9a (3.1.9a)
)
(/usr/share/texlive/texmf-dist/tex/latex/pgf/compatibility/pgfcomp-version-0-65
.sty
Package: pgfcomp-version-0-65 2021/05/15 v3.1.9a (3.1.9a)
\pgf@nodesepstart=\dimen264
\pgf@nodesepend=\dimen265
)
(/usr/share/texlive/texmf-dist/tex/latex/pgf/compatibility/pgfcomp-version-1-18
.sty
Package: pgfcomp-version-1-18 2021/05/15 v3.1.9a (3.1.9a)
)) (/usr/share/texlive/texmf-dist/tex/latex/pgf/utilities/pgffor.sty
(/usr/share/texlive/texmf-dist/tex/latex/pgf/utilities/pgfkeys.sty
(/usr/share/texlive/texmf-dist/tex/generic/pgf/utilities/pgfkeys.code.tex))
(/usr/share/texlive/texmf-dist/tex/latex/pgf/math/pgfmath.sty
(/usr/share/texlive/texmf-dist/tex/generic/pgf/math/pgfmath.code.tex))
(/usr/share/texlive/texmf-dist/tex/generic/pgf/utilities/pgffor.code.tex
Package: pgffor 2021/05/15 v3.1.9a (3.1.9a)

(/usr/share/texlive/texmf-dist/tex/generic/pgf/math/pgfmath.code.tex)
\pgffor@iter=\dimen266
\pgffor@skip=\dimen267
\pgffor@stack=\toks37
\pgffor@toks=\toks38
))
(/usr/share/texlive/texmf-dist/tex/generic/pgf/frontendlayer/tikz/tikz.code.tex
Package: tikz 2021/05/15 v3.1.9a (3.1.9a)

(/usr/share/texlive/texmf-dist/tex/generic/pgf/libraries/pgflibraryplothandlers
.code.tex
File: pgflibraryplothandlers.code.tex 2021/05/15 v3.1.9a (3.1.9a)
\pgf@plot@mark@count=\count315
\pgfplotmarksize=\dimen268
)
\tikz@lastx=\dimen269
\tikz@lasty=\dimen270
\tikz@lastxsaved=\dimen271
\tikz@lastysaved=\dimen272
\tikz@lastmovetox=\dimen273
\tikz@lastmovetoy=\dimen274
\tikzleveldistance=\dimen275
\tikzsiblingdistance=\dimen276
\tikz@figbox=\box63
\tikz@figbox@bg=\box64
\tikz@tempbox=\box65
\tikz@tempbox@bg=\box66
\tikztreelevel=\count316
\tikznumberofchildren=\count317
\tikznumberofcurrentchild=\count318
\tikz@fig@count=\count319

(/usr/share/texlive/texmf-dist/tex/generic/pgf/modules/pgfmodulematrix.code.tex
File: pgfmodulematrix.code.tex 2021/05/15 v3.1.9a (3.1.9a)
\pgfmatrixcurrentrow=\count320
\pgfmatrixcurrentcolumn=\count321
\pgf@matrix@numberofcolumns=\count322
)
\tikz@expandcount=\count323

(/usr/share/texlive/texmf-dist/tex/generic/pgf/frontendlayer/tikz/libraries/tik
zlibrarytopaths.code.tex
File: tikzlibrarytopaths.code.tex 2021/05/15 v3.1.9a (3.1.9a)
)))
(/usr/share/texlive/texmf-dist/tex/generic/pgf/frontendlayer/tikz/libraries/tik
zlibraryarrows.code.tex
File: tikzlibraryarrows.code.tex 2021/05/15 v3.1.9a (3.1.9a)

(/usr/share/texlive/texmf-dist/tex/generic/pgf/libraries/pgflibraryarrows.code.
tex
File: pgflibraryarrows.code.tex 2021/05/15 v3.1.9a (3.1.9a)
\arrowsize=\dimen277
))
(/usr/share/texlive/texmf-dist/tex/generic/pgf/frontendlayer/tikz/libraries/tik
zlibrarybackgrounds.code.tex
File: tikzlibrarybackgrounds.code.tex 2021/05/15 v3.1.9a (3.1.9a)
\pgf@layerbox@background=\box67
\pgf@layerboxsaved@background=\box68
)
(/usr/share/texlive/texmf-dist/tex/generic/pgf/frontendlayer/tikz/libraries/tik
zlibrarycalc.code.tex
File: tikzlibrarycalc.code.tex 2021/05/15 v3.1.9a (3.1.9a)
)
(/usr/share/texlive/texmf-dist/tex/generic/pgf/frontendlayer/tikz/libraries/tik
zlibrarypatterns.code.tex
File: tikzlibrarypatterns.code.tex 2021/05/15 v3.1.9a (3.1.9a)

(/usr/share/texlive/texmf-dist/tex/generic/pgf/libraries/pgflibrarypatterns.cod
e.tex
File: pgflibrarypatterns.code.tex 2021/05/15 v3.1.9a (3.1.9a)
))
(/usr/share/texlive/texmf-dist/tex/generic/pgf/frontendlayer/tikz/libraries/tik
zlibrarypositioning.code.tex
File: tikzlibrarypositioning.code.tex 2021/05/15 v3.1.9a (3.1.9a)
)
(/usr/share/texlive/texmf-dist/tex/generic/pgf/frontendlayer/tikz/libraries/tik
zlibraryshapes.geometric.code.tex
File: tikzlibraryshapes.geometric.code.tex 2021/05/15 v3.1.9a (3.1.9a)

(/usr/share/texlive/texmf-dist/tex/generic/pgf/libraries/shapes/pgflibraryshape
s.geometric.code.tex
File: pgflibraryshapes.geometric.code.tex 2021/05/15 v3.1.9a (3.1.9a)
))
(/usr/share/texlive/texmf-dist/tex/latex/pgf/utilities/pgfcalendar.sty
(/usr/share/texlive/texmf-dist/tex/generic/pgf/utilities/pgfcalendar.code.tex
File: pgfcalendar.code.tex 2021/05/15 v3.1.9a (3.1.9a)

(/usr/share/texlive/texmf-dist/tex/generic/pgf/math/pgfint.code.tex)
\pgfcalendarcurrentjulian=\count324
\pgf@cal@easter@Y=\count325
\pgf@cal@easter@G=\count326
\pgf@cal@easter@C=\count327
\pgf@cal@easter@X=\count328
\pgf@cal@easter@Z=\count329
\pgf@cal@easter@D=\count330
\pgf@cal@easter@E=\count331
\pgf@cal@easter@N=\count332
\pgf@cal@easter@M=\count333
\pgf@cal@easter@julianday=\count334
))
\gtt@currentline=\count335
\gtt@lasttitleline=\count336
\gtt@currgrid=\count337
\gtt@chartwidth=\count338
\gtt@lasttitleslot=\count339
\gtt@elementid=\count340
\gtt@today@slot=\count341
\gtt@startjulian=\count342
\gtt@endjulian=\count343
\gtt@chartid=\count344
\gtt@vrule@slot=\count345
\gtt@calendar@slots=\count346
\gtt@calendar@weeknumber=\count347
\gtt@calendar@startofweek=\count348
\gtt@left@slot=\count349
\gtt@right@slot=\count350
)
(/usr/share/texlive/texmf-dist/tex/latex/bbm-macros/bbm.sty
Package: bbm 1999/03/15 V 1.2 provides fonts for set symbols - TH
LaTeX Font Info:    Overwriting math alphabet `\mathbbm' in version `bold'
(Font)                  U/bbm/m/n --> U/bbm/bx/n on input line 33.
LaTeX Font Info:    Overwriting math alphabet `\mathbbmss' in version `bold'
(Font)                  U/bbmss/m/n --> U/bbmss/bx/n on input line 35.
)
(/usr/share/texlive/texmf-dist/tex/latex/algorithms/algorithm.sty
Package: algorithm 2009/08/24 v0.1 Document Style `algorithm' - floating enviro
nment

(/usr/share/texlive/texmf-dist/tex/latex/float/float.sty
Package: float 2001/11/08 v1.3d Float enhancements (AL)
\c@float@type=\count351
\float@exts=\toks39
\float@box=\box69
\@float@everytoks=\toks40
\@floatcapt=\box70
)
(/usr/share/texlive/texmf-dist/tex/latex/base/ifthen.sty
Package: ifthen 2020/11/24 v1.1c Standard LaTeX ifthen package (DPC)
)
\@float@every@algorithm=\toks41
\c@algorithm=\count352
)
(/usr/share/texlive/texmf-dist/tex/latex/algorithmicx/algpseudocode.sty
Package: algpseudocode 

(/usr/share/texlive/texmf-dist/tex/latex/algorithmicx/algorithmicx.sty
Package: algorithmicx 2005/04/27 v1.2 Algorithmicx

Document Style algorithmicx 1.2 - a greatly improved `algorithmic' style
\c@ALG@line=\count353
\c@ALG@rem=\count354
\c@ALG@nested=\count355
\ALG@tlm=\skip67
\ALG@thistlm=\skip68
\c@ALG@Lnr=\count356
\c@ALG@blocknr=\count357
\c@ALG@storecount=\count358
\c@ALG@tmpcounter=\count359
\ALG@tmplength=\skip69
)
Document Style - pseudocode environments for use with the `algorithmicx' style
) (/usr/share/texlive/texmf-dist/tex/latex/wrapfig/wrapfig.sty
\wrapoverhang=\dimen278
\WF@size=\dimen279
\c@WF@wrappedlines=\count360
\WF@box=\box71
\WF@everypar=\toks42
Package: wrapfig 2003/01/31  v 3.6
)
Package hyperref Info: Option `colorlinks' set `true' on input line 36.

(/usr/share/texlive/texmf-dist/tex/latex/titlesec/titlesec.sty
Package: titlesec 2021/07/05 v2.14 Sectioning titles
\ttl@box=\box72
\beforetitleunit=\skip70
\aftertitleunit=\skip71
\ttl@plus=\dimen280
\ttl@minus=\dimen281
\ttl@toksa=\toks43
\titlewidth=\dimen282
\titlewidthlast=\dimen283
\titlewidthfirst=\dimen284
)
(./delayDiffManuscript.aux

LaTeX Warning: Label `dBdFS' multiply defined.

)
\openout1 = `delayDiffManuscript.aux'.

LaTeX Font Info:    Checking defaults for OML/cmm/m/it on input line 123.
LaTeX Font Info:    ... okay on input line 123.
LaTeX Font Info:    Checking defaults for OMS/cmsy/m/n on input line 123.
LaTeX Font Info:    ... okay on input line 123.
LaTeX Font Info:    Checking defaults for OT1/cmr/m/n on input line 123.
LaTeX Font Info:    ... okay on input line 123.
LaTeX Font Info:    Checking defaults for T1/cmr/m/n on input line 123.
LaTeX Font Info:    ... okay on input line 123.
LaTeX Font Info:    Checking defaults for TS1/cmr/m/n on input line 123.
LaTeX Font Info:    ... okay on input line 123.
LaTeX Font Info:    Checking defaults for OMX/cmex/m/n on input line 123.
LaTeX Font Info:    ... okay on input line 123.
LaTeX Font Info:    Checking defaults for U/cmr/m/n on input line 123.
LaTeX Font Info:    ... okay on input line 123.
LaTeX Font Info:    Checking defaults for PD1/pdf/m/n on input line 123.
LaTeX Font Info:    ... okay on input line 123.
LaTeX Font Info:    Checking defaults for PU/pdf/m/n on input line 123.
LaTeX Font Info:    ... okay on input line 123.
 (/usr/share/texlive/texmf-dist/tex/context/base/mkii/supp-pdf.mkii
[Loading MPS to PDF converter (version 2006.09.02).]
\scratchcounter=\count361
\scratchdimen=\dimen285
\scratchbox=\box73
\nofMPsegments=\count362
\nofMParguments=\count363
\everyMPshowfont=\toks44
\MPscratchCnt=\count364
\MPscratchDim=\dimen286
\MPnumerator=\count365
\makeMPintoPDFobject=\count366
\everyMPtoPDFconversion=\toks45
) (/usr/share/texlive/texmf-dist/tex/latex/epstopdf-pkg/epstopdf-base.sty
Package: epstopdf-base 2020-01-24 v2.11 Base part for package epstopdf
Package epstopdf-base Info: Redefining graphics rule for `.eps' on input line 4
85.

(/usr/share/texlive/texmf-dist/tex/latex/latexconfig/epstopdf-sys.cfg
File: epstopdf-sys.cfg 2010/07/13 v1.3 Configuration of (r)epstopdf for TeX Liv
e
))
*geometry* driver: auto-detecting
*geometry* detected driver: pdftex
*geometry* verbose mode - [ preamble ] result:
* driver: pdftex
* paper: <default>
* layout: <same size as paper>
* layoutoffset:(h,v)=(0.0pt,0.0pt)
* modes: 
* h-part:(L,W,R)=(72.26999pt, 469.75502pt, 72.26999pt)
* v-part:(T,H,B)=(72.26999pt, 650.43001pt, 72.26999pt)
* \paperwidth=614.295pt
* \paperheight=794.96999pt
* \textwidth=469.75502pt
* \textheight=650.43001pt
* \oddsidemargin=0.0pt
* \evensidemargin=0.0pt
* \topmargin=-37.0pt
* \headheight=12.0pt
* \headsep=25.0pt
* \topskip=12.0pt
* \footskip=14.45377pt
* \marginparwidth=44.0pt
* \marginparsep=10.0pt
* \columnsep=10.0pt
* \skip\footins=10.8pt plus 4.0pt minus 2.0pt
* \hoffset=0.0pt
* \voffset=0.0pt
* \mag=1000
* \@twocolumnfalse
* \@twosidefalse
* \@mparswitchfalse
* \@reversemarginfalse
* (1in=72.27pt=25.4mm, 1cm=28.453pt)

\c@lstlisting=\count367
Package hyperref Info: Link coloring ON on input line 123.
(/usr/share/texlive/texmf-dist/tex/latex/hyperref/nameref.sty
Package: nameref 2021-04-02 v2.47 Cross-referencing by name of section

(/usr/share/texlive/texmf-dist/tex/latex/refcount/refcount.sty
Package: refcount 2019/12/15 v3.6 Data extraction from label references (HO)
)
(/usr/share/texlive/texmf-dist/tex/generic/gettitlestring/gettitlestring.sty
Package: gettitlestring 2019/12/15 v1.6 Cleanup title references (HO)
)
\c@section@level=\count368
)
LaTeX Info: Redefining \ref on input line 123.
LaTeX Info: Redefining \pageref on input line 123.
LaTeX Info: Redefining \nameref on input line 123.

(./delayDiffManuscript.out) (./delayDiffManuscript.out)
\@outlinefile=\write5
\openout5 = `delayDiffManuscript.out'.

\c@maskedRefs=\count369

(/usr/share/texlive/texmf-dist/tex/latex/apacite/english.apc
File: english.apc 2013/07/21 v6.03 apacite language file
LaTeX Info: Redefining \BPBI on input line 129.
LaTeX Info: Redefining \BHBI on input line 130.
)
LaTeX Font Info:    Trying to load font information for T1+cmss on input line 1
36.

(/usr/share/texlive/texmf-dist/tex/latex/base/t1cmss.fd
File: t1cmss.fd 2019/12/16 v2.5j Standard LaTeX font definitions
)
LaTeX Font Info:    Trying to load font information for U+msa on input line 158
.

(/usr/share/texlive/texmf-dist/tex/latex/amsfonts/umsa.fd
File: umsa.fd 2013/01/14 v3.01 AMS symbols A
)
LaTeX Font Info:    Trying to load font information for U+msb on input line 158
.

(/usr/share/texlive/texmf-dist/tex/latex/amsfonts/umsb.fd
File: umsb.fd 2013/01/14 v3.01 AMS symbols B
) [1
Non-PDF special ignored!
<special> header=psfrag.pro

{/var/lib/texmf/fonts/map/pdftex/updmap/pdftex.map}] [2] [3

]

LaTeX Warning: Citation `schnute_general_1987' undefined on input line 295.


LaTeX Warning: Citation `fournier_length-based_1987' undefined on input line 29
5.

[4

] [5] [6] (./delayDiffManuscript.bbl
LaTeX Font Info:    Trying to load font information for T1+cmtt on input line 1
03.

(/usr/share/texlive/texmf-dist/tex/latex/base/t1cmtt.fd
File: t1cmtt.fd 2019/12/16 v2.5j Standard LaTeX font definitions
)
Underfull \hbox (badness 2012) in paragraph at lines 174--198
[]\T1/cmr/m/n/12 Fox Jr., W. W.  (1970).  An Ex-po-nen-tial Surplus-Yield Model
 for Op-ti-miz-ing
 []


Underfull \hbox (badness 4805) in paragraph at lines 174--198
\T1/cmr/m/n/12 Ex-ploited Fish Pop-u-la-tions.  \T1/cmr/m/it/12 Trans-ac-tions 
of the Amer-i-can Fish-eries So-
 []


Underfull \hbox (badness 4792) in paragraph at lines 174--198
\T1/cmr/m/it/12 ci-ety\T1/cmr/m/n/12 , \T1/cmr/m/it/12 99\T1/cmr/m/n/12 (1), 80
--88.  Re-trieved 2022-02-17, from [][]$\T1/cmtt/m/n/12 https :// onlinelibrary
 []
 []


Underfull \hbox (badness 10000) in paragraph at lines 174--198
\T1/cmtt/m/n/12 .wiley [] .com / doi / abs / 10 [] .1577 / 1548 [] -8659 % 2819
70 % 2999 % 3C80 % 3AAESMFO % 3E2 []
 []


Underfull \hbox (badness 4872) in paragraph at lines 174--198
\T1/cmtt/m/n/12 .0 [] .CO % 3B2$[][]   \T1/cmr/m/n/12 (_eprint: https://onlinel
ibrary.wiley.com/doi/pdf/10.1577/1548-
 []


Underfull \hbox (badness 10000) in paragraph at lines 174--198
\T1/cmr/m/n/12 8659%281970%2999%3C80%3AAESMFO%3E2.0.CO%3B2)  doi: $10 [] .1577 
/
 []

[7

] [8] [9])
<./plots/hakeIndex.png, id=295, 481.8pt x 481.8pt>
File: ./plots/hakeIndex.png Graphic file (type png)
<use ./plots/hakeIndex.png>
Package pdftex.def Info: ./plots/hakeIndex.png  used on input line 465.
(pdftex.def)             Requested size: 211.38832pt x 211.38246pt.
<./plots/hakeCatch.png, id=296, 481.8pt x 481.8pt>
File: ./plots/hakeCatch.png Graphic file (type png)
<use ./plots/hakeCatch.png>
Package pdftex.def Info: ./plots/hakeCatch.png  used on input line 466.
(pdftex.def)             Requested size: 211.38832pt x 211.38246pt.


LaTeX Warning: `!h' float specifier changed to `!ht'.

[10] [11pdfTeX warning (ext4): destination with the same identifier (name{figur
e.1}) has been already used, duplicate ignored
<argument> ...shipout:D \box_use:N \l_shipout_box 
                                                  \__shipout_drop_firstpage_...
l.542 
       <./plots/hakeIndex.png> <./plots/hakeCatch.png>] [12] [13]
<../ptNew/g4PT.png, id=359, 481.8pt x 481.8pt>
File: ../ptNew/g4PT.png Graphic file (type png)
<use ../ptNew/g4PT.png>
Package pdftex.def Info: ../ptNew/g4PT.png  used on input line 667.
(pdftex.def)             Requested size: 230.18253pt x 230.18066pt.

Overfull \hbox (18.7942pt too wide) in paragraph at lines 667--677
[][]
 []

[14

pdfTeX warning (ext4): destination with the same identifier (name{figure.2}) ha
s been already used, duplicate ignored
<argument> ...shipout:D \box_use:N \l_shipout_box 
                                                  \__shipout_drop_firstpage_...
l.755 \end{align}
                  <../ptNew/g4PT.png>] [15]
<../gpBias/g3.png, id=399, 481.8pt x 481.8pt>
File: ../gpBias/g3.png Graphic file (type png)
<use ../gpBias/g3.png>
Package pdftex.def Info: ../gpBias/g3.png  used on input line 910.
(pdftex.def)             Requested size: 230.18253pt x 230.18066pt.
 [16] [17pdfTeX warning (ext4): destination with the same identifier (name{figu
re.3}) has been already used, duplicate ignored
<argument> ...shipout:D \box_use:N \l_shipout_box 
                                                  \__shipout_drop_firstpage_...
l.986 \end{align}
                  <../gpBias/g3.png>] [18] [19]

LaTeX Warning: Citation `devon_lin_latin_2015' undefined on input line 1163.


LaTeX Warning: Citation `stein_large_1987' undefined on input line 1163.


LaTeX Warning: Citation `mckay_comparison_2000' undefined on input line 1165.

<../gpBias/designGrid.png, id=453, 481.8pt x 481.8pt>
File: ../gpBias/designGrid.png Graphic file (type png)
<use ../gpBias/designGrid.png>
Package pdftex.def Info: ../gpBias/designGrid.png  used on input line 1173.
(pdftex.def)             Requested size: 230.18253pt x 230.18066pt.
[20pdfTeX warning (ext4): destination with the same identifier (name{figure.4})
 has been already used, duplicate ignored
<argument> ...shipout:D \box_use:N \l_shipout_box 
                                                  \__shipout_drop_firstpage_...
l.1216 \subsubsection{PT Design}
                                 <../gpBias/designGrid.png>] [21pdfTeX warning 
(ext4): destination with the same identifier (name{figure.5}) has been already 
used, duplicate ignored
<argument> ...shipout:D \box_use:N \l_shipout_box 
                                                  \__shipout_drop_firstpage_...
l.1404 \end{align}
                  ]
<../gpBias/zeta.png, id=472, 481.8pt x 481.8pt>
File: ../gpBias/zeta.png Graphic file (type png)
<use ../gpBias/zeta.png>
Package pdftex.def Info: ../gpBias/zeta.png  used on input line 1413.
(pdftex.def)             Requested size: 234.8775pt x 234.87839pt.
 [22pdfTeX warning (ext4): destination with the same identifier (name{figure.6}
) has been already used, duplicate ignored
<argument> ...shipout:D \box_use:N \l_shipout_box 
                                                  \__shipout_drop_firstpage_...
l.1451 \clearpage
                  <../gpBias/zeta.png>]
Package hyperref Info: bookmark level for unknown algorithm defaults to 0 on in
put line 1458.

Overfull \hbox (16.66722pt too wide) in paragraph at lines 1476--1477
[] [] 
 []


LaTeX Warning: Citation `morris_exploratory_1995' undefined on input line 1614.



LaTeX Warning: Citation `johnson_minimax_1990' undefined on input line 1620.

[23

] [24]
Overfull \hbox (21.29301pt too wide) in paragraph at lines 1693--1699
[]\T1/cmr/m/n/12 Design re-fine-ment then pro-ceeds as fol-lows. An ini-tial de
-sign is com-puted, $\OML/cmm/m/it/12 X[] \OT1/cmr/m/n/12 = \OML/cmm/m/it/12 LH
S[]\OT1/cmr/m/n/12 (\OML/cmm/m/it/12 R[]\OT1/cmr/m/n/12 )$\T1/cmr/m/n/12 ,
 []

[25] [26] [27] [28]
<../ptNew/relFish.png, id=542, 481.8pt x 481.8pt>
File: ../ptNew/relFish.png Graphic file (type png)
<use ../ptNew/relFish.png>
Package pdftex.def Info: ../ptNew/relFish.png  used on input line 2033.
(pdftex.def)             Requested size: 206.69334pt x 206.6921pt.
<../ptNew/relSeries.png, id=543, 481.8pt x 481.8pt>
File: ../ptNew/relSeries.png Graphic file (type png)
<use ../ptNew/relSeries.png>
Package pdftex.def Info: ../ptNew/relSeries.png  used on input line 2035.
(pdftex.def)             Requested size: 206.69334pt x 206.6921pt.
 [29pdfTeX warning (ext4): destination with the same identifier (name{figure.7}
) has been already used, duplicate ignored
<argument> ...shipout:D \box_use:N \l_shipout_box 
                                                  \__shipout_drop_firstpage_...
l.2099 
        <../ptNew/relFish.png> <../ptNew/relSeries.png>] [30] [31] [32]

Package hyperref Warning: Token not allowed in a PDF string (Unicode):
(hyperref)                removing `math shift' on input line 2301.


Package hyperref Warning: Token not allowed in a PDF string (Unicode):
(hyperref)                removing `math shift' on input line 2301.

<../ptNew/srrCompareFlatT30X0.12Z0.573.png, id=579, 481.8pt x 481.8pt>
File: ../ptNew/srrCompareFlatT30X0.12Z0.573.png Graphic file (type png)
<use ../ptNew/srrCompareFlatT30X0.12Z0.573.png>
Package pdftex.def Info: ../ptNew/srrCompareFlatT30X0.12Z0.573.png  used on inp
ut line 2333.
(pdftex.def)             Requested size: 112.74377pt x 112.7378pt.
<../ptNew/srrCompareFlatT30X0.674Z0.599.png, id=580, 481.8pt x 481.8pt>
File: ../ptNew/srrCompareFlatT30X0.674Z0.599.png Graphic file (type png)
<use ../ptNew/srrCompareFlatT30X0.674Z0.599.png>
Package pdftex.def Info: ../ptNew/srrCompareFlatT30X0.674Z0.599.png  used on in
put line 2334.
(pdftex.def)             Requested size: 112.74377pt x 112.7378pt.
<../ptNew/srrCompareFlatT30X0.096Z0.22.png, id=581, 481.8pt x 481.8pt>
File: ../ptNew/srrCompareFlatT30X0.096Z0.22.png Graphic file (type png)
<use ../ptNew/srrCompareFlatT30X0.096Z0.22.png>
Package pdftex.def Info: ../ptNew/srrCompareFlatT30X0.096Z0.22.png  used on inp
ut line 2335.
(pdftex.def)             Requested size: 112.74377pt x 112.7378pt.
<../ptNew/srrCompareFlatT30X0.699Z0.201.png, id=582, 481.8pt x 481.8pt>
File: ../ptNew/srrCompareFlatT30X0.699Z0.201.png Graphic file (type png)
<use ../ptNew/srrCompareFlatT30X0.699Z0.201.png>
Package pdftex.def Info: ../ptNew/srrCompareFlatT30X0.699Z0.201.png  used on in
put line 2336.
(pdftex.def)             Requested size: 112.74377pt x 112.7378pt.
[33

pdfTeX warning (ext4): destination with the same identifier (name{figure.8}) ha
s been already used, duplicate ignored
<argument> ...shipout:D \box_use:N \l_shipout_box 
                                                  \__shipout_drop_firstpage_...
l.2373 
        <../ptNew/srrCompareFlatT30X0.12Z0.573.png> <../ptNew/srrCompareFlatT30
X0.674Z0.599.png> <../ptNew/srrCompareFlatT30X0.096Z0.22.png> <../ptNew/srrComp
areFlatT30X0.699Z0.201.png>]
<../ptNew/directionalBiasSubPTFlatT30.png, id=597, 481.8pt x 481.8pt>
File: ../ptNew/directionalBiasSubPTFlatT30.png Graphic file (type png)
<use ../ptNew/directionalBiasSubPTFlatT30.png>
Package pdftex.def Info: ../ptNew/directionalBiasSubPTFlatT30.png  used on inpu
t line 2458.
(pdftex.def)             Requested size: 206.69334pt x 206.6921pt.
<../ptNew/directionalBiasSubPTExpT45MinCon.png, id=598, 481.8pt x 481.8pt>
File: ../ptNew/directionalBiasSubPTExpT45MinCon.png Graphic file (type png)
<use ../ptNew/directionalBiasSubPTExpT45MinCon.png>
Package pdftex.def Info: ../ptNew/directionalBiasSubPTExpT45MinCon.png  used on
 input line 2461.
(pdftex.def)             Requested size: 206.69334pt x 206.6921pt.
<../ptNew/subLegnd.png, id=599, 150.5625pt x 401.5pt>
File: ../ptNew/subLegnd.png Graphic file (type png)
<use ../ptNew/subLegnd.png>
Package pdftex.def Info: ../ptNew/subLegnd.png  used on input line 2465.
(pdftex.def)             Requested size: 63.41434pt x 169.1067pt.


LaTeX Warning: `!h' float specifier changed to `!ht'.

[34]
<../ptNew/contrastTest.png, id=610, 481.8pt x 481.8pt>
File: ../ptNew/contrastTest.png Graphic file (type png)
<use ../ptNew/contrastTest.png>
Package pdftex.def Info: ../ptNew/contrastTest.png  used on input line 2514.
(pdftex.def)             Requested size: 230.18253pt x 230.18066pt.
 [35pdfTeX warning (ext4): destination with the same identifier (name{figure.9}
) has been already used, duplicate ignored
<argument> ...shipout:D \box_use:N \l_shipout_box 
                                                  \__shipout_drop_firstpage_...
l.2540 
        <../ptNew/directionalBiasSubPTFlatT30.png> <../ptNew/directionalBiasSub
PTExpT45MinCon.png> <../ptNew/subLegnd.png>]
<../gpBias/qqUnif.png, id=620, 481.8pt x 481.8pt>
File: ../gpBias/qqUnif.png Graphic file (type png)
<use ../gpBias/qqUnif.png>
Package pdftex.def Info: ../gpBias/qqUnif.png  used on input line 2592.
(pdftex.def)             Requested size: 211.38832pt x 211.38246pt.
<../gpBias/designLineColorHHardFlatT30N150WWideN112.png, id=623, 481.8pt x 481.
8pt>
File: ../gpBias/designLineColorHHardFlatT30N150WWideN112.png Graphic file (type
 png)
<use ../gpBias/designLineColorHHardFlatT30N150WWideN112.png>
Package pdftex.def Info: ../gpBias/designLineColorHHardFlatT30N150WWideN112.png
  used on input line 2625.
(pdftex.def)             Requested size: 234.8775pt x 234.87839pt.
 [36pdfTeX warning (ext4): destination with the same identifier (name{figure.10
}) has been already used, duplicate ignored
<argument> ...shipout:D \box_use:N \l_shipout_box 
                                                  \__shipout_drop_firstpage_...
l.2640 S
        imilarly to the PT model, the three parameter Schnute model is uniquely
pdfTeX warning (ext4): destination with the same identifier (name{figure.11}) h
as been already used, duplicate ignored
<argument> ...shipout:D \box_use:N \l_shipout_box 
                                                  \__shipout_drop_firstpage_...
l.2640 S
        imilarly to the PT model, the three parameter Schnute model is uniquely
 <../ptNew/contrastTest.png> <../gpBias/qqUnif.png (PNG copy)>] [37pdfTeX warni
ng (ext4): destination with the same identifier (name{figure.12}) has been alre
ady used, duplicate ignored
<argument> ...shipout:D \box_use:N \l_shipout_box 
                                                  \__shipout_drop_firstpage_...
l.2696 
        <../gpBias/designLineColorHHardFlatT30N150WWideN112.png>]
<../gpBias/zetaRelBiasSchnuteExpT45N150Wide.png, id=640, 481.8pt x 481.8pt>
File: ../gpBias/zetaRelBiasSchnuteExpT45N150Wide.png Graphic file (type png)
<use ../gpBias/zetaRelBiasSchnuteExpT45N150Wide.png>
Package pdftex.def Info: ../gpBias/zetaRelBiasSchnuteExpT45N150Wide.png  used o
n input line 2728.
(pdftex.def)             Requested size: 253.20218pt x 253.19873pt.

Overfull \hbox (11.40378pt too wide) in paragraph at lines 2727--2739
[]|  [] 
 []


Underfull \hbox (badness 10000) in paragraph at lines 2740--2741

 []

<../gpBias/directionalBiasSchnuteSubTitleExpT45N150Wide.png, id=641, 481.8pt x 
481.8pt>
File: ../gpBias/directionalBiasSchnuteSubTitleExpT45N150Wide.png Graphic file (
type png)
<use ../gpBias/directionalBiasSchnuteSubTitleExpT45N150Wide.png>
Package pdftex.def Info: ../gpBias/directionalBiasSchnuteSubTitleExpT45N150Wide
.png  used on input line 2744.
(pdftex.def)             Requested size: 253.20218pt x 253.19873pt.
<../gpBias/fMSYRelBiasSchnuteExpT45N150Wide.png, id=642, 481.8pt x 481.8pt>
File: ../gpBias/fMSYRelBiasSchnuteExpT45N150Wide.png Graphic file (type png)
<use ../gpBias/fMSYRelBiasSchnuteExpT45N150Wide.png>
Package pdftex.def Info: ../gpBias/fMSYRelBiasSchnuteExpT45N150Wide.png  used o
n input line 2746.
(pdftex.def)             Requested size: 253.20218pt x 253.19873pt.

Overfull \hbox (54.08289pt too wide) in paragraph at lines 2743--2747
[]|  [] 
 []


Overfull \hbox (54.08289pt too wide) in paragraph at lines 2743--2747
|  [] 
 []

[38pdfTeX warning (ext4): destination with the same identifier (name{figure.13}
) has been already used, duplicate ignored
<argument> ...shipout:D \box_use:N \l_shipout_box 
                                                  \__shipout_drop_firstpage_...
l.2761 
        <../gpBias/zetaRelBiasSchnuteExpT45N150Wide.png> <../gpBias/directional
BiasSchnuteSubTitleExpT45N150Wide.png> <../gpBias/fMSYRelBiasSchnuteExpT45N150W
ide.png>]
<../gpBias/directionalBiasSchnuteSubHHardFlatT30N150WWideN112.png, id=653, 481.
8pt x 481.8pt>
File: ../gpBias/directionalBiasSchnuteSubHHardFlatT30N150WWideN112.png Graphic 
file (type png)
<use ../gpBias/directionalBiasSchnuteSubHHardFlatT30N150WWideN112.png>
Package pdftex.def Info: ../gpBias/directionalBiasSchnuteSubHHardFlatT30N150WWi
deN112.png  used on input line 2799.
(pdftex.def)             Requested size: 234.8775pt x 234.87839pt.

Underfull \hbox (badness 1721) in paragraph at lines 2813--2822
[][] []\T1/cmr/bx/n/12 Low Con-trast[] \T1/cmr/m/n/12 Fig-ure ([][]14[][]) show
s the
 []

[39pdfTeX warning (ext4): destination with the same identifier (name{figure.14}
) has been already used, duplicate ignored
<argument> ...shipout:D \box_use:N \l_shipout_box 
                                                  \__shipout_drop_firstpage_...
l.2831 
        <../gpBias/directionalBiasSchnuteSubHHardFlatT30N150WWideN112.png>]
<../gpBias/yeildRelCurveCompareHHardFlatT30N150WWideN112PrettyX3.4791Z0.4662.pn
g, id=666, 481.8pt x 481.8pt>
File: ../gpBias/yeildRelCurveCompareHHardFlatT30N150WWideN112PrettyX3.4791Z0.46
62.png Graphic file (type png)
<use ../gpBias/yeildRelCurveCompareHHardFlatT30N150WWideN112PrettyX3.4791Z0.466
2.png>
Package pdftex.def Info: ../gpBias/yeildRelCurveCompareHHardFlatT30N150WWideN11
2PrettyX3.4791Z0.4662.png  used on input line 2837.
(pdftex.def)             Requested size: 234.8775pt x 234.87839pt.

[40pdfTeX warning (ext4): destination with the same identifier (name{figure.15}
) has been already used, duplicate ignored
<argument> ...shipout:D \box_use:N \l_shipout_box 
                                                  \__shipout_drop_firstpage_...
l.3014 
        <../gpBias/yeildRelCurveCompareHHardFlatT30N150WWideN112PrettyX3.4791Z0
.4662.png>] [41] [42] [43] [44

]

Package hyperref Warning: Token not allowed in a PDF string (Unicode):
(hyperref)                removing `math shift' on input line 3362.


Package hyperref Warning: Token not allowed in a PDF string (Unicode):
(hyperref)                removing `\begingroup' on input line 3362.


Package hyperref Warning: Token not allowed in a PDF string (Unicode):
(hyperref)                removing `superscript' on input line 3362.


Package hyperref Warning: Token not allowed in a PDF string (Unicode):
(hyperref)                removing `\endgroup' on input line 3362.


Package hyperref Warning: Token not allowed in a PDF string (Unicode):
(hyperref)                removing `\@@over' on input line 3362.


Package hyperref Warning: Token not allowed in a PDF string (Unicode):
(hyperref)                removing `math shift' on input line 3362.


Package hyperref Warning: Token not allowed in a PDF string (Unicode):
(hyperref)                removing `math shift' on input line 3362.


Package hyperref Warning: Token not allowed in a PDF string (Unicode):
(hyperref)                removing `\gamma' on input line 3362.


Package hyperref Warning: Token not allowed in a PDF string (Unicode):
(hyperref)                removing `math shift' on input line 3362.


Overfull \hbox (0.78668pt too wide) in paragraph at lines 3411--3413
[]\T1/cmr/m/n/12 https://math.stackexchange.com/questions/3004835/is-the-lamber
t-w-function-analytic-
 []


Overfull \hbox (70.28648pt too wide) in paragraph at lines 3411--3413
\T1/cmr/m/n/12 if-not-everywhere-then-on-what-set-is-it-ana https://researchpor
tal.bath.ac.uk/en/publications/algebraic-
 []

[45

] [46] (./delayDiffManuscript.bblpdfTeX warning (ext4): destination with the sa
me identifier (name{cite.beverton_dynamics_1957}) has been already used, duplic
ate ignored
<to be read again> 
                   \relax 
l.12 beverton_dynamics_1957}
                            pdfTeX warning (ext4): destination with the same id
entifier (name{cite.conn_when_2010}) has been already used, duplicate ignored
<to be read again> 
                   \relax 
l.38 conn_when_2010}
                    pdfTeX warning (ext4): destination with the same identifier
 (name{cite.cressie_statistics_2015}) has been already used, duplicate ignored
<to be read again> 
                   \relax 
l.65 cressie_statistics_2015}
                             pdfTeX warning (ext4): destination with the same i
dentifier (name{cite.cushing_dependence_1971}) has been already used, duplicate
 ignored
<to be read again> 
                   \relax 
l.87 cushing_dependence_1971}
                             pdfTeX warning (ext4): destination with the same i
dentifier (name{cite.deriso_harvesting_1980}) has been already used, duplicate 
ignored
<to be read again> 
                   \relax 
l.116 deriso_harvesting_1980}
                             pdfTeX warning (ext4): destination with the same i
dentifier (name{cite.fletcher_restructuring_1978}) has been already used, dupli
cate ignored
<to be read again> 
                   \relax 
l.147 fletcher_restructuring_1978}
                                  pdfTeX warning (ext4): destination with the s
ame identifier (name{cite.fox_jr_exponential_1970}) has been already used, dupl
icate ignored
<to be read again> 
                   \relax 
l.170 fox_jr_exponential_1970}
                              
Underfull \hbox (badness 2012) in paragraph at lines 174--198
[]\T1/cmr/m/n/12 Fox Jr., W. W.  (1970).  An Ex-po-nen-tial Surplus-Yield Model
 for Op-ti-miz-ing
 []


Underfull \hbox (badness 4805) in paragraph at lines 174--198
\T1/cmr/m/n/12 Ex-ploited Fish Pop-u-la-tions.  \T1/cmr/m/it/12 Trans-ac-tions 
of the Amer-i-can Fish-eries So-
 []


Underfull \hbox (badness 4792) in paragraph at lines 174--198
\T1/cmr/m/it/12 ci-ety\T1/cmr/m/n/12 , \T1/cmr/m/it/12 99\T1/cmr/m/n/12 (1), 80
--88.  Re-trieved 2022-02-17, from [][]$\T1/cmtt/m/n/12 https :// onlinelibrary
 []
 []


Underfull \hbox (badness 10000) in paragraph at lines 174--198
\T1/cmtt/m/n/12 .wiley [] .com / doi / abs / 10 [] .1577 / 1548 [] -8659 % 2819
70 % 2999 % 3C80 % 3AAESMFO % 3E2 []
 []


Underfull \hbox (badness 4872) in paragraph at lines 174--198
\T1/cmtt/m/n/12 .0 [] .CO % 3B2$[][]   \T1/cmr/m/n/12 (_eprint: https://onlinel
ibrary.wiley.com/doi/pdf/10.1577/1548-
 []


Underfull \hbox (badness 10000) in paragraph at lines 174--198
\T1/cmr/m/n/12 8659%281970%2999%3C80%3AAESMFO%3E2.0.CO%3B2)  doi: $10 [] .1577 
/
 []

pdfTeX warning (ext4): destination with the same identifier (name{cite.gramacy_
surrogates_2020}) has been already used, duplicate ignored
<to be read again> 
                   \relax 
l.206 gramacy_surrogates_2020}
                              pdfTeX warning (ext4): destination with the same 
identifier (name{cite.gramacy_cases_2012}) has been already used, duplicate ign
ored
<to be read again> 
                   \relax 
l.232 gramacy_cases_2012}
                         pdfTeX warning (ext4): destination with the same ident
ifier (name{cite.hilborn_pretty_2010}) has been already used, duplicate ignored

<to be read again> 
                   \relax 
l.258 hilborn_pretty_2010}
                           [47

]pdfTeX warning (ext4): destination with the same identifier (name{cite.hilborn
_ecological_1997}) has been already used, duplicate ignored
<to be read again> 
                   \relax 
l.285 hilborn_ecological_1997}
                              pdfTeX warning (ext4): destination with the same 
identifier (name{cite.hilborn_quantitative_1992}) has been already used, duplic
ate ignored
<to be read again> 
                   \relax 
l.311 hilborn_quantitative_1992}
                                pdfTeX warning (ext4): destination with the sam
e identifier (name{cite.lee_can_2012}) has been already used, duplicate ignored

<to be read again> 
                   \relax 
l.340 lee_can_2012}
                   pdfTeX warning (ext4): destination with the same identifier 
(name{cite.magnusson_what_2007}) has been already used, duplicate ignored
<to be read again> 
                   \relax 
l.376 magnusson_what_2007}
                          pdfTeX warning (ext4): destination with the same iden
tifier (name{cite.mangel_perspective_2013}) has been already used, duplicate ig
nored
<to be read again> 
                   \relax 
l.402 mangel_perspective_2013}
                              pdfTeX warning (ext4): destination with the same 
identifier (name{cite.punt_management_2016}) has been already used, duplicate i
gnored
<to be read again> 
                   \relax 
l.443 punt_management_2016}
                           pdfTeX warning (ext4): destination with the same ide
ntifier (name{cite.punt_extending_2019}) has been already used, duplicate ignor
ed
<to be read again> 
                   \relax 
l.478 punt_extending_2019}
                          pdfTeX warning (ext4): destination with the same iden
tifier (name{cite.ramasubramanian_machine_2017}) has been already used, duplica
te ignored
<to be read again> 
                   \relax 
l.512 ramasubramanian_machine_2017}
                                   pdfTeX warning (ext4): destination with the 
same identifier (name{cite.rankin_alternative_2015}) has been already used, dup
licate ignored
<to be read again> 
                   \relax 
l.538 rankin_alternative_2015}
                              pdfTeX warning (ext4): destination with the same 
identifier (name{cite.ricker_stock_1954}) has been already used, duplicate igno
red
<to be read again> 
                   \relax 
l.568 ricker_stock_1954}
                         [48]pdfTeX warning (ext4): destination with the same i
dentifier (name{cite.schnute_general_1985}) has been already used, duplicate ig
nored
<to be read again> 
                   \relax 
l.593 schnute_general_1985}
                           pdfTeX warning (ext4): destination with the same ide
ntifier (name{cite.schnute_analytical_1998}) has been already used, duplicate i
gnored
<to be read again> 
                   \relax 
l.626 schnute_analytical_1998}
                              pdfTeX warning (ext4): destination with the same 
identifier (name{cite.scrucca_ga_2013}) has been already used, duplicate ignore
d
<to be read again> 
                   \relax 
l.657 scrucca_ga_2013}
                      pdfTeX warning (ext4): destination with the same identifi
er (name{cite.scrucca_extensions_2017}) has been already used, duplicate ignore
d
<to be read again> 
                   \relax 
l.685 scrucca_extensions_2017}
                              pdfTeX warning (ext4): destination with the same 
identifier (name{cite.soetaert_solving_2010}) has been already used, duplicate 
ignored
<to be read again> 
                   \relax 
l.718 soetaert_solving_2010}
                            pdfTeX warning (ext4): destination with the same id
entifier (name{cite.von_bertalanffy_quantitative_1938}) has been already used, 
duplicate ignored
<to be read again> 
                   \relax 
l.749 von_bertalanffy_quantitative_1938}
                                        pdfTeX warning (ext4): destination with
 the same identifier (name{cite.walters_continuous_2020}) has been already used
, duplicate ignored
<to be read again> 
                   \relax 
l.775 walters_continuous_2020}
                              pdfTeX warning (ext4): destination with the same 
identifier (name{cite.wanner_solving_1996}) has been already used, duplicate ig
nored
<to be read again> 
                   \relax 
l.803 wanner_solving_1996}
                          pdfTeX warning (ext4): destination with the same iden
tifier (name{cite.yeakel_generalized_2015}) has been already used, duplicate ig
nored
<to be read again> 
                   \relax 
l.829 yeakel_generalized_2015}
                               [49]) [50] (./delayDiffManuscript.aux)

LaTeX Warning: There were undefined references.


LaTeX Warning: There were multiply-defined labels.

Package rerunfilecheck Info: File `delayDiffManuscript.out' has not changed.
(rerunfilecheck)             Checksum: D99EA6367211B12B49C1192D9345F91F;4675.
 ) 
Here is how much of TeX's memory you used:
 27300 strings out of 478287
 507609 string characters out of 5849290
 792748 words of memory out of 5000000
 44786 multiletter control sequences out of 15000+600000
 498091 words of font info for 107 fonts, out of 8000000 for 9000
 1141 hyphenation exceptions out of 8191
 99i,13n,94p,756b,593s stack positions out of 5000i,500n,10000p,200000b,80000s
pdfTeX warning (dest): name{cite.johnson_minimax_1990} has been referenced bu
t does not exist, replaced by a fixed one

pdfTeX warning (dest): name{cite.morris_exploratory_1995} has been referenced b
ut does not exist, replaced by a fixed one

pdfTeX warning (dest): name{cite.mckay_comparison_2000} has been referenced but
 does not exist, replaced by a fixed one

pdfTeX warning (dest): name{cite.stein_large_1987} has been referenced but does
 not exist, replaced by a fixed one

pdfTeX warning (dest): name{cite.devon_lin_latin_2015} has been referenced but 
does not exist, replaced by a fixed one

pdfTeX warning (dest): name{cite.fournier_length-based_1987} has been reference
d but does not exist, replaced by a fixed one

pdfTeX warning (dest): name{cite.schnute_general_1987} has been referenced but 
does not exist, replaced by a fixed one

{/usr/share/texmf/fonts/enc/dvips/cm-super/cm-super-t1.enc}{/usr/share/texmf/fo
nts/enc/dvips/cm-super/cm-super-ts1.enc}</usr/share/texlive/texmf-dist/fonts/ty
pe1/public/amsfonts/cmextra/cmbsy6.pfb></usr/share/texlive/texmf-dist/fonts/typ
e1/public/amsfonts/cmextra/cmbsy8.pfb></usr/share/texlive/texmf-dist/fonts/type
1/public/amsfonts/cm/cmbx12.pfb></usr/share/texlive/texmf-dist/fonts/type1/publ
ic/amsfonts/cm/cmex10.pfb></usr/share/texlive/texmf-dist/fonts/type1/public/ams
fonts/cmextra/cmex8.pfb></usr/share/texlive/texmf-dist/fonts/type1/public/amsfo
nts/cm/cmmi12.pfb></usr/share/texlive/texmf-dist/fonts/type1/public/amsfonts/cm
/cmmi5.pfb></usr/share/texlive/texmf-dist/fonts/type1/public/amsfonts/cm/cmmi6.
pfb></usr/share/texlive/texmf-dist/fonts/type1/public/amsfonts/cm/cmmi8.pfb></u
sr/share/texlive/texmf-dist/fonts/type1/public/amsfonts/cm/cmmib10.pfb></usr/sh
are/texlive/texmf-dist/fonts/type1/public/amsfonts/cmextra/cmmib8.pfb></usr/sha
re/texlive/texmf-dist/fonts/type1/public/amsfonts/cm/cmr12.pfb></usr/share/texl
ive/texmf-dist/fonts/type1/public/amsfonts/cm/cmr5.pfb></usr/share/texlive/texm
f-dist/fonts/type1/public/amsfonts/cm/cmr6.pfb></usr/share/texlive/texmf-dist/f
onts/type1/public/amsfonts/cm/cmr8.pfb></usr/share/texlive/texmf-dist/fonts/typ
e1/public/amsfonts/cm/cmsy10.pfb></usr/share/texlive/texmf-dist/fonts/type1/pub
lic/amsfonts/cm/cmsy5.pfb></usr/share/texlive/texmf-dist/fonts/type1/public/ams
fonts/cm/cmsy6.pfb></usr/share/texlive/texmf-dist/fonts/type1/public/amsfonts/c
m/cmsy8.pfb></usr/share/texlive/texmf-dist/fonts/type1/public/amsfonts/symbols/
msbm10.pfb></usr/share/texmf/fonts/type1/public/cm-super/sfbx1200.pfb></usr/sha
re/texmf/fonts/type1/public/cm-super/sfbx1440.pfb></usr/share/texmf/fonts/type1
/public/cm-super/sfbx1728.pfb></usr/share/texmf/fonts/type1/public/cm-super/sfr
m0800.pfb></usr/share/texmf/fonts/type1/public/cm-super/sfrm1000.pfb></usr/shar
e/texmf/fonts/type1/public/cm-super/sfrm1200.pfb></usr/share/texmf/fonts/type1/
public/cm-super/sfrm1440.pfb></usr/share/texmf/fonts/type1/public/cm-super/sfrm
2074.pfb></usr/share/texmf/fonts/type1/public/cm-super/sfss0600.pfb></usr/share
/texmf/fonts/type1/public/cm-super/sfti1200.pfb></usr/share/texmf/fonts/type1/p
ublic/cm-super/sftt1200.pfb>
Output written on delayDiffManuscript.pdf (50 pages, 1094850 bytes).
PDF statistics:
 936 PDF objects out of 1000 (max. 8388607)
 766 compressed objects within 8 object streams
 179 named destinations out of 1000 (max. 500000)
 384 words of extra memory for PDF output out of 10000 (max. 10000000)

