This is pdfTeX, Version 3.141592653-2.6-1.40.24 (TeX Live 2022) (preloaded format=pdflatex 2023.3.2)  21 MAY 2023 17:14
entering extended mode
 restricted \write18 enabled.
 %&-line parsing enabled.
**nickGrunlohAdvancement2.tex
(./nickGrunlohAdvancement2.tex
LaTeX2e <2021-11-15> patch level 1
L3 programming layer <2022-02-24>
(/usr/local/texlive/2022/texmf-dist/tex/latex/base/article.cls
Document Class: article 2021/10/04 v1.4n Standard LaTeX document class
(/usr/local/texlive/2022/texmf-dist/tex/latex/base/size12.clo
File: size12.clo 2021/10/04 v1.4n Standard LaTeX file (size option)
)
\c@part=\count185
\c@section=\count186
\c@subsection=\count187
\c@subsubsection=\count188
\c@paragraph=\count189
\c@subparagraph=\count190
\c@figure=\count191
\c@table=\count192
\abovecaptionskip=\skip47
\belowcaptionskip=\skip48
\bibindent=\dimen138
)
(/usr/local/texlive/2022/texmf-dist/tex/latex/graphics/graphicx.sty
Package: graphicx 2021/09/16 v1.2d Enhanced LaTeX Graphics (DPC,SPQR)

(/usr/local/texlive/2022/texmf-dist/tex/latex/graphics/keyval.sty
Package: keyval 2014/10/28 v1.15 key=value parser (DPC)
\KV@toks@=\toks16
)
(/usr/local/texlive/2022/texmf-dist/tex/latex/graphics/graphics.sty
Package: graphics 2021/03/04 v1.4d Standard LaTeX Graphics (DPC,SPQR)

(/usr/local/texlive/2022/texmf-dist/tex/latex/graphics/trig.sty
Package: trig 2021/08/11 v1.11 sin cos tan (DPC)
)
(/usr/local/texlive/2022/texmf-dist/tex/latex/graphics-cfg/graphics.cfg
File: graphics.cfg 2016/06/04 v1.11 sample graphics configuration
)
Package graphics Info: Driver file: pdftex.def on input line 107.

(/usr/local/texlive/2022/texmf-dist/tex/latex/graphics-def/pdftex.def
File: pdftex.def 2020/10/05 v1.2a Graphics/color driver for pdftex
))
\Gin@req@height=\dimen139
\Gin@req@width=\dimen140
)
(/usr/local/texlive/2022/texmf-dist/tex/latex/geometry/geometry.sty
Package: geometry 2020/01/02 v5.9 Page Geometry

(/usr/local/texlive/2022/texmf-dist/tex/generic/iftex/ifvtex.sty
Package: ifvtex 2019/10/25 v1.7 ifvtex legacy package. Use iftex instead.

(/usr/local/texlive/2022/texmf-dist/tex/generic/iftex/iftex.sty
Package: iftex 2022/02/03 v1.0f TeX engine tests
))
\Gm@cnth=\count193
\Gm@cntv=\count194
\c@Gm@tempcnt=\count195
\Gm@bindingoffset=\dimen141
\Gm@wd@mp=\dimen142
\Gm@odd@mp=\dimen143
\Gm@even@mp=\dimen144
\Gm@layoutwidth=\dimen145
\Gm@layoutheight=\dimen146
\Gm@layouthoffset=\dimen147
\Gm@layoutvoffset=\dimen148
\Gm@dimlist=\toks17
)
(/usr/local/texlive/2022/texmf-dist/tex/latex/amsmath/amsmath.sty
Package: amsmath 2021/10/15 v2.17l AMS math features
\@mathmargin=\skip49

For additional information on amsmath, use the `?' option.
(/usr/local/texlive/2022/texmf-dist/tex/latex/amsmath/amstext.sty
Package: amstext 2021/08/26 v2.01 AMS text

(/usr/local/texlive/2022/texmf-dist/tex/latex/amsmath/amsgen.sty
File: amsgen.sty 1999/11/30 v2.0 generic functions
\@emptytoks=\toks18
\ex@=\dimen149
))
(/usr/local/texlive/2022/texmf-dist/tex/latex/amsmath/amsbsy.sty
Package: amsbsy 1999/11/29 v1.2d Bold Symbols
\pmbraise@=\dimen150
)
(/usr/local/texlive/2022/texmf-dist/tex/latex/amsmath/amsopn.sty
Package: amsopn 2021/08/26 v2.02 operator names
)
\inf@bad=\count196
LaTeX Info: Redefining \frac on input line 234.
\uproot@=\count197
\leftroot@=\count198
LaTeX Info: Redefining \overline on input line 399.
\classnum@=\count199
\DOTSCASE@=\count266
LaTeX Info: Redefining \ldots on input line 496.
LaTeX Info: Redefining \dots on input line 499.
LaTeX Info: Redefining \cdots on input line 620.
\Mathstrutbox@=\box50
\strutbox@=\box51
\big@size=\dimen151
LaTeX Font Info:    Redeclaring font encoding OML on input line 743.
LaTeX Font Info:    Redeclaring font encoding OMS on input line 744.
\macc@depth=\count267
\c@MaxMatrixCols=\count268
\dotsspace@=\muskip16
\c@parentequation=\count269
\dspbrk@lvl=\count270
\tag@help=\toks19
\row@=\count271
\column@=\count272
\maxfields@=\count273
\andhelp@=\toks20
\eqnshift@=\dimen152
\alignsep@=\dimen153
\tagshift@=\dimen154
\tagwidth@=\dimen155
\totwidth@=\dimen156
\lineht@=\dimen157
\@envbody=\toks21
\multlinegap=\skip50
\multlinetaggap=\skip51
\mathdisplay@stack=\toks22
LaTeX Info: Redefining \[ on input line 2938.
LaTeX Info: Redefining \] on input line 2939.
)
(/usr/local/texlive/2022/texmf-dist/tex/latex/amsfonts/amssymb.sty
Package: amssymb 2013/01/14 v3.01 AMS font symbols

(/usr/local/texlive/2022/texmf-dist/tex/latex/amsfonts/amsfonts.sty
Package: amsfonts 2013/01/14 v3.01 Basic AMSFonts support
\symAMSa=\mathgroup4
\symAMSb=\mathgroup5
LaTeX Font Info:    Redeclaring math symbol \hbar on input line 98.
LaTeX Font Info:    Overwriting math alphabet `\mathfrak' in version `bold'
(Font)                  U/euf/m/n --> U/euf/b/n on input line 106.
))
(/usr/local/texlive/2022/texmf-dist/tex/latex/base/fontenc.sty
Package: fontenc 2021/04/29 v2.0v Standard LaTeX package
)
(/usr/local/texlive/2022/texmf-dist/tex/latex/listings/listings.sty
\lst@mode=\count274
\lst@gtempboxa=\box52
\lst@token=\toks23
\lst@length=\count275
\lst@currlwidth=\dimen158
\lst@column=\count276
\lst@pos=\count277
\lst@lostspace=\dimen159
\lst@width=\dimen160
\lst@newlines=\count278
\lst@lineno=\count279
\lst@maxwidth=\dimen161

(/usr/local/texlive/2022/texmf-dist/tex/latex/listings/lstmisc.sty
File: lstmisc.sty 2020/03/24 1.8d (Carsten Heinz)
\c@lstnumber=\count280
\lst@skipnumbers=\count281
\lst@framebox=\box53
)
(/usr/local/texlive/2022/texmf-dist/tex/latex/listings/listings.cfg
File: listings.cfg 2020/03/24 1.8d listings configuration
))
Package: listings 2020/03/24 1.8d (Carsten Heinz)

(/usr/local/texlive/2022/texmf-dist/tex/latex/tools/bm.sty
Package: bm 2021/04/25 v1.2e Bold Symbol Support (DPC/FMi)
\symboldoperators=\mathgroup6
\symboldletters=\mathgroup7
\symboldsymbols=\mathgroup8
Package bm Info: No bold for \OMX/cmex/m/n, using \pmb.
Package bm Info: No bold for \U/msa/m/n, using \pmb.
Package bm Info: No bold for \U/msb/m/n, using \pmb.
LaTeX Font Info:    Redeclaring math alphabet \mathbf on input line 149.
)
(/usr/local/texlive/2022/texmf-dist/tex/latex/hyperref/hyperref.sty
Package: hyperref 2022-02-21 v7.00n Hypertext links for LaTeX

(/usr/local/texlive/2022/texmf-dist/tex/generic/ltxcmds/ltxcmds.sty
Package: ltxcmds 2020-05-10 v1.25 LaTeX kernel commands for general use (HO)
)
(/usr/local/texlive/2022/texmf-dist/tex/generic/pdftexcmds/pdftexcmds.sty
Package: pdftexcmds 2020-06-27 v0.33 Utility functions of pdfTeX for LuaTeX (HO
)

(/usr/local/texlive/2022/texmf-dist/tex/generic/infwarerr/infwarerr.sty
Package: infwarerr 2019/12/03 v1.5 Providing info/warning/error messages (HO)
)
Package pdftexcmds Info: \pdf@primitive is available.
Package pdftexcmds Info: \pdf@ifprimitive is available.
Package pdftexcmds Info: \pdfdraftmode found.
)
(/usr/local/texlive/2022/texmf-dist/tex/generic/kvsetkeys/kvsetkeys.sty
Package: kvsetkeys 2019/12/15 v1.18 Key value parser (HO)
)
(/usr/local/texlive/2022/texmf-dist/tex/generic/kvdefinekeys/kvdefinekeys.sty
Package: kvdefinekeys 2019-12-19 v1.6 Define keys (HO)
)
(/usr/local/texlive/2022/texmf-dist/tex/generic/pdfescape/pdfescape.sty
Package: pdfescape 2019/12/09 v1.15 Implements pdfTeX's escape features (HO)
)
(/usr/local/texlive/2022/texmf-dist/tex/latex/hycolor/hycolor.sty
Package: hycolor 2020-01-27 v1.10 Color options for hyperref/bookmark (HO)
)
(/usr/local/texlive/2022/texmf-dist/tex/latex/letltxmacro/letltxmacro.sty
Package: letltxmacro 2019/12/03 v1.6 Let assignment for LaTeX macros (HO)
)
(/usr/local/texlive/2022/texmf-dist/tex/latex/auxhook/auxhook.sty
Package: auxhook 2019-12-17 v1.6 Hooks for auxiliary files (HO)
)
(/usr/local/texlive/2022/texmf-dist/tex/latex/kvoptions/kvoptions.sty
Package: kvoptions 2020-10-07 v3.14 Key value format for package options (HO)
)
\@linkdim=\dimen162
\Hy@linkcounter=\count282
\Hy@pagecounter=\count283

(/usr/local/texlive/2022/texmf-dist/tex/latex/hyperref/pd1enc.def
File: pd1enc.def 2022-02-21 v7.00n Hyperref: PDFDocEncoding definition (HO)
Now handling font encoding PD1 ...
... no UTF-8 mapping file for font encoding PD1
)
(/usr/local/texlive/2022/texmf-dist/tex/generic/intcalc/intcalc.sty
Package: intcalc 2019/12/15 v1.3 Expandable calculations with integers (HO)
)
(/usr/local/texlive/2022/texmf-dist/tex/generic/etexcmds/etexcmds.sty
Package: etexcmds 2019/12/15 v1.7 Avoid name clashes with e-TeX commands (HO)
)
\Hy@SavedSpaceFactor=\count284

(/usr/local/texlive/2022/texmf-dist/tex/latex/hyperref/puenc.def
File: puenc.def 2022-02-21 v7.00n Hyperref: PDF Unicode definition (HO)
Now handling font encoding PU ...
... no UTF-8 mapping file for font encoding PU
)
Package hyperref Info: Hyper figures OFF on input line 4137.
Package hyperref Info: Link nesting OFF on input line 4142.
Package hyperref Info: Hyper index ON on input line 4145.
Package hyperref Info: Plain pages OFF on input line 4152.
Package hyperref Info: Backreferencing OFF on input line 4157.
Package hyperref Info: Implicit mode ON; LaTeX internals redefined.
Package hyperref Info: Bookmarks ON on input line 4390.
\c@Hy@tempcnt=\count285

(/usr/local/texlive/2022/texmf-dist/tex/latex/url/url.sty
\Urlmuskip=\muskip17
Package: url 2013/09/16  ver 3.4  Verb mode for urls, etc.
)
LaTeX Info: Redefining \url on input line 4749.
\XeTeXLinkMargin=\dimen163

(/usr/local/texlive/2022/texmf-dist/tex/generic/bitset/bitset.sty
Package: bitset 2019/12/09 v1.3 Handle bit-vector datatype (HO)

(/usr/local/texlive/2022/texmf-dist/tex/generic/bigintcalc/bigintcalc.sty
Package: bigintcalc 2019/12/15 v1.5 Expandable calculations on big integers (HO
)
))
\Fld@menulength=\count286
\Field@Width=\dimen164
\Fld@charsize=\dimen165
Package hyperref Info: Hyper figures OFF on input line 6027.
Package hyperref Info: Link nesting OFF on input line 6032.
Package hyperref Info: Hyper index ON on input line 6035.
Package hyperref Info: backreferencing OFF on input line 6042.
Package hyperref Info: Link coloring OFF on input line 6047.
Package hyperref Info: Link coloring with OCG OFF on input line 6052.
Package hyperref Info: PDF/A mode OFF on input line 6057.
LaTeX Info: Redefining \ref on input line 6097.
LaTeX Info: Redefining \pageref on input line 6101.

(/usr/local/texlive/2022/texmf-dist/tex/latex/base/atbegshi-ltx.sty
Package: atbegshi-ltx 2021/01/10 v1.0c Emulation of the original atbegshi
package with kernel methods
)
\Hy@abspage=\count287
\c@Item=\count288
\c@Hfootnote=\count289
)
Package hyperref Info: Driver (autodetected): hpdftex.

(/usr/local/texlive/2022/texmf-dist/tex/latex/hyperref/hpdftex.def
File: hpdftex.def 2022-02-21 v7.00n Hyperref driver for pdfTeX

(/usr/local/texlive/2022/texmf-dist/tex/latex/base/atveryend-ltx.sty
Package: atveryend-ltx 2020/08/19 v1.0a Emulation of the original atveryend pac
kage
with kernel methods
)
\Fld@listcount=\count290
\c@bookmark@seq@number=\count291

(/usr/local/texlive/2022/texmf-dist/tex/latex/rerunfilecheck/rerunfilecheck.sty
Package: rerunfilecheck 2019/12/05 v1.9 Rerun checks for auxiliary files (HO)

(/usr/local/texlive/2022/texmf-dist/tex/generic/uniquecounter/uniquecounter.sty
Package: uniquecounter 2019/12/15 v1.4 Provide unlimited unique counter (HO)
)
Package uniquecounter Info: New unique counter `rerunfilecheck' on input line 2
86.
)
\Hy@SectionHShift=\skip52
) (/usr/local/texlive/2022/texmf-dist/tex/latex/setspace/setspace.sty
Package: setspace 2011/12/19 v6.7a set line spacing
)
(/usr/local/texlive/2022/texmf-dist/tex/latex/graphics/color.sty
Package: color 2021/12/07 v1.3c Standard LaTeX Color (DPC)

(/usr/local/texlive/2022/texmf-dist/tex/latex/graphics-cfg/color.cfg
File: color.cfg 2016/01/02 v1.6 sample color configuration
)
Package color Info: Driver file: pdftex.def on input line 149.
)
(/usr/local/texlive/2022/texmf-dist/tex/latex/base/inputenc.sty
Package: inputenc 2021/02/14 v1.3d Input encoding file
\inpenc@prehook=\toks24
\inpenc@posthook=\toks25
)
(/usr/local/texlive/2022/texmf-dist/tex/latex/psfrag/psfrag.sty
Package: psfrag 1998/04/11 v3.04 PSfrag (MCG)
\pfg@pcount=\count292
\pfg@scount=\count293
\pfg@temp=\write3
)
(/usr/local/texlive/2022/texmf-dist/tex/latex/fancyhdr/fancyhdr.sty
Package: fancyhdr 2021/01/28 v4.0.1 Extensive control of page headers and foote
rs
\f@nch@headwidth=\skip53
\f@nch@O@elh=\skip54
\f@nch@O@erh=\skip55
\f@nch@O@olh=\skip56
\f@nch@O@orh=\skip57
\f@nch@O@elf=\skip58
\f@nch@O@erf=\skip59
\f@nch@O@olf=\skip60
\f@nch@O@orf=\skip61
)
(/usr/local/texlive/2022/texmf-dist/tex/latex/xcolor/xcolor.sty
Package: xcolor 2021/10/31 v2.13 LaTeX color extensions (UK)

(/usr/local/texlive/2022/texmf-dist/tex/latex/graphics-cfg/color.cfg
File: color.cfg 2016/01/02 v1.6 sample color configuration
)
Package xcolor Info: Driver file: pdftex.def on input line 227.
LaTeX Info: Redefining \color on input line 711.
Package xcolor Info: Model `cmy' substituted by `cmy0' on input line 1352.
Package xcolor Info: Model `hsb' substituted by `rgb' on input line 1356.
Package xcolor Info: Model `RGB' extended on input line 1368.
Package xcolor Info: Model `HTML' substituted by `rgb' on input line 1370.
Package xcolor Info: Model `Hsb' substituted by `hsb' on input line 1371.
Package xcolor Info: Model `tHsb' substituted by `hsb' on input line 1372.
Package xcolor Info: Model `HSB' substituted by `hsb' on input line 1373.
Package xcolor Info: Model `Gray' substituted by `gray' on input line 1374.
Package xcolor Info: Model `wave' substituted by `hsb' on input line 1375.
)
(/usr/local/texlive/2022/texmf-dist/tex/latex/lineno/lineno.sty
Package: lineno 2005/11/02 line numbers on paragraphs v4.41
\linenopenalty=\count294
\output=\toks26
\linenoprevgraf=\count295
\linenumbersep=\dimen166
\linenumberwidth=\dimen167
\c@linenumber=\count296
\c@pagewiselinenumber=\count297
\c@LN@truepage=\count298
\c@internallinenumber=\count299
\c@internallinenumbers=\count300
\quotelinenumbersep=\dimen168
\bframerule=\dimen169
\bframesep=\dimen170
\bframebox=\box54
LaTeX Info: Redefining \\ on input line 3056.
)
(/usr/local/texlive/2022/texmf-dist/tex/latex/physics/physics.sty
Package: physics 

(/usr/local/texlive/2022/texmf-dist/tex/latex/l3packages/xparse/xparse.sty
(/usr/local/texlive/2022/texmf-dist/tex/latex/l3kernel/expl3.sty
Package: expl3 2022-02-24 L3 programming layer (loader) 

(/usr/local/texlive/2022/texmf-dist/tex/latex/l3backend/l3backend-pdftex.def
File: l3backend-pdftex.def 2022-02-07 L3 backend support: PDF output (pdfTeX)
\l__color_backend_stack_int=\count301
\l__pdf_internal_box=\box55
))
Package: xparse 2022-01-12 L3 Experimental document command parser
)) (/usr/local/texlive/2022/texmf-dist/tex/latex/apacite/apacite.sty
Package: apacite 2013/07/21 v6.03 APA citation
\c@BibCnt=\count302
\bibleftmargin=\skip62
\bibindent=\skip63
\bibparsep=\skip64
\bibitemsep=\skip65
\biblabelsep=\skip66
)
(/usr/local/texlive/2022/texmf-dist/tex/latex/wrapfig/wrapfig.sty
\wrapoverhang=\dimen171
\WF@size=\dimen172
\c@WF@wrappedlines=\count303
\WF@box=\box56
\WF@everypar=\toks27
Package: wrapfig 2003/01/31  v 3.6
)
(/usr/local/texlive/2022/texmf-dist/tex/latex/doublestroke/dsfont.sty
Package: dsfont 1995/08/01 v0.1 Double stroke roman fonts
)
(/usr/local/texlive/2022/texmf-dist/tex/latex/pgfgantt/pgfgantt.sty
Package: pgfgantt 2018/01/10 v5.0 Draw Gantt diagrams with TikZ

(/usr/local/texlive/2022/texmf-dist/tex/latex/pgf/frontendlayer/tikz.sty
(/usr/local/texlive/2022/texmf-dist/tex/latex/pgf/basiclayer/pgf.sty
(/usr/local/texlive/2022/texmf-dist/tex/latex/pgf/utilities/pgfrcs.sty
(/usr/local/texlive/2022/texmf-dist/tex/generic/pgf/utilities/pgfutil-common.te
x
\pgfutil@everybye=\toks28
\pgfutil@tempdima=\dimen173
\pgfutil@tempdimb=\dimen174

(/usr/local/texlive/2022/texmf-dist/tex/generic/pgf/utilities/pgfutil-common-li
sts.tex))
(/usr/local/texlive/2022/texmf-dist/tex/generic/pgf/utilities/pgfutil-latex.def
\pgfutil@abb=\box57
) (/usr/local/texlive/2022/texmf-dist/tex/generic/pgf/utilities/pgfrcs.code.tex
(/usr/local/texlive/2022/texmf-dist/tex/generic/pgf/pgf.revision.tex)
Package: pgfrcs 2021/05/15 v3.1.9a (3.1.9a)
))
Package: pgf 2021/05/15 v3.1.9a (3.1.9a)

(/usr/local/texlive/2022/texmf-dist/tex/latex/pgf/basiclayer/pgfcore.sty
(/usr/local/texlive/2022/texmf-dist/tex/latex/pgf/systemlayer/pgfsys.sty
(/usr/local/texlive/2022/texmf-dist/tex/generic/pgf/systemlayer/pgfsys.code.tex
Package: pgfsys 2021/05/15 v3.1.9a (3.1.9a)
(/usr/local/texlive/2022/texmf-dist/tex/generic/pgf/utilities/pgfkeys.code.tex
\pgfkeys@pathtoks=\toks29
\pgfkeys@temptoks=\toks30

(/usr/local/texlive/2022/texmf-dist/tex/generic/pgf/utilities/pgfkeysfiltered.c
ode.tex
\pgfkeys@tmptoks=\toks31
))
\pgf@x=\dimen175
\pgf@y=\dimen176
\pgf@xa=\dimen177
\pgf@ya=\dimen178
\pgf@xb=\dimen179
\pgf@yb=\dimen180
\pgf@xc=\dimen181
\pgf@yc=\dimen182
\pgf@xd=\dimen183
\pgf@yd=\dimen184
\w@pgf@writea=\write4
\r@pgf@reada=\read2
\c@pgf@counta=\count304
\c@pgf@countb=\count305
\c@pgf@countc=\count306
\c@pgf@countd=\count307
\t@pgf@toka=\toks32
\t@pgf@tokb=\toks33
\t@pgf@tokc=\toks34
\pgf@sys@id@count=\count308

(/usr/local/texlive/2022/texmf-dist/tex/generic/pgf/systemlayer/pgf.cfg
File: pgf.cfg 2021/05/15 v3.1.9a (3.1.9a)
)
Driver file for pgf: pgfsys-pdftex.def

(/usr/local/texlive/2022/texmf-dist/tex/generic/pgf/systemlayer/pgfsys-pdftex.d
ef
File: pgfsys-pdftex.def 2021/05/15 v3.1.9a (3.1.9a)

(/usr/local/texlive/2022/texmf-dist/tex/generic/pgf/systemlayer/pgfsys-common-p
df.def
File: pgfsys-common-pdf.def 2021/05/15 v3.1.9a (3.1.9a)
)))
(/usr/local/texlive/2022/texmf-dist/tex/generic/pgf/systemlayer/pgfsyssoftpath.
code.tex
File: pgfsyssoftpath.code.tex 2021/05/15 v3.1.9a (3.1.9a)
\pgfsyssoftpath@smallbuffer@items=\count309
\pgfsyssoftpath@bigbuffer@items=\count310
)
(/usr/local/texlive/2022/texmf-dist/tex/generic/pgf/systemlayer/pgfsysprotocol.
code.tex
File: pgfsysprotocol.code.tex 2021/05/15 v3.1.9a (3.1.9a)
))
(/usr/local/texlive/2022/texmf-dist/tex/generic/pgf/basiclayer/pgfcore.code.tex
Package: pgfcore 2021/05/15 v3.1.9a (3.1.9a)
(/usr/local/texlive/2022/texmf-dist/tex/generic/pgf/math/pgfmath.code.tex
(/usr/local/texlive/2022/texmf-dist/tex/generic/pgf/math/pgfmathcalc.code.tex
(/usr/local/texlive/2022/texmf-dist/tex/generic/pgf/math/pgfmathutil.code.tex)
(/usr/local/texlive/2022/texmf-dist/tex/generic/pgf/math/pgfmathparser.code.tex
\pgfmath@dimen=\dimen185
\pgfmath@count=\count311
\pgfmath@box=\box58
\pgfmath@toks=\toks35
\pgfmath@stack@operand=\toks36
\pgfmath@stack@operation=\toks37
)
(/usr/local/texlive/2022/texmf-dist/tex/generic/pgf/math/pgfmathfunctions.code.
tex
(/usr/local/texlive/2022/texmf-dist/tex/generic/pgf/math/pgfmathfunctions.basic
.code.tex)
(/usr/local/texlive/2022/texmf-dist/tex/generic/pgf/math/pgfmathfunctions.trigo
nometric.code.tex)
(/usr/local/texlive/2022/texmf-dist/tex/generic/pgf/math/pgfmathfunctions.rando
m.code.tex)
(/usr/local/texlive/2022/texmf-dist/tex/generic/pgf/math/pgfmathfunctions.compa
rison.code.tex)
(/usr/local/texlive/2022/texmf-dist/tex/generic/pgf/math/pgfmathfunctions.base.
code.tex)
(/usr/local/texlive/2022/texmf-dist/tex/generic/pgf/math/pgfmathfunctions.round
.code.tex)
(/usr/local/texlive/2022/texmf-dist/tex/generic/pgf/math/pgfmathfunctions.misc.
code.tex)
(/usr/local/texlive/2022/texmf-dist/tex/generic/pgf/math/pgfmathfunctions.integ
erarithmetics.code.tex)))
(/usr/local/texlive/2022/texmf-dist/tex/generic/pgf/math/pgfmathfloat.code.tex
\c@pgfmathroundto@lastzeros=\count312
)) (/usr/local/texlive/2022/texmf-dist/tex/generic/pgf/math/pgfint.code.tex)
(/usr/local/texlive/2022/texmf-dist/tex/generic/pgf/basiclayer/pgfcorepoints.co
de.tex
File: pgfcorepoints.code.tex 2021/05/15 v3.1.9a (3.1.9a)
\pgf@picminx=\dimen186
\pgf@picmaxx=\dimen187
\pgf@picminy=\dimen188
\pgf@picmaxy=\dimen189
\pgf@pathminx=\dimen190
\pgf@pathmaxx=\dimen191
\pgf@pathminy=\dimen192
\pgf@pathmaxy=\dimen193
\pgf@xx=\dimen194
\pgf@xy=\dimen195
\pgf@yx=\dimen196
\pgf@yy=\dimen197
\pgf@zx=\dimen198
\pgf@zy=\dimen199
)
(/usr/local/texlive/2022/texmf-dist/tex/generic/pgf/basiclayer/pgfcorepathconst
ruct.code.tex
File: pgfcorepathconstruct.code.tex 2021/05/15 v3.1.9a (3.1.9a)
\pgf@path@lastx=\dimen256
\pgf@path@lasty=\dimen257
)
(/usr/local/texlive/2022/texmf-dist/tex/generic/pgf/basiclayer/pgfcorepathusage
.code.tex
File: pgfcorepathusage.code.tex 2021/05/15 v3.1.9a (3.1.9a)
\pgf@shorten@end@additional=\dimen258
\pgf@shorten@start@additional=\dimen259
)
(/usr/local/texlive/2022/texmf-dist/tex/generic/pgf/basiclayer/pgfcorescopes.co
de.tex
File: pgfcorescopes.code.tex 2021/05/15 v3.1.9a (3.1.9a)
\pgfpic=\box59
\pgf@hbox=\box60
\pgf@layerbox@main=\box61
\pgf@picture@serial@count=\count313
)
(/usr/local/texlive/2022/texmf-dist/tex/generic/pgf/basiclayer/pgfcoregraphicst
ate.code.tex
File: pgfcoregraphicstate.code.tex 2021/05/15 v3.1.9a (3.1.9a)
\pgflinewidth=\dimen260
)
(/usr/local/texlive/2022/texmf-dist/tex/generic/pgf/basiclayer/pgfcoretransform
ations.code.tex
File: pgfcoretransformations.code.tex 2021/05/15 v3.1.9a (3.1.9a)
\pgf@pt@x=\dimen261
\pgf@pt@y=\dimen262
\pgf@pt@temp=\dimen263
)
(/usr/local/texlive/2022/texmf-dist/tex/generic/pgf/basiclayer/pgfcorequick.cod
e.tex
File: pgfcorequick.code.tex 2021/05/15 v3.1.9a (3.1.9a)
)
(/usr/local/texlive/2022/texmf-dist/tex/generic/pgf/basiclayer/pgfcoreobjects.c
ode.tex
File: pgfcoreobjects.code.tex 2021/05/15 v3.1.9a (3.1.9a)
)
(/usr/local/texlive/2022/texmf-dist/tex/generic/pgf/basiclayer/pgfcorepathproce
ssing.code.tex
File: pgfcorepathprocessing.code.tex 2021/05/15 v3.1.9a (3.1.9a)
)
(/usr/local/texlive/2022/texmf-dist/tex/generic/pgf/basiclayer/pgfcorearrows.co
de.tex
File: pgfcorearrows.code.tex 2021/05/15 v3.1.9a (3.1.9a)
\pgfarrowsep=\dimen264
)
(/usr/local/texlive/2022/texmf-dist/tex/generic/pgf/basiclayer/pgfcoreshade.cod
e.tex
File: pgfcoreshade.code.tex 2021/05/15 v3.1.9a (3.1.9a)
\pgf@max=\dimen265
\pgf@sys@shading@range@num=\count314
\pgf@shadingcount=\count315
)
(/usr/local/texlive/2022/texmf-dist/tex/generic/pgf/basiclayer/pgfcoreimage.cod
e.tex
File: pgfcoreimage.code.tex 2021/05/15 v3.1.9a (3.1.9a)

(/usr/local/texlive/2022/texmf-dist/tex/generic/pgf/basiclayer/pgfcoreexternal.
code.tex
File: pgfcoreexternal.code.tex 2021/05/15 v3.1.9a (3.1.9a)
\pgfexternal@startupbox=\box62
))
(/usr/local/texlive/2022/texmf-dist/tex/generic/pgf/basiclayer/pgfcorelayers.co
de.tex
File: pgfcorelayers.code.tex 2021/05/15 v3.1.9a (3.1.9a)
)
(/usr/local/texlive/2022/texmf-dist/tex/generic/pgf/basiclayer/pgfcoretranspare
ncy.code.tex
File: pgfcoretransparency.code.tex 2021/05/15 v3.1.9a (3.1.9a)
)
(/usr/local/texlive/2022/texmf-dist/tex/generic/pgf/basiclayer/pgfcorepatterns.
code.tex
File: pgfcorepatterns.code.tex 2021/05/15 v3.1.9a (3.1.9a)
)
(/usr/local/texlive/2022/texmf-dist/tex/generic/pgf/basiclayer/pgfcorerdf.code.
tex
File: pgfcorerdf.code.tex 2021/05/15 v3.1.9a (3.1.9a)
)))
(/usr/local/texlive/2022/texmf-dist/tex/generic/pgf/modules/pgfmoduleshapes.cod
e.tex
File: pgfmoduleshapes.code.tex 2021/05/15 v3.1.9a (3.1.9a)
\pgfnodeparttextbox=\box63
)
(/usr/local/texlive/2022/texmf-dist/tex/generic/pgf/modules/pgfmoduleplot.code.
tex
File: pgfmoduleplot.code.tex 2021/05/15 v3.1.9a (3.1.9a)
)
(/usr/local/texlive/2022/texmf-dist/tex/latex/pgf/compatibility/pgfcomp-version
-0-65.sty
Package: pgfcomp-version-0-65 2021/05/15 v3.1.9a (3.1.9a)
\pgf@nodesepstart=\dimen266
\pgf@nodesepend=\dimen267
)
(/usr/local/texlive/2022/texmf-dist/tex/latex/pgf/compatibility/pgfcomp-version
-1-18.sty
Package: pgfcomp-version-1-18 2021/05/15 v3.1.9a (3.1.9a)
))
(/usr/local/texlive/2022/texmf-dist/tex/latex/pgf/utilities/pgffor.sty
(/usr/local/texlive/2022/texmf-dist/tex/latex/pgf/utilities/pgfkeys.sty
(/usr/local/texlive/2022/texmf-dist/tex/generic/pgf/utilities/pgfkeys.code.tex)
) (/usr/local/texlive/2022/texmf-dist/tex/latex/pgf/math/pgfmath.sty
(/usr/local/texlive/2022/texmf-dist/tex/generic/pgf/math/pgfmath.code.tex))
(/usr/local/texlive/2022/texmf-dist/tex/generic/pgf/utilities/pgffor.code.tex
Package: pgffor 2021/05/15 v3.1.9a (3.1.9a)

(/usr/local/texlive/2022/texmf-dist/tex/generic/pgf/math/pgfmath.code.tex)
\pgffor@iter=\dimen268
\pgffor@skip=\dimen269
\pgffor@stack=\toks38
\pgffor@toks=\toks39
))
(/usr/local/texlive/2022/texmf-dist/tex/generic/pgf/frontendlayer/tikz/tikz.cod
e.tex
Package: tikz 2021/05/15 v3.1.9a (3.1.9a)

(/usr/local/texlive/2022/texmf-dist/tex/generic/pgf/libraries/pgflibraryplothan
dlers.code.tex
File: pgflibraryplothandlers.code.tex 2021/05/15 v3.1.9a (3.1.9a)
\pgf@plot@mark@count=\count316
\pgfplotmarksize=\dimen270
)
\tikz@lastx=\dimen271
\tikz@lasty=\dimen272
\tikz@lastxsaved=\dimen273
\tikz@lastysaved=\dimen274
\tikz@lastmovetox=\dimen275
\tikz@lastmovetoy=\dimen276
\tikzleveldistance=\dimen277
\tikzsiblingdistance=\dimen278
\tikz@figbox=\box64
\tikz@figbox@bg=\box65
\tikz@tempbox=\box66
\tikz@tempbox@bg=\box67
\tikztreelevel=\count317
\tikznumberofchildren=\count318
\tikznumberofcurrentchild=\count319
\tikz@fig@count=\count320

(/usr/local/texlive/2022/texmf-dist/tex/generic/pgf/modules/pgfmodulematrix.cod
e.tex
File: pgfmodulematrix.code.tex 2021/05/15 v3.1.9a (3.1.9a)
\pgfmatrixcurrentrow=\count321
\pgfmatrixcurrentcolumn=\count322
\pgf@matrix@numberofcolumns=\count323
)
\tikz@expandcount=\count324

(/usr/local/texlive/2022/texmf-dist/tex/generic/pgf/frontendlayer/tikz/librarie
s/tikzlibrarytopaths.code.tex
File: tikzlibrarytopaths.code.tex 2021/05/15 v3.1.9a (3.1.9a)
)))
(/usr/local/texlive/2022/texmf-dist/tex/generic/pgf/frontendlayer/tikz/librarie
s/tikzlibraryarrows.code.tex
File: tikzlibraryarrows.code.tex 2021/05/15 v3.1.9a (3.1.9a)

(/usr/local/texlive/2022/texmf-dist/tex/generic/pgf/libraries/pgflibraryarrows.
code.tex
File: pgflibraryarrows.code.tex 2021/05/15 v3.1.9a (3.1.9a)
\arrowsize=\dimen279
))
(/usr/local/texlive/2022/texmf-dist/tex/generic/pgf/frontendlayer/tikz/librarie
s/tikzlibrarybackgrounds.code.tex
File: tikzlibrarybackgrounds.code.tex 2021/05/15 v3.1.9a (3.1.9a)
\pgf@layerbox@background=\box68
\pgf@layerboxsaved@background=\box69
)
(/usr/local/texlive/2022/texmf-dist/tex/generic/pgf/frontendlayer/tikz/librarie
s/tikzlibrarycalc.code.tex
File: tikzlibrarycalc.code.tex 2021/05/15 v3.1.9a (3.1.9a)
)
(/usr/local/texlive/2022/texmf-dist/tex/generic/pgf/frontendlayer/tikz/librarie
s/tikzlibrarypatterns.code.tex
File: tikzlibrarypatterns.code.tex 2021/05/15 v3.1.9a (3.1.9a)

(/usr/local/texlive/2022/texmf-dist/tex/generic/pgf/libraries/pgflibrarypattern
s.code.tex
File: pgflibrarypatterns.code.tex 2021/05/15 v3.1.9a (3.1.9a)
))
(/usr/local/texlive/2022/texmf-dist/tex/generic/pgf/frontendlayer/tikz/librarie
s/tikzlibrarypositioning.code.tex
File: tikzlibrarypositioning.code.tex 2021/05/15 v3.1.9a (3.1.9a)
)
(/usr/local/texlive/2022/texmf-dist/tex/generic/pgf/frontendlayer/tikz/librarie
s/tikzlibraryshapes.geometric.code.tex
File: tikzlibraryshapes.geometric.code.tex 2021/05/15 v3.1.9a (3.1.9a)

(/usr/local/texlive/2022/texmf-dist/tex/generic/pgf/libraries/shapes/pgflibrary
shapes.geometric.code.tex
File: pgflibraryshapes.geometric.code.tex 2021/05/15 v3.1.9a (3.1.9a)
))
(/usr/local/texlive/2022/texmf-dist/tex/latex/pgf/utilities/pgfcalendar.sty
(/usr/local/texlive/2022/texmf-dist/tex/generic/pgf/utilities/pgfcalendar.code.
tex
File: pgfcalendar.code.tex 2021/05/15 v3.1.9a (3.1.9a)
 (/usr/local/texlive/2022/texmf-dist/tex/generic/pgf/math/pgfint.code.tex)
\pgfcalendarcurrentjulian=\count325
\pgf@cal@easter@Y=\count326
\pgf@cal@easter@G=\count327
\pgf@cal@easter@C=\count328
\pgf@cal@easter@X=\count329
\pgf@cal@easter@Z=\count330
\pgf@cal@easter@D=\count331
\pgf@cal@easter@E=\count332
\pgf@cal@easter@N=\count333
\pgf@cal@easter@M=\count334
\pgf@cal@easter@julianday=\count335
))
\gtt@currentline=\count336
\gtt@lasttitleline=\count337
\gtt@currgrid=\count338
\gtt@chartwidth=\count339
\gtt@lasttitleslot=\count340
\gtt@elementid=\count341
\gtt@today@slot=\count342
\gtt@startjulian=\count343
\gtt@endjulian=\count344
\gtt@chartid=\count345
\gtt@vrule@slot=\count346
\gtt@calendar@slots=\count347
\gtt@calendar@weeknumber=\count348
\gtt@calendar@startofweek=\count349
\gtt@left@slot=\count350
\gtt@right@slot=\count351
)
Package hyperref Info: Option `colorlinks' set `true' on input line 32.
 (/usr/local/texlive/2022/texmf-dist/tex/latex/titlesec/titlesec.sty
Package: titlesec 2021/07/05 v2.14 Sectioning titles
\ttl@box=\box70
\beforetitleunit=\skip67
\aftertitleunit=\skip68
\ttl@plus=\dimen280
\ttl@minus=\dimen281
\ttl@toksa=\toks40
\titlewidth=\dimen282
\titlewidthlast=\dimen283
\titlewidthfirst=\dimen284
)
\c@alphasect=\count352

(./nickGrunlohAdvancement2.aux

LaTeX Warning: Label `logLike' multiply defined.

)
\openout1 = `nickGrunlohAdvancement2.aux'.

LaTeX Font Info:    Checking defaults for OML/cmm/m/it on input line 89.
LaTeX Font Info:    ... okay on input line 89.
LaTeX Font Info:    Checking defaults for OMS/cmsy/m/n on input line 89.
LaTeX Font Info:    ... okay on input line 89.
LaTeX Font Info:    Checking defaults for OT1/cmr/m/n on input line 89.
LaTeX Font Info:    ... okay on input line 89.
LaTeX Font Info:    Checking defaults for T1/cmr/m/n on input line 89.
LaTeX Font Info:    ... okay on input line 89.
LaTeX Font Info:    Checking defaults for TS1/cmr/m/n on input line 89.
LaTeX Font Info:    ... okay on input line 89.
LaTeX Font Info:    Checking defaults for OMX/cmex/m/n on input line 89.
LaTeX Font Info:    ... okay on input line 89.
LaTeX Font Info:    Checking defaults for U/cmr/m/n on input line 89.
LaTeX Font Info:    ... okay on input line 89.
LaTeX Font Info:    Checking defaults for PD1/pdf/m/n on input line 89.
LaTeX Font Info:    ... okay on input line 89.
LaTeX Font Info:    Checking defaults for PU/pdf/m/n on input line 89.
LaTeX Font Info:    ... okay on input line 89.
 (/usr/local/texlive/2022/texmf-dist/tex/context/base/mkii/supp-pdf.mkii
[Loading MPS to PDF converter (version 2006.09.02).]
\scratchcounter=\count353
\scratchdimen=\dimen285
\scratchbox=\box71
\nofMPsegments=\count354
\nofMParguments=\count355
\everyMPshowfont=\toks41
\MPscratchCnt=\count356
\MPscratchDim=\dimen286
\MPnumerator=\count357
\makeMPintoPDFobject=\count358
\everyMPtoPDFconversion=\toks42
) (/usr/local/texlive/2022/texmf-dist/tex/latex/epstopdf-pkg/epstopdf-base.sty
Package: epstopdf-base 2020-01-24 v2.11 Base part for package epstopdf
Package epstopdf-base Info: Redefining graphics rule for `.eps' on input line 4
85.

(/usr/local/texlive/2022/texmf-dist/tex/latex/latexconfig/epstopdf-sys.cfg
File: epstopdf-sys.cfg 2010/07/13 v1.3 Configuration of (r)epstopdf for TeX Liv
e
))
*geometry* driver: auto-detecting
*geometry* detected driver: pdftex
*geometry* verbose mode - [ preamble ] result:
* driver: pdftex
* paper: <default>
* layout: <same size as paper>
* layoutoffset:(h,v)=(0.0pt,0.0pt)
* modes: 
* h-part:(L,W,R)=(72.26999pt, 469.75502pt, 72.26999pt)
* v-part:(T,H,B)=(72.26999pt, 650.43001pt, 72.26999pt)
* \paperwidth=614.295pt
* \paperheight=794.96999pt
* \textwidth=469.75502pt
* \textheight=650.43001pt
* \oddsidemargin=0.0pt
* \evensidemargin=0.0pt
* \topmargin=-37.0pt
* \headheight=12.0pt
* \headsep=25.0pt
* \topskip=12.0pt
* \footskip=14.45377pt
* \marginparwidth=44.0pt
* \marginparsep=10.0pt
* \columnsep=10.0pt
* \skip\footins=10.8pt plus 4.0pt minus 2.0pt
* \hoffset=0.0pt
* \voffset=0.0pt
* \mag=1000
* \@twocolumnfalse
* \@twosidefalse
* \@mparswitchfalse
* \@reversemarginfalse
* (1in=72.27pt=25.4mm, 1cm=28.453pt)

\c@lstlisting=\count359
Package hyperref Info: Link coloring ON on input line 89.
(/usr/local/texlive/2022/texmf-dist/tex/latex/hyperref/nameref.sty
Package: nameref 2021-04-02 v2.47 Cross-referencing by name of section

(/usr/local/texlive/2022/texmf-dist/tex/latex/refcount/refcount.sty
Package: refcount 2019/12/15 v3.6 Data extraction from label references (HO)
)
(/usr/local/texlive/2022/texmf-dist/tex/generic/gettitlestring/gettitlestring.s
ty
Package: gettitlestring 2019/12/15 v1.6 Cleanup title references (HO)
)
\c@section@level=\count360
)
LaTeX Info: Redefining \ref on input line 89.
LaTeX Info: Redefining \pageref on input line 89.
LaTeX Info: Redefining \nameref on input line 89.
 (./nickGrunlohAdvancement2.out) (./nickGrunlohAdvancement2.out)
\@outlinefile=\write5
\openout5 = `nickGrunlohAdvancement2.out'.

\c@maskedRefs=\count361

(/usr/local/texlive/2022/texmf-dist/tex/latex/apacite/english.apc
File: english.apc 2013/07/21 v6.03 apacite language file
LaTeX Info: Redefining \BPBI on input line 129.
LaTeX Info: Redefining \BHBI on input line 130.
)
LaTeX Font Info:    Trying to load font information for U+msa on input line 156
.

(/usr/local/texlive/2022/texmf-dist/tex/latex/amsfonts/umsa.fd
File: umsa.fd 2013/01/14 v3.01 AMS symbols A
)
LaTeX Font Info:    Trying to load font information for U+msb on input line 156
.

(/usr/local/texlive/2022/texmf-dist/tex/latex/amsfonts/umsb.fd
File: umsb.fd 2013/01/14 v3.01 AMS symbols B
) [1
Non-PDF special ignored!
<special> header=psfrag.pro

{/usr/local/texlive/2022/texmf-var/fonts/map/pdftex/updmap/pdftex.map}]
<./plots/hakeIndex.png, id=97, 481.8pt x 481.8pt>
File: ./plots/hakeIndex.png Graphic file (type png)
<use ./plots/hakeIndex.png>
Package pdftex.def Info: ./plots/hakeIndex.png  used on input line 248.
(pdftex.def)             Requested size: 234.8775pt x 234.87839pt.
<./plots/hakeCatch.png, id=98, 481.8pt x 481.8pt>
File: ./plots/hakeCatch.png Graphic file (type png)
<use ./plots/hakeCatch.png>
Package pdftex.def Info: ./plots/hakeCatch.png  used on input line 249.
(pdftex.def)             Requested size: 234.8775pt x 234.87839pt.

Overfull \hbox (2.61047pt too wide) in paragraph at lines 248--253
[][] [] 
 []


LaTeX Warning: `!h' float specifier changed to `!ht'.

[2

] [3 <./plots/hakeIndex.png> <./plots/hakeCatch.png>]
<./plots/srrSchaeffer.png, id=129, 481.8pt x 481.8pt>
File: ./plots/srrSchaeffer.png Graphic file (type png)
<use ./plots/srrSchaeffer.png>
Package pdftex.def Info: ./plots/srrSchaeffer.png  used on input line 333.
(pdftex.def)             Requested size: 281.85587pt x 281.86288pt.

Overfull \hbox (16.95988pt too wide) in paragraph at lines 355--366
\T1/cmr/m/n/10.95 graph-i-cal con-struc-tion seen in Fig-ure ([][]2[][]). Pos-i
-tive re-cruit-ment is ob-served when []
 []

[4 <./plots/srrSchaeffer.png>] [5] [6]
<./plots/srr1.1.png, id=208, 481.8pt x 481.8pt>
File: ./plots/srr1.1.png Graphic file (type png)
<use ./plots/srr1.1.png>
Package pdftex.def Info: ./plots/srr1.1.png  used on input line 673.
(pdftex.def)             Requested size: 230.18253pt x 230.18066pt.
<./plots/srr2.png, id=209, 481.8pt x 481.8pt>
File: ./plots/srr2.png Graphic file (type png)
<use ./plots/srr2.png>
Package pdftex.def Info: ./plots/srr2.png  used on input line 674.
(pdftex.def)             Requested size: 230.18253pt x 230.18066pt.
 [7 <./plots/srr1.1.png> <./plots/srr2.png>] [8

] [9]
<../present/shaeferDat.png, id=257, 481.8pt x 481.8pt>
File: ../present/shaeferDat.png Graphic file (type png)
<use ../present/shaeferDat.png>
Package pdftex.def Info: ../present/shaeferDat.png  used on input line 862.
(pdftex.def)             Requested size: 281.85587pt x 281.86288pt.

Underfull \hbox (badness 10000) in paragraph at lines 870--870
\T1/cmr/m/n/12 Open cir-cles show the
 []


Underfull \hbox (badness 10000) in paragraph at lines 870--870
[] \T1/cmr/m/n/12 of the sim-u-la-
 []


Underfull \hbox (badness 10000) in paragraph at lines 870--870
\T1/cmr/m/n/12 tion grid [] The
 []


Underfull \hbox (badness 1221) in paragraph at lines 870--870
[] \T1/cmr/m/n/12 line shows the
 []


Underfull \hbox (badness 5359) in paragraph at lines 870--870
\T1/cmr/m/n/12 for the [] model.
 []


Underfull \hbox (badness 1460) in paragraph at lines 870--870
\T1/cmr/m/n/12 The red X's in-di-cated 4
 []


Underfull \hbox (badness 10000) in paragraph at lines 870--870
\T1/cmr/m/n/12 the [] model is
 []

[10 <../present/shaeferDat.png (PNG copy)>] [11

] [12

] [13] [14]

Package hyperref Warning: Token not allowed in a PDF string (Unicode):
(hyperref)                removing `math shift' on input line 1159.


Package hyperref Warning: Token not allowed in a PDF string (Unicode):
(hyperref)                removing `math shift' on input line 1159.

[15

]
<../../../theses/nick/gpBias/zetaRelBiasPellaFlatNoQ.png, id=326, 481.8pt x 481
.8pt>
File: ../../../theses/nick/gpBias/zetaRelBiasPellaFlatNoQ.png Graphic file (typ
e png)
<use ../../../theses/nick/gpBias/zetaRelBiasPellaFlatNoQ.png>
Package pdftex.def Info: ../../../theses/nick/gpBias/zetaRelBiasPellaFlatNoQ.pn
g  used on input line 1201.
(pdftex.def)             Requested size: 253.20218pt x 253.19873pt.

Overfull \hbox (11.40378pt too wide) in paragraph at lines 1200--1212
[]|  [] 
 []


Underfull \hbox (badness 10000) in paragraph at lines 1200--1212

 []


Underfull \hbox (badness 10000) in paragraph at lines 1213--1214

 []

<../../../theses/nick/gpBias/directionalBiasPellaFlatNoQ.png, id=327, 481.8pt x
 481.8pt>
File: ../../../theses/nick/gpBias/directionalBiasPellaFlatNoQ.png Graphic file 
(type png)
<use ../../../theses/nick/gpBias/directionalBiasPellaFlatNoQ.png>
Package pdftex.def Info: ../../../theses/nick/gpBias/directionalBiasPellaFlatNo
Q.png  used on input line 1217.
(pdftex.def)             Requested size: 253.20218pt x 253.19873pt.
<../../../theses/nick/gpBias/fMSYRelBiasPellaFlatNoQ.png, id=328, 481.8pt x 481
.8pt>
File: ../../../theses/nick/gpBias/fMSYRelBiasPellaFlatNoQ.png Graphic file (typ
e png)
<use ../../../theses/nick/gpBias/fMSYRelBiasPellaFlatNoQ.png>
Package pdftex.def Info: ../../../theses/nick/gpBias/fMSYRelBiasPellaFlatNoQ.pn
g  used on input line 1219.
(pdftex.def)             Requested size: 253.20218pt x 253.19873pt.

Overfull \hbox (54.08289pt too wide) in paragraph at lines 1216--1220
[]|  [] 
 []


Overfull \hbox (54.08289pt too wide) in paragraph at lines 1216--1220
|  [] 
 []

[16 <../../../theses/nick/gpBias/zetaRelBiasPellaFlatNoQ.png (PNG copy)> <../..
/../theses/nick/gpBias/directionalBiasPellaFlatNoQ.png (PNG copy)> <../../../th
eses/nick/gpBias/fMSYRelBiasPellaFlatNoQ.png (PNG copy)>]
<../../../theses/nick/gpBias/curveCompareFlatNoQX0.5Z0.6.png, id=334, 481.8pt x
 481.8pt>
File: ../../../theses/nick/gpBias/curveCompareFlatNoQX0.5Z0.6.png Graphic file 
(type png)
<use ../../../theses/nick/gpBias/curveCompareFlatNoQX0.5Z0.6.png>
Package pdftex.def Info: ../../../theses/nick/gpBias/curveCompareFlatNoQX0.5Z0.
6.png  used on input line 1260.
(pdftex.def)             Requested size: 172.14172pt x 172.13927pt.
<../../../theses/nick/gpBias/curveCompareFlatNoQX0.5Z0.2.png, id=335, 481.8pt x
 481.8pt>
File: ../../../theses/nick/gpBias/curveCompareFlatNoQX0.5Z0.2.png Graphic file 
(type png)
<use ../../../theses/nick/gpBias/curveCompareFlatNoQX0.5Z0.2.png>
Package pdftex.def Info: ../../../theses/nick/gpBias/curveCompareFlatNoQX0.5Z0.
2.png  used on input line 1262.
(pdftex.def)             Requested size: 172.14172pt x 172.13927pt.
<../../../theses/nick/gpBias/curveCompareFlatNoQX3.5Z0.6.png, id=336, 481.8pt x
 481.8pt>
File: ../../../theses/nick/gpBias/curveCompareFlatNoQX3.5Z0.6.png Graphic file 
(type png)
<use ../../../theses/nick/gpBias/curveCompareFlatNoQX3.5Z0.6.png>
Package pdftex.def Info: ../../../theses/nick/gpBias/curveCompareFlatNoQX3.5Z0.
6.png  used on input line 1266.
(pdftex.def)             Requested size: 172.14172pt x 172.13927pt.
<../../../theses/nick/gpBias/curveCompareFlatNoQX3.5Z0.2.png, id=337, 481.8pt x
 481.8pt>
File: ../../../theses/nick/gpBias/curveCompareFlatNoQX3.5Z0.2.png Graphic file 
(type png)
<use ../../../theses/nick/gpBias/curveCompareFlatNoQX3.5Z0.2.png>
Package pdftex.def Info: ../../../theses/nick/gpBias/curveCompareFlatNoQX3.5Z0.
2.png  used on input line 1268.
(pdftex.def)             Requested size: 172.14172pt x 172.13927pt.

Underfull \hbox (badness 4291) in paragraph at lines 1276--1276
\T1/cmr/m/n/12 re-sent the four cor-ners
 []

[17

 <../../../theses/nick/gpBias/curveCompareFlatNoQX0.5Z0.6.png (PNG copy)> <../.
./../theses/nick/gpBias/curveCompareFlatNoQX0.5Z0.2.png (PNG copy)> <../../../t
heses/nick/gpBias/curveCompareFlatNoQX3.5Z0.6.png (PNG copy)> <../../../theses/
nick/gpBias/curveCompareFlatNoQX3.5Z0.2.png (PNG copy)>]
<../../../theses/nick/gpBias/bMSYRelBiasPellaFlatNoQ.png, id=344, 481.8pt x 481
.8pt>
File: ../../../theses/nick/gpBias/bMSYRelBiasPellaFlatNoQ.png Graphic file (typ
e png)
<use ../../../theses/nick/gpBias/bMSYRelBiasPellaFlatNoQ.png>
Package pdftex.def Info: ../../../theses/nick/gpBias/bMSYRelBiasPellaFlatNoQ.pn
g  used on input line 1300.
(pdftex.def)             Requested size: 230.18253pt x 230.18066pt.
<../../../theses/nick/gpBias/kRelBiasPellaFlatNoQ.png, id=345, 481.8pt x 481.8p
t>
File: ../../../theses/nick/gpBias/kRelBiasPellaFlatNoQ.png Graphic file (type p
ng)
<use ../../../theses/nick/gpBias/kRelBiasPellaFlatNoQ.png>
Package pdftex.def Info: ../../../theses/nick/gpBias/kRelBiasPellaFlatNoQ.png  
used on input line 1302.
(pdftex.def)             Requested size: 230.18253pt x 230.18066pt.
 [18

 <../../../theses/nick/gpBias/bMSYRelBiasPellaFlatNoQ.png (PNG copy)> <../../..
/theses/nick/gpBias/kRelBiasPellaFlatNoQ.png (PNG copy)>]
<../../../theses/nick/gpBias/rfExpT45X2Z0.6.png, id=355, 481.8pt x 481.8pt>
File: ../../../theses/nick/gpBias/rfExpT45X2Z0.6.png Graphic file (type png)
<use ../../../theses/nick/gpBias/rfExpT45X2Z0.6.png>
Package pdftex.def Info: ../../../theses/nick/gpBias/rfExpT45X2Z0.6.png  used o
n input line 1352.
(pdftex.def)             Requested size: 234.8775pt x 234.87839pt.
<../../../theses/nick/gpBias/bioCatchExpT45X2Z0.6.png, id=356, 481.8pt x 481.8p
t>
File: ../../../theses/nick/gpBias/bioCatchExpT45X2Z0.6.png Graphic file (type p
ng)
<use ../../../theses/nick/gpBias/bioCatchExpT45X2Z0.6.png>
Package pdftex.def Info: ../../../theses/nick/gpBias/bioCatchExpT45X2Z0.6.png  
used on input line 1353.
(pdftex.def)             Requested size: 234.8775pt x 234.87839pt.

Overfull \hbox (2.61047pt too wide) in paragraph at lines 1352--1358
[][] [] 
 []

File: ../../../theses/nick/gpBias/bMSYRelBiasPellaFlatNoQ.png Graphic file (typ
e png)
<use ../../../theses/nick/gpBias/bMSYRelBiasPellaFlatNoQ.png>
Package pdftex.def Info: ../../../theses/nick/gpBias/bMSYRelBiasPellaFlatNoQ.pn
g  used on input line 1379.
(pdftex.def)             Requested size: 195.65654pt x 195.65724pt.
File: ../../../theses/nick/gpBias/fMSYRelBiasPellaFlatNoQ.png Graphic file (typ
e png)
<use ../../../theses/nick/gpBias/fMSYRelBiasPellaFlatNoQ.png>
Package pdftex.def Info: ../../../theses/nick/gpBias/fMSYRelBiasPellaFlatNoQ.pn
g  used on input line 1382.
(pdftex.def)             Requested size: 195.65654pt x 195.65724pt.

LaTeX Warning: `!h' float specifier changed to `!ht'.

[19

 <../../../theses/nick/gpBias/rfExpT45X2Z0.6.png> <../../../theses/nick/gpBias/
bioCatchExpT45X2Z0.6.png (PNG copy)>]
<../../../theses/nick/gpBias/bMSYRelBiasPellaExpT90.png, id=370, 481.8pt x 481.
8pt>
File: ../../../theses/nick/gpBias/bMSYRelBiasPellaExpT90.png Graphic file (type
 png)
<use ../../../theses/nick/gpBias/bMSYRelBiasPellaExpT90.png>
Package pdftex.def Info: ../../../theses/nick/gpBias/bMSYRelBiasPellaExpT90.png
  used on input line 1420.
(pdftex.def)             Requested size: 195.65654pt x 195.65724pt.
<../../../theses/nick/gpBias/fMSYRelBiasPellaExpT90.png, id=371, 481.8pt x 481.
8pt>
File: ../../../theses/nick/gpBias/fMSYRelBiasPellaExpT90.png Graphic file (type
 png)
<use ../../../theses/nick/gpBias/fMSYRelBiasPellaExpT90.png>
Package pdftex.def Info: ../../../theses/nick/gpBias/fMSYRelBiasPellaExpT90.png
  used on input line 1428.
(pdftex.def)             Requested size: 195.65654pt x 195.65724pt.
 [20 <../../../theses/nick/gpBias/bMSYRelBiasPellaExpT90.png> <../../../theses/
nick/gpBias/fMSYRelBiasPellaExpT90.png (PNG copy)>] [21

] [22]

Package hyperref Warning: Token not allowed in a PDF string (Unicode):
(hyperref)                removing `math shift' on input line 1635.


Package hyperref Warning: Token not allowed in a PDF string (Unicode):
(hyperref)                removing `math shift' on input line 1635.


Overfull \hbox (35.99661pt too wide) in paragraph at lines 1638--1643
\T1/cmr/m/n/10.95 fixed to -1 or 1 re-spec-tively, and the Ricker model is a []
 
 []

<plots/derisoSrr.png, id=403, 481.8pt x 481.8pt>
File: plots/derisoSrr.png Graphic file (type png)
<use plots/derisoSrr.png>
Package pdftex.def Info: plots/derisoSrr.png  used on input line 1661.
(pdftex.def)             Requested size: 207.16286pt x 207.1626pt.
[23

 <./plots/derisoSrr.png>]
<plots/bhRP.png, id=418, 481.8pt x 481.8pt>
File: plots/bhRP.png Graphic file (type png)
<use plots/bhRP.png>
Package pdftex.def Info: plots/bhRP.png  used on input line 1700.
(pdftex.def)             Requested size: 165.3553pt x 165.35367pt.
 [24

 <./plots/bhRP.png>] [25]
Overfull \hbox (12.45395pt too wide) in paragraph at lines 2013--2024
\T1/cmr/m/n/10.95 re-quires tact-ful method-ol-ogy for mov-ing catch []
 []


Overfull \hbox (1.63016pt too wide) in paragraph at lines 2013--2024
\T1/cmr/m/n/10.95 to the in-ter-po-lated in-stan-ta-neous quan-ti-ties needed [
] han-dling of biomass
 []

[26

]
LaTeX Font Info:    Trying to load font information for U+dsrom on input line 2
097.
 (/usr/local/texlive/2022/texmf-dist/tex/latex/doublestroke/Udsrom.fd
File: Udsrom.fd 1995/08/01 v0.1 Double stroke roman font definitions
)
[27]
<../../../theses/nick/spline/dataPlots.png, id=484, 481.8pt x 481.8pt>
File: ../../../theses/nick/spline/dataPlots.png Graphic file (type png)
<use ../../../theses/nick/spline/dataPlots.png>
Package pdftex.def Info: ../../../theses/nick/spline/dataPlots.png  used on inp
ut line 2140.
(pdftex.def)             Requested size: 186.02432pt x 186.01921pt.
<../../../theses/nick/spline/intCurves.png, id=485, 481.8pt x 481.8pt>
File: ../../../theses/nick/spline/intCurves.png Graphic file (type png)
<use ../../../theses/nick/spline/intCurves.png>
Package pdftex.def Info: ../../../theses/nick/spline/intCurves.png  used on inp
ut line 2149.
(pdftex.def)             Requested size: 186.02432pt x 186.01921pt.

Overfull \hbox (5.29636pt too wide) in paragraph at lines 2148--2152
[]  [] 
 []


Underfull \hbox (badness 10000) in paragraph at lines 2157--2157
\T1/cmr/m/n/12 catch []
 []


Underfull \hbox (badness 10000) in paragraph at lines 2157--2157
\T1/cmr/m/n/12 plot-ted along with
 []


Underfull \hbox (badness 10000) in paragraph at lines 2157--2157
[]
 []


Underfull \hbox (badness 10000) in paragraph at lines 2157--2157
\T1/cmr/m/n/12 (\T1/cmr/m/it/12 right\T1/cmr/m/n/12 )
 []


Underfull \hbox (badness 10000) in paragraph at lines 2157--2157
\T1/cmr/m/n/12 in-stan-ta-neous catch
 []


Underfull \hbox (badness 10000) in paragraph at lines 2157--2157
\T1/cmr/m/n/12 with and with-out
 []


Underfull \hbox (badness 4995) in paragraph at lines 2157--2157
\T1/cmr/m/n/12 as-sumed []
 []

[28

 <../../../theses/nick/spline/dataPlots.png (PNG copy)> <../../../theses/nick/s
pline/intCurves.png (PNG copy)>] [29] (./nickGrunlohAdvancement2.bbl
LaTeX Font Info:    Trying to load font information for T1+cmtt on input line 1
33.

(/usr/local/texlive/2022/texmf-dist/tex/latex/base/t1cmtt.fd
File: t1cmtt.fd 2019/12/16 v2.5j Standard LaTeX font definitions
)
Underfull \hbox (badness 6526) in paragraph at lines 171--195
[]\T1/cmr/m/n/12 Fox Jr., W. W.  (1970).  An Ex-po-nen-tial Surplus-Yield Model

 []


Underfull \hbox (badness 10000) in paragraph at lines 171--195
\T1/cmr/m/n/12 for Op-ti-miz-ing Ex-ploited Fish Pop-u-la-tions.  \T1/cmr/m/it/
12 Trans-ac-tions of
 []


Underfull \hbox (badness 10000) in paragraph at lines 171--195
\T1/cmr/m/it/12 the Amer-i-can Fish-eries So-ci-ety\T1/cmr/m/n/12 , \T1/cmr/m/i
t/12 99\T1/cmr/m/n/12 (1), 80--88.  Re-trieved
 []


Underfull \hbox (badness 10000) in paragraph at lines 171--195
\T1/cmr/m/n/12 2022-02-17, from [][]$\T1/cmtt/m/n/12 https :// onlinelibrary []
 .wiley [] .com / doi / abs /
 []


Underfull \hbox (badness 10000) in paragraph at lines 171--195
\T1/cmtt/m/n/12 10 [] .1577 / 1548 [] -8659 % 281970 % 2999 % 3C80 % 3AAESMFO %
 3E2 [] .0 [] .CO % 3B2$[][]
 []


Underfull \hbox (badness 10000) in paragraph at lines 171--195
\T1/cmr/m/n/12 (_eprint: https://onlinelibrary.wiley.com/doi/pdf/10.1577/1548-
 []


Underfull \hbox (badness 10000) in paragraph at lines 171--195
\T1/cmr/m/n/12 8659%281970%2999%3C80%3AAESMFO%3E2.0.CO%3B2)  doi:
 []

[30

] [31]
Underfull \hbox (badness 3271) in paragraph at lines 745--765
\T1/cmr/m/n/12 2019-07-19, from [][]$\T1/cmtt/m/n/12 http :// www [] .sciencedi
rect [] .com / science / article /
 []

[32] [33]) [34] [35

]

LaTeX Warning: Command \l invalid in math mode on input line 2341.

Missing character: There is no ª in font cmr10!

LaTeX Warning: Command \l invalid in math mode on input line 2341.

Missing character: There is no ª in font cmr10!
[36] (./nickGrunlohAdvancement2.aux)

LaTeX Warning: There were multiply-defined labels.

Package rerunfilecheck Info: File `nickGrunlohAdvancement2.out' has not changed
.
(rerunfilecheck)             Checksum: 33582EDDC572E65C2628ACBB019FB3E4;2259.
 ) 
Here is how much of TeX's memory you used:
 26798 strings out of 478268
 504641 string characters out of 5846348
 780274 words of memory out of 5000000
 44361 multiletter control sequences out of 15000+600000
 496744 words of font info for 110 fonts, out of 8000000 for 9000
 1141 hyphenation exceptions out of 8191
 99i,15n,94p,731b,874s stack positions out of 10000i,1000n,20000p,200000b,200000s
{/usr/local/texlive/2022/texmf-dist/fonts/enc/dvips/cm-super/cm-super-t1.enc}
</usr/local/texlive/2022/texmf-dist/fonts/type1/public/amsfonts/cmextra/cmbsy8.
pfb></usr/local/texlive/2022/texmf-dist/fonts/type1/public/amsfonts/cm/cmbx10.p
fb></usr/local/texlive/2022/texmf-dist/fonts/type1/public/amsfonts/cm/cmex10.pf
b></usr/local/texlive/2022/texmf-dist/fonts/type1/public/amsfonts/cmextra/cmex8
.pfb></usr/local/texlive/2022/texmf-dist/fonts/type1/public/amsfonts/cm/cmmi10.
pfb></usr/local/texlive/2022/texmf-dist/fonts/type1/public/amsfonts/cm/cmmi12.p
fb></usr/local/texlive/2022/texmf-dist/fonts/type1/public/amsfonts/cm/cmmi6.pfb
></usr/local/texlive/2022/texmf-dist/fonts/type1/public/amsfonts/cm/cmmi8.pfb><
/usr/local/texlive/2022/texmf-dist/fonts/type1/public/amsfonts/cm/cmmib10.pfb><
/usr/local/texlive/2022/texmf-dist/fonts/type1/public/amsfonts/cmextra/cmmib6.p
fb></usr/local/texlive/2022/texmf-dist/fonts/type1/public/amsfonts/cmextra/cmmi
b8.pfb></usr/local/texlive/2022/texmf-dist/fonts/type1/public/amsfonts/cm/cmr10
.pfb></usr/local/texlive/2022/texmf-dist/fonts/type1/public/amsfonts/cm/cmr12.p
fb></usr/local/texlive/2022/texmf-dist/fonts/type1/public/amsfonts/cm/cmr17.pfb
></usr/local/texlive/2022/texmf-dist/fonts/type1/public/amsfonts/cm/cmr6.pfb></
usr/local/texlive/2022/texmf-dist/fonts/type1/public/amsfonts/cm/cmr8.pfb></usr
/local/texlive/2022/texmf-dist/fonts/type1/public/amsfonts/cm/cmsy10.pfb></usr/
local/texlive/2022/texmf-dist/fonts/type1/public/amsfonts/cm/cmsy6.pfb></usr/lo
cal/texlive/2022/texmf-dist/fonts/type1/public/amsfonts/cm/cmsy8.pfb></usr/loca
l/texlive/2022/texmf-dist/fonts/type1/public/doublestroke/dsrom10.pfb></usr/loc
al/texlive/2022/texmf-dist/fonts/type1/public/amsfonts/symbols/msbm10.pfb></usr
/local/texlive/2022/texmf-dist/fonts/type1/public/cm-super/sfbx1095.pfb></usr/l
ocal/texlive/2022/texmf-dist/fonts/type1/public/cm-super/sfbx1440.pfb></usr/loc
al/texlive/2022/texmf-dist/fonts/type1/public/cm-super/sfbx1728.pfb></usr/local
/texlive/2022/texmf-dist/fonts/type1/public/cm-super/sfrm0800.pfb></usr/local/t
exlive/2022/texmf-dist/fonts/type1/public/cm-super/sfrm1095.pfb></usr/local/tex
live/2022/texmf-dist/fonts/type1/public/cm-super/sfrm1200.pfb></usr/local/texli
ve/2022/texmf-dist/fonts/type1/public/cm-super/sfrm1440.pfb></usr/local/texlive
/2022/texmf-dist/fonts/type1/public/cm-super/sfrm2074.pfb></usr/local/texlive/2
022/texmf-dist/fonts/type1/public/cm-super/sfti1095.pfb></usr/local/texlive/202
2/texmf-dist/fonts/type1/public/cm-super/sfti1200.pfb></usr/local/texlive/2022/
texmf-dist/fonts/type1/public/cm-super/sftt1200.pfb>
Output written on nickGrunlohAdvancement2.pdf (36 pages, 1068809 bytes).
PDF statistics:
 736 PDF objects out of 1000 (max. 8388607)
 593 compressed objects within 6 object streams
 143 named destinations out of 1000 (max. 500000)
 256 words of extra memory for PDF output out of 10000 (max. 10000000)

