\BOOKMARK [1][-]{section.1}{\376\377\000I\000n\000t\000r\000o\000d\000u\000c\000t\000i\000o\000n}{}% 1
\BOOKMARK [1][-]{section.2}{\376\377\000M\000e\000t\000h\000o\000d\000s\000\040}{}% 2
\BOOKMARK [2][-]{subsection.2.1}{\376\377\000P\000T\000/\000S\000c\000h\000a\000f\000f\000e\000r\000\040\000M\000o\000d\000e\000l}{section.2}% 3
\BOOKMARK [2][-]{subsection.2.2}{\376\377\000P\000T\000\040\000R\000e\000f\000e\000r\000e\000n\000c\000e\000\040\000P\000o\000i\000n\000t\000s}{section.2}% 4
\BOOKMARK [2][-]{subsection.2.3}{\376\377\000S\000c\000h\000n\000u\000t\000e\000/\000B\000H\000\040\000M\000o\000d\000e\000l}{section.2}% 5
\BOOKMARK [2][-]{subsection.2.4}{\376\377\000S\000i\000m\000u\000l\000a\000t\000i\000o\000n}{section.2}% 6
\BOOKMARK [3][-]{subsubsection.2.4.1}{\376\377\000L\000a\000t\000i\000n\000\040\000H\000y\000p\000e\000r\000c\000u\000b\000e\000\040\000S\000a\000m\000p\000l\000i\000n\000g}{subsection.2.4}% 7
\BOOKMARK [3][-]{subsubsection.2.4.2}{\376\377\000D\000e\000s\000i\000g\000n\000\040\000R\000e\000f\000i\000n\000e\000m\000e\000n\000t}{subsection.2.4}% 8
\BOOKMARK [2][-]{subsection.2.5}{\376\377\000C\000o\000n\000t\000i\000n\000u\000o\000u\000s\000\040\000m\000o\000d\000e\000l\000\040\000f\000o\000r\000m\000u\000l\000a\000t\000i\000o\000n}{section.2}% 9
\BOOKMARK [3][-]{subsubsection.2.5.1}{\376\377\000U\000n\000i\000q\000u\000e\000n\000e\000s\000s\000,\000\040\000C\000o\000n\000t\000i\000n\000u\000i\000t\000y\000,\000\040\000a\000n\000d\000\040\000I\000d\000e\000n\000t\000i\000f\000i\000a\000b\000i\000l\000i\000t\000y}{subsection.2.5}% 10
\BOOKMARK [3][-]{subsubsection.2.5.2}{\376\377\000I\000n\000t\000e\000g\000r\000a\000t\000i\000o\000n\000\040\000a\000n\000d\000\040\000S\000t\000i\000f\000f\000n\000e\000s\000s}{subsection.2.5}% 11
\BOOKMARK [2][-]{subsection.2.6}{\376\377\000C\000a\000t\000c\000h\000\040}{section.2}% 12
\BOOKMARK [1][-]{section.3}{\376\377\000R\000e\000s\000u\000l\000t\000s}{}% 13
\BOOKMARK [2][-]{subsection.3.1}{\376\377\000P\000T\000/\000S\000c\000h\000a\000f\000f\000e\000r}{section.3}% 14
\BOOKMARK [1][-]{section.4}{\376\377\000I\000n\000t\000r\000o\000d\000u\000c\000t\000i\000o\000n}{}% 15
\BOOKMARK [1][-]{section.5}{\376\377\000M\000e\000t\000h\000o\000d\000s}{}% 16
\BOOKMARK [2][-]{subsection.5.1}{\376\377\000P\000T\000\040\000M\000o\000d\000e\000l}{section.5}% 17
\BOOKMARK [2][-]{subsection.5.2}{\376\377\000P\000T\000\040\000R\000e\000f\000e\000r\000e\000n\000c\000e\000\040\000P\000o\000i\000n\000t\000s}{section.5}% 18
\BOOKMARK [2][-]{subsection.5.3}{\376\377\000S\000i\000m\000u\000l\000a\000t\000i\000o\000n\000\040\000S\000t\000u\000d\000y\000\040}{section.5}% 19
\BOOKMARK [2][-]{subsection.5.4}{\376\377\000C\000a\000t\000c\000h\000\040}{section.5}% 20
\BOOKMARK [2][-]{subsection.5.5}{\376\377\000M\000o\000d\000e\000l\000\040\000F\000i\000t\000t\000i\000n\000g}{section.5}% 21
\BOOKMARK [2][-]{subsection.5.6}{\376\377\000G\000a\000u\000s\000s\000i\000a\000n\000\040\000P\000r\000o\000c\000e\000s\000s\000\040\000M\000e\000t\000a\000m\000o\000d\000e\000l}{section.5}% 22
\BOOKMARK [1][-]{section.6}{\376\377\000R\000e\000s\000u\000l\000t\000s}{}% 23
\BOOKMARK [2][-]{subsection.6.1}{\376\377\000A\000n\000\040\000M\000S\000Y\000-\000O\000p\000t\000i\000m\000a\000l\000\040\000C\000a\000t\000c\000h\000\040\000H\000i\000s\000t\000o\000r\000y\000\040}{section.6}% 24
\BOOKMARK [2][-]{subsection.6.2}{\376\377\000M\000o\000r\000e\000\040\000I\000n\000f\000o\000r\000m\000a\000t\000i\000v\000e\000\040\000C\000a\000t\000c\000h\000\040\000H\000i\000s\000t\000o\000r\000i\000e\000s}{section.6}% 25
\BOOKMARK [1][-]{section.7}{\376\377\000D\000i\000s\000c\000u\000s\000s\000i\000o\000n}{}% 26
\BOOKMARK [1][-]{section.8}{\376\377\000P\000r\000o\000p\000o\000s\000a\000l\000:\000\040\000P\000r\000o\000d\000u\000c\000t\000i\000v\000i\000t\000y\000\040\000\046\000\040\000G\000r\000o\000w\000t\000h\000\040\000E\000x\000t\000e\000n\000s\000i\000o\000n\000s\000\040}{}% 27
\BOOKMARK [1][-]{equation.8.46}{\376\377\000R\000e\000f\000e\000r\000e\000n\000c\000e\000s}{}% 28
