This is pdfTeX, Version 3.141592653-2.6-1.40.22 (TeX Live 2021) (preloaded format=pdflatex 2021.11.21)  18 JAN 2023 14:15
entering extended mode
 restricted \write18 enabled.
 %&-line parsing enabled.
**simpleModelManuscript.tex
(./simpleModelManuscript.tex
LaTeX2e <2020-10-01> patch level 4
L3 programming layer <2021-02-18>
(/usr/local/texlive/2021/texmf-dist/tex/latex/base/article.cls
Document Class: article 2020/04/10 v1.4m Standard LaTeX document class
(/usr/local/texlive/2021/texmf-dist/tex/latex/base/size12.clo
File: size12.clo 2020/04/10 v1.4m Standard LaTeX file (size option)
)
\c@part=\count179
\c@section=\count180
\c@subsection=\count181
\c@subsubsection=\count182
\c@paragraph=\count183
\c@subparagraph=\count184
\c@figure=\count185
\c@table=\count186
\abovecaptionskip=\skip47
\belowcaptionskip=\skip48
\bibindent=\dimen138
)
(/usr/local/texlive/2021/texmf-dist/tex/latex/graphics/graphicx.sty
Package: graphicx 2020/09/09 v1.2b Enhanced LaTeX Graphics (DPC,SPQR)

(/usr/local/texlive/2021/texmf-dist/tex/latex/graphics/keyval.sty
Package: keyval 2014/10/28 v1.15 key=value parser (DPC)
\KV@toks@=\toks15
)
(/usr/local/texlive/2021/texmf-dist/tex/latex/graphics/graphics.sty
Package: graphics 2020/08/30 v1.4c Standard LaTeX Graphics (DPC,SPQR)

(/usr/local/texlive/2021/texmf-dist/tex/latex/graphics/trig.sty
Package: trig 2016/01/03 v1.10 sin cos tan (DPC)
)
(/usr/local/texlive/2021/texmf-dist/tex/latex/graphics-cfg/graphics.cfg
File: graphics.cfg 2016/06/04 v1.11 sample graphics configuration
)
Package graphics Info: Driver file: pdftex.def on input line 105.

(/usr/local/texlive/2021/texmf-dist/tex/latex/graphics-def/pdftex.def
File: pdftex.def 2020/10/05 v1.2a Graphics/color driver for pdftex
))
\Gin@req@height=\dimen139
\Gin@req@width=\dimen140
)
(/usr/local/texlive/2021/texmf-dist/tex/latex/geometry/geometry.sty
Package: geometry 2020/01/02 v5.9 Page Geometry

(/usr/local/texlive/2021/texmf-dist/tex/generic/iftex/ifvtex.sty
Package: ifvtex 2019/10/25 v1.7 ifvtex legacy package. Use iftex instead.

(/usr/local/texlive/2021/texmf-dist/tex/generic/iftex/iftex.sty
Package: iftex 2020/03/06 v1.0d TeX engine tests
))
\Gm@cnth=\count187
\Gm@cntv=\count188
\c@Gm@tempcnt=\count189
\Gm@bindingoffset=\dimen141
\Gm@wd@mp=\dimen142
\Gm@odd@mp=\dimen143
\Gm@even@mp=\dimen144
\Gm@layoutwidth=\dimen145
\Gm@layoutheight=\dimen146
\Gm@layouthoffset=\dimen147
\Gm@layoutvoffset=\dimen148
\Gm@dimlist=\toks16
)
(/usr/local/texlive/2021/texmf-dist/tex/latex/amsmath/amsmath.sty
Package: amsmath 2020/09/23 v2.17i AMS math features
\@mathmargin=\skip49

For additional information on amsmath, use the `?' option.
(/usr/local/texlive/2021/texmf-dist/tex/latex/amsmath/amstext.sty
Package: amstext 2000/06/29 v2.01 AMS text

(/usr/local/texlive/2021/texmf-dist/tex/latex/amsmath/amsgen.sty
File: amsgen.sty 1999/11/30 v2.0 generic functions
\@emptytoks=\toks17
\ex@=\dimen149
))
(/usr/local/texlive/2021/texmf-dist/tex/latex/amsmath/amsbsy.sty
Package: amsbsy 1999/11/29 v1.2d Bold Symbols
\pmbraise@=\dimen150
)
(/usr/local/texlive/2021/texmf-dist/tex/latex/amsmath/amsopn.sty
Package: amsopn 2016/03/08 v2.02 operator names
)
\inf@bad=\count190
LaTeX Info: Redefining \frac on input line 234.
\uproot@=\count191
\leftroot@=\count192
LaTeX Info: Redefining \overline on input line 399.
\classnum@=\count193
\DOTSCASE@=\count194
LaTeX Info: Redefining \ldots on input line 496.
LaTeX Info: Redefining \dots on input line 499.
LaTeX Info: Redefining \cdots on input line 620.
\Mathstrutbox@=\box47
\strutbox@=\box48
\big@size=\dimen151
LaTeX Font Info:    Redeclaring font encoding OML on input line 743.
LaTeX Font Info:    Redeclaring font encoding OMS on input line 744.
\macc@depth=\count195
\c@MaxMatrixCols=\count196
\dotsspace@=\muskip16
\c@parentequation=\count197
\dspbrk@lvl=\count198
\tag@help=\toks18
\row@=\count199
\column@=\count266
\maxfields@=\count267
\andhelp@=\toks19
\eqnshift@=\dimen152
\alignsep@=\dimen153
\tagshift@=\dimen154
\tagwidth@=\dimen155
\totwidth@=\dimen156
\lineht@=\dimen157
\@envbody=\toks20
\multlinegap=\skip50
\multlinetaggap=\skip51
\mathdisplay@stack=\toks21
LaTeX Info: Redefining \[ on input line 2923.
LaTeX Info: Redefining \] on input line 2924.
)
(/usr/local/texlive/2021/texmf-dist/tex/latex/amsfonts/amssymb.sty
Package: amssymb 2013/01/14 v3.01 AMS font symbols

(/usr/local/texlive/2021/texmf-dist/tex/latex/amsfonts/amsfonts.sty
Package: amsfonts 2013/01/14 v3.01 Basic AMSFonts support
\symAMSa=\mathgroup4
\symAMSb=\mathgroup5
LaTeX Font Info:    Redeclaring math symbol \hbar on input line 98.
LaTeX Font Info:    Overwriting math alphabet `\mathfrak' in version `bold'
(Font)                  U/euf/m/n --> U/euf/b/n on input line 106.
))
(/usr/local/texlive/2021/texmf-dist/tex/latex/base/fontenc.sty
Package: fontenc 2020/08/10 v2.0s Standard LaTeX package
)
(/usr/local/texlive/2021/texmf-dist/tex/latex/listings/listings.sty
\lst@mode=\count268
\lst@gtempboxa=\box49
\lst@token=\toks22
\lst@length=\count269
\lst@currlwidth=\dimen158
\lst@column=\count270
\lst@pos=\count271
\lst@lostspace=\dimen159
\lst@width=\dimen160
\lst@newlines=\count272
\lst@lineno=\count273
\lst@maxwidth=\dimen161

(/usr/local/texlive/2021/texmf-dist/tex/latex/listings/lstmisc.sty
File: lstmisc.sty 2020/03/24 1.8d (Carsten Heinz)
\c@lstnumber=\count274
\lst@skipnumbers=\count275
\lst@framebox=\box50
)
(/usr/local/texlive/2021/texmf-dist/tex/latex/listings/listings.cfg
File: listings.cfg 2020/03/24 1.8d listings configuration
))
Package: listings 2020/03/24 1.8d (Carsten Heinz)

(/usr/local/texlive/2021/texmf-dist/tex/latex/tools/bm.sty
Package: bm 2019/07/24 v1.2d Bold Symbol Support (DPC/FMi)
\symboldoperators=\mathgroup6
\symboldletters=\mathgroup7
\symboldsymbols=\mathgroup8
LaTeX Font Info:    Redeclaring math alphabet \mathbf on input line 141.
LaTeX Info: Redefining \bm on input line 209.
)
(/usr/local/texlive/2021/texmf-dist/tex/latex/hyperref/hyperref.sty
Package: hyperref 2021-02-27 v7.00k Hypertext links for LaTeX

(/usr/local/texlive/2021/texmf-dist/tex/generic/ltxcmds/ltxcmds.sty
Package: ltxcmds 2020-05-10 v1.25 LaTeX kernel commands for general use (HO)
)
(/usr/local/texlive/2021/texmf-dist/tex/generic/pdftexcmds/pdftexcmds.sty
Package: pdftexcmds 2020-06-27 v0.33 Utility functions of pdfTeX for LuaTeX (HO
)

(/usr/local/texlive/2021/texmf-dist/tex/generic/infwarerr/infwarerr.sty
Package: infwarerr 2019/12/03 v1.5 Providing info/warning/error messages (HO)
)
Package pdftexcmds Info: \pdf@primitive is available.
Package pdftexcmds Info: \pdf@ifprimitive is available.
Package pdftexcmds Info: \pdfdraftmode found.
)
(/usr/local/texlive/2021/texmf-dist/tex/generic/kvsetkeys/kvsetkeys.sty
Package: kvsetkeys 2019/12/15 v1.18 Key value parser (HO)
)
(/usr/local/texlive/2021/texmf-dist/tex/generic/kvdefinekeys/kvdefinekeys.sty
Package: kvdefinekeys 2019-12-19 v1.6 Define keys (HO)
)
(/usr/local/texlive/2021/texmf-dist/tex/generic/pdfescape/pdfescape.sty
Package: pdfescape 2019/12/09 v1.15 Implements pdfTeX's escape features (HO)
)
(/usr/local/texlive/2021/texmf-dist/tex/latex/hycolor/hycolor.sty
Package: hycolor 2020-01-27 v1.10 Color options for hyperref/bookmark (HO)
)
(/usr/local/texlive/2021/texmf-dist/tex/latex/letltxmacro/letltxmacro.sty
Package: letltxmacro 2019/12/03 v1.6 Let assignment for LaTeX macros (HO)
)
(/usr/local/texlive/2021/texmf-dist/tex/latex/auxhook/auxhook.sty
Package: auxhook 2019-12-17 v1.6 Hooks for auxiliary files (HO)
)
(/usr/local/texlive/2021/texmf-dist/tex/latex/kvoptions/kvoptions.sty
Package: kvoptions 2020-10-07 v3.14 Key value format for package options (HO)
)
\@linkdim=\dimen162
\Hy@linkcounter=\count276
\Hy@pagecounter=\count277

(/usr/local/texlive/2021/texmf-dist/tex/latex/hyperref/pd1enc.def
File: pd1enc.def 2021-02-27 v7.00k Hyperref: PDFDocEncoding definition (HO)
Now handling font encoding PD1 ...
... no UTF-8 mapping file for font encoding PD1
)
(/usr/local/texlive/2021/texmf-dist/tex/latex/hyperref/hyperref-langpatches.def
File: hyperref-langpatches.def 2021-02-27 v7.00k Hyperref: patches for babel la
nguages
) (/usr/local/texlive/2021/texmf-dist/tex/generic/intcalc/intcalc.sty
Package: intcalc 2019/12/15 v1.3 Expandable calculations with integers (HO)
)
(/usr/local/texlive/2021/texmf-dist/tex/generic/etexcmds/etexcmds.sty
Package: etexcmds 2019/12/15 v1.7 Avoid name clashes with e-TeX commands (HO)
)
\Hy@SavedSpaceFactor=\count278

(/usr/local/texlive/2021/texmf-dist/tex/latex/hyperref/puenc.def
File: puenc.def 2021-02-27 v7.00k Hyperref: PDF Unicode definition (HO)
Now handling font encoding PU ...
... no UTF-8 mapping file for font encoding PU
)
Package hyperref Info: Hyper figures OFF on input line 4192.
Package hyperref Info: Link nesting OFF on input line 4197.
Package hyperref Info: Hyper index ON on input line 4200.
Package hyperref Info: Plain pages OFF on input line 4207.
Package hyperref Info: Backreferencing OFF on input line 4212.
Package hyperref Info: Implicit mode ON; LaTeX internals redefined.
Package hyperref Info: Bookmarks ON on input line 4445.
\c@Hy@tempcnt=\count279

(/usr/local/texlive/2021/texmf-dist/tex/latex/url/url.sty
\Urlmuskip=\muskip17
Package: url 2013/09/16  ver 3.4  Verb mode for urls, etc.
)
LaTeX Info: Redefining \url on input line 4804.
\XeTeXLinkMargin=\dimen163

(/usr/local/texlive/2021/texmf-dist/tex/generic/bitset/bitset.sty
Package: bitset 2019/12/09 v1.3 Handle bit-vector datatype (HO)

(/usr/local/texlive/2021/texmf-dist/tex/generic/bigintcalc/bigintcalc.sty
Package: bigintcalc 2019/12/15 v1.5 Expandable calculations on big integers (HO
)
))
\Fld@menulength=\count280
\Field@Width=\dimen164
\Fld@charsize=\dimen165
Package hyperref Info: Hyper figures OFF on input line 6075.
Package hyperref Info: Link nesting OFF on input line 6080.
Package hyperref Info: Hyper index ON on input line 6083.
Package hyperref Info: backreferencing OFF on input line 6090.
Package hyperref Info: Link coloring OFF on input line 6095.
Package hyperref Info: Link coloring with OCG OFF on input line 6100.
Package hyperref Info: PDF/A mode OFF on input line 6105.
LaTeX Info: Redefining \ref on input line 6145.
LaTeX Info: Redefining \pageref on input line 6149.

(/usr/local/texlive/2021/texmf-dist/tex/latex/base/atbegshi-ltx.sty
Package: atbegshi-ltx 2020/08/17 v1.0a Emulation of the original atbegshi packa
ge
with kernel methods
)
\Hy@abspage=\count281
\c@Item=\count282
\c@Hfootnote=\count283
)
Package hyperref Info: Driver (autodetected): hpdftex.

(/usr/local/texlive/2021/texmf-dist/tex/latex/hyperref/hpdftex.def
File: hpdftex.def 2021-02-27 v7.00k Hyperref driver for pdfTeX

(/usr/local/texlive/2021/texmf-dist/tex/latex/base/atveryend-ltx.sty
Package: atveryend-ltx 2020/08/19 v1.0a Emulation of the original atvery packag
e
with kernel methods
)
\Fld@listcount=\count284
\c@bookmark@seq@number=\count285

(/usr/local/texlive/2021/texmf-dist/tex/latex/rerunfilecheck/rerunfilecheck.sty
Package: rerunfilecheck 2019/12/05 v1.9 Rerun checks for auxiliary files (HO)

(/usr/local/texlive/2021/texmf-dist/tex/generic/uniquecounter/uniquecounter.sty
Package: uniquecounter 2019/12/15 v1.4 Provide unlimited unique counter (HO)
)
Package uniquecounter Info: New unique counter `rerunfilecheck' on input line 2
86.
)
\Hy@SectionHShift=\skip52
) (/usr/local/texlive/2021/texmf-dist/tex/latex/setspace/setspace.sty
Package: setspace 2011/12/19 v6.7a set line spacing
)
(/usr/local/texlive/2021/texmf-dist/tex/latex/graphics/color.sty
Package: color 2020/02/24 v1.2b Standard LaTeX Color (DPC)

(/usr/local/texlive/2021/texmf-dist/tex/latex/graphics-cfg/color.cfg
File: color.cfg 2016/01/02 v1.6 sample color configuration
)
Package color Info: Driver file: pdftex.def on input line 147.
)
(/usr/local/texlive/2021/texmf-dist/tex/latex/base/inputenc.sty
Package: inputenc 2020/08/01 v1.3d Input encoding file
\inpenc@prehook=\toks23
\inpenc@posthook=\toks24
)
(/usr/local/texlive/2021/texmf-dist/tex/latex/psfrag/psfrag.sty
Package: psfrag 1998/04/11 v3.04 PSfrag (MCG)
\pfg@pcount=\count286
\pfg@scount=\count287
\pfg@temp=\write3
)
(/usr/local/texlive/2021/texmf-dist/tex/latex/fancyhdr/fancyhdr.sty
Package: fancyhdr 2021/01/28 v4.0.1 Extensive control of page headers and foote
rs
\f@nch@headwidth=\skip53
\f@nch@O@elh=\skip54
\f@nch@O@erh=\skip55
\f@nch@O@olh=\skip56
\f@nch@O@orh=\skip57
\f@nch@O@elf=\skip58
\f@nch@O@erf=\skip59
\f@nch@O@olf=\skip60
\f@nch@O@orf=\skip61
)
(/usr/local/texlive/2021/texmf-dist/tex/latex/xcolor/xcolor.sty
Package: xcolor 2016/05/11 v2.12 LaTeX color extensions (UK)

(/usr/local/texlive/2021/texmf-dist/tex/latex/graphics-cfg/color.cfg
File: color.cfg 2016/01/02 v1.6 sample color configuration
)
Package xcolor Info: Driver file: pdftex.def on input line 225.
LaTeX Info: Redefining \color on input line 709.
Package xcolor Info: Model `cmy' substituted by `cmy0' on input line 1348.
Package xcolor Info: Model `hsb' substituted by `rgb' on input line 1352.
Package xcolor Info: Model `RGB' extended on input line 1364.
Package xcolor Info: Model `HTML' substituted by `rgb' on input line 1366.
Package xcolor Info: Model `Hsb' substituted by `hsb' on input line 1367.
Package xcolor Info: Model `tHsb' substituted by `hsb' on input line 1368.
Package xcolor Info: Model `HSB' substituted by `hsb' on input line 1369.
Package xcolor Info: Model `Gray' substituted by `gray' on input line 1370.
Package xcolor Info: Model `wave' substituted by `hsb' on input line 1371.
)
(/usr/local/texlive/2021/texmf-dist/tex/latex/lineno/lineno.sty
Package: lineno 2005/11/02 line numbers on paragraphs v4.41
\linenopenalty=\count288
\output=\toks25
\linenoprevgraf=\count289
\linenumbersep=\dimen166
\linenumberwidth=\dimen167
\c@linenumber=\count290
\c@pagewiselinenumber=\count291
\c@LN@truepage=\count292
\c@internallinenumber=\count293
\c@internallinenumbers=\count294
\quotelinenumbersep=\dimen168
\bframerule=\dimen169
\bframesep=\dimen170
\bframebox=\box51
LaTeX Info: Redefining \\ on input line 3056.
)
(/usr/local/texlive/2021/texmf-dist/tex/latex/physics/physics.sty
Package: physics 

(/usr/local/texlive/2021/texmf-dist/tex/latex/l3packages/xparse/xparse.sty
(/usr/local/texlive/2021/texmf-dist/tex/latex/l3kernel/expl3.sty
Package: expl3 2021-02-18 L3 programming layer (loader) 

(/usr/local/texlive/2021/texmf-dist/tex/latex/l3backend/l3backend-pdftex.def
File: l3backend-pdftex.def 2021-03-18 L3 backend support: PDF output (pdfTeX)
\l__color_backend_stack_int=\count295
\l__pdf_internal_box=\box52
))
(/usr/local/texlive/2021/texmf-dist/tex/latex/l3packages/xparse/xparse-2020-10-
01.sty
(/usr/local/texlive/2021/texmf-dist/tex/latex/l3packages/xparse/xparse-generic.
tex)))) (/usr/local/texlive/2021/texmf-dist/tex/latex/apacite/apacite.sty
Package: apacite 2013/07/21 v6.03 APA citation
\c@BibCnt=\count296
\bibleftmargin=\skip62
\bibindent=\skip63
\bibparsep=\skip64
\bibitemsep=\skip65
\biblabelsep=\skip66
)
(/usr/local/texlive/2021/texmf-dist/tex/latex/wrapfig/wrapfig.sty
\wrapoverhang=\dimen171
\WF@size=\dimen172
\c@WF@wrappedlines=\count297
\WF@box=\box53
\WF@everypar=\toks26
Package: wrapfig 2003/01/31  v 3.6
)
(/usr/local/texlive/2021/texmf-dist/tex/latex/doublestroke/dsfont.sty
Package: dsfont 1995/08/01 v0.1 Double stroke roman fonts
)
(/usr/local/texlive/2021/texmf-dist/tex/latex/pgfgantt/pgfgantt.sty
Package: pgfgantt 2018/01/10 v5.0 Draw Gantt diagrams with TikZ

(/usr/local/texlive/2021/texmf-dist/tex/latex/pgf/frontendlayer/tikz.sty
(/usr/local/texlive/2021/texmf-dist/tex/latex/pgf/basiclayer/pgf.sty
(/usr/local/texlive/2021/texmf-dist/tex/latex/pgf/utilities/pgfrcs.sty
(/usr/local/texlive/2021/texmf-dist/tex/generic/pgf/utilities/pgfutil-common.te
x
\pgfutil@everybye=\toks27
\pgfutil@tempdima=\dimen173
\pgfutil@tempdimb=\dimen174

(/usr/local/texlive/2021/texmf-dist/tex/generic/pgf/utilities/pgfutil-common-li
sts.tex))
(/usr/local/texlive/2021/texmf-dist/tex/generic/pgf/utilities/pgfutil-latex.def
\pgfutil@abb=\box54
) (/usr/local/texlive/2021/texmf-dist/tex/generic/pgf/utilities/pgfrcs.code.tex
(/usr/local/texlive/2021/texmf-dist/tex/generic/pgf/pgf.revision.tex)
Package: pgfrcs 2020/12/27 v3.1.8b (3.1.8b)
))
Package: pgf 2020/12/27 v3.1.8b (3.1.8b)

(/usr/local/texlive/2021/texmf-dist/tex/latex/pgf/basiclayer/pgfcore.sty
(/usr/local/texlive/2021/texmf-dist/tex/latex/pgf/systemlayer/pgfsys.sty
(/usr/local/texlive/2021/texmf-dist/tex/generic/pgf/systemlayer/pgfsys.code.tex
Package: pgfsys 2020/12/27 v3.1.8b (3.1.8b)
(/usr/local/texlive/2021/texmf-dist/tex/generic/pgf/utilities/pgfkeys.code.tex
\pgfkeys@pathtoks=\toks28
\pgfkeys@temptoks=\toks29

(/usr/local/texlive/2021/texmf-dist/tex/generic/pgf/utilities/pgfkeysfiltered.c
ode.tex
\pgfkeys@tmptoks=\toks30
))
\pgf@x=\dimen175
\pgf@y=\dimen176
\pgf@xa=\dimen177
\pgf@ya=\dimen178
\pgf@xb=\dimen179
\pgf@yb=\dimen180
\pgf@xc=\dimen181
\pgf@yc=\dimen182
\pgf@xd=\dimen183
\pgf@yd=\dimen184
\w@pgf@writea=\write4
\r@pgf@reada=\read2
\c@pgf@counta=\count298
\c@pgf@countb=\count299
\c@pgf@countc=\count300
\c@pgf@countd=\count301
\t@pgf@toka=\toks31
\t@pgf@tokb=\toks32
\t@pgf@tokc=\toks33
\pgf@sys@id@count=\count302

(/usr/local/texlive/2021/texmf-dist/tex/generic/pgf/systemlayer/pgf.cfg
File: pgf.cfg 2020/12/27 v3.1.8b (3.1.8b)
)
Driver file for pgf: pgfsys-pdftex.def

(/usr/local/texlive/2021/texmf-dist/tex/generic/pgf/systemlayer/pgfsys-pdftex.d
ef
File: pgfsys-pdftex.def 2020/12/27 v3.1.8b (3.1.8b)

(/usr/local/texlive/2021/texmf-dist/tex/generic/pgf/systemlayer/pgfsys-common-p
df.def
File: pgfsys-common-pdf.def 2020/12/27 v3.1.8b (3.1.8b)
)))
(/usr/local/texlive/2021/texmf-dist/tex/generic/pgf/systemlayer/pgfsyssoftpath.
code.tex
File: pgfsyssoftpath.code.tex 2020/12/27 v3.1.8b (3.1.8b)
\pgfsyssoftpath@smallbuffer@items=\count303
\pgfsyssoftpath@bigbuffer@items=\count304
)
(/usr/local/texlive/2021/texmf-dist/tex/generic/pgf/systemlayer/pgfsysprotocol.
code.tex
File: pgfsysprotocol.code.tex 2020/12/27 v3.1.8b (3.1.8b)
))
(/usr/local/texlive/2021/texmf-dist/tex/generic/pgf/basiclayer/pgfcore.code.tex
Package: pgfcore 2020/12/27 v3.1.8b (3.1.8b)
(/usr/local/texlive/2021/texmf-dist/tex/generic/pgf/math/pgfmath.code.tex
(/usr/local/texlive/2021/texmf-dist/tex/generic/pgf/math/pgfmathcalc.code.tex
(/usr/local/texlive/2021/texmf-dist/tex/generic/pgf/math/pgfmathutil.code.tex)
(/usr/local/texlive/2021/texmf-dist/tex/generic/pgf/math/pgfmathparser.code.tex
\pgfmath@dimen=\dimen185
\pgfmath@count=\count305
\pgfmath@box=\box55
\pgfmath@toks=\toks34
\pgfmath@stack@operand=\toks35
\pgfmath@stack@operation=\toks36
)
(/usr/local/texlive/2021/texmf-dist/tex/generic/pgf/math/pgfmathfunctions.code.
tex
(/usr/local/texlive/2021/texmf-dist/tex/generic/pgf/math/pgfmathfunctions.basic
.code.tex)
(/usr/local/texlive/2021/texmf-dist/tex/generic/pgf/math/pgfmathfunctions.trigo
nometric.code.tex)
(/usr/local/texlive/2021/texmf-dist/tex/generic/pgf/math/pgfmathfunctions.rando
m.code.tex)
(/usr/local/texlive/2021/texmf-dist/tex/generic/pgf/math/pgfmathfunctions.compa
rison.code.tex)
(/usr/local/texlive/2021/texmf-dist/tex/generic/pgf/math/pgfmathfunctions.base.
code.tex)
(/usr/local/texlive/2021/texmf-dist/tex/generic/pgf/math/pgfmathfunctions.round
.code.tex)
(/usr/local/texlive/2021/texmf-dist/tex/generic/pgf/math/pgfmathfunctions.misc.
code.tex)
(/usr/local/texlive/2021/texmf-dist/tex/generic/pgf/math/pgfmathfunctions.integ
erarithmetics.code.tex)))
(/usr/local/texlive/2021/texmf-dist/tex/generic/pgf/math/pgfmathfloat.code.tex
\c@pgfmathroundto@lastzeros=\count306
)) (/usr/local/texlive/2021/texmf-dist/tex/generic/pgf/math/pgfint.code.tex)
(/usr/local/texlive/2021/texmf-dist/tex/generic/pgf/basiclayer/pgfcorepoints.co
de.tex
File: pgfcorepoints.code.tex 2020/12/27 v3.1.8b (3.1.8b)
\pgf@picminx=\dimen186
\pgf@picmaxx=\dimen187
\pgf@picminy=\dimen188
\pgf@picmaxy=\dimen189
\pgf@pathminx=\dimen190
\pgf@pathmaxx=\dimen191
\pgf@pathminy=\dimen192
\pgf@pathmaxy=\dimen193
\pgf@xx=\dimen194
\pgf@xy=\dimen195
\pgf@yx=\dimen196
\pgf@yy=\dimen197
\pgf@zx=\dimen198
\pgf@zy=\dimen199
)
(/usr/local/texlive/2021/texmf-dist/tex/generic/pgf/basiclayer/pgfcorepathconst
ruct.code.tex
File: pgfcorepathconstruct.code.tex 2020/12/27 v3.1.8b (3.1.8b)
\pgf@path@lastx=\dimen256
\pgf@path@lasty=\dimen257
)
(/usr/local/texlive/2021/texmf-dist/tex/generic/pgf/basiclayer/pgfcorepathusage
.code.tex
File: pgfcorepathusage.code.tex 2020/12/27 v3.1.8b (3.1.8b)
\pgf@shorten@end@additional=\dimen258
\pgf@shorten@start@additional=\dimen259
)
(/usr/local/texlive/2021/texmf-dist/tex/generic/pgf/basiclayer/pgfcorescopes.co
de.tex
File: pgfcorescopes.code.tex 2020/12/27 v3.1.8b (3.1.8b)
\pgfpic=\box56
\pgf@hbox=\box57
\pgf@layerbox@main=\box58
\pgf@picture@serial@count=\count307
)
(/usr/local/texlive/2021/texmf-dist/tex/generic/pgf/basiclayer/pgfcoregraphicst
ate.code.tex
File: pgfcoregraphicstate.code.tex 2020/12/27 v3.1.8b (3.1.8b)
\pgflinewidth=\dimen260
)
(/usr/local/texlive/2021/texmf-dist/tex/generic/pgf/basiclayer/pgfcoretransform
ations.code.tex
File: pgfcoretransformations.code.tex 2020/12/27 v3.1.8b (3.1.8b)
\pgf@pt@x=\dimen261
\pgf@pt@y=\dimen262
\pgf@pt@temp=\dimen263
)
(/usr/local/texlive/2021/texmf-dist/tex/generic/pgf/basiclayer/pgfcorequick.cod
e.tex
File: pgfcorequick.code.tex 2020/12/27 v3.1.8b (3.1.8b)
)
(/usr/local/texlive/2021/texmf-dist/tex/generic/pgf/basiclayer/pgfcoreobjects.c
ode.tex
File: pgfcoreobjects.code.tex 2020/12/27 v3.1.8b (3.1.8b)
)
(/usr/local/texlive/2021/texmf-dist/tex/generic/pgf/basiclayer/pgfcorepathproce
ssing.code.tex
File: pgfcorepathprocessing.code.tex 2020/12/27 v3.1.8b (3.1.8b)
)
(/usr/local/texlive/2021/texmf-dist/tex/generic/pgf/basiclayer/pgfcorearrows.co
de.tex
File: pgfcorearrows.code.tex 2020/12/27 v3.1.8b (3.1.8b)
\pgfarrowsep=\dimen264
)
(/usr/local/texlive/2021/texmf-dist/tex/generic/pgf/basiclayer/pgfcoreshade.cod
e.tex
File: pgfcoreshade.code.tex 2020/12/27 v3.1.8b (3.1.8b)
\pgf@max=\dimen265
\pgf@sys@shading@range@num=\count308
\pgf@shadingcount=\count309
)
(/usr/local/texlive/2021/texmf-dist/tex/generic/pgf/basiclayer/pgfcoreimage.cod
e.tex
File: pgfcoreimage.code.tex 2020/12/27 v3.1.8b (3.1.8b)

(/usr/local/texlive/2021/texmf-dist/tex/generic/pgf/basiclayer/pgfcoreexternal.
code.tex
File: pgfcoreexternal.code.tex 2020/12/27 v3.1.8b (3.1.8b)
\pgfexternal@startupbox=\box59
))
(/usr/local/texlive/2021/texmf-dist/tex/generic/pgf/basiclayer/pgfcorelayers.co
de.tex
File: pgfcorelayers.code.tex 2020/12/27 v3.1.8b (3.1.8b)
)
(/usr/local/texlive/2021/texmf-dist/tex/generic/pgf/basiclayer/pgfcoretranspare
ncy.code.tex
File: pgfcoretransparency.code.tex 2020/12/27 v3.1.8b (3.1.8b)
)
(/usr/local/texlive/2021/texmf-dist/tex/generic/pgf/basiclayer/pgfcorepatterns.
code.tex
File: pgfcorepatterns.code.tex 2020/12/27 v3.1.8b (3.1.8b)
)
(/usr/local/texlive/2021/texmf-dist/tex/generic/pgf/basiclayer/pgfcorerdf.code.
tex
File: pgfcorerdf.code.tex 2020/12/27 v3.1.8b (3.1.8b)
)))
(/usr/local/texlive/2021/texmf-dist/tex/generic/pgf/modules/pgfmoduleshapes.cod
e.tex
File: pgfmoduleshapes.code.tex 2020/12/27 v3.1.8b (3.1.8b)
\pgfnodeparttextbox=\box60
)
(/usr/local/texlive/2021/texmf-dist/tex/generic/pgf/modules/pgfmoduleplot.code.
tex
File: pgfmoduleplot.code.tex 2020/12/27 v3.1.8b (3.1.8b)
)
(/usr/local/texlive/2021/texmf-dist/tex/latex/pgf/compatibility/pgfcomp-version
-0-65.sty
Package: pgfcomp-version-0-65 2020/12/27 v3.1.8b (3.1.8b)
\pgf@nodesepstart=\dimen266
\pgf@nodesepend=\dimen267
)
(/usr/local/texlive/2021/texmf-dist/tex/latex/pgf/compatibility/pgfcomp-version
-1-18.sty
Package: pgfcomp-version-1-18 2020/12/27 v3.1.8b (3.1.8b)
))
(/usr/local/texlive/2021/texmf-dist/tex/latex/pgf/utilities/pgffor.sty
(/usr/local/texlive/2021/texmf-dist/tex/latex/pgf/utilities/pgfkeys.sty
(/usr/local/texlive/2021/texmf-dist/tex/generic/pgf/utilities/pgfkeys.code.tex)
) (/usr/local/texlive/2021/texmf-dist/tex/latex/pgf/math/pgfmath.sty
(/usr/local/texlive/2021/texmf-dist/tex/generic/pgf/math/pgfmath.code.tex))
(/usr/local/texlive/2021/texmf-dist/tex/generic/pgf/utilities/pgffor.code.tex
Package: pgffor 2020/12/27 v3.1.8b (3.1.8b)

(/usr/local/texlive/2021/texmf-dist/tex/generic/pgf/math/pgfmath.code.tex)
\pgffor@iter=\dimen268
\pgffor@skip=\dimen269
\pgffor@stack=\toks37
\pgffor@toks=\toks38
))
(/usr/local/texlive/2021/texmf-dist/tex/generic/pgf/frontendlayer/tikz/tikz.cod
e.tex
Package: tikz 2020/12/27 v3.1.8b (3.1.8b)

(/usr/local/texlive/2021/texmf-dist/tex/generic/pgf/libraries/pgflibraryplothan
dlers.code.tex
File: pgflibraryplothandlers.code.tex 2020/12/27 v3.1.8b (3.1.8b)
\pgf@plot@mark@count=\count310
\pgfplotmarksize=\dimen270
)
\tikz@lastx=\dimen271
\tikz@lasty=\dimen272
\tikz@lastxsaved=\dimen273
\tikz@lastysaved=\dimen274
\tikz@lastmovetox=\dimen275
\tikz@lastmovetoy=\dimen276
\tikzleveldistance=\dimen277
\tikzsiblingdistance=\dimen278
\tikz@figbox=\box61
\tikz@figbox@bg=\box62
\tikz@tempbox=\box63
\tikz@tempbox@bg=\box64
\tikztreelevel=\count311
\tikznumberofchildren=\count312
\tikznumberofcurrentchild=\count313
\tikz@fig@count=\count314

(/usr/local/texlive/2021/texmf-dist/tex/generic/pgf/modules/pgfmodulematrix.cod
e.tex
File: pgfmodulematrix.code.tex 2020/12/27 v3.1.8b (3.1.8b)
\pgfmatrixcurrentrow=\count315
\pgfmatrixcurrentcolumn=\count316
\pgf@matrix@numberofcolumns=\count317
)
\tikz@expandcount=\count318

(/usr/local/texlive/2021/texmf-dist/tex/generic/pgf/frontendlayer/tikz/librarie
s/tikzlibrarytopaths.code.tex
File: tikzlibrarytopaths.code.tex 2020/12/27 v3.1.8b (3.1.8b)
)))
(/usr/local/texlive/2021/texmf-dist/tex/generic/pgf/frontendlayer/tikz/librarie
s/tikzlibraryarrows.code.tex
File: tikzlibraryarrows.code.tex 2020/12/27 v3.1.8b (3.1.8b)

(/usr/local/texlive/2021/texmf-dist/tex/generic/pgf/libraries/pgflibraryarrows.
code.tex
File: pgflibraryarrows.code.tex 2020/12/27 v3.1.8b (3.1.8b)
\arrowsize=\dimen279
))
(/usr/local/texlive/2021/texmf-dist/tex/generic/pgf/frontendlayer/tikz/librarie
s/tikzlibrarybackgrounds.code.tex
File: tikzlibrarybackgrounds.code.tex 2020/12/27 v3.1.8b (3.1.8b)
\pgf@layerbox@background=\box65
\pgf@layerboxsaved@background=\box66
)
(/usr/local/texlive/2021/texmf-dist/tex/generic/pgf/frontendlayer/tikz/librarie
s/tikzlibrarycalc.code.tex
File: tikzlibrarycalc.code.tex 2020/12/27 v3.1.8b (3.1.8b)
)
(/usr/local/texlive/2021/texmf-dist/tex/generic/pgf/frontendlayer/tikz/librarie
s/tikzlibrarypatterns.code.tex
File: tikzlibrarypatterns.code.tex 2020/12/27 v3.1.8b (3.1.8b)

(/usr/local/texlive/2021/texmf-dist/tex/generic/pgf/libraries/pgflibrarypattern
s.code.tex
File: pgflibrarypatterns.code.tex 2020/12/27 v3.1.8b (3.1.8b)
))
(/usr/local/texlive/2021/texmf-dist/tex/generic/pgf/frontendlayer/tikz/librarie
s/tikzlibrarypositioning.code.tex
File: tikzlibrarypositioning.code.tex 2020/12/27 v3.1.8b (3.1.8b)
)
(/usr/local/texlive/2021/texmf-dist/tex/generic/pgf/frontendlayer/tikz/librarie
s/tikzlibraryshapes.geometric.code.tex
File: tikzlibraryshapes.geometric.code.tex 2020/12/27 v3.1.8b (3.1.8b)

(/usr/local/texlive/2021/texmf-dist/tex/generic/pgf/libraries/shapes/pgflibrary
shapes.geometric.code.tex
File: pgflibraryshapes.geometric.code.tex 2020/12/27 v3.1.8b (3.1.8b)
))
(/usr/local/texlive/2021/texmf-dist/tex/latex/pgf/utilities/pgfcalendar.sty
(/usr/local/texlive/2021/texmf-dist/tex/generic/pgf/utilities/pgfcalendar.code.
tex
File: pgfcalendar.code.tex 2020/12/27 v3.1.8b (3.1.8b)
 (/usr/local/texlive/2021/texmf-dist/tex/generic/pgf/math/pgfint.code.tex)
\pgfcalendarcurrentjulian=\count319
\pgf@cal@easter@Y=\count320
\pgf@cal@easter@G=\count321
\pgf@cal@easter@C=\count322
\pgf@cal@easter@X=\count323
\pgf@cal@easter@Z=\count324
\pgf@cal@easter@D=\count325
\pgf@cal@easter@E=\count326
\pgf@cal@easter@N=\count327
\pgf@cal@easter@M=\count328
\pgf@cal@easter@julianday=\count329
))
\gtt@currentline=\count330
\gtt@lasttitleline=\count331
\gtt@currgrid=\count332
\gtt@chartwidth=\count333
\gtt@lasttitleslot=\count334
\gtt@elementid=\count335
\gtt@today@slot=\count336
\gtt@startjulian=\count337
\gtt@endjulian=\count338
\gtt@chartid=\count339
\gtt@vrule@slot=\count340
\gtt@calendar@slots=\count341
\gtt@calendar@weeknumber=\count342
\gtt@calendar@startofweek=\count343
\gtt@left@slot=\count344
\gtt@right@slot=\count345
)
Package hyperref Info: Option `colorlinks' set `true' on input line 32.
 (/usr/local/texlive/2021/texmf-dist/tex/latex/titlesec/titlesec.sty
Package: titlesec 2019/10/16 v2.13 Sectioning titles
\ttl@box=\box67
\beforetitleunit=\skip67
\aftertitleunit=\skip68
\ttl@plus=\dimen280
\ttl@minus=\dimen281
\ttl@toksa=\toks39
\titlewidth=\dimen282
\titlewidthlast=\dimen283
\titlewidthfirst=\dimen284
)
\c@alphasect=\count346

(./simpleModelManuscript.aux

LaTeX Warning: Label `int' multiply defined.


LaTeX Warning: Label `logLike' multiply defined.

)
\openout1 = `simpleModelManuscript.aux'.

LaTeX Font Info:    Checking defaults for OML/cmm/m/it on input line 89.
LaTeX Font Info:    ... okay on input line 89.
LaTeX Font Info:    Checking defaults for OMS/cmsy/m/n on input line 89.
LaTeX Font Info:    ... okay on input line 89.
LaTeX Font Info:    Checking defaults for OT1/cmr/m/n on input line 89.
LaTeX Font Info:    ... okay on input line 89.
LaTeX Font Info:    Checking defaults for T1/cmr/m/n on input line 89.
LaTeX Font Info:    ... okay on input line 89.
LaTeX Font Info:    Checking defaults for TS1/cmr/m/n on input line 89.
LaTeX Font Info:    ... okay on input line 89.
LaTeX Font Info:    Checking defaults for OMX/cmex/m/n on input line 89.
LaTeX Font Info:    ... okay on input line 89.
LaTeX Font Info:    Checking defaults for U/cmr/m/n on input line 89.
LaTeX Font Info:    ... okay on input line 89.
LaTeX Font Info:    Checking defaults for PD1/pdf/m/n on input line 89.
LaTeX Font Info:    ... okay on input line 89.
LaTeX Font Info:    Checking defaults for PU/pdf/m/n on input line 89.
LaTeX Font Info:    ... okay on input line 89.
 (/usr/local/texlive/2021/texmf-dist/tex/context/base/mkii/supp-pdf.mkii
[Loading MPS to PDF converter (version 2006.09.02).]
\scratchcounter=\count347
\scratchdimen=\dimen285
\scratchbox=\box68
\nofMPsegments=\count348
\nofMParguments=\count349
\everyMPshowfont=\toks40
\MPscratchCnt=\count350
\MPscratchDim=\dimen286
\MPnumerator=\count351
\makeMPintoPDFobject=\count352
\everyMPtoPDFconversion=\toks41
) (/usr/local/texlive/2021/texmf-dist/tex/latex/epstopdf-pkg/epstopdf-base.sty
Package: epstopdf-base 2020-01-24 v2.11 Base part for package epstopdf
Package epstopdf-base Info: Redefining graphics rule for `.eps' on input line 4
85.

(/usr/local/texlive/2021/texmf-dist/tex/latex/latexconfig/epstopdf-sys.cfg
File: epstopdf-sys.cfg 2010/07/13 v1.3 Configuration of (r)epstopdf for TeX Liv
e
))
*geometry* driver: auto-detecting
*geometry* detected driver: pdftex
*geometry* verbose mode - [ preamble ] result:
* driver: pdftex
* paper: <default>
* layout: <same size as paper>
* layoutoffset:(h,v)=(0.0pt,0.0pt)
* modes: 
* h-part:(L,W,R)=(72.26999pt, 469.75502pt, 72.26999pt)
* v-part:(T,H,B)=(72.26999pt, 650.43001pt, 72.26999pt)
* \paperwidth=614.295pt
* \paperheight=794.96999pt
* \textwidth=469.75502pt
* \textheight=650.43001pt
* \oddsidemargin=0.0pt
* \evensidemargin=0.0pt
* \topmargin=-37.0pt
* \headheight=12.0pt
* \headsep=25.0pt
* \topskip=12.0pt
* \footskip=14.45377pt
* \marginparwidth=44.0pt
* \marginparsep=10.0pt
* \columnsep=10.0pt
* \skip\footins=10.8pt plus 4.0pt minus 2.0pt
* \hoffset=0.0pt
* \voffset=0.0pt
* \mag=1000
* \@twocolumnfalse
* \@twosidefalse
* \@mparswitchfalse
* \@reversemarginfalse
* (1in=72.27pt=25.4mm, 1cm=28.453pt)

\c@lstlisting=\count353
Package hyperref Info: Link coloring ON on input line 89.
(/usr/local/texlive/2021/texmf-dist/tex/latex/hyperref/nameref.sty
Package: nameref 2021-04-02 v2.47 Cross-referencing by name of section

(/usr/local/texlive/2021/texmf-dist/tex/latex/refcount/refcount.sty
Package: refcount 2019/12/15 v3.6 Data extraction from label references (HO)
)
(/usr/local/texlive/2021/texmf-dist/tex/generic/gettitlestring/gettitlestring.s
ty
Package: gettitlestring 2019/12/15 v1.6 Cleanup title references (HO)
)
\c@section@level=\count354
)
LaTeX Info: Redefining \ref on input line 89.
LaTeX Info: Redefining \pageref on input line 89.
LaTeX Info: Redefining \nameref on input line 89.
 (./simpleModelManuscript.out) (./simpleModelManuscript.out)
\@outlinefile=\write5
\openout5 = `simpleModelManuscript.out'.

\c@maskedRefs=\count355

(/usr/local/texlive/2021/texmf-dist/tex/latex/apacite/english.apc
File: english.apc 2013/07/21 v6.03 apacite language file
LaTeX Info: Redefining \BPBI on input line 129.
LaTeX Info: Redefining \BHBI on input line 130.
)
LaTeX Font Info:    Trying to load font information for U+msa on input line 156
.

(/usr/local/texlive/2021/texmf-dist/tex/latex/amsfonts/umsa.fd
File: umsa.fd 2013/01/14 v3.01 AMS symbols A
)
LaTeX Font Info:    Trying to load font information for U+msb on input line 156
.

(/usr/local/texlive/2021/texmf-dist/tex/latex/amsfonts/umsb.fd
File: umsb.fd 2013/01/14 v3.01 AMS symbols B
) [1
Non-PDF special ignored!
<special> header=psfrag.pro

{/usr/local/texlive/2021/texmf-var/fonts/map/pdftex/updmap/pdftex.map}]
[2

]
<./plots/hakeIndex.png, id=122, 481.8pt x 481.8pt>
File: ./plots/hakeIndex.png Graphic file (type png)
<use ./plots/hakeIndex.png>
Package pdftex.def Info: ./plots/hakeIndex.png  used on input line 303.
(pdftex.def)             Requested size: 234.8775pt x 234.87839pt.
<./plots/hakeCatch.png, id=123, 481.8pt x 481.8pt>
File: ./plots/hakeCatch.png Graphic file (type png)
<use ./plots/hakeCatch.png>
Package pdftex.def Info: ./plots/hakeCatch.png  used on input line 304.
(pdftex.def)             Requested size: 234.8775pt x 234.87839pt.

Overfull \hbox (2.61047pt too wide) in paragraph at lines 303--308
[][] [] 
 []


LaTeX Warning: `!h' float specifier changed to `!ht'.

[3] [4 <./plots/hakeIndex.png> <./plots/hakeCatch.png>]
<./plots/srrSchaeffer.png, id=149, 481.8pt x 481.8pt>
File: ./plots/srrSchaeffer.png Graphic file (type png)
<use ./plots/srrSchaeffer.png>
Package pdftex.def Info: ./plots/srrSchaeffer.png  used on input line 388.
(pdftex.def)             Requested size: 281.85587pt x 281.86288pt.


LaTeX Warning: `!h' float specifier changed to `!ht'.

[5] [6 <./plots/srrSchaeffer.png>] [7] [8]
<./plots/srr1.1.png, id=236, 481.8pt x 481.8pt>
File: ./plots/srr1.1.png Graphic file (type png)
<use ./plots/srr1.1.png>
Package pdftex.def Info: ./plots/srr1.1.png  used on input line 729.
(pdftex.def)             Requested size: 230.18253pt x 230.18066pt.
<./plots/srr2.png, id=237, 481.8pt x 481.8pt>
File: ./plots/srr2.png Graphic file (type png)
<use ./plots/srr2.png>
Package pdftex.def Info: ./plots/srr2.png  used on input line 730.
(pdftex.def)             Requested size: 230.18253pt x 230.18066pt.
 [9 <./plots/srr1.1.png> <./plots/srr2.png>] [10

] [11]
<../present/shaeferDat.png, id=276, 481.8pt x 481.8pt>
File: ../present/shaeferDat.png Graphic file (type png)
<use ../present/shaeferDat.png>
Package pdftex.def Info: ../present/shaeferDat.png  used on input line 918.
(pdftex.def)             Requested size: 281.85587pt x 281.86288pt.

Underfull \hbox (badness 10000) in paragraph at lines 926--926
\T1/cmr/m/n/12 Open cir-cles show the
 []


Underfull \hbox (badness 10000) in paragraph at lines 926--926
[] \T1/cmr/m/n/12 of the sim-u-la-
 []


Underfull \hbox (badness 10000) in paragraph at lines 926--926
\T1/cmr/m/n/12 tion grid [] The
 []


Underfull \hbox (badness 1221) in paragraph at lines 926--926
[] \T1/cmr/m/n/12 line shows the
 []


Underfull \hbox (badness 5359) in paragraph at lines 926--926
\T1/cmr/m/n/12 for the [] model.
 []


Underfull \hbox (badness 1460) in paragraph at lines 926--926
\T1/cmr/m/n/12 The red X's in-di-cated 4
 []


Underfull \hbox (badness 10000) in paragraph at lines 926--926
\T1/cmr/m/n/12 the [] model is
 []


LaTeX Warning: `!h' float specifier changed to `!ht'.

[12] [13 <../present/shaeferDat.png (PNG copy)>] [14

] [15

] [16] [17]

Package hyperref Warning: Token not allowed in a PDF string (Unicode):
(hyperref)                removing `math shift' on input line 1227.


Package hyperref Warning: Token not allowed in a PDF string (Unicode):
(hyperref)                removing `math shift' on input line 1227.

[18

]
<../../../theses/nick/gpBias/zetaRelBiasPellaFlatNoQ.png, id=352, 481.8pt x 481
.8pt>
File: ../../../theses/nick/gpBias/zetaRelBiasPellaFlatNoQ.png Graphic file (typ
e png)
<use ../../../theses/nick/gpBias/zetaRelBiasPellaFlatNoQ.png>
Package pdftex.def Info: ../../../theses/nick/gpBias/zetaRelBiasPellaFlatNoQ.pn
g  used on input line 1269.
(pdftex.def)             Requested size: 253.20218pt x 253.19873pt.

Overfull \hbox (11.40378pt too wide) in paragraph at lines 1268--1280
[]|  [] 
 []


Underfull \hbox (badness 10000) in paragraph at lines 1268--1280

 []


Underfull \hbox (badness 10000) in paragraph at lines 1281--1282

 []

<../../../theses/nick/gpBias/directionalBiasPellaFlatNoQ.png, id=353, 481.8pt x
 481.8pt>
File: ../../../theses/nick/gpBias/directionalBiasPellaFlatNoQ.png Graphic file 
(type png)
<use ../../../theses/nick/gpBias/directionalBiasPellaFlatNoQ.png>
Package pdftex.def Info: ../../../theses/nick/gpBias/directionalBiasPellaFlatNo
Q.png  used on input line 1285.
(pdftex.def)             Requested size: 253.20218pt x 253.19873pt.
<../../../theses/nick/gpBias/fMSYRelBiasPellaFlatNoQ.png, id=354, 481.8pt x 481
.8pt>
File: ../../../theses/nick/gpBias/fMSYRelBiasPellaFlatNoQ.png Graphic file (typ
e png)
<use ../../../theses/nick/gpBias/fMSYRelBiasPellaFlatNoQ.png>
Package pdftex.def Info: ../../../theses/nick/gpBias/fMSYRelBiasPellaFlatNoQ.pn
g  used on input line 1287.
(pdftex.def)             Requested size: 253.20218pt x 253.19873pt.

Overfull \hbox (54.08289pt too wide) in paragraph at lines 1284--1288
[]|  [] 
 []


Overfull \hbox (54.08289pt too wide) in paragraph at lines 1284--1288
|  [] 
 []


LaTeX Warning: `!h' float specifier changed to `!ht'.

[19] [20 <../../../theses/nick/gpBias/zetaRelBiasPellaFlatNoQ.png (PNG copy)> <
../../../theses/nick/gpBias/directionalBiasPellaFlatNoQ.png (PNG copy)> <../../
../theses/nick/gpBias/fMSYRelBiasPellaFlatNoQ.png (PNG copy)>]
<../../../theses/nick/gpBias/curveCompareFlatNoQX0.5Z0.6.png, id=365, 481.8pt x
 481.8pt>
File: ../../../theses/nick/gpBias/curveCompareFlatNoQX0.5Z0.6.png Graphic file 
(type png)
<use ../../../theses/nick/gpBias/curveCompareFlatNoQX0.5Z0.6.png>
Package pdftex.def Info: ../../../theses/nick/gpBias/curveCompareFlatNoQX0.5Z0.
6.png  used on input line 1328.
(pdftex.def)             Requested size: 172.14172pt x 172.13927pt.
<../../../theses/nick/gpBias/curveCompareFlatNoQX0.5Z0.2.png, id=366, 481.8pt x
 481.8pt>
File: ../../../theses/nick/gpBias/curveCompareFlatNoQX0.5Z0.2.png Graphic file 
(type png)
<use ../../../theses/nick/gpBias/curveCompareFlatNoQX0.5Z0.2.png>
Package pdftex.def Info: ../../../theses/nick/gpBias/curveCompareFlatNoQX0.5Z0.
2.png  used on input line 1330.
(pdftex.def)             Requested size: 172.14172pt x 172.13927pt.
<../../../theses/nick/gpBias/curveCompareFlatNoQX3.5Z0.6.png, id=367, 481.8pt x
 481.8pt>
File: ../../../theses/nick/gpBias/curveCompareFlatNoQX3.5Z0.6.png Graphic file 
(type png)
<use ../../../theses/nick/gpBias/curveCompareFlatNoQX3.5Z0.6.png>
Package pdftex.def Info: ../../../theses/nick/gpBias/curveCompareFlatNoQX3.5Z0.
6.png  used on input line 1334.
(pdftex.def)             Requested size: 172.14172pt x 172.13927pt.
<../../../theses/nick/gpBias/curveCompareFlatNoQX3.5Z0.2.png, id=368, 481.8pt x
 481.8pt>
File: ../../../theses/nick/gpBias/curveCompareFlatNoQX3.5Z0.2.png Graphic file 
(type png)
<use ../../../theses/nick/gpBias/curveCompareFlatNoQX3.5Z0.2.png>
Package pdftex.def Info: ../../../theses/nick/gpBias/curveCompareFlatNoQX3.5Z0.
2.png  used on input line 1336.
(pdftex.def)             Requested size: 172.14172pt x 172.13927pt.

Underfull \hbox (badness 4291) in paragraph at lines 1344--1344
\T1/cmr/m/n/12 re-sent the four cor-ners
 []

[21

 <../../../theses/nick/gpBias/curveCompareFlatNoQX0.5Z0.6.png (PNG copy)> <../.
./../theses/nick/gpBias/curveCompareFlatNoQX0.5Z0.2.png (PNG copy)> <../../../t
heses/nick/gpBias/curveCompareFlatNoQX3.5Z0.6.png (PNG copy)> <../../../theses/
nick/gpBias/curveCompareFlatNoQX3.5Z0.2.png (PNG copy)>]
<../../../theses/nick/gpBias/bMSYRelBiasPellaFlatNoQ.png, id=375, 481.8pt x 481
.8pt>
File: ../../../theses/nick/gpBias/bMSYRelBiasPellaFlatNoQ.png Graphic file (typ
e png)
<use ../../../theses/nick/gpBias/bMSYRelBiasPellaFlatNoQ.png>
Package pdftex.def Info: ../../../theses/nick/gpBias/bMSYRelBiasPellaFlatNoQ.pn
g  used on input line 1368.
(pdftex.def)             Requested size: 230.18253pt x 230.18066pt.
<../../../theses/nick/gpBias/kRelBiasPellaFlatNoQ.png, id=376, 481.8pt x 481.8p
t>
File: ../../../theses/nick/gpBias/kRelBiasPellaFlatNoQ.png Graphic file (type p
ng)
<use ../../../theses/nick/gpBias/kRelBiasPellaFlatNoQ.png>
Package pdftex.def Info: ../../../theses/nick/gpBias/kRelBiasPellaFlatNoQ.png  
used on input line 1370.
(pdftex.def)             Requested size: 230.18253pt x 230.18066pt.
 [22

 <../../../theses/nick/gpBias/bMSYRelBiasPellaFlatNoQ.png (PNG copy)> <../../..
/theses/nick/gpBias/kRelBiasPellaFlatNoQ.png (PNG copy)>]
<../../../theses/nick/gpBias/rfExpT45X2Z0.6.png, id=386, 481.8pt x 481.8pt>
File: ../../../theses/nick/gpBias/rfExpT45X2Z0.6.png Graphic file (type png)
<use ../../../theses/nick/gpBias/rfExpT45X2Z0.6.png>
Package pdftex.def Info: ../../../theses/nick/gpBias/rfExpT45X2Z0.6.png  used o
n input line 1420.
(pdftex.def)             Requested size: 234.8775pt x 234.87839pt.
<../../../theses/nick/gpBias/bioCatchExpT45X2Z0.6.png, id=387, 481.8pt x 481.8p
t>
File: ../../../theses/nick/gpBias/bioCatchExpT45X2Z0.6.png Graphic file (type p
ng)
<use ../../../theses/nick/gpBias/bioCatchExpT45X2Z0.6.png>
Package pdftex.def Info: ../../../theses/nick/gpBias/bioCatchExpT45X2Z0.6.png  
used on input line 1421.
(pdftex.def)             Requested size: 234.8775pt x 234.87839pt.

Overfull \hbox (2.61047pt too wide) in paragraph at lines 1420--1426
[][] [] 
 []

File: ../../../theses/nick/gpBias/bMSYRelBiasPellaFlatNoQ.png Graphic file (typ
e png)
<use ../../../theses/nick/gpBias/bMSYRelBiasPellaFlatNoQ.png>
Package pdftex.def Info: ../../../theses/nick/gpBias/bMSYRelBiasPellaFlatNoQ.pn
g  used on input line 1447.
(pdftex.def)             Requested size: 195.65654pt x 195.65724pt.
File: ../../../theses/nick/gpBias/fMSYRelBiasPellaFlatNoQ.png Graphic file (typ
e png)
<use ../../../theses/nick/gpBias/fMSYRelBiasPellaFlatNoQ.png>
Package pdftex.def Info: ../../../theses/nick/gpBias/fMSYRelBiasPellaFlatNoQ.pn
g  used on input line 1450.
(pdftex.def)             Requested size: 195.65654pt x 195.65724pt.

LaTeX Warning: `!h' float specifier changed to `!ht'.

[23

 <../../../theses/nick/gpBias/rfExpT45X2Z0.6.png> <../../../theses/nick/gpBias/
bioCatchExpT45X2Z0.6.png (PNG copy)>]
<../../../theses/nick/gpBias/bMSYRelBiasPellaExpT90.png, id=400, 481.8pt x 481.
8pt>
File: ../../../theses/nick/gpBias/bMSYRelBiasPellaExpT90.png Graphic file (type
 png)
<use ../../../theses/nick/gpBias/bMSYRelBiasPellaExpT90.png>
Package pdftex.def Info: ../../../theses/nick/gpBias/bMSYRelBiasPellaExpT90.png
  used on input line 1488.
(pdftex.def)             Requested size: 195.65654pt x 195.65724pt.
<../../../theses/nick/gpBias/fMSYRelBiasPellaExpT90.png, id=401, 481.8pt x 481.
8pt>
File: ../../../theses/nick/gpBias/fMSYRelBiasPellaExpT90.png Graphic file (type
 png)
<use ../../../theses/nick/gpBias/fMSYRelBiasPellaExpT90.png>
Package pdftex.def Info: ../../../theses/nick/gpBias/fMSYRelBiasPellaExpT90.png
  used on input line 1496.
(pdftex.def)             Requested size: 195.65654pt x 195.65724pt.
 [24 <../../../theses/nick/gpBias/bMSYRelBiasPellaExpT90.png> <../../../theses/
nick/gpBias/fMSYRelBiasPellaExpT90.png (PNG copy)>] [25

] [26]

Package hyperref Warning: Token not allowed in a PDF string (Unicode):
(hyperref)                removing `math shift' on input line 1705.


Package hyperref Warning: Token not allowed in a PDF string (Unicode):
(hyperref)                removing `math shift' on input line 1705.

<plots/derisoSrr.png, id=434, 481.8pt x 481.8pt>
File: plots/derisoSrr.png Graphic file (type png)
<use plots/derisoSrr.png>
Package pdftex.def Info: plots/derisoSrr.png  used on input line 1731.
(pdftex.def)             Requested size: 207.16286pt x 207.1626pt.
[27

 <./plots/derisoSrr.png>]
<plots/bhRP.png, id=450, 481.8pt x 481.8pt>
File: plots/bhRP.png Graphic file (type png)
<use plots/bhRP.png>
Package pdftex.def Info: plots/bhRP.png  used on input line 1770.
(pdftex.def)             Requested size: 165.3553pt x 165.35367pt.

Overfull \hbox (11.7331pt too wide) in paragraph at lines 1810--1827
[]\T1/cmr/m/n/12 The DD model is de-rived di-rectly from an as-sump-tion of Von
 Berta-lanffy growth [][][]Von Berta-
 []

[28

 <./plots/bhRP.png>] [29] [30] (./simpleModelManuscript.bbl
LaTeX Font Info:    Trying to load font information for T1+cmtt on input line 1
33.

(/usr/local/texlive/2021/texmf-dist/tex/latex/base/t1cmtt.fd
File: t1cmtt.fd 2019/12/16 v2.5j Standard LaTeX font definitions
)
Underfull \hbox (badness 2012) in paragraph at lines 171--195
[]\T1/cmr/m/n/12 Fox Jr., W. W.  (1970).  An Ex-po-nen-tial Surplus-Yield Model
 for Op-ti-miz-ing
 []


Underfull \hbox (badness 4805) in paragraph at lines 171--195
\T1/cmr/m/n/12 Ex-ploited Fish Pop-u-la-tions.  \T1/cmr/m/it/12 Trans-ac-tions 
of the Amer-i-can Fish-eries So-
 []


Underfull \hbox (badness 4792) in paragraph at lines 171--195
\T1/cmr/m/it/12 ci-ety\T1/cmr/m/n/12 , \T1/cmr/m/it/12 99\T1/cmr/m/n/12 (1), 80
--88.  Re-trieved 2022-02-17, from [][]$\T1/cmtt/m/n/12 https :// onlinelibrary
 []
 []


Underfull \hbox (badness 10000) in paragraph at lines 171--195
\T1/cmtt/m/n/12 .wiley [] .com / doi / abs / 10 [] .1577 / 1548 [] -8659 % 2819
70 % 2999 % 3C80 % 3AAESMFO % 3E2 []
 []


Underfull \hbox (badness 4872) in paragraph at lines 171--195
\T1/cmtt/m/n/12 .0 [] .CO % 3B2$[][]   \T1/cmr/m/n/12 (_eprint: https://onlinel
ibrary.wiley.com/doi/pdf/10.1577/1548-
 []


Underfull \hbox (badness 10000) in paragraph at lines 171--195
\T1/cmr/m/n/12 8659%281970%2999%3C80%3AAESMFO%3E2.0.CO%3B2)  doi: $10 [] .1577 
/
 []

[31

] [32] [33]) [34] [35

]

LaTeX Warning: Command \l invalid in math mode on input line 2411.

Missing character: There is no ª in font cmr12!

LaTeX Warning: Command \l invalid in math mode on input line 2411.

Missing character: There is no ª in font cmr12!
[36] (./simpleModelManuscript.aux)

LaTeX Warning: There were multiply-defined labels.

Package rerunfilecheck Info: File `simpleModelManuscript.out' has not changed.
(rerunfilecheck)             Checksum: A0C025609CC4D30C66066BEE389BF2DA;2941.
 ) 
Here is how much of TeX's memory you used:
 25565 strings out of 478994
 465657 string characters out of 5858183
 771180 words of memory out of 5000000
 42409 multiletter control sequences out of 15000+600000
 426158 words of font info for 94 fonts, out of 8000000 for 9000
 1141 hyphenation exceptions out of 8191
 102i,15n,102p,729b,574s stack positions out of 5000i,500n,10000p,200000b,80000s
{/usr/local/texlive/2021/texmf-dist/fonts/enc/dvips/cm-super/cm-super-t1.enc}
{/usr/local/texlive/2021/texmf-dist/fonts/enc/dvips/cm-super/cm-super-ts1.enc}<
/usr/local/texlive/2021/texmf-dist/fonts/type1/public/amsfonts/cmextra/cmbsy8.p
fb></usr/local/texlive/2021/texmf-dist/fonts/type1/public/amsfonts/cm/cmbx12.pf
b></usr/local/texlive/2021/texmf-dist/fonts/type1/public/amsfonts/cm/cmex10.pfb
></usr/local/texlive/2021/texmf-dist/fonts/type1/public/amsfonts/cmextra/cmex8.
pfb></usr/local/texlive/2021/texmf-dist/fonts/type1/public/amsfonts/cm/cmmi12.p
fb></usr/local/texlive/2021/texmf-dist/fonts/type1/public/amsfonts/cm/cmmi6.pfb
></usr/local/texlive/2021/texmf-dist/fonts/type1/public/amsfonts/cm/cmmi8.pfb><
/usr/local/texlive/2021/texmf-dist/fonts/type1/public/amsfonts/cm/cmmib10.pfb><
/usr/local/texlive/2021/texmf-dist/fonts/type1/public/amsfonts/cmextra/cmmib6.p
fb></usr/local/texlive/2021/texmf-dist/fonts/type1/public/amsfonts/cmextra/cmmi
b8.pfb></usr/local/texlive/2021/texmf-dist/fonts/type1/public/amsfonts/cm/cmr12
.pfb></usr/local/texlive/2021/texmf-dist/fonts/type1/public/amsfonts/cm/cmr17.p
fb></usr/local/texlive/2021/texmf-dist/fonts/type1/public/amsfonts/cm/cmr6.pfb>
</usr/local/texlive/2021/texmf-dist/fonts/type1/public/amsfonts/cm/cmr8.pfb></u
sr/local/texlive/2021/texmf-dist/fonts/type1/public/amsfonts/cm/cmsy10.pfb></us
r/local/texlive/2021/texmf-dist/fonts/type1/public/amsfonts/cm/cmsy6.pfb></usr/
local/texlive/2021/texmf-dist/fonts/type1/public/amsfonts/cm/cmsy8.pfb></usr/lo
cal/texlive/2021/texmf-dist/fonts/type1/public/amsfonts/symbols/msbm10.pfb></us
r/local/texlive/2021/texmf-dist/fonts/type1/public/cm-super/sfbx1440.pfb></usr/
local/texlive/2021/texmf-dist/fonts/type1/public/cm-super/sfbx1728.pfb></usr/lo
cal/texlive/2021/texmf-dist/fonts/type1/public/cm-super/sfrm0800.pfb></usr/loca
l/texlive/2021/texmf-dist/fonts/type1/public/cm-super/sfrm1200.pfb></usr/local/
texlive/2021/texmf-dist/fonts/type1/public/cm-super/sfrm1440.pfb></usr/local/te
xlive/2021/texmf-dist/fonts/type1/public/cm-super/sfrm2074.pfb></usr/local/texl
ive/2021/texmf-dist/fonts/type1/public/cm-super/sfti1200.pfb></usr/local/texliv
e/2021/texmf-dist/fonts/type1/public/cm-super/sftt1200.pfb>
Output written on simpleModelManuscript.pdf (36 pages, 866828 bytes).
PDF statistics:
 678 PDF objects out of 1000 (max. 8388607)
 575 compressed objects within 6 object streams
 145 named destinations out of 1000 (max. 500000)
 294 words of extra memory for PDF output out of 10000 (max. 10000000)

