\BOOKMARK [0][-]{chapter.1}{\376\377\000T\000h\000e\000\040\000P\000e\000l\000l\000a\000-\000T\000o\000m\000l\000i\000n\000s\000o\000n\000\040\000M\000o\000d\000e\000l}{}% 1
\BOOKMARK [1][-]{section.1.1}{\376\377\000I\000n\000t\000r\000o\000d\000u\000c\000t\000i\000o\000n}{chapter.1}% 2
\BOOKMARK [1][-]{section.1.2}{\376\377\000M\000e\000t\000h\000o\000d\000s\000\040}{chapter.1}% 3
\BOOKMARK [2][-]{subsection.1.2.1}{\376\377\000P\000e\000l\000l\000a\000-\000T\000o\000m\000l\000i\000n\000s\000o\000n\000\040\000M\000o\000d\000e\000l}{section.1.2}% 4
\BOOKMARK [2][-]{subsection.1.2.2}{\376\377\000G\000a\000u\000s\000s\000i\000a\000n\000\040\000P\000r\000o\000c\000e\000s\000s\000\040\000M\000e\000t\000a\000m\000o\000d\000e\000l}{section.1.2}% 5
\BOOKMARK [2][-]{subsection.1.2.3}{\376\377\000C\000a\000t\000c\000h\000\040}{section.1.2}% 6
\BOOKMARK [2][-]{subsection.1.2.4}{\376\377\000T\000w\000o\000\040\000P\000a\000r\000a\000m\000e\000t\000e\000r\000\040\000P\000r\000o\000d\000u\000c\000t\000i\000o\000n\000\040\000M\000o\000d\000e\000l\000\040\000I\000n\000f\000e\000r\000e\000n\000c\000e}{section.1.2}% 7
\BOOKMARK [2][-]{subsection.1.2.5}{\376\377\000C\000o\000n\000t\000i\000n\000u\000o\000u\000s\000\040\000m\000o\000d\000e\000l\000\040\000f\000o\000r\000m\000u\000l\000a\000t\000i\000o\000n}{section.1.2}% 8
\BOOKMARK [1][-]{section.1.3}{\376\377\000R\000e\000s\000u\000l\000t\000s}{chapter.1}% 9
\BOOKMARK [2][-]{subsection.1.3.1}{\376\377\000P\000T\000/\000S\000c\000h\000a\000e\000f\000e\000r}{section.1.3}% 10
\BOOKMARK [1][-]{section.1.4}{\376\377\000D\000i\000s\000c\000u\000s\000s\000i\000o\000n}{chapter.1}% 11
\BOOKMARK [1][-]{section.1.5}{\376\377\000A\000p\000p\000e\000n\000d\000i\000x\000:\000\040\000I\000n\000v\000e\000r\000t\000i\000n\000g\000\040\000B\000*\000\050\0000\000\051\000\040\000a\000n\000d\000\040\000\040\000f\000o\000r\000\040\000t\000h\000e\000\040\000P\000T\000\040\000M\000o\000d\000e\000l}{chapter.1}% 12
\BOOKMARK [0][-]{chapter.2}{\376\377\000T\000h\000e\000\040\000S\000c\000h\000n\000u\000t\000e\000\040\000M\000o\000d\000e\000l\000\040}{}% 13
\BOOKMARK [1][-]{subsection.2.0.1}{\376\377\000S\000c\000h\000n\000u\000t\000e\000\040\000M\000o\000d\000e\000l}{chapter.2}% 14
\BOOKMARK [2][-]{subsection.2.0.2}{\376\377\000L\000a\000t\000i\000n\000\040\000H\000y\000p\000e\000r\000c\000u\000b\000e\000\040\000S\000a\000m\000p\000l\000i\000n\000g\000\040}{subsection.2.0.1}% 15
\BOOKMARK [2][-]{subsection.2.0.3}{\376\377\000G\000a\000u\000s\000s\000i\000a\000n\000\040\000P\000r\000o\000c\000e\000s\000s\000\040\000M\000e\000t\000a\000m\000o\000d\000e\000l}{subsection.2.0.1}% 16
\BOOKMARK [1][-]{section.2.1}{\376\377\000R\000e\000s\000u\000l\000t\000s}{chapter.2}% 17
\BOOKMARK [2][-]{subsection.2.1.1}{\376\377\000S\000c\000h\000n\000u\000t\000e\000/\000B\000H}{section.2.1}% 18
\BOOKMARK [1][-]{section.2.2}{\376\377\000D\000i\000s\000c\000u\000s\000s\000i\000o\000n}{chapter.2}% 19
\BOOKMARK [0][-]{chapter.3}{\376\377\000A\000\040\000D\000e\000l\000a\000y\000\040\000D\000i\000f\000f\000e\000r\000e\000n\000t\000i\000a\000l\000\040\000M\000o\000d\000e\000l}{}% 20
\BOOKMARK [1][-]{section.3.1}{\376\377\000I\000n\000t\000r\000o\000d\000u\000c\000t\000i\000o\000n}{chapter.3}% 21
\BOOKMARK [1][-]{section.3.2}{\376\377\000M\000e\000t\000h\000o\000d\000s}{chapter.3}% 22
\BOOKMARK [2][-]{subsection.3.2.1}{\376\377\000D\000e\000l\000a\000y\000\040\000D\000i\000f\000f\000e\000r\000e\000n\000t\000i\000a\000l\000\040\000M\000o\000d\000e\000l}{section.3.2}% 23
\BOOKMARK [2][-]{subsection.3.2.2}{\376\377\000R\000e\000f\000e\000r\000e\000n\000c\000e\000\040\000P\000o\000i\000n\000t\000s}{section.3.2}% 24
\BOOKMARK [2][-]{subsection.3.2.3}{\376\377\000D\000e\000l\000a\000y\000\040\000D\000i\000f\000f\000e\000r\000e\000n\000t\000i\000a\000l\000\040\000I\000n\000t\000e\000g\000r\000a\000t\000i\000o\000n}{section.3.2}% 25
\BOOKMARK [2][-]{subsection.3.2.4}{\376\377\000S\000i\000m\000u\000l\000a\000t\000i\000o\000n\000\040\000D\000e\000s\000i\000g\000n}{section.3.2}% 26
\BOOKMARK [2][-]{subsection.3.2.5}{\376\377\000P\000a\000r\000a\000m\000e\000t\000e\000r\000\040\000E\000s\000t\000i\000m\000a\000t\000i\000o\000n}{section.3.2}% 27
\BOOKMARK [2][-]{subsection.3.2.6}{\376\377\000G\000P\000\040\000M\000e\000t\000a\000m\000o\000d\000e\000l}{section.3.2}% 28
\BOOKMARK [2][-]{subsection.3.2.7}{\376\377\000C\000l\000u\000s\000t\000e\000r\000i\000n\000g\000\040\000C\000a\000t\000a\000s\000t\000r\000o\000p\000h\000i\000c\000\040\000M\000o\000d\000e\000l\000\040\000F\000a\000i\000l\000u\000r\000e}{section.3.2}% 29
\BOOKMARK [1][-]{section.3.3}{\376\377\000R\000e\000s\000u\000l\000t\000s}{chapter.3}% 30
\BOOKMARK [2][-]{subsection.3.3.1}{\376\377\000S\000i\000m\000p\000l\000e\000\040\000P\000r\000o\000d\000u\000c\000t\000i\000o\000n\000\040\000M\000o\000d\000e\000l\000\040\000L\000i\000m\000i\000t}{section.3.3}% 31
\BOOKMARK [2][-]{subsection.3.3.2}{\376\377\000M\000o\000d\000e\000r\000a\000t\000e\000\040\000G\000r\000o\000w\000t\000h}{section.3.3}% 32
\BOOKMARK [2][-]{subsection.3.3.3}{\376\377\000E\000m\000p\000h\000a\000t\000i\000c\000\040\000G\000r\000o\000w\000t\000h\000\040\000D\000y\000n\000a\000m\000i\000c\000s}{section.3.3}% 33
\BOOKMARK [2][-]{subsection.3.3.4}{\376\377\000C\000l\000u\000s\000t\000e\000r\000i\000n\000g\000\040\000C\000a\000t\000a\000s\000t\000r\000o\000p\000h\000i\000c\000\040\000M\000o\000d\000e\000l\000\040\000F\000a\000i\000l\000u\000r\000e}{section.3.3}% 34
\BOOKMARK [2][-]{subsection.3.3.5}{\376\377\000O\000c\000i\000l\000l\000a\000t\000o\000r\000y\000\040\000G\000r\000o\000w\000t\000h\000\040\000I\000n\000f\000l\000u\000e\000n\000c\000e}{section.3.3}% 35
\BOOKMARK [1][-]{section.3.4}{\376\377\000D\000i\000s\000c\000u\000s\000s\000i\000o\000n}{chapter.3}% 36
\BOOKMARK [1][-]{section.3.5}{\376\377\000o\000l\000d\000\040\000i\000d\000e\000a\000s}{chapter.3}% 37
\BOOKMARK [1][-]{section.3.6}{\376\377\000A\000p\000p\000e\000n\000d\000i\000x\000:\000\040\000I\000n\000v\000e\000r\000t\000i\000n\000g\000\040\000B\000*\000\050\0000\000\051\000\040\000a\000n\000d\000\040\000\040\000f\000o\000r\000\040\000t\000h\000e\000\040\000P\000T\000\040\000M\000o\000d\000e\000l}{chapter.3}% 38
\BOOKMARK [1][-]{section.3.7}{\376\377\000A\000p\000p\000e\000n\000d\000i\000x\000:\000\040\000T\000h\000e\000\040\000R\000e\000p\000l\000a\000c\000e\000m\000e\000n\000t\000\040\000L\000i\000n\000e\000\040\000f\000o\000r\000\040\000t\000h\000e\000\040\000D\000e\000l\000a\000y\000\040\000M\000o\000d\000e\000l}{chapter.3}% 39
\BOOKMARK [0][-]{chapter*.1}{\376\377\000R\000e\000f\000e\000r\000e\000n\000c\000e\000s}{}% 40
