This is pdfTeX, Version 3.141592653-2.6-1.40.25 (TeX Live 2023) (preloaded format=pdflatex 2023.8.17)  21 AUG 2023 19:47
entering extended mode
 restricted \write18 enabled.
 %&-line parsing enabled.
**main.tex
(./main.tex
LaTeX2e <2022-11-01> patch level 1
L3 programming layer <2023-02-22>
(/usr/local/texlive/2023/texmf-dist/tex/latex/base/report.cls
Document Class: report 2022/07/02 v1.4n Standard LaTeX document class
(/usr/local/texlive/2023/texmf-dist/tex/latex/base/size12.clo
File: size12.clo 2022/07/02 v1.4n Standard LaTeX file (size option)
)
\c@part=\count185
\c@chapter=\count186
\c@section=\count187
\c@subsection=\count188
\c@subsubsection=\count189
\c@paragraph=\count190
\c@subparagraph=\count191
\c@figure=\count192
\c@table=\count193
\abovecaptionskip=\skip48
\belowcaptionskip=\skip49
\bibindent=\dimen140
)
(/usr/local/texlive/2023/texmf-dist/tex/latex/graphics/graphicx.sty
Package: graphicx 2021/09/16 v1.2d Enhanced LaTeX Graphics (DPC,SPQR)

(/usr/local/texlive/2023/texmf-dist/tex/latex/graphics/keyval.sty
Package: keyval 2022/05/29 v1.15 key=value parser (DPC)
\KV@toks@=\toks16
)
(/usr/local/texlive/2023/texmf-dist/tex/latex/graphics/graphics.sty
Package: graphics 2022/03/10 v1.4e Standard LaTeX Graphics (DPC,SPQR)

(/usr/local/texlive/2023/texmf-dist/tex/latex/graphics/trig.sty
Package: trig 2021/08/11 v1.11 sin cos tan (DPC)
)
(/usr/local/texlive/2023/texmf-dist/tex/latex/graphics-cfg/graphics.cfg
File: graphics.cfg 2016/06/04 v1.11 sample graphics configuration
)
Package graphics Info: Driver file: pdftex.def on input line 107.

(/usr/local/texlive/2023/texmf-dist/tex/latex/graphics-def/pdftex.def
File: pdftex.def 2022/09/22 v1.2b Graphics/color driver for pdftex
))
\Gin@req@height=\dimen141
\Gin@req@width=\dimen142
)
(/usr/local/texlive/2023/texmf-dist/tex/latex/geometry/geometry.sty
Package: geometry 2020/01/02 v5.9 Page Geometry

(/usr/local/texlive/2023/texmf-dist/tex/generic/iftex/ifvtex.sty
Package: ifvtex 2019/10/25 v1.7 ifvtex legacy package. Use iftex instead.

(/usr/local/texlive/2023/texmf-dist/tex/generic/iftex/iftex.sty
Package: iftex 2022/02/03 v1.0f TeX engine tests
))
\Gm@cnth=\count194
\Gm@cntv=\count195
\c@Gm@tempcnt=\count196
\Gm@bindingoffset=\dimen143
\Gm@wd@mp=\dimen144
\Gm@odd@mp=\dimen145
\Gm@even@mp=\dimen146
\Gm@layoutwidth=\dimen147
\Gm@layoutheight=\dimen148
\Gm@layouthoffset=\dimen149
\Gm@layoutvoffset=\dimen150
\Gm@dimlist=\toks17
)
(/usr/local/texlive/2023/texmf-dist/tex/latex/amsmath/amsmath.sty
Package: amsmath 2022/04/08 v2.17n AMS math features
\@mathmargin=\skip50

For additional information on amsmath, use the `?' option.
(/usr/local/texlive/2023/texmf-dist/tex/latex/amsmath/amstext.sty
Package: amstext 2021/08/26 v2.01 AMS text

(/usr/local/texlive/2023/texmf-dist/tex/latex/amsmath/amsgen.sty
File: amsgen.sty 1999/11/30 v2.0 generic functions
\@emptytoks=\toks18
\ex@=\dimen151
))
(/usr/local/texlive/2023/texmf-dist/tex/latex/amsmath/amsbsy.sty
Package: amsbsy 1999/11/29 v1.2d Bold Symbols
\pmbraise@=\dimen152
)
(/usr/local/texlive/2023/texmf-dist/tex/latex/amsmath/amsopn.sty
Package: amsopn 2022/04/08 v2.04 operator names
)
\inf@bad=\count197
LaTeX Info: Redefining \frac on input line 234.
\uproot@=\count198
\leftroot@=\count199
LaTeX Info: Redefining \overline on input line 399.
LaTeX Info: Redefining \colon on input line 410.
\classnum@=\count266
\DOTSCASE@=\count267
LaTeX Info: Redefining \ldots on input line 496.
LaTeX Info: Redefining \dots on input line 499.
LaTeX Info: Redefining \cdots on input line 620.
\Mathstrutbox@=\box51
\strutbox@=\box52
LaTeX Info: Redefining \big on input line 722.
LaTeX Info: Redefining \Big on input line 723.
LaTeX Info: Redefining \bigg on input line 724.
LaTeX Info: Redefining \Bigg on input line 725.
\big@size=\dimen153
LaTeX Font Info:    Redeclaring font encoding OML on input line 743.
LaTeX Font Info:    Redeclaring font encoding OMS on input line 744.
\macc@depth=\count268
LaTeX Info: Redefining \bmod on input line 905.
LaTeX Info: Redefining \pmod on input line 910.
LaTeX Info: Redefining \smash on input line 940.
LaTeX Info: Redefining \relbar on input line 970.
LaTeX Info: Redefining \Relbar on input line 971.
\c@MaxMatrixCols=\count269
\dotsspace@=\muskip16
\c@parentequation=\count270
\dspbrk@lvl=\count271
\tag@help=\toks19
\row@=\count272
\column@=\count273
\maxfields@=\count274
\andhelp@=\toks20
\eqnshift@=\dimen154
\alignsep@=\dimen155
\tagshift@=\dimen156
\tagwidth@=\dimen157
\totwidth@=\dimen158
\lineht@=\dimen159
\@envbody=\toks21
\multlinegap=\skip51
\multlinetaggap=\skip52
\mathdisplay@stack=\toks22
LaTeX Info: Redefining \[ on input line 2953.
LaTeX Info: Redefining \] on input line 2954.
)
(/usr/local/texlive/2023/texmf-dist/tex/latex/amsfonts/amssymb.sty
Package: amssymb 2013/01/14 v3.01 AMS font symbols

(/usr/local/texlive/2023/texmf-dist/tex/latex/amsfonts/amsfonts.sty
Package: amsfonts 2013/01/14 v3.01 Basic AMSFonts support
\symAMSa=\mathgroup4
\symAMSb=\mathgroup5
LaTeX Font Info:    Redeclaring math symbol \hbar on input line 98.
LaTeX Font Info:    Overwriting math alphabet `\mathfrak' in version `bold'
(Font)                  U/euf/m/n --> U/euf/b/n on input line 106.
))
(/usr/local/texlive/2023/texmf-dist/tex/latex/base/fontenc.sty
Package: fontenc 2021/04/29 v2.0v Standard LaTeX package
)
(/usr/local/texlive/2023/texmf-dist/tex/latex/listings/listings.sty
\lst@mode=\count275
\lst@gtempboxa=\box53
\lst@token=\toks23
\lst@length=\count276
\lst@currlwidth=\dimen160
\lst@column=\count277
\lst@pos=\count278
\lst@lostspace=\dimen161
\lst@width=\dimen162
\lst@newlines=\count279
\lst@lineno=\count280
\lst@maxwidth=\dimen163

(/usr/local/texlive/2023/texmf-dist/tex/latex/listings/lstmisc.sty
File: lstmisc.sty 2023/02/27 1.9 (Carsten Heinz)
\c@lstnumber=\count281
\lst@skipnumbers=\count282
\lst@framebox=\box54
)
(/usr/local/texlive/2023/texmf-dist/tex/latex/listings/listings.cfg
File: listings.cfg 2023/02/27 1.9 listings configuration
))
Package: listings 2023/02/27 1.9 (Carsten Heinz)

(/usr/local/texlive/2023/texmf-dist/tex/latex/tools/bm.sty
Package: bm 2022/01/05 v1.2f Bold Symbol Support (DPC/FMi)
\symboldoperators=\mathgroup6
\symboldletters=\mathgroup7
\symboldsymbols=\mathgroup8
Package bm Info: No bold for \OMX/cmex/m/n, using \pmb.
Package bm Info: No bold for \U/msa/m/n, using \pmb.
Package bm Info: No bold for \U/msb/m/n, using \pmb.
LaTeX Font Info:    Redeclaring math alphabet \mathbf on input line 149.
)
(/usr/local/texlive/2023/texmf-dist/tex/latex/hyperref/hyperref.sty
Package: hyperref 2023-02-07 v7.00v Hypertext links for LaTeX

(/usr/local/texlive/2023/texmf-dist/tex/generic/ltxcmds/ltxcmds.sty
Package: ltxcmds 2020-05-10 v1.25 LaTeX kernel commands for general use (HO)
)
(/usr/local/texlive/2023/texmf-dist/tex/generic/pdftexcmds/pdftexcmds.sty
Package: pdftexcmds 2020-06-27 v0.33 Utility functions of pdfTeX for LuaTeX (HO
)

(/usr/local/texlive/2023/texmf-dist/tex/generic/infwarerr/infwarerr.sty
Package: infwarerr 2019/12/03 v1.5 Providing info/warning/error messages (HO)
)
Package pdftexcmds Info: \pdf@primitive is available.
Package pdftexcmds Info: \pdf@ifprimitive is available.
Package pdftexcmds Info: \pdfdraftmode found.
)
(/usr/local/texlive/2023/texmf-dist/tex/latex/kvsetkeys/kvsetkeys.sty
Package: kvsetkeys 2022-10-05 v1.19 Key value parser (HO)
)
(/usr/local/texlive/2023/texmf-dist/tex/generic/kvdefinekeys/kvdefinekeys.sty
Package: kvdefinekeys 2019-12-19 v1.6 Define keys (HO)
)
(/usr/local/texlive/2023/texmf-dist/tex/generic/pdfescape/pdfescape.sty
Package: pdfescape 2019/12/09 v1.15 Implements pdfTeX's escape features (HO)
)
(/usr/local/texlive/2023/texmf-dist/tex/latex/hycolor/hycolor.sty
Package: hycolor 2020-01-27 v1.10 Color options for hyperref/bookmark (HO)
)
(/usr/local/texlive/2023/texmf-dist/tex/latex/letltxmacro/letltxmacro.sty
Package: letltxmacro 2019/12/03 v1.6 Let assignment for LaTeX macros (HO)
)
(/usr/local/texlive/2023/texmf-dist/tex/latex/auxhook/auxhook.sty
Package: auxhook 2019-12-17 v1.6 Hooks for auxiliary files (HO)
)
(/usr/local/texlive/2023/texmf-dist/tex/latex/hyperref/nameref.sty
Package: nameref 2022-05-17 v2.50 Cross-referencing by name of section

(/usr/local/texlive/2023/texmf-dist/tex/latex/refcount/refcount.sty
Package: refcount 2019/12/15 v3.6 Data extraction from label references (HO)
)
(/usr/local/texlive/2023/texmf-dist/tex/generic/gettitlestring/gettitlestring.s
ty
Package: gettitlestring 2019/12/15 v1.6 Cleanup title references (HO)
 (/usr/local/texlive/2023/texmf-dist/tex/latex/kvoptions/kvoptions.sty
Package: kvoptions 2022-06-15 v3.15 Key value format for package options (HO)
))
\c@section@level=\count283
)
\@linkdim=\dimen164
\Hy@linkcounter=\count284
\Hy@pagecounter=\count285

(/usr/local/texlive/2023/texmf-dist/tex/latex/hyperref/pd1enc.def
File: pd1enc.def 2023-02-07 v7.00v Hyperref: PDFDocEncoding definition (HO)
Now handling font encoding PD1 ...
... no UTF-8 mapping file for font encoding PD1
)
(/usr/local/texlive/2023/texmf-dist/tex/generic/intcalc/intcalc.sty
Package: intcalc 2019/12/15 v1.3 Expandable calculations with integers (HO)
)
(/usr/local/texlive/2023/texmf-dist/tex/generic/etexcmds/etexcmds.sty
Package: etexcmds 2019/12/15 v1.7 Avoid name clashes with e-TeX commands (HO)
)
\Hy@SavedSpaceFactor=\count286

(/usr/local/texlive/2023/texmf-dist/tex/latex/hyperref/puenc.def
File: puenc.def 2023-02-07 v7.00v Hyperref: PDF Unicode definition (HO)
Now handling font encoding PU ...
... no UTF-8 mapping file for font encoding PU
)
Package hyperref Info: Hyper figures OFF on input line 4177.
Package hyperref Info: Link nesting OFF on input line 4182.
Package hyperref Info: Hyper index ON on input line 4185.
Package hyperref Info: Plain pages OFF on input line 4192.
Package hyperref Info: Backreferencing OFF on input line 4197.
Package hyperref Info: Implicit mode ON; LaTeX internals redefined.
Package hyperref Info: Bookmarks ON on input line 4425.
\c@Hy@tempcnt=\count287

(/usr/local/texlive/2023/texmf-dist/tex/latex/url/url.sty
\Urlmuskip=\muskip17
Package: url 2013/09/16  ver 3.4  Verb mode for urls, etc.
)
LaTeX Info: Redefining \url on input line 4763.
\XeTeXLinkMargin=\dimen165

(/usr/local/texlive/2023/texmf-dist/tex/generic/bitset/bitset.sty
Package: bitset 2019/12/09 v1.3 Handle bit-vector datatype (HO)

(/usr/local/texlive/2023/texmf-dist/tex/generic/bigintcalc/bigintcalc.sty
Package: bigintcalc 2019/12/15 v1.5 Expandable calculations on big integers (HO
)
))
\Fld@menulength=\count288
\Field@Width=\dimen166
\Fld@charsize=\dimen167
Package hyperref Info: Hyper figures OFF on input line 6042.
Package hyperref Info: Link nesting OFF on input line 6047.
Package hyperref Info: Hyper index ON on input line 6050.
Package hyperref Info: backreferencing OFF on input line 6057.
Package hyperref Info: Link coloring OFF on input line 6062.
Package hyperref Info: Link coloring with OCG OFF on input line 6067.
Package hyperref Info: PDF/A mode OFF on input line 6072.

(/usr/local/texlive/2023/texmf-dist/tex/latex/base/atbegshi-ltx.sty
Package: atbegshi-ltx 2021/01/10 v1.0c Emulation of the original atbegshi
package with kernel methods
)
\Hy@abspage=\count289
\c@Item=\count290
\c@Hfootnote=\count291
)
Package hyperref Info: Driver (autodetected): hpdftex.

(/usr/local/texlive/2023/texmf-dist/tex/latex/hyperref/hpdftex.def
File: hpdftex.def 2023-02-07 v7.00v Hyperref driver for pdfTeX

(/usr/local/texlive/2023/texmf-dist/tex/latex/base/atveryend-ltx.sty
Package: atveryend-ltx 2020/08/19 v1.0a Emulation of the original atveryend pac
kage
with kernel methods
)
\Fld@listcount=\count292
\c@bookmark@seq@number=\count293

(/usr/local/texlive/2023/texmf-dist/tex/latex/rerunfilecheck/rerunfilecheck.sty
Package: rerunfilecheck 2022-07-10 v1.10 Rerun checks for auxiliary files (HO)

(/usr/local/texlive/2023/texmf-dist/tex/generic/uniquecounter/uniquecounter.sty
Package: uniquecounter 2019/12/15 v1.4 Provide unlimited unique counter (HO)
)
Package uniquecounter Info: New unique counter `rerunfilecheck' on input line 2
85.
)
\Hy@SectionHShift=\skip53
) (/usr/local/texlive/2023/texmf-dist/tex/latex/setspace/setspace.sty
Package: setspace 2022/12/04 v6.7b set line spacing
)
(/usr/local/texlive/2023/texmf-dist/tex/latex/graphics/color.sty
Package: color 2022/01/06 v1.3d Standard LaTeX Color (DPC)

(/usr/local/texlive/2023/texmf-dist/tex/latex/graphics-cfg/color.cfg
File: color.cfg 2016/01/02 v1.6 sample color configuration
)
Package color Info: Driver file: pdftex.def on input line 149.

(/usr/local/texlive/2023/texmf-dist/tex/latex/graphics/mathcolor.ltx))
(/usr/local/texlive/2023/texmf-dist/tex/latex/base/inputenc.sty
Package: inputenc 2021/02/14 v1.3d Input encoding file
\inpenc@prehook=\toks24
\inpenc@posthook=\toks25
)
(/usr/local/texlive/2023/texmf-dist/tex/latex/psfrag/psfrag.sty
Package: psfrag 1998/04/11 v3.04 PSfrag (MCG)
\pfg@pcount=\count294
\pfg@scount=\count295
\pfg@temp=\write3
)
(/usr/local/texlive/2023/texmf-dist/tex/latex/fancyhdr/fancyhdr.sty
Package: fancyhdr 2022/11/09 v4.1 Extensive control of page headers and footers

\f@nch@headwidth=\skip54
\f@nch@O@elh=\skip55
\f@nch@O@erh=\skip56
\f@nch@O@olh=\skip57
\f@nch@O@orh=\skip58
\f@nch@O@elf=\skip59
\f@nch@O@erf=\skip60
\f@nch@O@olf=\skip61
\f@nch@O@orf=\skip62
)
(/usr/local/texlive/2023/texmf-dist/tex/latex/xcolor/xcolor.sty
Package: xcolor 2022/06/12 v2.14 LaTeX color extensions (UK)

(/usr/local/texlive/2023/texmf-dist/tex/latex/graphics-cfg/color.cfg
File: color.cfg 2016/01/02 v1.6 sample color configuration
)
Package xcolor Info: Driver file: pdftex.def on input line 227.
LaTeX Info: Redefining \color on input line 711.

(/usr/local/texlive/2023/texmf-dist/tex/latex/graphics/mathcolor.ltx)
Package xcolor Info: Model `cmy' substituted by `cmy0' on input line 1353.
Package xcolor Info: Model `hsb' substituted by `rgb' on input line 1357.
Package xcolor Info: Model `RGB' extended on input line 1369.
Package xcolor Info: Model `HTML' substituted by `rgb' on input line 1371.
Package xcolor Info: Model `Hsb' substituted by `hsb' on input line 1372.
Package xcolor Info: Model `tHsb' substituted by `hsb' on input line 1373.
Package xcolor Info: Model `HSB' substituted by `hsb' on input line 1374.
Package xcolor Info: Model `Gray' substituted by `gray' on input line 1375.
Package xcolor Info: Model `wave' substituted by `hsb' on input line 1376.
)
(/usr/local/texlive/2023/texmf-dist/tex/latex/lineno/lineno.sty
Package: lineno 2023/01/19 line numbers on paragraphs v5.1
\linenopenalty=\count296
\output=\toks26
\linenoprevgraf=\count297
\linenumbersep=\dimen168
\linenumberwidth=\dimen169
\c@linenumber=\count298
\c@pagewiselinenumber=\count299
\c@LN@truepage=\count300
\c@internallinenumber=\count301
\c@internallinenumbers=\count302
\quotelinenumbersep=\dimen170
\bframerule=\dimen171
\bframesep=\dimen172
\bframebox=\box55

(/usr/local/texlive/2023/texmf-dist/tex/latex/etoolbox/etoolbox.sty
Package: etoolbox 2020/10/05 v2.5k e-TeX tools for LaTeX (JAW)
\etb@tempcnta=\count303
)
\linenoamsmath@ams@eqpen=\count304
LaTeX Info: Redefining \\ on input line 3131.
)
(/usr/local/texlive/2023/texmf-dist/tex/latex/physics/physics.sty
Package: physics 

(/usr/local/texlive/2023/texmf-dist/tex/latex/l3packages/xparse/xparse.sty
(/usr/local/texlive/2023/texmf-dist/tex/latex/l3kernel/expl3.sty
Package: expl3 2023-02-22 L3 programming layer (loader) 

(/usr/local/texlive/2023/texmf-dist/tex/latex/l3backend/l3backend-pdftex.def
File: l3backend-pdftex.def 2023-01-16 L3 backend support: PDF output (pdfTeX)
\l__color_backend_stack_int=\count305
\l__pdf_internal_box=\box56
))
Package: xparse 2023-02-02 L3 Experimental document command parser
)) (/usr/local/texlive/2023/texmf-dist/tex/latex/apacite/apacite.sty
Package: apacite 2013/07/21 v6.03 APA citation
\c@BibCnt=\count306
\bibleftmargin=\skip63
\bibindent=\skip64
\bibparsep=\skip65
\bibitemsep=\skip66
\biblabelsep=\skip67
)
(/usr/local/texlive/2023/texmf-dist/tex/latex/wrapfig/wrapfig.sty
\wrapoverhang=\dimen173
\WF@size=\dimen174
\c@WF@wrappedlines=\count307
\WF@box=\box57
\WF@everypar=\toks27
Package: wrapfig 2003/01/31  v 3.6
)
(/usr/local/texlive/2023/texmf-dist/tex/latex/doublestroke/dsfont.sty
Package: dsfont 1995/08/01 v0.1 Double stroke roman fonts
)
(/usr/local/texlive/2023/texmf-dist/tex/latex/pgfgantt/pgfgantt.sty
Package: pgfgantt 2018/01/10 v5.0 Draw Gantt diagrams with TikZ

(/usr/local/texlive/2023/texmf-dist/tex/latex/pgf/frontendlayer/tikz.sty
(/usr/local/texlive/2023/texmf-dist/tex/latex/pgf/basiclayer/pgf.sty
(/usr/local/texlive/2023/texmf-dist/tex/latex/pgf/utilities/pgfrcs.sty
(/usr/local/texlive/2023/texmf-dist/tex/generic/pgf/utilities/pgfutil-common.te
x
\pgfutil@everybye=\toks28
\pgfutil@tempdima=\dimen175
\pgfutil@tempdimb=\dimen176
)
(/usr/local/texlive/2023/texmf-dist/tex/generic/pgf/utilities/pgfutil-latex.def
\pgfutil@abb=\box58
) (/usr/local/texlive/2023/texmf-dist/tex/generic/pgf/utilities/pgfrcs.code.tex
(/usr/local/texlive/2023/texmf-dist/tex/generic/pgf/pgf.revision.tex)
Package: pgfrcs 2023-01-15 v3.1.10 (3.1.10)
))
Package: pgf 2023-01-15 v3.1.10 (3.1.10)

(/usr/local/texlive/2023/texmf-dist/tex/latex/pgf/basiclayer/pgfcore.sty
(/usr/local/texlive/2023/texmf-dist/tex/latex/pgf/systemlayer/pgfsys.sty
(/usr/local/texlive/2023/texmf-dist/tex/generic/pgf/systemlayer/pgfsys.code.tex
Package: pgfsys 2023-01-15 v3.1.10 (3.1.10)
(/usr/local/texlive/2023/texmf-dist/tex/generic/pgf/utilities/pgfkeys.code.tex
\pgfkeys@pathtoks=\toks29
\pgfkeys@temptoks=\toks30

(/usr/local/texlive/2023/texmf-dist/tex/generic/pgf/utilities/pgfkeyslibraryfil
tered.code.tex
\pgfkeys@tmptoks=\toks31
))
\pgf@x=\dimen177
\pgf@y=\dimen178
\pgf@xa=\dimen179
\pgf@ya=\dimen180
\pgf@xb=\dimen181
\pgf@yb=\dimen182
\pgf@xc=\dimen183
\pgf@yc=\dimen184
\pgf@xd=\dimen185
\pgf@yd=\dimen186
\w@pgf@writea=\write4
\r@pgf@reada=\read2
\c@pgf@counta=\count308
\c@pgf@countb=\count309
\c@pgf@countc=\count310
\c@pgf@countd=\count311
\t@pgf@toka=\toks32
\t@pgf@tokb=\toks33
\t@pgf@tokc=\toks34
\pgf@sys@id@count=\count312

(/usr/local/texlive/2023/texmf-dist/tex/generic/pgf/systemlayer/pgf.cfg
File: pgf.cfg 2023-01-15 v3.1.10 (3.1.10)
)
Driver file for pgf: pgfsys-pdftex.def

(/usr/local/texlive/2023/texmf-dist/tex/generic/pgf/systemlayer/pgfsys-pdftex.d
ef
File: pgfsys-pdftex.def 2023-01-15 v3.1.10 (3.1.10)

(/usr/local/texlive/2023/texmf-dist/tex/generic/pgf/systemlayer/pgfsys-common-p
df.def
File: pgfsys-common-pdf.def 2023-01-15 v3.1.10 (3.1.10)
)))
(/usr/local/texlive/2023/texmf-dist/tex/generic/pgf/systemlayer/pgfsyssoftpath.
code.tex
File: pgfsyssoftpath.code.tex 2023-01-15 v3.1.10 (3.1.10)
\pgfsyssoftpath@smallbuffer@items=\count313
\pgfsyssoftpath@bigbuffer@items=\count314
)
(/usr/local/texlive/2023/texmf-dist/tex/generic/pgf/systemlayer/pgfsysprotocol.
code.tex
File: pgfsysprotocol.code.tex 2023-01-15 v3.1.10 (3.1.10)
))
(/usr/local/texlive/2023/texmf-dist/tex/generic/pgf/basiclayer/pgfcore.code.tex
Package: pgfcore 2023-01-15 v3.1.10 (3.1.10)
(/usr/local/texlive/2023/texmf-dist/tex/generic/pgf/math/pgfmath.code.tex
(/usr/local/texlive/2023/texmf-dist/tex/generic/pgf/math/pgfmathutil.code.tex)
(/usr/local/texlive/2023/texmf-dist/tex/generic/pgf/math/pgfmathparser.code.tex
\pgfmath@dimen=\dimen187
\pgfmath@count=\count315
\pgfmath@box=\box59
\pgfmath@toks=\toks35
\pgfmath@stack@operand=\toks36
\pgfmath@stack@operation=\toks37
)
(/usr/local/texlive/2023/texmf-dist/tex/generic/pgf/math/pgfmathfunctions.code.
tex)
(/usr/local/texlive/2023/texmf-dist/tex/generic/pgf/math/pgfmathfunctions.basic
.code.tex)
(/usr/local/texlive/2023/texmf-dist/tex/generic/pgf/math/pgfmathfunctions.trigo
nometric.code.tex)
(/usr/local/texlive/2023/texmf-dist/tex/generic/pgf/math/pgfmathfunctions.rando
m.code.tex)
(/usr/local/texlive/2023/texmf-dist/tex/generic/pgf/math/pgfmathfunctions.compa
rison.code.tex)
(/usr/local/texlive/2023/texmf-dist/tex/generic/pgf/math/pgfmathfunctions.base.
code.tex)
(/usr/local/texlive/2023/texmf-dist/tex/generic/pgf/math/pgfmathfunctions.round
.code.tex)
(/usr/local/texlive/2023/texmf-dist/tex/generic/pgf/math/pgfmathfunctions.misc.
code.tex)
(/usr/local/texlive/2023/texmf-dist/tex/generic/pgf/math/pgfmathfunctions.integ
erarithmetics.code.tex)
(/usr/local/texlive/2023/texmf-dist/tex/generic/pgf/math/pgfmathcalc.code.tex)
(/usr/local/texlive/2023/texmf-dist/tex/generic/pgf/math/pgfmathfloat.code.tex
\c@pgfmathroundto@lastzeros=\count316
)) (/usr/local/texlive/2023/texmf-dist/tex/generic/pgf/math/pgfint.code.tex)
(/usr/local/texlive/2023/texmf-dist/tex/generic/pgf/basiclayer/pgfcorepoints.co
de.tex
File: pgfcorepoints.code.tex 2023-01-15 v3.1.10 (3.1.10)
\pgf@picminx=\dimen188
\pgf@picmaxx=\dimen189
\pgf@picminy=\dimen190
\pgf@picmaxy=\dimen191
\pgf@pathminx=\dimen192
\pgf@pathmaxx=\dimen193
\pgf@pathminy=\dimen194
\pgf@pathmaxy=\dimen195
\pgf@xx=\dimen196
\pgf@xy=\dimen197
\pgf@yx=\dimen198
\pgf@yy=\dimen199
\pgf@zx=\dimen256
\pgf@zy=\dimen257
)
(/usr/local/texlive/2023/texmf-dist/tex/generic/pgf/basiclayer/pgfcorepathconst
ruct.code.tex
File: pgfcorepathconstruct.code.tex 2023-01-15 v3.1.10 (3.1.10)
\pgf@path@lastx=\dimen258
\pgf@path@lasty=\dimen259
)
(/usr/local/texlive/2023/texmf-dist/tex/generic/pgf/basiclayer/pgfcorepathusage
.code.tex
File: pgfcorepathusage.code.tex 2023-01-15 v3.1.10 (3.1.10)
\pgf@shorten@end@additional=\dimen260
\pgf@shorten@start@additional=\dimen261
)
(/usr/local/texlive/2023/texmf-dist/tex/generic/pgf/basiclayer/pgfcorescopes.co
de.tex
File: pgfcorescopes.code.tex 2023-01-15 v3.1.10 (3.1.10)
\pgfpic=\box60
\pgf@hbox=\box61
\pgf@layerbox@main=\box62
\pgf@picture@serial@count=\count317
)
(/usr/local/texlive/2023/texmf-dist/tex/generic/pgf/basiclayer/pgfcoregraphicst
ate.code.tex
File: pgfcoregraphicstate.code.tex 2023-01-15 v3.1.10 (3.1.10)
\pgflinewidth=\dimen262
)
(/usr/local/texlive/2023/texmf-dist/tex/generic/pgf/basiclayer/pgfcoretransform
ations.code.tex
File: pgfcoretransformations.code.tex 2023-01-15 v3.1.10 (3.1.10)
\pgf@pt@x=\dimen263
\pgf@pt@y=\dimen264
\pgf@pt@temp=\dimen265
)
(/usr/local/texlive/2023/texmf-dist/tex/generic/pgf/basiclayer/pgfcorequick.cod
e.tex
File: pgfcorequick.code.tex 2023-01-15 v3.1.10 (3.1.10)
)
(/usr/local/texlive/2023/texmf-dist/tex/generic/pgf/basiclayer/pgfcoreobjects.c
ode.tex
File: pgfcoreobjects.code.tex 2023-01-15 v3.1.10 (3.1.10)
)
(/usr/local/texlive/2023/texmf-dist/tex/generic/pgf/basiclayer/pgfcorepathproce
ssing.code.tex
File: pgfcorepathprocessing.code.tex 2023-01-15 v3.1.10 (3.1.10)
)
(/usr/local/texlive/2023/texmf-dist/tex/generic/pgf/basiclayer/pgfcorearrows.co
de.tex
File: pgfcorearrows.code.tex 2023-01-15 v3.1.10 (3.1.10)
\pgfarrowsep=\dimen266
)
(/usr/local/texlive/2023/texmf-dist/tex/generic/pgf/basiclayer/pgfcoreshade.cod
e.tex
File: pgfcoreshade.code.tex 2023-01-15 v3.1.10 (3.1.10)
\pgf@max=\dimen267
\pgf@sys@shading@range@num=\count318
\pgf@shadingcount=\count319
)
(/usr/local/texlive/2023/texmf-dist/tex/generic/pgf/basiclayer/pgfcoreimage.cod
e.tex
File: pgfcoreimage.code.tex 2023-01-15 v3.1.10 (3.1.10)
)
(/usr/local/texlive/2023/texmf-dist/tex/generic/pgf/basiclayer/pgfcoreexternal.
code.tex
File: pgfcoreexternal.code.tex 2023-01-15 v3.1.10 (3.1.10)
\pgfexternal@startupbox=\box63
)
(/usr/local/texlive/2023/texmf-dist/tex/generic/pgf/basiclayer/pgfcorelayers.co
de.tex
File: pgfcorelayers.code.tex 2023-01-15 v3.1.10 (3.1.10)
)
(/usr/local/texlive/2023/texmf-dist/tex/generic/pgf/basiclayer/pgfcoretranspare
ncy.code.tex
File: pgfcoretransparency.code.tex 2023-01-15 v3.1.10 (3.1.10)
)
(/usr/local/texlive/2023/texmf-dist/tex/generic/pgf/basiclayer/pgfcorepatterns.
code.tex
File: pgfcorepatterns.code.tex 2023-01-15 v3.1.10 (3.1.10)
)
(/usr/local/texlive/2023/texmf-dist/tex/generic/pgf/basiclayer/pgfcorerdf.code.
tex
File: pgfcorerdf.code.tex 2023-01-15 v3.1.10 (3.1.10)
)))
(/usr/local/texlive/2023/texmf-dist/tex/generic/pgf/modules/pgfmoduleshapes.cod
e.tex
File: pgfmoduleshapes.code.tex 2023-01-15 v3.1.10 (3.1.10)
\pgfnodeparttextbox=\box64
)
(/usr/local/texlive/2023/texmf-dist/tex/generic/pgf/modules/pgfmoduleplot.code.
tex
File: pgfmoduleplot.code.tex 2023-01-15 v3.1.10 (3.1.10)
)
(/usr/local/texlive/2023/texmf-dist/tex/latex/pgf/compatibility/pgfcomp-version
-0-65.sty
Package: pgfcomp-version-0-65 2023-01-15 v3.1.10 (3.1.10)
\pgf@nodesepstart=\dimen268
\pgf@nodesepend=\dimen269
)
(/usr/local/texlive/2023/texmf-dist/tex/latex/pgf/compatibility/pgfcomp-version
-1-18.sty
Package: pgfcomp-version-1-18 2023-01-15 v3.1.10 (3.1.10)
))
(/usr/local/texlive/2023/texmf-dist/tex/latex/pgf/utilities/pgffor.sty
(/usr/local/texlive/2023/texmf-dist/tex/latex/pgf/utilities/pgfkeys.sty
(/usr/local/texlive/2023/texmf-dist/tex/generic/pgf/utilities/pgfkeys.code.tex)
) (/usr/local/texlive/2023/texmf-dist/tex/latex/pgf/math/pgfmath.sty
(/usr/local/texlive/2023/texmf-dist/tex/generic/pgf/math/pgfmath.code.tex))
(/usr/local/texlive/2023/texmf-dist/tex/generic/pgf/utilities/pgffor.code.tex
Package: pgffor 2023-01-15 v3.1.10 (3.1.10)
\pgffor@iter=\dimen270
\pgffor@skip=\dimen271
\pgffor@stack=\toks38
\pgffor@toks=\toks39
))
(/usr/local/texlive/2023/texmf-dist/tex/generic/pgf/frontendlayer/tikz/tikz.cod
e.tex
Package: tikz 2023-01-15 v3.1.10 (3.1.10)

(/usr/local/texlive/2023/texmf-dist/tex/generic/pgf/libraries/pgflibraryplothan
dlers.code.tex
File: pgflibraryplothandlers.code.tex 2023-01-15 v3.1.10 (3.1.10)
\pgf@plot@mark@count=\count320
\pgfplotmarksize=\dimen272
)
\tikz@lastx=\dimen273
\tikz@lasty=\dimen274
\tikz@lastxsaved=\dimen275
\tikz@lastysaved=\dimen276
\tikz@lastmovetox=\dimen277
\tikz@lastmovetoy=\dimen278
\tikzleveldistance=\dimen279
\tikzsiblingdistance=\dimen280
\tikz@figbox=\box65
\tikz@figbox@bg=\box66
\tikz@tempbox=\box67
\tikz@tempbox@bg=\box68
\tikztreelevel=\count321
\tikznumberofchildren=\count322
\tikznumberofcurrentchild=\count323
\tikz@fig@count=\count324

(/usr/local/texlive/2023/texmf-dist/tex/generic/pgf/modules/pgfmodulematrix.cod
e.tex
File: pgfmodulematrix.code.tex 2023-01-15 v3.1.10 (3.1.10)
\pgfmatrixcurrentrow=\count325
\pgfmatrixcurrentcolumn=\count326
\pgf@matrix@numberofcolumns=\count327
)
\tikz@expandcount=\count328

(/usr/local/texlive/2023/texmf-dist/tex/generic/pgf/frontendlayer/tikz/librarie
s/tikzlibrarytopaths.code.tex
File: tikzlibrarytopaths.code.tex 2023-01-15 v3.1.10 (3.1.10)
)))
(/usr/local/texlive/2023/texmf-dist/tex/generic/pgf/frontendlayer/tikz/librarie
s/tikzlibraryarrows.code.tex
File: tikzlibraryarrows.code.tex 2023-01-15 v3.1.10 (3.1.10)

(/usr/local/texlive/2023/texmf-dist/tex/generic/pgf/libraries/pgflibraryarrows.
code.tex
File: pgflibraryarrows.code.tex 2023-01-15 v3.1.10 (3.1.10)
\arrowsize=\dimen281
))
(/usr/local/texlive/2023/texmf-dist/tex/generic/pgf/frontendlayer/tikz/librarie
s/tikzlibrarybackgrounds.code.tex
File: tikzlibrarybackgrounds.code.tex 2023-01-15 v3.1.10 (3.1.10)
\pgf@layerbox@background=\box69
\pgf@layerboxsaved@background=\box70
)
(/usr/local/texlive/2023/texmf-dist/tex/generic/pgf/frontendlayer/tikz/librarie
s/tikzlibrarycalc.code.tex
File: tikzlibrarycalc.code.tex 2023-01-15 v3.1.10 (3.1.10)
)
(/usr/local/texlive/2023/texmf-dist/tex/generic/pgf/frontendlayer/tikz/librarie
s/tikzlibrarypatterns.code.tex
File: tikzlibrarypatterns.code.tex 2023-01-15 v3.1.10 (3.1.10)

(/usr/local/texlive/2023/texmf-dist/tex/generic/pgf/libraries/pgflibrarypattern
s.code.tex
File: pgflibrarypatterns.code.tex 2023-01-15 v3.1.10 (3.1.10)
))
(/usr/local/texlive/2023/texmf-dist/tex/generic/pgf/frontendlayer/tikz/librarie
s/tikzlibrarypositioning.code.tex
File: tikzlibrarypositioning.code.tex 2023-01-15 v3.1.10 (3.1.10)
)
(/usr/local/texlive/2023/texmf-dist/tex/generic/pgf/frontendlayer/tikz/librarie
s/tikzlibraryshapes.geometric.code.tex
File: tikzlibraryshapes.geometric.code.tex 2023-01-15 v3.1.10 (3.1.10)

(/usr/local/texlive/2023/texmf-dist/tex/generic/pgf/libraries/shapes/pgflibrary
shapes.geometric.code.tex
File: pgflibraryshapes.geometric.code.tex 2023-01-15 v3.1.10 (3.1.10)
))
(/usr/local/texlive/2023/texmf-dist/tex/latex/pgf/utilities/pgfcalendar.sty
(/usr/local/texlive/2023/texmf-dist/tex/generic/pgf/utilities/pgfcalendar.code.
tex
File: pgfcalendar.code.tex 2023-01-15 v3.1.10 (3.1.10)
\pgfcalendarcurrentjulian=\count329
\pgf@cal@easter@Y=\count330
\pgf@cal@easter@G=\count331
\pgf@cal@easter@C=\count332
\pgf@cal@easter@X=\count333
\pgf@cal@easter@Z=\count334
\pgf@cal@easter@D=\count335
\pgf@cal@easter@E=\count336
\pgf@cal@easter@N=\count337
\pgf@cal@easter@M=\count338
\pgf@cal@easter@julianday=\count339
))
\gtt@currentline=\count340
\gtt@lasttitleline=\count341
\gtt@currgrid=\count342
\gtt@chartwidth=\count343
\gtt@lasttitleslot=\count344
\gtt@elementid=\count345
\gtt@today@slot=\count346
\gtt@startjulian=\count347
\gtt@endjulian=\count348
\gtt@chartid=\count349
\gtt@vrule@slot=\count350
\gtt@calendar@slots=\count351
\gtt@calendar@weeknumber=\count352
\gtt@calendar@startofweek=\count353
\gtt@left@slot=\count354
\gtt@right@slot=\count355
) (/usr/local/texlive/2023/texmf-dist/tex/latex/bbm-macros/bbm.sty
Package: bbm 1999/03/15 V 1.2 provides fonts for set symbols - TH
LaTeX Font Info:    Overwriting math alphabet `\mathbbm' in version `bold'
(Font)                  U/bbm/m/n --> U/bbm/bx/n on input line 33.
LaTeX Font Info:    Overwriting math alphabet `\mathbbmss' in version `bold'
(Font)                  U/bbmss/m/n --> U/bbmss/bx/n on input line 35.
)
(/usr/local/texlive/2023/texmf-dist/tex/latex/algorithms/algorithm.sty
Package: algorithm 2009/08/24 v0.1 Document Style `algorithm' - floating enviro
nment

(/usr/local/texlive/2023/texmf-dist/tex/latex/float/float.sty
Package: float 2001/11/08 v1.3d Float enhancements (AL)
\c@float@type=\count356
\float@exts=\toks40
\float@box=\box71
\@float@everytoks=\toks41
\@floatcapt=\box72
)
(/usr/local/texlive/2023/texmf-dist/tex/latex/base/ifthen.sty
Package: ifthen 2022/04/13 v1.1d Standard LaTeX ifthen package (DPC)
)
\@float@every@algorithm=\toks42
\c@algorithm=\count357
)
(/usr/local/texlive/2023/texmf-dist/tex/latex/algorithmicx/algpseudocode.sty
Package: algpseudocode 

(/usr/local/texlive/2023/texmf-dist/tex/latex/algorithmicx/algorithmicx.sty
Package: algorithmicx 2005/04/27 v1.2 Algorithmicx

Document Style algorithmicx 1.2 - a greatly improved `algorithmic' style
\c@ALG@line=\count358
\c@ALG@rem=\count359
\c@ALG@nested=\count360
\ALG@tlm=\skip68
\ALG@thistlm=\skip69
\c@ALG@Lnr=\count361
\c@ALG@blocknr=\count362
\c@ALG@storecount=\count363
\c@ALG@tmpcounter=\count364
\ALG@tmplength=\skip70
)
Document Style - pseudocode environments for use with the `algorithmicx' style
)
Package hyperref Info: Option `colorlinks' set `true' on input line 35.
 (/usr/local/texlive/2023/texmf-dist/tex/latex/titlesec/titlesec.sty
Package: titlesec 2021/07/05 v2.14 Sectioning titles
\ttl@box=\box73
\beforetitleunit=\skip71
\aftertitleunit=\skip72
\ttl@plus=\dimen282
\ttl@minus=\dimen283
\ttl@toksa=\toks43
\titlewidth=\dimen284
\titlewidthlast=\dimen285
\titlewidthfirst=\dimen286
)
\c@alphasect=\count365

(./main.aux

LaTeX Warning: Label `GPModel' multiply defined.


LaTeX Warning: Label `corModel' multiply defined.


LaTeX Warning: Label `SrrPT' multiply defined.


LaTeX Warning: Label `dBdFS' multiply defined.


LaTeX Warning: Label `int' multiply defined.


LaTeX Warning: Label `hakeData' multiply defined.


LaTeX Warning: Label `ode' multiply defined.


LaTeX Warning: Label `meth' multiply defined.


LaTeX Warning: Label `pt' multiply defined.


LaTeX Warning: Label `SrrPT' multiply defined.


LaTeX Warning: Label `ptRef' multiply defined.


LaTeX Warning: Label `dBdtPT' multiply defined.


LaTeX Warning: Label `BbarPT' multiply defined.


LaTeX Warning: Label `FderivPT' multiply defined.


LaTeX Warning: Label `dBdFPT' multiply defined.


LaTeX Warning: Label `BmsyPT' multiply defined.


LaTeX Warning: Label `ptRP' multiply defined.


LaTeX Warning: Label `gammaOfB' multiply defined.


LaTeX Warning: Label `sRegimes' multiply defined.


LaTeX Warning: Label `schnuteSimple' multiply defined.


LaTeX Warning: Label `BsEq' multiply defined.


LaTeX Warning: Label `B0S' multiply defined.


LaTeX Warning: Label `BratS' multiply defined.


LaTeX Warning: Label `FderivS' multiply defined.


LaTeX Warning: Label `dBdFS' multiply defined.


LaTeX Warning: Label `FmsyS' multiply defined.


LaTeX Warning: Label `sSim' multiply defined.


LaTeX Warning: Label `abgSys' multiply defined.


LaTeX Warning: Label `lhs' multiply defined.


LaTeX Warning: Label `sLHS' multiply defined.


LaTeX Warning: Label `mixT' multiply defined.


LaTeX Warning: Label `lhsAlg' multiply defined.


LaTeX Warning: Label `desRef' multiply defined.


LaTeX Warning: Label `GPModel' multiply defined.


LaTeX Warning: Label `corModel' multiply defined.


LaTeX Warning: Label `catch' multiply defined.


LaTeX Warning: Label `relFish1' multiply defined.


LaTeX Warning: Label `relFish2' multiply defined.


LaTeX Warning: Label `relFish3' multiply defined.


LaTeX Warning: Label `catchT45' multiply defined.


LaTeX Warning: Label `catch45' multiply defined.


LaTeX Warning: Label `modelFit' multiply defined.


LaTeX Warning: Label `logLike' multiply defined.


LaTeX Warning: Label `flat' multiply defined.


LaTeX Warning: Label `flatProd' multiply defined.


LaTeX Warning: Label `arrowsPT' multiply defined.


LaTeX Warning: Label `conTest' multiply defined.


LaTeX Warning: Label `lambApp' multiply defined.


LaTeX Warning: Label `gammaOfZeta' multiply defined.

)
\openout1 = `main.aux'.

LaTeX Font Info:    Checking defaults for OML/cmm/m/it on input line 96.
LaTeX Font Info:    ... okay on input line 96.
LaTeX Font Info:    Checking defaults for OMS/cmsy/m/n on input line 96.
LaTeX Font Info:    ... okay on input line 96.
LaTeX Font Info:    Checking defaults for OT1/cmr/m/n on input line 96.
LaTeX Font Info:    ... okay on input line 96.
LaTeX Font Info:    Checking defaults for T1/cmr/m/n on input line 96.
LaTeX Font Info:    ... okay on input line 96.
LaTeX Font Info:    Checking defaults for TS1/cmr/m/n on input line 96.
LaTeX Font Info:    ... okay on input line 96.
LaTeX Font Info:    Checking defaults for OMX/cmex/m/n on input line 96.
LaTeX Font Info:    ... okay on input line 96.
LaTeX Font Info:    Checking defaults for U/cmr/m/n on input line 96.
LaTeX Font Info:    ... okay on input line 96.
LaTeX Font Info:    Checking defaults for PD1/pdf/m/n on input line 96.
LaTeX Font Info:    ... okay on input line 96.
LaTeX Font Info:    Checking defaults for PU/pdf/m/n on input line 96.
LaTeX Font Info:    ... okay on input line 96.
 (/usr/local/texlive/2023/texmf-dist/tex/context/base/mkii/supp-pdf.mkii
[Loading MPS to PDF converter (version 2006.09.02).]
\scratchcounter=\count366
\scratchdimen=\dimen287
\scratchbox=\box74
\nofMPsegments=\count367
\nofMParguments=\count368
\everyMPshowfont=\toks44
\MPscratchCnt=\count369
\MPscratchDim=\dimen288
\MPnumerator=\count370
\makeMPintoPDFobject=\count371
\everyMPtoPDFconversion=\toks45
) (/usr/local/texlive/2023/texmf-dist/tex/latex/epstopdf-pkg/epstopdf-base.sty
Package: epstopdf-base 2020-01-24 v2.11 Base part for package epstopdf
Package epstopdf-base Info: Redefining graphics rule for `.eps' on input line 4
85.

(/usr/local/texlive/2023/texmf-dist/tex/latex/latexconfig/epstopdf-sys.cfg
File: epstopdf-sys.cfg 2010/07/13 v1.3 Configuration of (r)epstopdf for TeX Liv
e
))
*geometry* driver: auto-detecting
*geometry* detected driver: pdftex
*geometry* verbose mode - [ preamble ] result:
* driver: pdftex
* paper: <default>
* layout: <same size as paper>
* layoutoffset:(h,v)=(0.0pt,0.0pt)
* modes: 
* h-part:(L,W,R)=(72.26999pt, 469.75502pt, 72.26999pt)
* v-part:(T,H,B)=(72.26999pt, 650.43001pt, 72.26999pt)
* \paperwidth=614.295pt
* \paperheight=794.96999pt
* \textwidth=469.75502pt
* \textheight=650.43001pt
* \oddsidemargin=0.0pt
* \evensidemargin=0.0pt
* \topmargin=-37.0pt
* \headheight=12.0pt
* \headsep=25.0pt
* \topskip=12.0pt
* \footskip=14.45377pt
* \marginparwidth=44.0pt
* \marginparsep=10.0pt
* \columnsep=10.0pt
* \skip\footins=10.8pt plus 4.0pt minus 2.0pt
* \hoffset=0.0pt
* \voffset=0.0pt
* \mag=1000
* \@twocolumnfalse
* \@twosidefalse
* \@mparswitchfalse
* \@reversemarginfalse
* (1in=72.27pt=25.4mm, 1cm=28.453pt)

\c@lstlisting=\count372
Package hyperref Info: Link coloring ON on input line 96.
(./main.out) (./main.out)
\@outlinefile=\write5
\openout5 = `main.out'.

\c@maskedRefs=\count373

(/usr/local/texlive/2023/texmf-dist/tex/latex/apacite/english.apc
File: english.apc 2013/07/21 v6.03 apacite language file
LaTeX Info: Redefining \BPBI on input line 129.
LaTeX Info: Redefining \BHBI on input line 130.
)
Chapter 1.
LaTeX Font Info:    Trying to load font information for T1+cmss on input line 1
02.
(/usr/local/texlive/2023/texmf-dist/tex/latex/base/t1cmss.fd
File: t1cmss.fd 2022/07/10 v2.5l Standard LaTeX font definitions
) (./pt.tex
[1
Non-PDF special ignored!
<special> header=psfrag.pro


{/usr/local/texlive/2023/texmf-var/fonts/map/pdftex/updmap/pdftex.map}{/usr/loc
al/texlive/2023/texmf-dist/fonts/enc/dvips/cm-super/cm-super-t1.enc}]
LaTeX Font Info:    Trying to load font information for U+msa on input line 165
.

(/usr/local/texlive/2023/texmf-dist/tex/latex/amsfonts/umsa.fd
File: umsa.fd 2013/01/14 v3.01 AMS symbols A
)
LaTeX Font Info:    Trying to load font information for U+msb on input line 165
.

(/usr/local/texlive/2023/texmf-dist/tex/latex/amsfonts/umsb.fd
File: umsb.fd 2013/01/14 v3.01 AMS symbols B
)
pdfTeX warning (ext4): destination with the same identifier (name{page.1}) has 
been already used, duplicate ignored
<to be read again> 
                   \relax 
l.178 \end{abstract}
                     [1]
<./plots/hakeIndex.png, id=194, 481.8pt x 481.8pt>
File: ./plots/hakeIndex.png Graphic file (type png)
<use ./plots/hakeIndex.png>
Package pdftex.def Info: ./plots/hakeIndex.png  used on input line 263.
(pdftex.def)             Requested size: 211.38832pt x 211.38246pt.
<./plots/hakeCatch.png, id=195, 481.8pt x 481.8pt>
File: ./plots/hakeCatch.png Graphic file (type png)
<use ./plots/hakeCatch.png>
Package pdftex.def Info: ./plots/hakeCatch.png  used on input line 264.
(pdftex.def)             Requested size: 211.38832pt x 211.38246pt.

pdfTeX warning (ext4): destination with the same identifier (name{page.1}) has 
been already used, duplicate ignored
<to be read again> 
                   \relax 
l.276 \begin{align}
                    [1


pdfTeX warning (ext4): destination with the same identifier (name{figure.1.1}) 
has been already used, duplicate ignored
<argument> ...shipout:D \box_use:N \l_shipout_box 
                                                  \__shipout_drop_firstpage_...
l.276 \begin{align}
                    <./plots/hakeIndex.png> <./plots/hakeCatch.png>] [2]
[3] [4]
<../ptNew/g4PT.png, id=279, 481.8pt x 481.8pt>
File: ../ptNew/g4PT.png Graphic file (type png)
<use ../ptNew/g4PT.png>
Package pdftex.def Info: ../ptNew/g4PT.png  used on input line 461.
(pdftex.def)             Requested size: 230.18253pt x 230.18066pt.

Overfull \hbox (18.7942pt too wide) in paragraph at lines 461--471
[][]
 []

[5


pdfTeX warning (ext4): destination with the same identifier (name{figure.1.2}) 
has been already used, duplicate ignored
<argument> ...shipout:D \box_use:N \l_shipout_box 
                                                  \__shipout_drop_firstpage_...
l.549 \end{align}
                  <../ptNew/g4PT.png>] [6] [7] [8] [9] [10] [11]
<../ptNew/relFish.png, id=377, 481.8pt x 481.8pt>
File: ../ptNew/relFish.png Graphic file (type png)
<use ../ptNew/relFish.png>
Package pdftex.def Info: ../ptNew/relFish.png  used on input line 1842.
(pdftex.def)             Requested size: 206.69334pt x 206.6921pt.
<../ptNew/relSeries.png, id=378, 481.8pt x 481.8pt>
File: ../ptNew/relSeries.png Graphic file (type png)
<use ../ptNew/relSeries.png>
Package pdftex.def Info: ../ptNew/relSeries.png  used on input line 1844.
(pdftex.def)             Requested size: 206.69334pt x 206.6921pt.
 [12
pdfTeX warning (ext4): destination with the same identifier (name{figure.1.3}) 
has been already used, duplicate ignored
<argument> ...shipout:D \box_use:N \l_shipout_box 
                                                  \__shipout_drop_firstpage_...
l.1928 \begin{align}
                     <../ptNew/relFish.png> <../ptNew/relSeries.png>] [13]
[14] [15]
<../ptNew/srrCompareFlatT30X0.12Z0.573.png, id=417, 481.8pt x 481.8pt>
File: ../ptNew/srrCompareFlatT30X0.12Z0.573.png Graphic file (type png)
<use ../ptNew/srrCompareFlatT30X0.12Z0.573.png>
Package pdftex.def Info: ../ptNew/srrCompareFlatT30X0.12Z0.573.png  used on inp
ut line 2164.
(pdftex.def)             Requested size: 112.74377pt x 112.7378pt.
<../ptNew/srrCompareFlatT30X0.674Z0.599.png, id=418, 481.8pt x 481.8pt>
File: ../ptNew/srrCompareFlatT30X0.674Z0.599.png Graphic file (type png)
<use ../ptNew/srrCompareFlatT30X0.674Z0.599.png>
Package pdftex.def Info: ../ptNew/srrCompareFlatT30X0.674Z0.599.png  used on in
put line 2165.
(pdftex.def)             Requested size: 112.74377pt x 112.7378pt.
<../ptNew/srrCompareFlatT30X0.096Z0.22.png, id=419, 481.8pt x 481.8pt>
File: ../ptNew/srrCompareFlatT30X0.096Z0.22.png Graphic file (type png)
<use ../ptNew/srrCompareFlatT30X0.096Z0.22.png>
Package pdftex.def Info: ../ptNew/srrCompareFlatT30X0.096Z0.22.png  used on inp
ut line 2166.
(pdftex.def)             Requested size: 112.74377pt x 112.7378pt.
<../ptNew/srrCompareFlatT30X0.699Z0.201.png, id=420, 481.8pt x 481.8pt>
File: ../ptNew/srrCompareFlatT30X0.699Z0.201.png Graphic file (type png)
<use ../ptNew/srrCompareFlatT30X0.699Z0.201.png>
Package pdftex.def Info: ../ptNew/srrCompareFlatT30X0.699Z0.201.png  used on in
put line 2167.
(pdftex.def)             Requested size: 112.74377pt x 112.7378pt.
 [16


pdfTeX warning (ext4): destination with the same identifier (name{figure.1.4}) 
has been already used, duplicate ignored
<argument> ...shipout:D \box_use:N \l_shipout_box 
                                                  \__shipout_drop_firstpage_...
l.2204 
        <../ptNew/srrCompareFlatT30X0.12Z0.573.png> <../ptNew/srrCompareFlatT30
X0.674Z0.599.png> <../ptNew/srrCompareFlatT30X0.096Z0.22.png> <../ptNew/srrComp
areFlatT30X0.699Z0.201.png>]
<../ptNew/directionalBiasSubPTFlatT30.png, id=436, 481.8pt x 481.8pt>
File: ../ptNew/directionalBiasSubPTFlatT30.png Graphic file (type png)
<use ../ptNew/directionalBiasSubPTFlatT30.png>
Package pdftex.def Info: ../ptNew/directionalBiasSubPTFlatT30.png  used on inpu
t line 2289.
(pdftex.def)             Requested size: 206.69334pt x 206.6921pt.
<../ptNew/directionalBiasSubPTExpT45MinCon.png, id=437, 481.8pt x 481.8pt>
File: ../ptNew/directionalBiasSubPTExpT45MinCon.png Graphic file (type png)
<use ../ptNew/directionalBiasSubPTExpT45MinCon.png>
Package pdftex.def Info: ../ptNew/directionalBiasSubPTExpT45MinCon.png  used on
 input line 2292.
(pdftex.def)             Requested size: 206.69334pt x 206.6921pt.
<../ptNew/subLegnd.png, id=438, 150.5625pt x 401.5pt>
File: ../ptNew/subLegnd.png Graphic file (type png)
<use ../ptNew/subLegnd.png>
Package pdftex.def Info: ../ptNew/subLegnd.png  used on input line 2296.
(pdftex.def)             Requested size: 63.41434pt x 169.1067pt.


LaTeX Warning: `!h' float specifier changed to `!ht'.

[17]
<../ptNew/contrastTest.png, id=451, 481.8pt x 481.8pt>
File: ../ptNew/contrastTest.png Graphic file (type png)
<use ../ptNew/contrastTest.png>
Package pdftex.def Info: ../ptNew/contrastTest.png  used on input line 2345.
(pdftex.def)             Requested size: 230.18253pt x 230.18066pt.
 [18
pdfTeX warning (ext4): destination with the same identifier (name{figure.1.5}) 
has been already used, duplicate ignored
<argument> ...shipout:D \box_use:N \l_shipout_box 
                                                  \__shipout_drop_firstpage_...
l.2371 
        <../ptNew/directionalBiasSubPTFlatT30.png> <../ptNew/directionalBiasSub
PTExpT45MinCon.png> <../ptNew/subLegnd.png>] [19
pdfTeX warning (ext4): destination with the same identifier (name{figure.1.6}) 
has been already used, duplicate ignored
<argument> ...shipout:D \box_use:N \l_shipout_box 
                                                  \__shipout_drop_firstpage_...
l.2880 
        <../ptNew/contrastTest.png>] [20] [21] [22{/usr/local/texlive/2023/texm
f-dist/fonts/enc/dvips/cm-super/cm-super-ts1.enc}] [23

]

Package hyperref Warning: Token not allowed in a PDF string (Unicode):
(hyperref)                removing `math shift' on input line 3203.


Package hyperref Warning: Token not allowed in a PDF string (Unicode):
(hyperref)                removing `\begingroup' on input line 3203.


Package hyperref Warning: Token not allowed in a PDF string (Unicode):
(hyperref)                removing `superscript' on input line 3203.


Package hyperref Warning: Token not allowed in a PDF string (Unicode):
(hyperref)                removing `\endgroup' on input line 3203.


Package hyperref Warning: Token not allowed in a PDF string (Unicode):
(hyperref)                removing `\@@over' on input line 3203.


Package hyperref Warning: Token not allowed in a PDF string (Unicode):
(hyperref)                removing `math shift' on input line 3203.


Package hyperref Warning: Token not allowed in a PDF string (Unicode):
(hyperref)                removing `math shift' on input line 3203.


Package hyperref Warning: Token not allowed in a PDF string (Unicode):
(hyperref)                removing `\gamma' on input line 3203.


Package hyperref Warning: Token not allowed in a PDF string (Unicode):
(hyperref)                removing `math shift' on input line 3203.


Overfull \hbox (0.78668pt too wide) in paragraph at lines 3252--3254
[]\T1/cmr/m/n/12 https://math.stackexchange.com/questions/3004835/is-the-lamber
t-w-function-analytic-
 []


Overfull \hbox (70.28648pt too wide) in paragraph at lines 3252--3254
\T1/cmr/m/n/12 if-not-everywhere-then-on-what-set-is-it-ana https://researchpor
tal.bath.ac.uk/en/publications/algebraic-
 []

[24

] [25] (./main.bbl
LaTeX Font Info:    Trying to load font information for T1+cmtt on input line 1
03.

(/usr/local/texlive/2023/texmf-dist/tex/latex/base/t1cmtt.fd
File: t1cmtt.fd 2022/07/10 v2.5l Standard LaTeX font definitions
)
Underfull \hbox (badness 2012) in paragraph at lines 204--228
[]\T1/cmr/m/n/12 Fox Jr., W. W.  (1970).  An Ex-po-nen-tial Surplus-Yield Model
 for Op-ti-miz-ing
 []


Underfull \hbox (badness 4805) in paragraph at lines 204--228
\T1/cmr/m/n/12 Ex-ploited Fish Pop-u-la-tions.  \T1/cmr/m/it/12 Trans-ac-tions 
of the Amer-i-can Fish-eries So-
 []


Underfull \hbox (badness 4792) in paragraph at lines 204--228
\T1/cmr/m/it/12 ci-ety\T1/cmr/m/n/12 , \T1/cmr/m/it/12 99\T1/cmr/m/n/12 (1), 80
--88.  Re-trieved 2022-02-17, from [][]$\T1/cmtt/m/n/12 https :// onlinelibrary
 []
 []


Underfull \hbox (badness 10000) in paragraph at lines 204--228
\T1/cmtt/m/n/12 .wiley [] .com / doi / abs / 10 [] .1577 / 1548 [] -8659 % 2819
70 % 2999 % 3C80 % 3AAESMFO % 3E2 []
 []


Underfull \hbox (badness 4872) in paragraph at lines 204--228
\T1/cmtt/m/n/12 .0 [] .CO % 3B2$[][]   \T1/cmr/m/n/12 (_eprint: https://onlinel
ibrary.wiley.com/doi/pdf/10.1577/1548-
 []


Underfull \hbox (badness 10000) in paragraph at lines 204--228
\T1/cmr/m/n/12 8659%281970%2999%3C80%3AAESMFO%3E2.0.CO%3B2)  doi: $10 [] .1577 
/
 []

[26


] [27] [28])) [29]
Chapter 2.
(./schnute.tex

Package hyperref Warning: Difference (2) between bookmark levels is greater 
(hyperref)                than one, level fixed on input line 692.

<../gpBias/g3.png, id=573, 481.8pt x 481.8pt>
File: ../gpBias/g3.png Graphic file (type png)
<use ../gpBias/g3.png>
Package pdftex.def Info: ../gpBias/g3.png  used on input line 709.
(pdftex.def)             Requested size: 230.18253pt x 230.18066pt.
[30


pdfTeX warning (ext4): destination with the same identifier (name{figure.2.1}) 
has been already used, duplicate ignored
<argument> ...shipout:D \box_use:N \l_shipout_box 
                                                  \__shipout_drop_firstpage_...
l.743 
       <../gpBias/g3.png>] [31] [32]

LaTeX Warning: Citation `devon_lin_latin_2015' undefined on input line 955.


LaTeX Warning: Citation `stein_large_1987' undefined on input line 955.


LaTeX Warning: Citation `mckay_comparison_2000' undefined on input line 957.

<../gpBias/designGrid.png, id=624, 481.8pt x 481.8pt>
File: ../gpBias/designGrid.png Graphic file (type png)
<use ../gpBias/designGrid.png>
Package pdftex.def Info: ../gpBias/designGrid.png  used on input line 965.
(pdftex.def)             Requested size: 230.18253pt x 230.18066pt.
[33] [34
pdfTeX warning (ext4): destination with the same identifier (name{figure.2.2}) 
has been already used, duplicate ignored
<argument> ...shipout:D \box_use:N \l_shipout_box 
                                                  \__shipout_drop_firstpage_...
l.1205 \begin{align}
                    
pdfTeX warning (ext4): destination with the same identifier (name{figure.2.3}) 
has been already used, duplicate ignored
<argument> ...shipout:D \box_use:N \l_shipout_box 
                                                  \__shipout_drop_firstpage_...
l.1205 \begin{align}
                     <../gpBias/designGrid.png>]
<../gpBias/zeta.png, id=646, 481.8pt x 481.8pt>
File: ../gpBias/zeta.png Graphic file (type png)
<use ../gpBias/zeta.png>
Package pdftex.def Info: ../gpBias/zeta.png  used on input line 1216.
(pdftex.def)             Requested size: 234.8775pt x 234.87839pt.
 [35
pdfTeX warning (ext4): destination with the same identifier (name{figure.2.4}) 
has been already used, duplicate ignored
<argument> ...shipout:D \box_use:N \l_shipout_box 
                                                  \__shipout_drop_firstpage_...
l.1246 \end{align}
                   <../gpBias/zeta.png>] [36]
Package hyperref Info: bookmark level for unknown algorithm defaults to 0 on in
put line 1261.

Overfull \hbox (16.66722pt too wide) in paragraph at lines 1279--1280
[] [] 
 []


LaTeX Warning: Citation `morris_exploratory_1995' undefined on input line 1425.



LaTeX Warning: Citation `johnson_minimax_1990' undefined on input line 1431.

[37

] [38]
Overfull \hbox (21.29301pt too wide) in paragraph at lines 1504--1510
[]\T1/cmr/m/n/12 Design re-fine-ment then pro-ceeds as fol-lows. An ini-tial de
-sign is com-puted, $\OML/cmm/m/it/12 X[] \OT1/cmr/m/n/12 = \OML/cmm/m/it/12 LH
S[]\OT1/cmr/m/n/12 (\OML/cmm/m/it/12 R[]\OT1/cmr/m/n/12 )$\T1/cmr/m/n/12 ,
 []

[39] [40] [41] [42]
<../gpBias/qqUnif.png, id=713, 481.8pt x 481.8pt>
File: ../gpBias/qqUnif.png Graphic file (type png)
<use ../gpBias/qqUnif.png>
Package pdftex.def Info: ../gpBias/qqUnif.png  used on input line 2425.
(pdftex.def)             Requested size: 211.38832pt x 211.38246pt.
<../gpBias/designLineColorHHardFlatT30N150WWideN112.png, id=716, 481.8pt x 481.
8pt>
File: ../gpBias/designLineColorHHardFlatT30N150WWideN112.png Graphic file (type
 png)
<use ../gpBias/designLineColorHHardFlatT30N150WWideN112.png>
Package pdftex.def Info: ../gpBias/designLineColorHHardFlatT30N150WWideN112.png
  used on input line 2458.
(pdftex.def)             Requested size: 234.8775pt x 234.87839pt.
 [43


pdfTeX warning (ext4): destination with the same identifier (name{figure.2.5}) 
has been already used, duplicate ignored
<argument> ...shipout:D \box_use:N \l_shipout_box 
                                                  \__shipout_drop_firstpage_...
l.2488 
       
pdfTeX warning (ext4): destination with the same identifier (name{figure.2.6}) 
has been already used, duplicate ignored
<argument> ...shipout:D \box_use:N \l_shipout_box 
                                                  \__shipout_drop_firstpage_...
l.2488 
        <../gpBias/qqUnif.png (PNG copy)> <../gpBias/designLineColorHHardFlatT3
0N150WWideN112.png>]
<../gpBias/zetaRelBiasSchnuteExpT45N150Wide.png, id=728, 481.8pt x 481.8pt>
File: ../gpBias/zetaRelBiasSchnuteExpT45N150Wide.png Graphic file (type png)
<use ../gpBias/zetaRelBiasSchnuteExpT45N150Wide.png>
Package pdftex.def Info: ../gpBias/zetaRelBiasSchnuteExpT45N150Wide.png  used o
n input line 2561.
(pdftex.def)             Requested size: 253.20218pt x 253.19873pt.

Overfull \hbox (11.40378pt too wide) in paragraph at lines 2560--2572
[]|  [] 
 []


Underfull \hbox (badness 10000) in paragraph at lines 2573--2574

 []

<../gpBias/directionalBiasSchnuteSubTitleExpT45N150Wide.png, id=729, 481.8pt x 
481.8pt>
File: ../gpBias/directionalBiasSchnuteSubTitleExpT45N150Wide.png Graphic file (
type png)
<use ../gpBias/directionalBiasSchnuteSubTitleExpT45N150Wide.png>
Package pdftex.def Info: ../gpBias/directionalBiasSchnuteSubTitleExpT45N150Wide
.png  used on input line 2577.
(pdftex.def)             Requested size: 253.20218pt x 253.19873pt.
<../gpBias/fMSYRelBiasSchnuteExpT45N150Wide.png, id=730, 481.8pt x 481.8pt>
File: ../gpBias/fMSYRelBiasSchnuteExpT45N150Wide.png Graphic file (type png)
<use ../gpBias/fMSYRelBiasSchnuteExpT45N150Wide.png>
Package pdftex.def Info: ../gpBias/fMSYRelBiasSchnuteExpT45N150Wide.png  used o
n input line 2579.
(pdftex.def)             Requested size: 253.20218pt x 253.19873pt.

Overfull \hbox (54.08289pt too wide) in paragraph at lines 2576--2580
[]|  [] 
 []


Overfull \hbox (54.08289pt too wide) in paragraph at lines 2576--2580
|  [] 
 []


LaTeX Warning: `!h' float specifier changed to `!ht'.

[44]
<../gpBias/directionalBiasSchnuteSubHHardFlatT30N150WWideN112.png, id=739, 481.
8pt x 481.8pt>
File: ../gpBias/directionalBiasSchnuteSubHHardFlatT30N150WWideN112.png Graphic 
file (type png)
<use ../gpBias/directionalBiasSchnuteSubHHardFlatT30N150WWideN112.png>
Package pdftex.def Info: ../gpBias/directionalBiasSchnuteSubHHardFlatT30N150WWi
deN112.png  used on input line 2632.
(pdftex.def)             Requested size: 234.8775pt x 234.87839pt.

Underfull \hbox (badness 1038) in paragraph at lines 2646--2655
[][] []\T1/cmr/bx/n/12 Low Con-trast[] \T1/cmr/m/n/12 Fig-ure ([][]2.8[][]) sho
ws the
 []

[45
pdfTeX warning (ext4): destination with the same identifier (name{figure.2.7}) 
has been already used, duplicate ignored
<argument> ...shipout:D \box_use:N \l_shipout_box 
                                                  \__shipout_drop_firstpage_...
l.2655 
       
pdfTeX warning (ext4): destination with the same identifier (name{figure.2.8}) 
has been already used, duplicate ignored
<argument> ...shipout:D \box_use:N \l_shipout_box 
                                                  \__shipout_drop_firstpage_...
l.2655 
        <../gpBias/zetaRelBiasSchnuteExpT45N150Wide.png> <../gpBias/directional
BiasSchnuteSubTitleExpT45N150Wide.png> <../gpBias/fMSYRelBiasSchnuteExpT45N150W
ide.png> <../gpBias/directionalBiasSchnuteSubHHardFlatT30N150WWideN112.png>]
<../gpBias/yeildRelCurveCompareHHardFlatT30N150WWideN112PrettyX3.4791Z0.4662.pn
g, id=755, 481.8pt x 481.8pt>
File: ../gpBias/yeildRelCurveCompareHHardFlatT30N150WWideN112PrettyX3.4791Z0.46
62.png Graphic file (type png)
<use ../gpBias/yeildRelCurveCompareHHardFlatT30N150WWideN112PrettyX3.4791Z0.466
2.png>
Package pdftex.def Info: ../gpBias/yeildRelCurveCompareHHardFlatT30N150WWideN11
2PrettyX3.4791Z0.4662.png  used on input line 2670.
(pdftex.def)             Requested size: 234.8775pt x 234.87839pt.

[46
pdfTeX warning (ext4): destination with the same identifier (name{figure.2.9}) 
has been already used, duplicate ignored
<argument> ...shipout:D \box_use:N \l_shipout_box 
                                                  \__shipout_drop_firstpage_...
l.2692 
        <../gpBias/yeildRelCurveCompareHHardFlatT30N150WWideN112PrettyX3.4791Z0
.4662.png>] [47] [48] [49] [50

] (./main.bbl
pdfTeX warning (ext4): destination with the same identifier (name{cite.beverton
_dynamics_1957}) has been already used, duplicate ignored
<to be read again> 
                   \relax 
l.12 beverton_dynamics_1957}
                            
pdfTeX warning (ext4): destination with the same identifier (name{cite.conn_whe
n_2010}) has been already used, duplicate ignored
<to be read again> 
                   \relax 
l.38 conn_when_2010}
                    
pdfTeX warning (ext4): destination with the same identifier (name{cite.cressie_
statistics_2015}) has been already used, duplicate ignored
<to be read again> 
                   \relax 
l.65 cressie_statistics_2015}
                             
pdfTeX warning (ext4): destination with the same identifier (name{cite.cushing_
dependence_1971}) has been already used, duplicate ignored
<to be read again> 
                   \relax 
l.87 cushing_dependence_1971}
                             
pdfTeX warning (ext4): destination with the same identifier (name{cite.deriso_h
arvesting_1980}) has been already used, duplicate ignored
<to be read again> 
                   \relax 
l.116 deriso_harvesting_1980}
                             
pdfTeX warning (ext4): destination with the same identifier (name{cite.fletcher
_restructuring_1978}) has been already used, duplicate ignored
<to be read again> 
                   \relax 
l.147 fletcher_restructuring_1978}
                                  
pdfTeX warning (ext4): destination with the same identifier (name{cite.fournier
_length-based_1987}) has been already used, duplicate ignored
<to be read again> 
                   \relax 
l.172 fournier_length-based_1987}
                                 
pdfTeX warning (ext4): destination with the same identifier (name{cite.fox_jr_e
xponential_1970}) has been already used, duplicate ignored
<to be read again> 
                   \relax 
l.200 fox_jr_exponential_1970}
                              
Underfull \hbox (badness 2012) in paragraph at lines 204--228
[]\T1/cmr/m/n/12 Fox Jr., W. W.  (1970).  An Ex-po-nen-tial Surplus-Yield Model
 for Op-ti-miz-ing
 []


Underfull \hbox (badness 4805) in paragraph at lines 204--228
\T1/cmr/m/n/12 Ex-ploited Fish Pop-u-la-tions.  \T1/cmr/m/it/12 Trans-ac-tions 
of the Amer-i-can Fish-eries So-
 []


Underfull \hbox (badness 4792) in paragraph at lines 204--228
\T1/cmr/m/it/12 ci-ety\T1/cmr/m/n/12 , \T1/cmr/m/it/12 99\T1/cmr/m/n/12 (1), 80
--88.  Re-trieved 2022-02-17, from [][]$\T1/cmtt/m/n/12 https :// onlinelibrary
 []
 []


Underfull \hbox (badness 10000) in paragraph at lines 204--228
\T1/cmtt/m/n/12 .wiley [] .com / doi / abs / 10 [] .1577 / 1548 [] -8659 % 2819
70 % 2999 % 3C80 % 3AAESMFO % 3E2 []
 []


Underfull \hbox (badness 4872) in paragraph at lines 204--228
\T1/cmtt/m/n/12 .0 [] .CO % 3B2$[][]   \T1/cmr/m/n/12 (_eprint: https://onlinel
ibrary.wiley.com/doi/pdf/10.1577/1548-
 []


Underfull \hbox (badness 10000) in paragraph at lines 204--228
\T1/cmr/m/n/12 8659%281970%2999%3C80%3AAESMFO%3E2.0.CO%3B2)  doi: $10 [] .1577 
/
 []

[51


]
pdfTeX warning (ext4): destination with the same identifier (name{cite.gramacy_
surrogates_2020}) has been already used, duplicate ignored
<to be read again> 
                   \relax 
l.236 gramacy_surrogates_2020}
                              
pdfTeX warning (ext4): destination with the same identifier (name{cite.gramacy_
cases_2012}) has been already used, duplicate ignored
<to be read again> 
                   \relax 
l.262 gramacy_cases_2012}
                         
pdfTeX warning (ext4): destination with the same identifier (name{cite.hilborn_
pretty_2010}) has been already used, duplicate ignored
<to be read again> 
                   \relax 
l.288 hilborn_pretty_2010}
                          
pdfTeX warning (ext4): destination with the same identifier (name{cite.hilborn_
ecological_1997}) has been already used, duplicate ignored
<to be read again> 
                   \relax 
l.315 hilborn_ecological_1997}
                              
pdfTeX warning (ext4): destination with the same identifier (name{cite.hilborn_
quantitative_1992}) has been already used, duplicate ignored
<to be read again> 
                   \relax 
l.341 hilborn_quantitative_1992}
                                
pdfTeX warning (ext4): destination with the same identifier (name{cite.lee_can_
2012}) has been already used, duplicate ignored
<to be read again> 
                   \relax 
l.370 lee_can_2012}
                   
pdfTeX warning (ext4): destination with the same identifier (name{cite.magnusso
n_what_2007}) has been already used, duplicate ignored
<to be read again> 
                   \relax 
l.406 magnusson_what_2007}
                          
pdfTeX warning (ext4): destination with the same identifier (name{cite.mangel_p
erspective_2013}) has been already used, duplicate ignored
<to be read again> 
                   \relax 
l.432 mangel_perspective_2013}
                              
pdfTeX warning (ext4): destination with the same identifier (name{cite.punt_man
agement_2016}) has been already used, duplicate ignored
<to be read again> 
                   \relax 
l.473 punt_management_2016}
                           
pdfTeX warning (ext4): destination with the same identifier (name{cite.punt_ext
ending_2019}) has been already used, duplicate ignored
<to be read again> 
                   \relax 
l.508 punt_extending_2019}
                           [52]
pdfTeX warning (ext4): destination with the same identifier (name{cite.ramasubr
amanian_machine_2017}) has been already used, duplicate ignored
<to be read again> 
                   \relax 
l.542 ramasubramanian_machine_2017}
                                   
pdfTeX warning (ext4): destination with the same identifier (name{cite.rankin_a
lternative_2015}) has been already used, duplicate ignored
<to be read again> 
                   \relax 
l.568 rankin_alternative_2015}
                              
pdfTeX warning (ext4): destination with the same identifier (name{cite.ricker_s
tock_1954}) has been already used, duplicate ignored
<to be read again> 
                   \relax 
l.598 ricker_stock_1954}
                        
pdfTeX warning (ext4): destination with the same identifier (name{cite.schnute_
general_1985}) has been already used, duplicate ignored
<to be read again> 
                   \relax 
l.623 schnute_general_1985}
                           
pdfTeX warning (ext4): destination with the same identifier (name{cite.schnute_
general_1987}) has been already used, duplicate ignored
<to be read again> 
                   \relax 
l.654 schnute_general_1987}
                           
pdfTeX warning (ext4): destination with the same identifier (name{cite.schnute_
analytical_1998}) has been already used, duplicate ignored
<to be read again> 
                   \relax 
l.683 schnute_analytical_1998}
                              
pdfTeX warning (ext4): destination with the same identifier (name{cite.scrucca_
ga_2013}) has been already used, duplicate ignored
<to be read again> 
                   \relax 
l.714 scrucca_ga_2013}
                      
pdfTeX warning (ext4): destination with the same identifier (name{cite.scrucca_
extensions_2017}) has been already used, duplicate ignored
<to be read again> 
                   \relax 
l.742 scrucca_extensions_2017}
                              
pdfTeX warning (ext4): destination with the same identifier (name{cite.soetaert
_solving_2010}) has been already used, duplicate ignored
<to be read again> 
                   \relax 
l.775 soetaert_solving_2010}
                             [53]
pdfTeX warning (ext4): destination with the same identifier (name{cite.walters_
continuous_2020}) has been already used, duplicate ignored
<to be read again> 
                   \relax 
l.806 walters_continuous_2020}
                              
pdfTeX warning (ext4): destination with the same identifier (name{cite.wanner_s
olving_1996}) has been already used, duplicate ignored
<to be read again> 
                   \relax 
l.834 wanner_solving_1996}
                          
pdfTeX warning (ext4): destination with the same identifier (name{cite.yeakel_g
eneralized_2015}) has been already used, duplicate ignored
<to be read again> 
                   \relax 
l.860 yeakel_generalized_2015}
                              )) [54]
Chapter 3.
(./delay.tex [55

] [56]
<plots/vbOpt.png, id=862, 481.8pt x 481.8pt>
File: plots/vbOpt.png Graphic file (type png)
<use plots/vbOpt.png>
Package pdftex.def Info: plots/vbOpt.png  used on input line 307.
(pdftex.def)             Requested size: 230.18253pt x 230.18066pt.

Overfull \hbox (18.7942pt too wide) in paragraph at lines 307--318
[][]
 []


LaTeX Warning: Citation `von_bertalanffy_quantitative_1938' undefined on input 
line 325.

[57


pdfTeX warning (ext4): destination with the same identifier (name{figure.3.1}) 
has been already used, duplicate ignored
<argument> ...shipout:D \box_use:N \l_shipout_box 
                                                  \__shipout_drop_firstpage_...
l.356 
       <./plots/vbOpt.png>] [58]

LaTeX Warning: Reference `' on page 59 undefined on input line 436.

[59] [60] [61] (./main.bbl
pdfTeX warning (ext4): destination with the same identifier (name{cite.beverton
_dynamics_1957}) has been already used, duplicate ignored
<to be read again> 
                   \relax 
l.12 beverton_dynamics_1957}
                            
pdfTeX warning (ext4): destination with the same identifier (name{cite.conn_whe
n_2010}) has been already used, duplicate ignored
<to be read again> 
                   \relax 
l.38 conn_when_2010}
                    
pdfTeX warning (ext4): destination with the same identifier (name{cite.cressie_
statistics_2015}) has been already used, duplicate ignored
<to be read again> 
                   \relax 
l.65 cressie_statistics_2015}
                             
pdfTeX warning (ext4): destination with the same identifier (name{cite.cushing_
dependence_1971}) has been already used, duplicate ignored
<to be read again> 
                   \relax 
l.87 cushing_dependence_1971}
                             
pdfTeX warning (ext4): destination with the same identifier (name{cite.deriso_h
arvesting_1980}) has been already used, duplicate ignored
<to be read again> 
                   \relax 
l.116 deriso_harvesting_1980}
                             
pdfTeX warning (ext4): destination with the same identifier (name{cite.fletcher
_restructuring_1978}) has been already used, duplicate ignored
<to be read again> 
                   \relax 
l.147 fletcher_restructuring_1978}
                                  
pdfTeX warning (ext4): destination with the same identifier (name{cite.fournier
_length-based_1987}) has been already used, duplicate ignored
<to be read again> 
                   \relax 
l.172 fournier_length-based_1987}
                                 
pdfTeX warning (ext4): destination with the same identifier (name{cite.fox_jr_e
xponential_1970}) has been already used, duplicate ignored
<to be read again> 
                   \relax 
l.200 fox_jr_exponential_1970}
                              
Underfull \hbox (badness 2012) in paragraph at lines 204--228
[]\T1/cmr/m/n/12 Fox Jr., W. W.  (1970).  An Ex-po-nen-tial Surplus-Yield Model
 for Op-ti-miz-ing
 []


Underfull \hbox (badness 4805) in paragraph at lines 204--228
\T1/cmr/m/n/12 Ex-ploited Fish Pop-u-la-tions.  \T1/cmr/m/it/12 Trans-ac-tions 
of the Amer-i-can Fish-eries So-
 []


Underfull \hbox (badness 4792) in paragraph at lines 204--228
\T1/cmr/m/it/12 ci-ety\T1/cmr/m/n/12 , \T1/cmr/m/it/12 99\T1/cmr/m/n/12 (1), 80
--88.  Re-trieved 2022-02-17, from [][]$\T1/cmtt/m/n/12 https :// onlinelibrary
 []
 []


Underfull \hbox (badness 10000) in paragraph at lines 204--228
\T1/cmtt/m/n/12 .wiley [] .com / doi / abs / 10 [] .1577 / 1548 [] -8659 % 2819
70 % 2999 % 3C80 % 3AAESMFO % 3E2 []
 []


Underfull \hbox (badness 4872) in paragraph at lines 204--228
\T1/cmtt/m/n/12 .0 [] .CO % 3B2$[][]   \T1/cmr/m/n/12 (_eprint: https://onlinel
ibrary.wiley.com/doi/pdf/10.1577/1548-
 []


Underfull \hbox (badness 10000) in paragraph at lines 204--228
\T1/cmr/m/n/12 8659%281970%2999%3C80%3AAESMFO%3E2.0.CO%3B2)  doi: $10 [] .1577 
/
 []

[62


]
pdfTeX warning (ext4): destination with the same identifier (name{cite.gramacy_
surrogates_2020}) has been already used, duplicate ignored
<to be read again> 
                   \relax 
l.236 gramacy_surrogates_2020}
                              
pdfTeX warning (ext4): destination with the same identifier (name{cite.gramacy_
cases_2012}) has been already used, duplicate ignored
<to be read again> 
                   \relax 
l.262 gramacy_cases_2012}
                         
pdfTeX warning (ext4): destination with the same identifier (name{cite.hilborn_
pretty_2010}) has been already used, duplicate ignored
<to be read again> 
                   \relax 
l.288 hilborn_pretty_2010}
                          
pdfTeX warning (ext4): destination with the same identifier (name{cite.hilborn_
ecological_1997}) has been already used, duplicate ignored
<to be read again> 
                   \relax 
l.315 hilborn_ecological_1997}
                              
pdfTeX warning (ext4): destination with the same identifier (name{cite.hilborn_
quantitative_1992}) has been already used, duplicate ignored
<to be read again> 
                   \relax 
l.341 hilborn_quantitative_1992}
                                
pdfTeX warning (ext4): destination with the same identifier (name{cite.lee_can_
2012}) has been already used, duplicate ignored
<to be read again> 
                   \relax 
l.370 lee_can_2012}
                   
pdfTeX warning (ext4): destination with the same identifier (name{cite.magnusso
n_what_2007}) has been already used, duplicate ignored
<to be read again> 
                   \relax 
l.406 magnusson_what_2007}
                          
pdfTeX warning (ext4): destination with the same identifier (name{cite.mangel_p
erspective_2013}) has been already used, duplicate ignored
<to be read again> 
                   \relax 
l.432 mangel_perspective_2013}
                              
pdfTeX warning (ext4): destination with the same identifier (name{cite.punt_man
agement_2016}) has been already used, duplicate ignored
<to be read again> 
                   \relax 
l.473 punt_management_2016}
                           
pdfTeX warning (ext4): destination with the same identifier (name{cite.punt_ext
ending_2019}) has been already used, duplicate ignored
<to be read again> 
                   \relax 
l.508 punt_extending_2019}
                           [63]
pdfTeX warning (ext4): destination with the same identifier (name{cite.ramasubr
amanian_machine_2017}) has been already used, duplicate ignored
<to be read again> 
                   \relax 
l.542 ramasubramanian_machine_2017}
                                   
pdfTeX warning (ext4): destination with the same identifier (name{cite.rankin_a
lternative_2015}) has been already used, duplicate ignored
<to be read again> 
                   \relax 
l.568 rankin_alternative_2015}
                              
pdfTeX warning (ext4): destination with the same identifier (name{cite.ricker_s
tock_1954}) has been already used, duplicate ignored
<to be read again> 
                   \relax 
l.598 ricker_stock_1954}
                        
pdfTeX warning (ext4): destination with the same identifier (name{cite.schnute_
general_1985}) has been already used, duplicate ignored
<to be read again> 
                   \relax 
l.623 schnute_general_1985}
                           
pdfTeX warning (ext4): destination with the same identifier (name{cite.schnute_
general_1987}) has been already used, duplicate ignored
<to be read again> 
                   \relax 
l.654 schnute_general_1987}
                           
pdfTeX warning (ext4): destination with the same identifier (name{cite.schnute_
analytical_1998}) has been already used, duplicate ignored
<to be read again> 
                   \relax 
l.683 schnute_analytical_1998}
                              
pdfTeX warning (ext4): destination with the same identifier (name{cite.scrucca_
ga_2013}) has been already used, duplicate ignored
<to be read again> 
                   \relax 
l.714 scrucca_ga_2013}
                      
pdfTeX warning (ext4): destination with the same identifier (name{cite.scrucca_
extensions_2017}) has been already used, duplicate ignored
<to be read again> 
                   \relax 
l.742 scrucca_extensions_2017}
                              
pdfTeX warning (ext4): destination with the same identifier (name{cite.soetaert
_solving_2010}) has been already used, duplicate ignored
<to be read again> 
                   \relax 
l.775 soetaert_solving_2010}
                             [64]
pdfTeX warning (ext4): destination with the same identifier (name{cite.walters_
continuous_2020}) has been already used, duplicate ignored
<to be read again> 
                   \relax 
l.806 walters_continuous_2020}
                              
pdfTeX warning (ext4): destination with the same identifier (name{cite.wanner_s
olving_1996}) has been already used, duplicate ignored
<to be read again> 
                   \relax 
l.834 wanner_solving_1996}
                          
pdfTeX warning (ext4): destination with the same identifier (name{cite.yeakel_g
eneralized_2015}) has been already used, duplicate ignored
<to be read again> 
                   \relax 
l.860 yeakel_generalized_2015}
                              )
File: ./plots/hakeIndex.png Graphic file (type png)
<use ./plots/hakeIndex.png>
Package pdftex.def Info: ./plots/hakeIndex.png  used on input line 582.
(pdftex.def)             Requested size: 211.38832pt x 211.38246pt.
File: ./plots/hakeCatch.png Graphic file (type png)
<use ./plots/hakeCatch.png>
Package pdftex.def Info: ./plots/hakeCatch.png  used on input line 583.
(pdftex.def)             Requested size: 211.38832pt x 211.38246pt.


LaTeX Warning: `!h' float specifier changed to `!ht'.

[65] [66
pdfTeX warning (ext4): destination with the same identifier (name{figure.3.2}) 
has been already used, duplicate ignored
<argument> ...shipout:D \box_use:N \l_shipout_box 
                                                  \__shipout_drop_firstpage_...
l.636 
      ] [67] [68] [69]
File: ../ptNew/g4PT.png Graphic file (type png)
<use ../ptNew/g4PT.png>
Package pdftex.def Info: ../ptNew/g4PT.png  used on input line 784.
(pdftex.def)             Requested size: 230.18253pt x 230.18066pt.

Overfull \hbox (18.7942pt too wide) in paragraph at lines 784--794
[][]
 []

[70


pdfTeX warning (ext4): destination with the same identifier (name{figure.3.3}) 
has been already used, duplicate ignored
<argument> ...shipout:D \box_use:N \l_shipout_box 
                                                  \__shipout_drop_firstpage_...
l.872 \end{align}
                 ] [71]
File: ../gpBias/g3.png Graphic file (type png)
<use ../gpBias/g3.png>
Package pdftex.def Info: ../gpBias/g3.png  used on input line 1027.
(pdftex.def)             Requested size: 230.18253pt x 230.18066pt.
 [72] [73
pdfTeX warning (ext4): destination with the same identifier (name{figure.3.4}) 
has been already used, duplicate ignored
<argument> ...shipout:D \box_use:N \l_shipout_box 
                                                  \__shipout_drop_firstpage_...
l.1103 \end{align}
                  ] [74] [75]
File: ../gpBias/designGrid.png Graphic file (type png)
<use ../gpBias/designGrid.png>
Package pdftex.def Info: ../gpBias/designGrid.png  used on input line 1290.
(pdftex.def)             Requested size: 230.18253pt x 230.18066pt.
 [76
pdfTeX warning (ext4): destination with the same identifier (name{figure.3.5}) 
has been already used, duplicate ignored
<argument> ...shipout:D \box_use:N \l_shipout_box 
                                                  \__shipout_drop_firstpage_...
l.1333 \subsubsection{PT Design}
                                ] [77
pdfTeX warning (ext4): destination with the same identifier (name{figure.3.6}) 
has been already used, duplicate ignored
<argument> ...shipout:D \box_use:N \l_shipout_box 
                                                  \__shipout_drop_firstpage_...
l.1521 \end{align}
                  ]
File: ../gpBias/zeta.png Graphic file (type png)
<use ../gpBias/zeta.png>
Package pdftex.def Info: ../gpBias/zeta.png  used on input line 1530.
(pdftex.def)             Requested size: 234.8775pt x 234.87839pt.
 [78
pdfTeX warning (ext4): destination with the same identifier (name{figure.3.7}) 
has been already used, duplicate ignored
<argument> ...shipout:D \box_use:N \l_shipout_box 
                                                  \__shipout_drop_firstpage_...
l.1568 \clearpage
                 ]
Overfull \hbox (16.66722pt too wide) in paragraph at lines 1593--1594
[] [] 
 []

[79

] [80]
Overfull \hbox (21.29301pt too wide) in paragraph at lines 1810--1816
[]\T1/cmr/m/n/12 Design re-fine-ment then pro-ceeds as fol-lows. An ini-tial de
-sign is com-puted, $\OML/cmm/m/it/12 X[] \OT1/cmr/m/n/12 = \OML/cmm/m/it/12 LH
S[]\OT1/cmr/m/n/12 (\OML/cmm/m/it/12 R[]\OT1/cmr/m/n/12 )$\T1/cmr/m/n/12 ,
 []

[81] [82] [83] [84]
File: ../ptNew/relFish.png Graphic file (type png)
<use ../ptNew/relFish.png>
Package pdftex.def Info: ../ptNew/relFish.png  used on input line 2150.
(pdftex.def)             Requested size: 206.69334pt x 206.6921pt.
File: ../ptNew/relSeries.png Graphic file (type png)
<use ../ptNew/relSeries.png>
Package pdftex.def Info: ../ptNew/relSeries.png  used on input line 2152.
(pdftex.def)             Requested size: 206.69334pt x 206.6921pt.
 [85
pdfTeX warning (ext4): destination with the same identifier (name{figure.3.8}) 
has been already used, duplicate ignored
<argument> ...shipout:D \box_use:N \l_shipout_box 
                                                  \__shipout_drop_firstpage_...
l.2216 
       ] [86] [87] [88]
File: ../ptNew/srrCompareFlatT30X0.12Z0.573.png Graphic file (type png)
<use ../ptNew/srrCompareFlatT30X0.12Z0.573.png>
Package pdftex.def Info: ../ptNew/srrCompareFlatT30X0.12Z0.573.png  used on inp
ut line 2450.
(pdftex.def)             Requested size: 112.74377pt x 112.7378pt.
File: ../ptNew/srrCompareFlatT30X0.674Z0.599.png Graphic file (type png)
<use ../ptNew/srrCompareFlatT30X0.674Z0.599.png>
Package pdftex.def Info: ../ptNew/srrCompareFlatT30X0.674Z0.599.png  used on in
put line 2451.
(pdftex.def)             Requested size: 112.74377pt x 112.7378pt.
File: ../ptNew/srrCompareFlatT30X0.096Z0.22.png Graphic file (type png)
<use ../ptNew/srrCompareFlatT30X0.096Z0.22.png>
Package pdftex.def Info: ../ptNew/srrCompareFlatT30X0.096Z0.22.png  used on inp
ut line 2452.
(pdftex.def)             Requested size: 112.74377pt x 112.7378pt.
File: ../ptNew/srrCompareFlatT30X0.699Z0.201.png Graphic file (type png)
<use ../ptNew/srrCompareFlatT30X0.699Z0.201.png>
Package pdftex.def Info: ../ptNew/srrCompareFlatT30X0.699Z0.201.png  used on in
put line 2453.
(pdftex.def)             Requested size: 112.74377pt x 112.7378pt.
 [89


pdfTeX warning (ext4): destination with the same identifier (name{figure.3.9}) 
has been already used, duplicate ignored
<argument> ...shipout:D \box_use:N \l_shipout_box 
                                                  \__shipout_drop_firstpage_...
l.2490 
       ]
File: ../ptNew/directionalBiasSubPTFlatT30.png Graphic file (type png)
<use ../ptNew/directionalBiasSubPTFlatT30.png>
Package pdftex.def Info: ../ptNew/directionalBiasSubPTFlatT30.png  used on inpu
t line 2575.
(pdftex.def)             Requested size: 206.69334pt x 206.6921pt.
File: ../ptNew/directionalBiasSubPTExpT45MinCon.png Graphic file (type png)
<use ../ptNew/directionalBiasSubPTExpT45MinCon.png>
Package pdftex.def Info: ../ptNew/directionalBiasSubPTExpT45MinCon.png  used on
 input line 2578.
(pdftex.def)             Requested size: 206.69334pt x 206.6921pt.
File: ../ptNew/subLegnd.png Graphic file (type png)
<use ../ptNew/subLegnd.png>
Package pdftex.def Info: ../ptNew/subLegnd.png  used on input line 2582.
(pdftex.def)             Requested size: 63.41434pt x 169.1067pt.


LaTeX Warning: `!h' float specifier changed to `!ht'.

[90]
File: ../ptNew/contrastTest.png Graphic file (type png)
<use ../ptNew/contrastTest.png>
Package pdftex.def Info: ../ptNew/contrastTest.png  used on input line 2631.
(pdftex.def)             Requested size: 230.18253pt x 230.18066pt.
 [91
pdfTeX warning (ext4): destination with the same identifier (name{figure.3.10})
 has been already used, duplicate ignored
<argument> ...shipout:D \box_use:N \l_shipout_box 
                                                  \__shipout_drop_firstpage_...
l.2657 
       ] [92
pdfTeX warning (ext4): destination with the same identifier (name{figure.3.11})
 has been already used, duplicate ignored
<argument> ...shipout:D \box_use:N \l_shipout_box 
                                                  \__shipout_drop_firstpage_...
l.3432 \clearpage
                 ] [93

]

Package hyperref Warning: Token not allowed in a PDF string (Unicode):
(hyperref)                removing `math shift' on input line 3479.


Package hyperref Warning: Token not allowed in a PDF string (Unicode):
(hyperref)                removing `\begingroup' on input line 3479.


Package hyperref Warning: Token not allowed in a PDF string (Unicode):
(hyperref)                removing `superscript' on input line 3479.


Package hyperref Warning: Token not allowed in a PDF string (Unicode):
(hyperref)                removing `\endgroup' on input line 3479.


Package hyperref Warning: Token not allowed in a PDF string (Unicode):
(hyperref)                removing `\@@over' on input line 3479.


Package hyperref Warning: Token not allowed in a PDF string (Unicode):
(hyperref)                removing `math shift' on input line 3479.


Package hyperref Warning: Token not allowed in a PDF string (Unicode):
(hyperref)                removing `math shift' on input line 3479.


Package hyperref Warning: Token not allowed in a PDF string (Unicode):
(hyperref)                removing `\gamma' on input line 3479.


Package hyperref Warning: Token not allowed in a PDF string (Unicode):
(hyperref)                removing `math shift' on input line 3479.


Overfull \hbox (0.78668pt too wide) in paragraph at lines 3528--3530
[]\T1/cmr/m/n/12 https://math.stackexchange.com/questions/3004835/is-the-lamber
t-w-function-analytic-
 []


Overfull \hbox (70.28648pt too wide) in paragraph at lines 3528--3530
\T1/cmr/m/n/12 if-not-everywhere-then-on-what-set-is-it-ana https://researchpor
tal.bath.ac.uk/en/publications/algebraic-
 []

[94

] [95] (./main.bbl
pdfTeX warning (ext4): destination with the same identifier (name{cite.beverton
_dynamics_1957}) has been already used, duplicate ignored
<to be read again> 
                   \relax 
l.12 beverton_dynamics_1957}
                            
pdfTeX warning (ext4): destination with the same identifier (name{cite.conn_whe
n_2010}) has been already used, duplicate ignored
<to be read again> 
                   \relax 
l.38 conn_when_2010}
                    
pdfTeX warning (ext4): destination with the same identifier (name{cite.cressie_
statistics_2015}) has been already used, duplicate ignored
<to be read again> 
                   \relax 
l.65 cressie_statistics_2015}
                             
pdfTeX warning (ext4): destination with the same identifier (name{cite.cushing_
dependence_1971}) has been already used, duplicate ignored
<to be read again> 
                   \relax 
l.87 cushing_dependence_1971}
                             
pdfTeX warning (ext4): destination with the same identifier (name{cite.deriso_h
arvesting_1980}) has been already used, duplicate ignored
<to be read again> 
                   \relax 
l.116 deriso_harvesting_1980}
                             
pdfTeX warning (ext4): destination with the same identifier (name{cite.fletcher
_restructuring_1978}) has been already used, duplicate ignored
<to be read again> 
                   \relax 
l.147 fletcher_restructuring_1978}
                                  
pdfTeX warning (ext4): destination with the same identifier (name{cite.fournier
_length-based_1987}) has been already used, duplicate ignored
<to be read again> 
                   \relax 
l.172 fournier_length-based_1987}
                                 
pdfTeX warning (ext4): destination with the same identifier (name{cite.fox_jr_e
xponential_1970}) has been already used, duplicate ignored
<to be read again> 
                   \relax 
l.200 fox_jr_exponential_1970}
                              
Underfull \hbox (badness 2012) in paragraph at lines 204--228
[]\T1/cmr/m/n/12 Fox Jr., W. W.  (1970).  An Ex-po-nen-tial Surplus-Yield Model
 for Op-ti-miz-ing
 []


Underfull \hbox (badness 4805) in paragraph at lines 204--228
\T1/cmr/m/n/12 Ex-ploited Fish Pop-u-la-tions.  \T1/cmr/m/it/12 Trans-ac-tions 
of the Amer-i-can Fish-eries So-
 []


Underfull \hbox (badness 4792) in paragraph at lines 204--228
\T1/cmr/m/it/12 ci-ety\T1/cmr/m/n/12 , \T1/cmr/m/it/12 99\T1/cmr/m/n/12 (1), 80
--88.  Re-trieved 2022-02-17, from [][]$\T1/cmtt/m/n/12 https :// onlinelibrary
 []
 []


Underfull \hbox (badness 10000) in paragraph at lines 204--228
\T1/cmtt/m/n/12 .wiley [] .com / doi / abs / 10 [] .1577 / 1548 [] -8659 % 2819
70 % 2999 % 3C80 % 3AAESMFO % 3E2 []
 []


Underfull \hbox (badness 4872) in paragraph at lines 204--228
\T1/cmtt/m/n/12 .0 [] .CO % 3B2$[][]   \T1/cmr/m/n/12 (_eprint: https://onlinel
ibrary.wiley.com/doi/pdf/10.1577/1548-
 []


Underfull \hbox (badness 10000) in paragraph at lines 204--228
\T1/cmr/m/n/12 8659%281970%2999%3C80%3AAESMFO%3E2.0.CO%3B2)  doi: $10 [] .1577 
/
 []

[96


]
pdfTeX warning (ext4): destination with the same identifier (name{cite.gramacy_
surrogates_2020}) has been already used, duplicate ignored
<to be read again> 
                   \relax 
l.236 gramacy_surrogates_2020}
                              
pdfTeX warning (ext4): destination with the same identifier (name{cite.gramacy_
cases_2012}) has been already used, duplicate ignored
<to be read again> 
                   \relax 
l.262 gramacy_cases_2012}
                         
pdfTeX warning (ext4): destination with the same identifier (name{cite.hilborn_
pretty_2010}) has been already used, duplicate ignored
<to be read again> 
                   \relax 
l.288 hilborn_pretty_2010}
                          
pdfTeX warning (ext4): destination with the same identifier (name{cite.hilborn_
ecological_1997}) has been already used, duplicate ignored
<to be read again> 
                   \relax 
l.315 hilborn_ecological_1997}
                              
pdfTeX warning (ext4): destination with the same identifier (name{cite.hilborn_
quantitative_1992}) has been already used, duplicate ignored
<to be read again> 
                   \relax 
l.341 hilborn_quantitative_1992}
                                
pdfTeX warning (ext4): destination with the same identifier (name{cite.lee_can_
2012}) has been already used, duplicate ignored
<to be read again> 
                   \relax 
l.370 lee_can_2012}
                   
pdfTeX warning (ext4): destination with the same identifier (name{cite.magnusso
n_what_2007}) has been already used, duplicate ignored
<to be read again> 
                   \relax 
l.406 magnusson_what_2007}
                          
pdfTeX warning (ext4): destination with the same identifier (name{cite.mangel_p
erspective_2013}) has been already used, duplicate ignored
<to be read again> 
                   \relax 
l.432 mangel_perspective_2013}
                              
pdfTeX warning (ext4): destination with the same identifier (name{cite.punt_man
agement_2016}) has been already used, duplicate ignored
<to be read again> 
                   \relax 
l.473 punt_management_2016}
                           
pdfTeX warning (ext4): destination with the same identifier (name{cite.punt_ext
ending_2019}) has been already used, duplicate ignored
<to be read again> 
                   \relax 
l.508 punt_extending_2019}
                           [97]
pdfTeX warning (ext4): destination with the same identifier (name{cite.ramasubr
amanian_machine_2017}) has been already used, duplicate ignored
<to be read again> 
                   \relax 
l.542 ramasubramanian_machine_2017}
                                   
pdfTeX warning (ext4): destination with the same identifier (name{cite.rankin_a
lternative_2015}) has been already used, duplicate ignored
<to be read again> 
                   \relax 
l.568 rankin_alternative_2015}
                              
pdfTeX warning (ext4): destination with the same identifier (name{cite.ricker_s
tock_1954}) has been already used, duplicate ignored
<to be read again> 
                   \relax 
l.598 ricker_stock_1954}
                        
pdfTeX warning (ext4): destination with the same identifier (name{cite.schnute_
general_1985}) has been already used, duplicate ignored
<to be read again> 
                   \relax 
l.623 schnute_general_1985}
                           
pdfTeX warning (ext4): destination with the same identifier (name{cite.schnute_
general_1987}) has been already used, duplicate ignored
<to be read again> 
                   \relax 
l.654 schnute_general_1987}
                           
pdfTeX warning (ext4): destination with the same identifier (name{cite.schnute_
analytical_1998}) has been already used, duplicate ignored
<to be read again> 
                   \relax 
l.683 schnute_analytical_1998}
                              
pdfTeX warning (ext4): destination with the same identifier (name{cite.scrucca_
ga_2013}) has been already used, duplicate ignored
<to be read again> 
                   \relax 
l.714 scrucca_ga_2013}
                      
pdfTeX warning (ext4): destination with the same identifier (name{cite.scrucca_
extensions_2017}) has been already used, duplicate ignored
<to be read again> 
                   \relax 
l.742 scrucca_extensions_2017}
                              
pdfTeX warning (ext4): destination with the same identifier (name{cite.soetaert
_solving_2010}) has been already used, duplicate ignored
<to be read again> 
                   \relax 
l.775 soetaert_solving_2010}
                             [98]
pdfTeX warning (ext4): destination with the same identifier (name{cite.walters_
continuous_2020}) has been already used, duplicate ignored
<to be read again> 
                   \relax 
l.806 walters_continuous_2020}
                              
pdfTeX warning (ext4): destination with the same identifier (name{cite.wanner_s
olving_1996}) has been already used, duplicate ignored
<to be read again> 
                   \relax 
l.834 wanner_solving_1996}
                          
pdfTeX warning (ext4): destination with the same identifier (name{cite.yeakel_g
eneralized_2015}) has been already used, duplicate ignored
<to be read again> 
                   \relax 
l.860 yeakel_generalized_2015}
                              )) [99] (./main.aux)

LaTeX Warning: There were undefined references.


LaTeX Warning: There were multiply-defined labels.

Package rerunfilecheck Info: File `main.out' has not changed.
(rerunfilecheck)             Checksum: C09282A0AE715950DC420FA14EE883F0;6214.
 ) 
Here is how much of TeX's memory you used:
 27847 strings out of 476025
 516891 string characters out of 5790017
 1875388 words of memory out of 5000000
 47466 multiletter control sequences out of 15000+600000
 537849 words of font info for 97 fonts, out of 8000000 for 9000
 1141 hyphenation exceptions out of 8191
 99i,13n,94p,743b,728s stack positions out of 10000i,1000n,20000p,200000b,200000s

pdfTeX warning (dest): name{cite.von_bertalanffy_quantitative_1938} has been re
ferenced but does not exist, replaced by a fixed one


pdfTeX warning (dest): name{cite.johnson_minimax_1990} has been referenced but 
does not exist, replaced by a fixed one


pdfTeX warning (dest): name{cite.morris_exploratory_1995} has been referenced b
ut does not exist, replaced by a fixed one


pdfTeX warning (dest): name{cite.mckay_comparison_2000} has been referenced but
 does not exist, replaced by a fixed one


pdfTeX warning (dest): name{cite.stein_large_1987} has been referenced but does
 not exist, replaced by a fixed one


pdfTeX warning (dest): name{cite.devon_lin_latin_2015} has been referenced but 
does not exist, replaced by a fixed one

</usr/local/texlive/2023/texmf-dist/fonts/type1/public/amsfonts/cmextra/cmbsy6.
pfb></usr/local/texlive/2023/texmf-dist/fonts/type1/public/amsfonts/cmextra/cmb
sy8.pfb></usr/local/texlive/2023/texmf-dist/fonts/type1/public/amsfonts/cm/cmbx
12.pfb></usr/local/texlive/2023/texmf-dist/fonts/type1/public/amsfonts/cm/cmex1
0.pfb></usr/local/texlive/2023/texmf-dist/fonts/type1/public/amsfonts/cmextra/c
mex8.pfb></usr/local/texlive/2023/texmf-dist/fonts/type1/public/amsfonts/cm/cmm
i12.pfb></usr/local/texlive/2023/texmf-dist/fonts/type1/public/amsfonts/cm/cmmi
5.pfb></usr/local/texlive/2023/texmf-dist/fonts/type1/public/amsfonts/cm/cmmi6.
pfb></usr/local/texlive/2023/texmf-dist/fonts/type1/public/amsfonts/cm/cmmi8.pf
b></usr/local/texlive/2023/texmf-dist/fonts/type1/public/amsfonts/cm/cmmib10.pf
b></usr/local/texlive/2023/texmf-dist/fonts/type1/public/amsfonts/cmextra/cmmib
8.pfb></usr/local/texlive/2023/texmf-dist/fonts/type1/public/amsfonts/cm/cmr12.
pfb></usr/local/texlive/2023/texmf-dist/fonts/type1/public/amsfonts/cm/cmr5.pfb
></usr/local/texlive/2023/texmf-dist/fonts/type1/public/amsfonts/cm/cmr6.pfb></
usr/local/texlive/2023/texmf-dist/fonts/type1/public/amsfonts/cm/cmr8.pfb></usr
/local/texlive/2023/texmf-dist/fonts/type1/public/amsfonts/cm/cmsy10.pfb></usr/
local/texlive/2023/texmf-dist/fonts/type1/public/amsfonts/cm/cmsy5.pfb></usr/lo
cal/texlive/2023/texmf-dist/fonts/type1/public/amsfonts/cm/cmsy6.pfb></usr/loca
l/texlive/2023/texmf-dist/fonts/type1/public/amsfonts/cm/cmsy8.pfb></usr/local/
texlive/2023/texmf-dist/fonts/type1/public/amsfonts/symbols/msbm10.pfb></usr/lo
cal/texlive/2023/texmf-dist/fonts/type1/public/cm-super/sfbx1200.pfb></usr/loca
l/texlive/2023/texmf-dist/fonts/type1/public/cm-super/sfbx1440.pfb></usr/local/
texlive/2023/texmf-dist/fonts/type1/public/cm-super/sfbx1728.pfb></usr/local/te
xlive/2023/texmf-dist/fonts/type1/public/cm-super/sfbx2488.pfb></usr/local/texl
ive/2023/texmf-dist/fonts/type1/public/cm-super/sfrm0800.pfb></usr/local/texliv
e/2023/texmf-dist/fonts/type1/public/cm-super/sfrm1000.pfb></usr/local/texlive/
2023/texmf-dist/fonts/type1/public/cm-super/sfrm1200.pfb></usr/local/texlive/20
23/texmf-dist/fonts/type1/public/cm-super/sfss0800.pfb></usr/local/texlive/2023
/texmf-dist/fonts/type1/public/cm-super/sfti1200.pfb></usr/local/texlive/2023/t
exmf-dist/fonts/type1/public/cm-super/sftt1200.pfb>
Output written on main.pdf (101 pages, 1247207 bytes).
PDF statistics:
 1496 PDF objects out of 1728 (max. 8388607)
 1268 compressed objects within 13 object streams
 288 named destinations out of 1000 (max. 500000)
 461 words of extra memory for PDF output out of 10000 (max. 10000000)

