\BOOKMARK [0][-]{chapter*.2}{\376\377\000L\000i\000s\000t\000\040\000o\000f\000\040\000F\000i\000g\000u\000r\000e\000s}{}% 1
\BOOKMARK [0][-]{chapter*.2}{\376\377\000A\000b\000s\000t\000r\000a\000c\000t}{}% 2
\BOOKMARK [0][-]{chapter*.2}{\376\377\000D\000e\000d\000i\000c\000a\000t\000i\000o\000n}{}% 3
\BOOKMARK [0][-]{chapter*.2}{\376\377\000A\000c\000k\000n\000o\000w\000l\000e\000d\000g\000m\000e\000n\000t\000s}{}% 4
\BOOKMARK [0][-]{chapter.1}{\376\377\000I\000n\000t\000r\000o\000d\000u\000c\000t\000i\000o\000n\000\040}{}% 5
\BOOKMARK [0][-]{chapter.2}{\376\377\000T\000h\000e\000\040\000S\000c\000h\000a\000e\000f\000e\000r\000\040\000M\000o\000d\000e\000l\000\040\000a\000n\000d\000\040\000P\000e\000l\000l\000a\000-\000T\000o\000m\000l\000i\000n\000s\000o\000n\000\040\000G\000e\000n\000e\000r\000a\000l\000i\000z\000a\000t\000i\000o\000n}{}% 6
\BOOKMARK [1][-]{section.2.1}{\376\377\000I\000n\000t\000r\000o\000d\000u\000c\000t\000i\000o\000n}{chapter.2}% 7
\BOOKMARK [1][-]{section.2.2}{\376\377\000M\000e\000t\000h\000o\000d\000s\000\040}{chapter.2}% 8
\BOOKMARK [2][-]{subsection.2.2.1}{\376\377\000M\000o\000d\000e\000l}{section.2.2}% 9
\BOOKMARK [2][-]{subsection.2.2.2}{\376\377\000R\000e\000f\000e\000r\000e\000n\000c\000e\000\040\000P\000o\000i\000n\000t\000s}{section.2.2}% 10
\BOOKMARK [2][-]{subsection.2.2.3}{\376\377\000S\000i\000m\000u\000l\000a\000t\000i\000o\000n}{section.2.2}% 11
\BOOKMARK [2][-]{subsection.2.2.4}{\376\377\000L\000a\000t\000i\000n\000\040\000H\000y\000p\000e\000r\000c\000u\000b\000e\000\040\000D\000e\000s\000i\000g\000n\000\040}{section.2.2}% 12
\BOOKMARK [2][-]{subsection.2.2.5}{\376\377\000r\000e\000d\000G\000a\000u\000s\000s\000i\000a\000n\000\040\000P\000r\000o\000c\000e\000s\000s\000\040\000M\000e\000t\000a\000m\000o\000d\000e\000l}{section.2.2}% 13
\BOOKMARK [2][-]{subsection.2.2.6}{\376\377\000C\000a\000t\000c\000h\000\040}{section.2.2}% 14
\BOOKMARK [2][-]{subsection.2.2.7}{\376\377\000T\000w\000o\000-\000P\000a\000r\000a\000m\000e\000t\000e\000r\000\040\000P\000r\000o\000d\000u\000c\000t\000i\000o\000n\000\040\000M\000o\000d\000e\000l\000\040\000I\000n\000f\000e\000r\000e\000n\000c\000e\000\040}{section.2.2}% 15
\BOOKMARK [2][-]{subsection.2.2.8}{\376\377\000C\000o\000n\000t\000i\000n\000u\000o\000u\000s\000\040\000m\000o\000d\000e\000l\000\040\000f\000o\000r\000m\000u\000l\000a\000t\000i\000o\000n}{section.2.2}% 16
\BOOKMARK [1][-]{section.2.3}{\376\377\000R\000e\000s\000u\000l\000t\000s}{chapter.2}% 17
\BOOKMARK [2][-]{subsection.2.3.1}{\376\377\000A\000n\000\040\000M\000S\000Y\000-\000O\000p\000t\000i\000m\000a\000l\000\040\000C\000a\000t\000c\000h\000\040\000H\000i\000s\000t\000o\000r\000y\000\040}{section.2.3}% 18
\BOOKMARK [2][-]{subsection.2.3.2}{\376\377\000M\000e\000t\000a\000m\000o\000d\000e\000l\000e\000d\000\040\000T\000r\000e\000n\000d\000s}{section.2.3}% 19
\BOOKMARK [2][-]{subsection.2.3.3}{\376\377\000C\000o\000n\000t\000r\000a\000s\000t\000\040\000\046\000\040\000F\000*\000\040\000B\000i\000a\000s}{section.2.3}% 20
\BOOKMARK [1][-]{section.2.4}{\376\377\000D\000i\000s\000c\000u\000s\000s\000i\000o\000n}{chapter.2}% 21
\BOOKMARK [0][-]{chapter.3}{\376\377\000T\000h\000e\000\040\000B\000e\000v\000e\000r\000t\000o\000n\000-\000H\000o\000l\000t\000\040\000M\000o\000d\000e\000l\000\040\000a\000n\000d\000\040\000S\000c\000h\000n\000u\000t\000e\000\040\000G\000e\000n\000e\000r\000a\000l\000i\000z\000a\000t\000i\000o\000n}{}% 22
\BOOKMARK [1][-]{section.3.1}{\376\377\000I\000n\000t\000r\000o\000d\000u\000c\000t\000i\000o\000n}{chapter.3}% 23
\BOOKMARK [1][-]{section.3.2}{\376\377\000M\000e\000t\000h\000o\000d\000s\000\040}{chapter.3}% 24
\BOOKMARK [2][-]{subsection.3.2.1}{\376\377\000M\000o\000d\000e\000l}{section.3.2}% 25
\BOOKMARK [2][-]{subsection.3.2.2}{\376\377\000S\000i\000m\000u\000l\000a\000t\000i\000o\000n\000\040}{section.3.2}% 26
\BOOKMARK [2][-]{subsection.3.2.3}{\376\377\000D\000e\000s\000i\000g\000n\000\040}{section.3.2}% 27
\BOOKMARK [2][-]{subsection.3.2.4}{\376\377\000M\000e\000t\000a\000m\000o\000d\000e\000l\000i\000n\000g}{section.3.2}% 28
\BOOKMARK [1][-]{section.3.3}{\376\377\000R\000e\000s\000u\000l\000t\000s}{chapter.3}% 29
\BOOKMARK [2][-]{subsection.3.3.1}{\376\377\000D\000e\000s\000i\000g\000n}{section.3.3}% 30
\BOOKMARK [2][-]{subsection.3.3.2}{\376\377\000M\000e\000t\000a\000m\000o\000d\000e\000l\000e\000d\000\040\000T\000r\000e\000n\000d\000s\000\040}{section.3.3}% 31
\BOOKMARK [1][-]{section.3.4}{\376\377\000D\000i\000s\000c\000u\000s\000s\000i\000o\000n}{chapter.3}% 32
\BOOKMARK [0][-]{chapter.4}{\376\377\000A\000\040\000D\000e\000l\000a\000y\000\040\000D\000i\000f\000f\000e\000r\000e\000n\000t\000i\000a\000l\000\040\000M\000o\000d\000e\000l\000\040}{}% 33
\BOOKMARK [1][-]{section.4.1}{\376\377\000I\000n\000t\000r\000o\000d\000u\000c\000t\000i\000o\000n}{chapter.4}% 34
\BOOKMARK [1][-]{section.4.2}{\376\377\000M\000e\000t\000h\000o\000d\000s}{chapter.4}% 35
\BOOKMARK [2][-]{subsection.4.2.1}{\376\377\000D\000e\000l\000a\000y\000\040\000D\000i\000f\000f\000e\000r\000e\000n\000t\000i\000a\000l\000\040\000M\000o\000d\000e\000l}{section.4.2}% 36
\BOOKMARK [2][-]{subsection.4.2.2}{\376\377\000R\000e\000f\000e\000r\000e\000n\000c\000e\000\040\000P\000o\000i\000n\000t\000s}{section.4.2}% 37
\BOOKMARK [2][-]{subsection.4.2.3}{\376\377\000S\000i\000m\000u\000l\000a\000t\000i\000o\000n\000\040\000D\000e\000s\000i\000g\000n}{section.4.2}% 38
\BOOKMARK [2][-]{subsection.4.2.4}{\376\377\000M\000e\000t\000a\000m\000o\000d\000e\000l\000i\000n\000g}{section.4.2}% 39
\BOOKMARK [2][-]{subsection.4.2.5}{\376\377\000D\000e\000l\000a\000y\000\040\000D\000i\000f\000f\000e\000r\000e\000n\000t\000i\000a\000l\000\040\000I\000n\000t\000e\000g\000r\000a\000t\000i\000o\000n}{section.4.2}% 40
\BOOKMARK [2][-]{subsection.4.2.6}{\376\377\000P\000a\000r\000a\000m\000e\000t\000e\000r\000\040\000E\000s\000t\000i\000m\000a\000t\000i\000o\000n}{section.4.2}% 41
\BOOKMARK [1][-]{section.4.3}{\376\377\000R\000e\000s\000u\000l\000t\000s}{chapter.4}% 42
\BOOKMARK [2][-]{subsection.4.3.1}{\376\377\000F\000a\000s\000t\000\040\000I\000n\000d\000i\000v\000i\000d\000u\000a\000l\000\040\000G\000r\000o\000w\000t\000h\000\040\000\050\000S\000P\000M\000\040\000L\000i\000m\000i\000t\000\051}{section.4.3}% 43
\BOOKMARK [2][-]{subsection.4.3.2}{\376\377\000M\000o\000d\000e\000r\000a\000t\000e\000\040\000I\000n\000d\000i\000v\000i\000d\000u\000a\000l\000\040\000G\000r\000o\000w\000t\000h}{section.4.3}% 44
\BOOKMARK [2][-]{subsection.4.3.3}{\376\377\000S\000l\000o\000w\000\040\000I\000n\000d\000i\000v\000i\000d\000u\000a\000l\000\040\000G\000r\000o\000w\000t\000h\000\040\000D\000y\000n\000a\000m\000i\000c\000s}{section.4.3}% 45
\BOOKMARK [2][-]{subsection.4.3.4}{\376\377\000C\000l\000u\000s\000t\000e\000r\000i\000n\000g\000\040\000C\000a\000t\000a\000s\000t\000r\000o\000p\000h\000i\000c\000\040\000M\000o\000d\000e\000l\000\040\000F\000a\000i\000l\000u\000r\000e}{section.4.3}% 46
\BOOKMARK [2][-]{subsection.4.3.5}{\376\377\000O\000s\000c\000i\000l\000l\000a\000t\000o\000r\000y\000\040\000G\000r\000o\000w\000t\000h\000.\000\040\000T\000h\000e\000\040\000R\000o\000a\000d\000\040\000t\000o\000\040\000C\000h\000a\000o\000s\000.}{section.4.3}% 47
\BOOKMARK [1][-]{section.4.4}{\376\377\000D\000i\000s\000c\000u\000s\000s\000i\000o\000n}{chapter.4}% 48
\BOOKMARK [0][-]{chapter.5}{\376\377\000C\000o\000n\000c\000l\000u\000s\000i\000o\000n}{}% 49
\BOOKMARK [1][-]{subsection.5.0.1}{\376\377\000F\000u\000t\000u\000r\000e\000\040\000W\000o\000r\000k}{chapter.5}% 50
\BOOKMARK [0][-]{appendix.A}{\376\377\000I\000n\000v\000e\000r\000t\000i\000n\000g\000\040\000B\000*\000\050\0000\000\051\000\040\000a\000n\000d\000\040\000\040\000f\000o\000r\000\040\000t\000h\000e\000\040\000P\000T\000\040\000M\000o\000d\000e\000l\000\040}{}% 51
\BOOKMARK [0][-]{appendix.B}{\376\377\000A\000\040\000S\000c\000h\000a\000e\000f\000e\000r\000\040\000M\000o\000d\000e\000l\000\040\000w\000i\000t\000h\000\040\000E\000x\000p\000l\000i\000c\000i\000t\000\040\000M\000\040}{}% 52
\BOOKMARK [0][-]{appendix.C}{\376\377\000T\000h\000e\000\040\000S\000c\000h\000n\000u\000t\000e\000\040\000M\000o\000d\000e\000l\000'\000s\000\040\000R\000e\000l\000a\000t\000i\000o\000n\000s\000h\000i\000p\000\040\000t\000o\000\040\000R\000P\000\040\000P\000r\000o\000x\000i\000e\000s\000\040}{}% 53
\BOOKMARK [0][-]{appendix.D}{\376\377\000D\000e\000l\000a\000y\000\040\000D\000i\000f\000f\000e\000r\000e\000n\000t\000i\000a\000l\000\040\000R\000e\000p\000l\000a\000c\000e\000m\000e\000n\000t\000\040\000L\000i\000n\000e}{}% 54
\BOOKMARK [0][-]{appendix*.3}{\376\377\000B\000i\000b\000l\000i\000o\000g\000r\000a\000p\000h\000y}{}% 55
