\BOOKMARK [1][-]{section.1}{Introduction}{}% 1
\BOOKMARK [2][-]{subsection.1.1}{Overview}{section.1}% 2
\BOOKMARK [2][-]{subsection.1.2}{Gaussian Process Models}{section.1}% 3
\BOOKMARK [2][-]{subsection.1.3}{Optimization}{section.1}% 4
\BOOKMARK [3][-]{subsubsection.1.3.1}{Expected Improvement}{subsection.1.3}% 5
\BOOKMARK [3][-]{subsubsection.1.3.2}{Exploration Procedure}{subsection.1.3}% 6
\BOOKMARK [2][-]{subsection.1.4}{A Convergence Criterion}{section.1}% 7
\BOOKMARK [2][-]{subsection.1.5}{Statistical Process Control}{section.1}% 8
\BOOKMARK [1][-]{section.2}{Identifying Convergence}{}% 9
\BOOKMARK [2][-]{subsection.2.1}{Improved Normality}{section.2}% 10
\BOOKMARK [2][-]{subsection.2.2}{Exponentially Weighted Moving Average}{section.2}% 11
\BOOKMARK [2][-]{subsection.2.3}{The Control Window}{section.2}% 12
\BOOKMARK [2][-]{subsection.2.4}{EWMA Convergence Chart}{section.2}% 13
\BOOKMARK [1][-]{section.3}{Examples}{}% 14
\BOOKMARK [2][-]{subsection.3.1}{Rosenbrock}{section.3}% 15
\BOOKMARK [2][-]{subsection.3.2}{Rastrigin}{section.3}% 16
\BOOKMARK [2][-]{subsection.3.3}{Easom}{section.3}% 17
\BOOKMARK [2][-]{subsection.3.4}{Lockwood Pump-And-Treat Case Study}{section.3}% 18
\BOOKMARK [3][-]{subsubsection.3.4.1}{Two-Dimensional Single Plume Problem}{subsection.3.4}% 19
\BOOKMARK [3][-]{subsubsection.3.4.2}{Full Six-Dimensional Problem}{subsection.3.4}% 20
\BOOKMARK [1][-]{section.4}{Conclusion}{}% 21
