This is pdfTeX, Version 3.14159265-2.6-1.40.20 (TeX Live 2019/Debian) (preloaded format=pdflatex 2021.3.2)  11 JAN 2022 17:38
entering extended mode
 restricted \write18 enabled.
 %&-line parsing enabled.
**nickGrunlohAdvancement2.tex
(./nickGrunlohAdvancement2.tex
LaTeX2e <2020-02-02> patch level 2
L3 programming layer <2020-02-14>
(/usr/share/texlive/texmf-dist/tex/latex/base/article.cls
Document Class: article 2019/12/20 v1.4l Standard LaTeX document class
(/usr/share/texlive/texmf-dist/tex/latex/base/size12.clo
File: size12.clo 2019/12/20 v1.4l Standard LaTeX file (size option)
)
\c@part=\count167
\c@section=\count168
\c@subsection=\count169
\c@subsubsection=\count170
\c@paragraph=\count171
\c@subparagraph=\count172
\c@figure=\count173
\c@table=\count174
\abovecaptionskip=\skip47
\belowcaptionskip=\skip48
\bibindent=\dimen134
)
(/usr/share/texlive/texmf-dist/tex/latex/graphics/graphicx.sty
Package: graphicx 2019/11/30 v1.2a Enhanced LaTeX Graphics (DPC,SPQR)

(/usr/share/texlive/texmf-dist/tex/latex/graphics/keyval.sty
Package: keyval 2014/10/28 v1.15 key=value parser (DPC)
\KV@toks@=\toks14
)
(/usr/share/texlive/texmf-dist/tex/latex/graphics/graphics.sty
Package: graphics 2019/11/30 v1.4a Standard LaTeX Graphics (DPC,SPQR)

(/usr/share/texlive/texmf-dist/tex/latex/graphics/trig.sty
Package: trig 2016/01/03 v1.10 sin cos tan (DPC)
)
(/usr/share/texlive/texmf-dist/tex/latex/graphics-cfg/graphics.cfg
File: graphics.cfg 2016/06/04 v1.11 sample graphics configuration
)
Package graphics Info: Driver file: pdftex.def on input line 105.

(/usr/share/texlive/texmf-dist/tex/latex/graphics-def/pdftex.def
File: pdftex.def 2018/01/08 v1.0l Graphics/color driver for pdftex
))
\Gin@req@height=\dimen135
\Gin@req@width=\dimen136
)
(/usr/share/texlive/texmf-dist/tex/latex/geometry/geometry.sty
Package: geometry 2020/01/02 v5.9 Page Geometry

(/usr/share/texlive/texmf-dist/tex/generic/iftex/ifvtex.sty
Package: ifvtex 2019/10/25 v1.7 ifvtex legacy package. Use iftex instead.

(/usr/share/texlive/texmf-dist/tex/generic/iftex/iftex.sty
Package: iftex 2019/11/07 v1.0c TeX engine tests
))
\Gm@cnth=\count175
\Gm@cntv=\count176
\c@Gm@tempcnt=\count177
\Gm@bindingoffset=\dimen137
\Gm@wd@mp=\dimen138
\Gm@odd@mp=\dimen139
\Gm@even@mp=\dimen140
\Gm@layoutwidth=\dimen141
\Gm@layoutheight=\dimen142
\Gm@layouthoffset=\dimen143
\Gm@layoutvoffset=\dimen144
\Gm@dimlist=\toks15
)
(/usr/share/texlive/texmf-dist/tex/latex/amsmath/amsmath.sty
Package: amsmath 2020/01/20 v2.17e AMS math features
\@mathmargin=\skip49

For additional information on amsmath, use the `?' option.
(/usr/share/texlive/texmf-dist/tex/latex/amsmath/amstext.sty
Package: amstext 2000/06/29 v2.01 AMS text

(/usr/share/texlive/texmf-dist/tex/latex/amsmath/amsgen.sty
File: amsgen.sty 1999/11/30 v2.0 generic functions
\@emptytoks=\toks16
\ex@=\dimen145
))
(/usr/share/texlive/texmf-dist/tex/latex/amsmath/amsbsy.sty
Package: amsbsy 1999/11/29 v1.2d Bold Symbols
\pmbraise@=\dimen146
)
(/usr/share/texlive/texmf-dist/tex/latex/amsmath/amsopn.sty
Package: amsopn 2016/03/08 v2.02 operator names
)
\inf@bad=\count178
LaTeX Info: Redefining \frac on input line 227.
\uproot@=\count179
\leftroot@=\count180
LaTeX Info: Redefining \overline on input line 389.
\classnum@=\count181
\DOTSCASE@=\count182
LaTeX Info: Redefining \ldots on input line 486.
LaTeX Info: Redefining \dots on input line 489.
LaTeX Info: Redefining \cdots on input line 610.
\Mathstrutbox@=\box45
\strutbox@=\box46
\big@size=\dimen147
LaTeX Font Info:    Redeclaring font encoding OML on input line 733.
LaTeX Font Info:    Redeclaring font encoding OMS on input line 734.
\macc@depth=\count183
\c@MaxMatrixCols=\count184
\dotsspace@=\muskip16
\c@parentequation=\count185
\dspbrk@lvl=\count186
\tag@help=\toks17
\row@=\count187
\column@=\count188
\maxfields@=\count189
\andhelp@=\toks18
\eqnshift@=\dimen148
\alignsep@=\dimen149
\tagshift@=\dimen150
\tagwidth@=\dimen151
\totwidth@=\dimen152
\lineht@=\dimen153
\@envbody=\toks19
\multlinegap=\skip50
\multlinetaggap=\skip51
\mathdisplay@stack=\toks20
LaTeX Info: Redefining \[ on input line 2859.
LaTeX Info: Redefining \] on input line 2860.
)
(/usr/share/texlive/texmf-dist/tex/latex/amsfonts/amssymb.sty
Package: amssymb 2013/01/14 v3.01 AMS font symbols

(/usr/share/texlive/texmf-dist/tex/latex/amsfonts/amsfonts.sty
Package: amsfonts 2013/01/14 v3.01 Basic AMSFonts support
\symAMSa=\mathgroup4
\symAMSb=\mathgroup5
LaTeX Font Info:    Redeclaring math symbol \hbar on input line 98.
LaTeX Font Info:    Overwriting math alphabet `\mathfrak' in version `bold'
(Font)                  U/euf/m/n --> U/euf/b/n on input line 106.
))
(/usr/share/texlive/texmf-dist/tex/latex/base/fontenc.sty
Package: fontenc 2020/02/11 v2.0o Standard LaTeX package
)
(/usr/share/texlive/texmf-dist/tex/latex/listings/listings.sty
\lst@mode=\count190
\lst@gtempboxa=\box47
\lst@token=\toks21
\lst@length=\count191
\lst@currlwidth=\dimen154
\lst@column=\count192
\lst@pos=\count193
\lst@lostspace=\dimen155
\lst@width=\dimen156
\lst@newlines=\count194
\lst@lineno=\count195
\lst@maxwidth=\dimen157

(/usr/share/texlive/texmf-dist/tex/latex/listings/lstmisc.sty
File: lstmisc.sty 2019/09/10 1.8c (Carsten Heinz)
\c@lstnumber=\count196
\lst@skipnumbers=\count197
\lst@framebox=\box48
)
(/usr/share/texlive/texmf-dist/tex/latex/listings/listings.cfg
File: listings.cfg 2019/09/10 1.8c listings configuration
))
Package: listings 2019/09/10 1.8c (Carsten Heinz)

(/usr/share/texlive/texmf-dist/tex/latex/tools/bm.sty
Package: bm 2019/07/24 v1.2d Bold Symbol Support (DPC/FMi)
\symboldoperators=\mathgroup6
\symboldletters=\mathgroup7
\symboldsymbols=\mathgroup8
LaTeX Font Info:    Redeclaring math alphabet \mathbf on input line 141.
LaTeX Info: Redefining \bm on input line 209.
)
(/usr/share/texlive/texmf-dist/tex/latex/hyperref/hyperref.sty
Package: hyperref 2020/01/14 v7.00d Hypertext links for LaTeX

(/usr/share/texlive/texmf-dist/tex/generic/ltxcmds/ltxcmds.sty
Package: ltxcmds 2019/12/15 v1.24 LaTeX kernel commands for general use (HO)
)
(/usr/share/texlive/texmf-dist/tex/latex/pdftexcmds/pdftexcmds.sty
Package: pdftexcmds 2019/11/24 v0.31 Utility functions of pdfTeX for LuaTeX (HO
)

(/usr/share/texlive/texmf-dist/tex/generic/infwarerr/infwarerr.sty
Package: infwarerr 2019/12/03 v1.5 Providing info/warning/error messages (HO)
)
Package pdftexcmds Info: \pdf@primitive is available.
Package pdftexcmds Info: \pdf@ifprimitive is available.
Package pdftexcmds Info: \pdfdraftmode found.
)
(/usr/share/texlive/texmf-dist/tex/generic/kvsetkeys/kvsetkeys.sty
Package: kvsetkeys 2019/12/15 v1.18 Key value parser (HO)
)
(/usr/share/texlive/texmf-dist/tex/generic/kvdefinekeys/kvdefinekeys.sty
Package: kvdefinekeys 2019-12-19 v1.6 Define keys (HO)
)
(/usr/share/texlive/texmf-dist/tex/generic/pdfescape/pdfescape.sty
Package: pdfescape 2019/12/09 v1.15 Implements pdfTeX's escape features (HO)
)
(/usr/share/texlive/texmf-dist/tex/latex/hycolor/hycolor.sty
Package: hycolor 2020-01-27 v1.10 Color options for hyperref/bookmark (HO)
)
(/usr/share/texlive/texmf-dist/tex/latex/letltxmacro/letltxmacro.sty
Package: letltxmacro 2019/12/03 v1.6 Let assignment for LaTeX macros (HO)
)
(/usr/share/texlive/texmf-dist/tex/latex/auxhook/auxhook.sty
Package: auxhook 2019-12-17 v1.6 Hooks for auxiliary files (HO)
)
(/usr/share/texlive/texmf-dist/tex/latex/kvoptions/kvoptions.sty
Package: kvoptions 2019/11/29 v3.13 Key value format for package options (HO)
)
\@linkdim=\dimen158
\Hy@linkcounter=\count198
\Hy@pagecounter=\count199

(/usr/share/texlive/texmf-dist/tex/latex/hyperref/pd1enc.def
File: pd1enc.def 2020/01/14 v7.00d Hyperref: PDFDocEncoding definition (HO)
Now handling font encoding PD1 ...
... no UTF-8 mapping file for font encoding PD1
)
(/usr/share/texlive/texmf-dist/tex/generic/intcalc/intcalc.sty
Package: intcalc 2019/12/15 v1.3 Expandable calculations with integers (HO)
)
(/usr/share/texlive/texmf-dist/tex/generic/etexcmds/etexcmds.sty
Package: etexcmds 2019/12/15 v1.7 Avoid name clashes with e-TeX commands (HO)
)
\Hy@SavedSpaceFactor=\count266
\pdfmajorversion=\count267
Package hyperref Info: Hyper figures OFF on input line 4547.
Package hyperref Info: Link nesting OFF on input line 4552.
Package hyperref Info: Hyper index ON on input line 4555.
Package hyperref Info: Plain pages OFF on input line 4562.
Package hyperref Info: Backreferencing OFF on input line 4567.
Package hyperref Info: Implicit mode ON; LaTeX internals redefined.
Package hyperref Info: Bookmarks ON on input line 4800.
\c@Hy@tempcnt=\count268

(/usr/share/texlive/texmf-dist/tex/latex/url/url.sty
\Urlmuskip=\muskip17
Package: url 2013/09/16  ver 3.4  Verb mode for urls, etc.
)
LaTeX Info: Redefining \url on input line 5159.
\XeTeXLinkMargin=\dimen159

(/usr/share/texlive/texmf-dist/tex/generic/bitset/bitset.sty
Package: bitset 2019/12/09 v1.3 Handle bit-vector datatype (HO)

(/usr/share/texlive/texmf-dist/tex/generic/bigintcalc/bigintcalc.sty
Package: bigintcalc 2019/12/15 v1.5 Expandable calculations on big integers (HO
)
))
\Fld@menulength=\count269
\Field@Width=\dimen160
\Fld@charsize=\dimen161
Package hyperref Info: Hyper figures OFF on input line 6430.
Package hyperref Info: Link nesting OFF on input line 6435.
Package hyperref Info: Hyper index ON on input line 6438.
Package hyperref Info: backreferencing OFF on input line 6445.
Package hyperref Info: Link coloring OFF on input line 6450.
Package hyperref Info: Link coloring with OCG OFF on input line 6455.
Package hyperref Info: PDF/A mode OFF on input line 6460.
LaTeX Info: Redefining \ref on input line 6500.
LaTeX Info: Redefining \pageref on input line 6504.

(/usr/share/texlive/texmf-dist/tex/generic/atbegshi/atbegshi.sty
Package: atbegshi 2019/12/05 v1.19 At begin shipout hook (HO)
)
\Hy@abspage=\count270
\c@Item=\count271
\c@Hfootnote=\count272
)
Package hyperref Info: Driver (autodetected): hpdftex.

(/usr/share/texlive/texmf-dist/tex/latex/hyperref/hpdftex.def
File: hpdftex.def 2020/01/14 v7.00d Hyperref driver for pdfTeX

(/usr/share/texlive/texmf-dist/tex/latex/atveryend/atveryend.sty
Package: atveryend 2019-12-11 v1.11 Hooks at the very end of document (HO)
Package atveryend Info: \enddocument detected (standard20110627).
)
\Fld@listcount=\count273
\c@bookmark@seq@number=\count274

(/usr/share/texlive/texmf-dist/tex/latex/rerunfilecheck/rerunfilecheck.sty
Package: rerunfilecheck 2019/12/05 v1.9 Rerun checks for auxiliary files (HO)

(/usr/share/texlive/texmf-dist/tex/generic/uniquecounter/uniquecounter.sty
Package: uniquecounter 2019/12/15 v1.4 Provide unlimited unique counter (HO)
)
Package uniquecounter Info: New unique counter `rerunfilecheck' on input line 2
86.
)
\Hy@SectionHShift=\skip52
)
(/usr/share/texlive/texmf-dist/tex/latex/setspace/setspace.sty
Package: setspace 2011/12/19 v6.7a set line spacing
)
(/usr/share/texlive/texmf-dist/tex/latex/graphics/color.sty
Package: color 2019/11/23 v1.2a Standard LaTeX Color (DPC)

(/usr/share/texlive/texmf-dist/tex/latex/graphics-cfg/color.cfg
File: color.cfg 2016/01/02 v1.6 sample color configuration
)
Package color Info: Driver file: pdftex.def on input line 147.
)
(/usr/share/texlive/texmf-dist/tex/latex/base/inputenc.sty
Package: inputenc 2018/08/11 v1.3c Input encoding file
\inpenc@prehook=\toks22
\inpenc@posthook=\toks23
)
(/usr/share/texlive/texmf-dist/tex/latex/psfrag/psfrag.sty
Package: psfrag 1998/04/11 v3.04 PSfrag (MCG)
\pfg@pcount=\count275
\pfg@scount=\count276
\pfg@temp=\write3
)
(/usr/share/texlive/texmf-dist/tex/latex/fancyhdr/fancyhdr.sty
Package: fancyhdr 2019/01/31 v3.10 Extensive control of page headers and footer
s
\f@nch@headwidth=\skip53
\f@nch@O@elh=\skip54
\f@nch@O@erh=\skip55
\f@nch@O@olh=\skip56
\f@nch@O@orh=\skip57
\f@nch@O@elf=\skip58
\f@nch@O@erf=\skip59
\f@nch@O@olf=\skip60
\f@nch@O@orf=\skip61
)
(/usr/share/texlive/texmf-dist/tex/latex/xcolor/xcolor.sty
Package: xcolor 2016/05/11 v2.12 LaTeX color extensions (UK)

(/usr/share/texlive/texmf-dist/tex/latex/graphics-cfg/color.cfg
File: color.cfg 2016/01/02 v1.6 sample color configuration
)
Package xcolor Info: Driver file: pdftex.def on input line 225.
LaTeX Info: Redefining \color on input line 709.
Package xcolor Info: Model `cmy' substituted by `cmy0' on input line 1348.
Package xcolor Info: Model `hsb' substituted by `rgb' on input line 1352.
Package xcolor Info: Model `RGB' extended on input line 1364.
Package xcolor Info: Model `HTML' substituted by `rgb' on input line 1366.
Package xcolor Info: Model `Hsb' substituted by `hsb' on input line 1367.
Package xcolor Info: Model `tHsb' substituted by `hsb' on input line 1368.
Package xcolor Info: Model `HSB' substituted by `hsb' on input line 1369.
Package xcolor Info: Model `Gray' substituted by `gray' on input line 1370.
Package xcolor Info: Model `wave' substituted by `hsb' on input line 1371.
)
(/usr/share/texlive/texmf-dist/tex/latex/lineno/lineno.sty
Package: lineno 2005/11/02 line numbers on paragraphs v4.41
\linenopenalty=\count277
\output=\toks24
\linenoprevgraf=\count278
\linenumbersep=\dimen162
\linenumberwidth=\dimen163
\c@linenumber=\count279
\c@pagewiselinenumber=\count280
\c@LN@truepage=\count281
\c@internallinenumber=\count282
\c@internallinenumbers=\count283
\quotelinenumbersep=\dimen164
\bframerule=\dimen165
\bframesep=\dimen166
\bframebox=\box49
LaTeX Info: Redefining \\ on input line 3056.
)
(/usr/share/texlive/texmf-dist/tex/latex/physics/physics.sty
Package: physics 

(/usr/share/texlive/texmf-dist/tex/latex/l3packages/xparse/xparse.sty
(/usr/share/texlive/texmf-dist/tex/latex/l3kernel/expl3.sty
Package: expl3 2020-02-14 L3 programming layer (loader) 

(/usr/share/texlive/texmf-dist/tex/latex/l3backend/l3backend-pdfmode.def
File: l3backend-pdfmode.def 2020-02-03 L3 backend support: PDF mode
\l__kernel_color_stack_int=\count284
\l__pdf_internal_box=\box50
))
Package: xparse 2020-02-14 L3 Experimental document command parser
\l__xparse_current_arg_int=\count285
\g__xparse_grabber_int=\count286
\l__xparse_m_args_int=\count287
\l__xparse_v_nesting_int=\count288
))
(/usr/share/texlive/texmf-dist/tex/latex/apacite/apacite.sty
Package: apacite 2013/07/21 v6.03 APA citation
\c@BibCnt=\count289
\bibleftmargin=\skip62
\bibindent=\skip63
\bibparsep=\skip64
\bibitemsep=\skip65
\biblabelsep=\skip66
)
(/usr/share/texlive/texmf-dist/tex/latex/wrapfig/wrapfig.sty
\wrapoverhang=\dimen167
\WF@size=\dimen168
\c@WF@wrappedlines=\count290
\WF@box=\box51
\WF@everypar=\toks25
Package: wrapfig 2003/01/31  v 3.6
)
Package hyperref Info: Option `colorlinks' set `true' on input line 31.

(/usr/share/texlive/texmf-dist/tex/latex/titlesec/titlesec.sty
Package: titlesec 2019/10/16 v2.13 Sectioning titles
\ttl@box=\box52
\beforetitleunit=\skip67
\aftertitleunit=\skip68
\ttl@plus=\dimen169
\ttl@minus=\dimen170
\ttl@toksa=\toks26
\titlewidth=\dimen171
\titlewidthlast=\dimen172
\titlewidthfirst=\dimen173
)
(./nickGrunlohAdvancement2.aux

LaTeX Warning: Label `logLike' multiply defined.

)
\openout1 = `nickGrunlohAdvancement2.aux'.

LaTeX Font Info:    Checking defaults for OML/cmm/m/it on input line 57.
LaTeX Font Info:    ... okay on input line 57.
LaTeX Font Info:    Checking defaults for OMS/cmsy/m/n on input line 57.
LaTeX Font Info:    ... okay on input line 57.
LaTeX Font Info:    Checking defaults for OT1/cmr/m/n on input line 57.
LaTeX Font Info:    ... okay on input line 57.
LaTeX Font Info:    Checking defaults for T1/cmr/m/n on input line 57.
LaTeX Font Info:    ... okay on input line 57.
LaTeX Font Info:    Checking defaults for TS1/cmr/m/n on input line 57.
LaTeX Font Info:    ... okay on input line 57.
LaTeX Font Info:    Checking defaults for OMX/cmex/m/n on input line 57.
LaTeX Font Info:    ... okay on input line 57.
LaTeX Font Info:    Checking defaults for U/cmr/m/n on input line 57.
LaTeX Font Info:    ... okay on input line 57.
LaTeX Font Info:    Checking defaults for PD1/pdf/m/n on input line 57.
LaTeX Font Info:    ... okay on input line 57.
 (/usr/share/texlive/texmf-dist/tex/context/base/mkii/supp-pdf.mkii
[Loading MPS to PDF converter (version 2006.09.02).]
\scratchcounter=\count291
\scratchdimen=\dimen174
\scratchbox=\box53
\nofMPsegments=\count292
\nofMParguments=\count293
\everyMPshowfont=\toks27
\MPscratchCnt=\count294
\MPscratchDim=\dimen175
\MPnumerator=\count295
\makeMPintoPDFobject=\count296
\everyMPtoPDFconversion=\toks28
) (/usr/share/texlive/texmf-dist/tex/latex/epstopdf-pkg/epstopdf-base.sty
Package: epstopdf-base 2020-01-24 v2.11 Base part for package epstopdf
Package epstopdf-base Info: Redefining graphics rule for `.eps' on input line 4
85.

(/usr/share/texlive/texmf-dist/tex/latex/latexconfig/epstopdf-sys.cfg
File: epstopdf-sys.cfg 2010/07/13 v1.3 Configuration of (r)epstopdf for TeX Liv
e
))
*geometry* driver: auto-detecting
*geometry* detected driver: pdftex
*geometry* verbose mode - [ preamble ] result:
* driver: pdftex
* paper: <default>
* layout: <same size as paper>
* layoutoffset:(h,v)=(0.0pt,0.0pt)
* modes: 
* h-part:(L,W,R)=(72.26999pt, 469.75502pt, 72.26999pt)
* v-part:(T,H,B)=(72.26999pt, 650.43001pt, 72.26999pt)
* \paperwidth=614.295pt
* \paperheight=794.96999pt
* \textwidth=469.75502pt
* \textheight=650.43001pt
* \oddsidemargin=0.0pt
* \evensidemargin=0.0pt
* \topmargin=-37.0pt
* \headheight=12.0pt
* \headsep=25.0pt
* \topskip=12.0pt
* \footskip=14.45377pt
* \marginparwidth=44.0pt
* \marginparsep=10.0pt
* \columnsep=10.0pt
* \skip\footins=10.8pt plus 4.0pt minus 2.0pt
* \hoffset=0.0pt
* \voffset=0.0pt
* \mag=1000
* \@twocolumnfalse
* \@twosidefalse
* \@mparswitchfalse
* \@reversemarginfalse
* (1in=72.27pt=25.4mm, 1cm=28.453pt)

\c@lstlisting=\count297
\AtBeginShipoutBox=\box54
Package hyperref Info: Link coloring ON on input line 57.
(/usr/share/texlive/texmf-dist/tex/latex/hyperref/nameref.sty
Package: nameref 2019/09/16 v2.46 Cross-referencing by name of section

(/usr/share/texlive/texmf-dist/tex/latex/refcount/refcount.sty
Package: refcount 2019/12/15 v3.6 Data extraction from label references (HO)
)
(/usr/share/texlive/texmf-dist/tex/generic/gettitlestring/gettitlestring.sty
Package: gettitlestring 2019/12/15 v1.6 Cleanup title references (HO)
)
\c@section@level=\count298
)
LaTeX Info: Redefining \ref on input line 57.
LaTeX Info: Redefining \pageref on input line 57.
LaTeX Info: Redefining \nameref on input line 57.

(./nickGrunlohAdvancement2.out) (./nickGrunlohAdvancement2.out)
\@outlinefile=\write4
\openout4 = `nickGrunlohAdvancement2.out'.

\c@maskedRefs=\count299

(/usr/share/texlive/texmf-dist/tex/latex/apacite/english.apc
File: english.apc 2013/07/21 v6.03 apacite language file
LaTeX Info: Redefining \BPBI on input line 129.
LaTeX Info: Redefining \BHBI on input line 130.
)
<./plots/index.jpg, id=48, 481.8pt x 481.8pt>
File: ./plots/index.jpg Graphic file (type jpg)
<use ./plots/index.jpg>
Package pdftex.def Info: ./plots/index.jpg  used on input line 132.
(pdftex.def)             Requested size: 234.8775pt x 234.87839pt.
<./plots/catch.jpg, id=49, 481.8pt x 481.8pt>
File: ./plots/catch.jpg Graphic file (type jpg)
<use ./plots/catch.jpg>
Package pdftex.def Info: ./plots/catch.jpg  used on input line 133.
(pdftex.def)             Requested size: 234.8775pt x 234.87839pt.

Overfull \hbox (2.61047pt too wide) in paragraph at lines 132--137
[][] [] 
 []

LaTeX Font Info:    Trying to load font information for U+msa on input line 145
.
(/usr/share/texlive/texmf-dist/tex/latex/amsfonts/umsa.fd
File: umsa.fd 2013/01/14 v3.01 AMS symbols A
)
LaTeX Font Info:    Trying to load font information for U+msb on input line 145
.

(/usr/share/texlive/texmf-dist/tex/latex/amsfonts/umsb.fd
File: umsb.fd 2013/01/14 v3.01 AMS symbols B
)

Package Fancyhdr Warning: \headheight is too small (12.0pt): 
Make it at least 28.60007pt.
We now make it that large for the rest of the document.
This may cause the page layout to be inconsistent, however.


Package Fancyhdr Warning: \footskip is too small (14.45377pt): 
Make it at least 14.49998pt.
We now make it that large for the rest of the document.
This may cause the page layout to be inconsistent, however.

[1
Non-PDF special ignored!
<special> header=psfrag.pro
{/var/lib/texmf/fonts/map/pdftex/updmap/pdftex.map}

 <./plots/index.jpg> <./plots/catch.jpg>] [2]
<./plots/srrSchaeffer.png, id=73, 481.8pt x 481.8pt>
File: ./plots/srrSchaeffer.png Graphic file (type png)
<use ./plots/srrSchaeffer.png>
Package pdftex.def Info: ./plots/srrSchaeffer.png  used on input line 213.
(pdftex.def)             Requested size: 281.85587pt x 281.86288pt.
 [3 <./plots/srrSchaeffer.png>] [4]
<./plots/srr1.1.png, id=92, 481.8pt x 481.8pt>
File: ./plots/srr1.1.png Graphic file (type png)
<use ./plots/srr1.1.png>
Package pdftex.def Info: ./plots/srr1.1.png  used on input line 361.
(pdftex.def)             Requested size: 234.8775pt x 234.87839pt.
<./plots/srr2.png, id=93, 481.8pt x 481.8pt>
File: ./plots/srr2.png Graphic file (type png)
<use ./plots/srr2.png>
Package pdftex.def Info: ./plots/srr2.png  used on input line 362.
(pdftex.def)             Requested size: 234.8775pt x 234.87839pt.

Overfull \hbox (2.61047pt too wide) in paragraph at lines 361--363
[][] [] 
 []

[5 <./plots/srr1.1.png (PNG copy)> <./plots/srr2.png (PNG copy)>] [6] [7]
<../present/shaeferDat.png, id=131, 481.8pt x 481.8pt>
File: ../present/shaeferDat.png Graphic file (type png)
<use ../present/shaeferDat.png>
Package pdftex.def Info: ../present/shaeferDat.png  used on input line 536.
(pdftex.def)             Requested size: 240.6568pt x 240.65591pt.

Overfull \hbox (7.30544pt too wide) in paragraph at lines 535--547
[]$[]$ $[]$
 []

[8 <../present/shaeferDat.png (PNG copy)>] [9

] [10]

LaTeX Warning: Reference `' on page 11 undefined on input line 688.

[11] [12]
<../../../theses/nick/gpBias/bMSYRelBiasPellaFlatNoQ.png, id=170, 481.8pt x 481
.8pt>
File: ../../../theses/nick/gpBias/bMSYRelBiasPellaFlatNoQ.png Graphic file (typ
e png)
<use ../../../theses/nick/gpBias/bMSYRelBiasPellaFlatNoQ.png>
Package pdftex.def Info: ../../../theses/nick/gpBias/bMSYRelBiasPellaFlatNoQ.pn
g  used on input line 805.
(pdftex.def)             Requested size: 170.52295pt x 170.5219pt.
<../../../theses/nick/gpBias/kRelBiasPellaFlatNoQ.png, id=171, 481.8pt x 481.8p
t>
File: ../../../theses/nick/gpBias/kRelBiasPellaFlatNoQ.png Graphic file (type p
ng)
<use ../../../theses/nick/gpBias/kRelBiasPellaFlatNoQ.png>
Package pdftex.def Info: ../../../theses/nick/gpBias/kRelBiasPellaFlatNoQ.png  
used on input line 807.
(pdftex.def)             Requested size: 170.52295pt x 170.5219pt.

Overfull \hbox (25.22661pt too wide) in paragraph at lines 804--808
[]|  [] 
 []


Overfull \hbox (25.22661pt too wide) in paragraph at lines 804--808
|  [] 
 []

<../../../theses/nick/gpBias/catchFlat.png, id=172, 481.8pt x 481.8pt>
File: ../../../theses/nick/gpBias/catchFlat.png Graphic file (type png)
<use ../../../theses/nick/gpBias/catchFlat.png>
Package pdftex.def Info: ../../../theses/nick/gpBias/catchFlat.png  used on inp
ut line 812.
(pdftex.def)             Requested size: 170.52295pt x 170.5219pt.
<../../../theses/nick/gpBias/msyRelBiasPellaFlatNoQ.png, id=173, 481.8pt x 481.
8pt>
File: ../../../theses/nick/gpBias/msyRelBiasPellaFlatNoQ.png Graphic file (type
 png)
<use ../../../theses/nick/gpBias/msyRelBiasPellaFlatNoQ.png>
Package pdftex.def Info: ../../../theses/nick/gpBias/msyRelBiasPellaFlatNoQ.png
  used on input line 814.
(pdftex.def)             Requested size: 170.52295pt x 170.5219pt.

Overfull \hbox (39.45299pt too wide) in paragraph at lines 810--815
[]|  [] 
 []


Overfull \hbox (39.45299pt too wide) in paragraph at lines 810--815
|  [] 
 []

<../../../theses/nick/gpBias/directionalBiasPellaFlatNoQ.png, id=174, 481.8pt x
 481.8pt>
File: ../../../theses/nick/gpBias/directionalBiasPellaFlatNoQ.png Graphic file 
(type png)
<use ../../../theses/nick/gpBias/directionalBiasPellaFlatNoQ.png>
Package pdftex.def Info: ../../../theses/nick/gpBias/directionalBiasPellaFlatNo
Q.png  used on input line 818.
(pdftex.def)             Requested size: 170.52295pt x 170.5219pt.
<../../../theses/nick/gpBias/fMSYRelBiasPellaFlatNoQ.png, id=175, 481.8pt x 481
.8pt>
File: ../../../theses/nick/gpBias/fMSYRelBiasPellaFlatNoQ.png Graphic file (typ
e png)
<use ../../../theses/nick/gpBias/fMSYRelBiasPellaFlatNoQ.png>
Package pdftex.def Info: ../../../theses/nick/gpBias/fMSYRelBiasPellaFlatNoQ.pn
g  used on input line 820.
(pdftex.def)             Requested size: 170.52295pt x 170.5219pt.

Overfull \hbox (46.56618pt too wide) in paragraph at lines 817--821
[]|  [] 
 []


Overfull \hbox (46.56618pt too wide) in paragraph at lines 817--821
|  [] 
 []


Overfull \hbox (18.15079pt too wide) in paragraph at lines 803--822
[]$[]$ $[]$ $[]$ 
 []

[13 <../../../theses/nick/gpBias/bMSYRelBiasPellaFlatNoQ.png (PNG copy)> <../..
/../theses/nick/gpBias/kRelBiasPellaFlatNoQ.png (PNG copy)> <../../../theses/ni
ck/gpBias/catchFlat.png> <../../../theses/nick/gpBias/msyRelBiasPellaFlatNoQ.pn
g (PNG copy)> <../../../theses/nick/gpBias/directionalBiasPellaFlatNoQ.png (PNG
 copy)> <../../../theses/nick/gpBias/fMSYRelBiasPellaFlatNoQ.png (PNG copy)>]
[14]
<../../../theses/nick/gpBias/curveCompareFlatNoQX0.5Z0.6.png, id=190, 481.8pt x
 481.8pt>
File: ../../../theses/nick/gpBias/curveCompareFlatNoQX0.5Z0.6.png Graphic file 
(type png)
<use ../../../theses/nick/gpBias/curveCompareFlatNoQX0.5Z0.6.png>
Package pdftex.def Info: ../../../theses/nick/gpBias/curveCompareFlatNoQX0.5Z0.
6.png  used on input line 854.
(pdftex.def)             Requested size: 152.67073pt x 152.6647pt.
<../../../theses/nick/gpBias/curveCompareFlatNoQX0.5Z0.2.png, id=191, 481.8pt x
 481.8pt>
File: ../../../theses/nick/gpBias/curveCompareFlatNoQX0.5Z0.2.png Graphic file 
(type png)
<use ../../../theses/nick/gpBias/curveCompareFlatNoQX0.5Z0.2.png>
Package pdftex.def Info: ../../../theses/nick/gpBias/curveCompareFlatNoQX0.5Z0.
2.png  used on input line 855.
(pdftex.def)             Requested size: 152.67073pt x 152.6647pt.

Overfull \hbox (35.23198pt too wide) in paragraph at lines 854--856
[][] 
 []


Overfull \hbox (35.23198pt too wide) in paragraph at lines 854--856
[] 
 []

<../../../theses/nick/gpBias/curveCompareFlatNoQX3.5Z0.6.png, id=192, 481.8pt x
 481.8pt>
File: ../../../theses/nick/gpBias/curveCompareFlatNoQX3.5Z0.6.png Graphic file 
(type png)
<use ../../../theses/nick/gpBias/curveCompareFlatNoQX3.5Z0.6.png>
Package pdftex.def Info: ../../../theses/nick/gpBias/curveCompareFlatNoQX3.5Z0.
6.png  used on input line 859.
(pdftex.def)             Requested size: 152.67073pt x 152.6647pt.
<../../../theses/nick/gpBias/curveCompareFlatNoQX3.5Z0.2.png, id=193, 481.8pt x
 481.8pt>
File: ../../../theses/nick/gpBias/curveCompareFlatNoQX3.5Z0.2.png Graphic file 
(type png)
<use ../../../theses/nick/gpBias/curveCompareFlatNoQX3.5Z0.2.png>
Package pdftex.def Info: ../../../theses/nick/gpBias/curveCompareFlatNoQX3.5Z0.
2.png  used on input line 861.
(pdftex.def)             Requested size: 152.67073pt x 152.6647pt.

Overfull \hbox (50.64612pt too wide) in paragraph at lines 858--862
[]|  [] 
 []


Overfull \hbox (50.64612pt too wide) in paragraph at lines 858--862
|  [] 
 []

<../../../theses/nick/gpBias/bioPostCompareFlatNoQX0.5Z0.6.png, id=194, 481.8pt
 x 481.8pt>
File: ../../../theses/nick/gpBias/bioPostCompareFlatNoQX0.5Z0.6.png Graphic fil
e (type png)
<use ../../../theses/nick/gpBias/bioPostCompareFlatNoQX0.5Z0.6.png>
Package pdftex.def Info: ../../../theses/nick/gpBias/bioPostCompareFlatNoQX0.5Z
0.6.png  used on input line 866.
(pdftex.def)             Requested size: 70.46396pt x 70.45836pt.
<../../../theses/nick/gpBias/bioPostCompareFlatNoQX3.5Z0.6.png, id=195, 481.8pt
 x 481.8pt>
File: ../../../theses/nick/gpBias/bioPostCompareFlatNoQX3.5Z0.6.png Graphic fil
e (type png)
<use ../../../theses/nick/gpBias/bioPostCompareFlatNoQX3.5Z0.6.png>
Package pdftex.def Info: ../../../theses/nick/gpBias/bioPostCompareFlatNoQX3.5Z
0.6.png  used on input line 868.
(pdftex.def)             Requested size: 70.46396pt x 70.45836pt.
<../../../theses/nick/gpBias/bioPostCompareFlatNoQX0.5Z0.2.png, id=196, 481.8pt
 x 481.8pt>
File: ../../../theses/nick/gpBias/bioPostCompareFlatNoQX0.5Z0.2.png Graphic fil
e (type png)
<use ../../../theses/nick/gpBias/bioPostCompareFlatNoQX0.5Z0.2.png>
Package pdftex.def Info: ../../../theses/nick/gpBias/bioPostCompareFlatNoQX0.5Z
0.2.png  used on input line 870.
(pdftex.def)             Requested size: 70.46396pt x 70.45836pt.
<../../../theses/nick/gpBias/bioPostCompareFlatNoQX3.5Z0.2.png, id=197, 481.8pt
 x 481.8pt>
File: ../../../theses/nick/gpBias/bioPostCompareFlatNoQX3.5Z0.2.png Graphic fil
e (type png)
<use ../../../theses/nick/gpBias/bioPostCompareFlatNoQX3.5Z0.2.png>
Package pdftex.def Info: ../../../theses/nick/gpBias/bioPostCompareFlatNoQX3.5Z
0.2.png  used on input line 872.
(pdftex.def)             Requested size: 70.46396pt x 70.45836pt.
<../../../theses/nick/gpBias/depPostCompareFlatNoQX0.5Z0.6.png, id=198, 481.8pt
 x 481.8pt>
File: ../../../theses/nick/gpBias/depPostCompareFlatNoQX0.5Z0.6.png Graphic fil
e (type png)
<use ../../../theses/nick/gpBias/depPostCompareFlatNoQX0.5Z0.6.png>
Package pdftex.def Info: ../../../theses/nick/gpBias/depPostCompareFlatNoQX0.5Z
0.6.png  used on input line 877.
(pdftex.def)             Requested size: 70.46396pt x 70.45836pt.
<../../../theses/nick/gpBias/depPostCompareFlatNoQX3.5Z0.6.png, id=199, 481.8pt
 x 481.8pt>
File: ../../../theses/nick/gpBias/depPostCompareFlatNoQX3.5Z0.6.png Graphic fil
e (type png)
<use ../../../theses/nick/gpBias/depPostCompareFlatNoQX3.5Z0.6.png>
Package pdftex.def Info: ../../../theses/nick/gpBias/depPostCompareFlatNoQX3.5Z
0.6.png  used on input line 879.
(pdftex.def)             Requested size: 70.46396pt x 70.45836pt.
<../../../theses/nick/gpBias/depPostCompareFlatNoQX0.5Z0.2.png, id=200, 481.8pt
 x 481.8pt>
File: ../../../theses/nick/gpBias/depPostCompareFlatNoQX0.5Z0.2.png Graphic fil
e (type png)
<use ../../../theses/nick/gpBias/depPostCompareFlatNoQX0.5Z0.2.png>
Package pdftex.def Info: ../../../theses/nick/gpBias/depPostCompareFlatNoQX0.5Z
0.2.png  used on input line 881.
(pdftex.def)             Requested size: 70.46396pt x 70.45836pt.
<../../../theses/nick/gpBias/depPostCompareFlatNoQX3.5Z0.2.png, id=201, 481.8pt
 x 481.8pt>
File: ../../../theses/nick/gpBias/depPostCompareFlatNoQX3.5Z0.2.png Graphic fil
e (type png)
<use ../../../theses/nick/gpBias/depPostCompareFlatNoQX3.5Z0.2.png>
Package pdftex.def Info: ../../../theses/nick/gpBias/depPostCompareFlatNoQX3.5Z
0.2.png  used on input line 883.
(pdftex.def)             Requested size: 70.46396pt x 70.45836pt.

Overfull \hbox (25.45627pt too wide) in paragraph at lines 853--885
[]$[]$ $[]$ $[]$ $[]$ 
 []

[15

 <../../../theses/nick/gpBias/curveCompareFlatNoQX0.5Z0.6.png (PNG copy)> <../.
./../theses/nick/gpBias/curveCompareFlatNoQX0.5Z0.2.png (PNG copy)> <../../../t
heses/nick/gpBias/curveCompareFlatNoQX3.5Z0.6.png (PNG copy)> <../../../theses/
nick/gpBias/curveCompareFlatNoQX3.5Z0.2.png (PNG copy)> <../../../theses/nick/g
pBias/bioPostCompareFlatNoQX0.5Z0.6.png (PNG copy)> <../../../theses/nick/gpBia
s/bioPostCompareFlatNoQX3.5Z0.6.png (PNG copy)> <../../../theses/nick/gpBias/bi
oPostCompareFlatNoQX0.5Z0.2.png (PNG copy)> <../../../theses/nick/gpBias/bioPos
tCompareFlatNoQX3.5Z0.2.png (PNG copy)> <../../../theses/nick/gpBias/depPostCom
pareFlatNoQX0.5Z0.6.png (PNG copy)> <../../../theses/nick/gpBias/depPostCompare
FlatNoQX3.5Z0.6.png (PNG copy)> <../../../theses/nick/gpBias/depPostCompareFlat
NoQX0.5Z0.2.png (PNG copy)> <../../../theses/nick/gpBias/depPostCompareFlatNoQX
3.5Z0.2.png (PNG copy)>]
<../../../theses/nick/gpBias/bMSYRelBiasPellaExpNoQ.png, id=206, 481.8pt x 481.
8pt>
File: ../../../theses/nick/gpBias/bMSYRelBiasPellaExpNoQ.png Graphic file (type
 png)
<use ../../../theses/nick/gpBias/bMSYRelBiasPellaExpNoQ.png>
Package pdftex.def Info: ../../../theses/nick/gpBias/bMSYRelBiasPellaExpNoQ.png
  used on input line 890.
(pdftex.def)             Requested size: 170.52295pt x 170.5219pt.
<../../../theses/nick/gpBias/kRelBiasPellaExpNoQ.png, id=207, 481.8pt x 481.8pt
>
File: ../../../theses/nick/gpBias/kRelBiasPellaExpNoQ.png Graphic file (type pn
g)
<use ../../../theses/nick/gpBias/kRelBiasPellaExpNoQ.png>
Package pdftex.def Info: ../../../theses/nick/gpBias/kRelBiasPellaExpNoQ.png  u
sed on input line 892.
(pdftex.def)             Requested size: 170.52295pt x 170.5219pt.

Overfull \hbox (25.22661pt too wide) in paragraph at lines 889--893
[]|  [] 
 []


Overfull \hbox (25.22661pt too wide) in paragraph at lines 889--893
|  [] 
 []

<../../../theses/nick/gpBias/catchExp.png, id=208, 481.8pt x 481.8pt>
File: ../../../theses/nick/gpBias/catchExp.png Graphic file (type png)
<use ../../../theses/nick/gpBias/catchExp.png>
Package pdftex.def Info: ../../../theses/nick/gpBias/catchExp.png  used on inpu
t line 897.
(pdftex.def)             Requested size: 170.52295pt x 170.5219pt.
<../../../theses/nick/gpBias/msyRelBiasPellaExpNoQ.png, id=209, 481.8pt x 481.8
pt>
File: ../../../theses/nick/gpBias/msyRelBiasPellaExpNoQ.png Graphic file (type 
png)
<use ../../../theses/nick/gpBias/msyRelBiasPellaExpNoQ.png>
Package pdftex.def Info: ../../../theses/nick/gpBias/msyRelBiasPellaExpNoQ.png 
 used on input line 899.
(pdftex.def)             Requested size: 170.52295pt x 170.5219pt.

Overfull \hbox (39.45299pt too wide) in paragraph at lines 895--900
[]|  [] 
 []


Overfull \hbox (39.45299pt too wide) in paragraph at lines 895--900
|  [] 
 []

<../../../theses/nick/gpBias/directionalBiasPellaExpNoQ.png, id=210, 481.8pt x 
481.8pt>
File: ../../../theses/nick/gpBias/directionalBiasPellaExpNoQ.png Graphic file (
type png)
<use ../../../theses/nick/gpBias/directionalBiasPellaExpNoQ.png>
Package pdftex.def Info: ../../../theses/nick/gpBias/directionalBiasPellaExpNoQ
.png  used on input line 903.
(pdftex.def)             Requested size: 170.52295pt x 170.5219pt.
<../../../theses/nick/gpBias/fMSYRelBiasPellaExpNoQ.png, id=211, 481.8pt x 481.
8pt>
File: ../../../theses/nick/gpBias/fMSYRelBiasPellaExpNoQ.png Graphic file (type
 png)
<use ../../../theses/nick/gpBias/fMSYRelBiasPellaExpNoQ.png>
Package pdftex.def Info: ../../../theses/nick/gpBias/fMSYRelBiasPellaExpNoQ.png
  used on input line 905.
(pdftex.def)             Requested size: 170.52295pt x 170.5219pt.

Overfull \hbox (46.56618pt too wide) in paragraph at lines 902--906
[]|  [] 
 []


Overfull \hbox (46.56618pt too wide) in paragraph at lines 902--906
|  [] 
 []


Overfull \hbox (18.15079pt too wide) in paragraph at lines 888--907
[]$[]$ $[]$ $[]$ 
 []

<../../../theses/nick/gpBias/bMSYRelBiasPellaExpT45.png, id=212, 481.8pt x 481.
8pt>
File: ../../../theses/nick/gpBias/bMSYRelBiasPellaExpT45.png Graphic file (type
 png)
<use ../../../theses/nick/gpBias/bMSYRelBiasPellaExpT45.png>
Package pdftex.def Info: ../../../theses/nick/gpBias/bMSYRelBiasPellaExpT45.png
  used on input line 910.
(pdftex.def)             Requested size: 170.52295pt x 170.5219pt.
<../../../theses/nick/gpBias/kRelBiasPellaExpT45.png, id=213, 481.8pt x 481.8pt
>
File: ../../../theses/nick/gpBias/kRelBiasPellaExpT45.png Graphic file (type pn
g)
<use ../../../theses/nick/gpBias/kRelBiasPellaExpT45.png>
Package pdftex.def Info: ../../../theses/nick/gpBias/kRelBiasPellaExpT45.png  u
sed on input line 912.
(pdftex.def)             Requested size: 170.52295pt x 170.5219pt.

Overfull \hbox (25.22661pt too wide) in paragraph at lines 909--913
[]|  [] 
 []


Overfull \hbox (25.22661pt too wide) in paragraph at lines 909--913
|  [] 
 []

<../../../theses/nick/gpBias/catchExpT45.png, id=214, 481.8pt x 481.8pt>
File: ../../../theses/nick/gpBias/catchExpT45.png Graphic file (type png)
<use ../../../theses/nick/gpBias/catchExpT45.png>
Package pdftex.def Info: ../../../theses/nick/gpBias/catchExpT45.png  used on i
nput line 917.
(pdftex.def)             Requested size: 170.52295pt x 170.5219pt.
<../../../theses/nick/gpBias/msyRelBiasPellaExpT45.png, id=215, 481.8pt x 481.8
pt>
File: ../../../theses/nick/gpBias/msyRelBiasPellaExpT45.png Graphic file (type 
png)
<use ../../../theses/nick/gpBias/msyRelBiasPellaExpT45.png>
Package pdftex.def Info: ../../../theses/nick/gpBias/msyRelBiasPellaExpT45.png 
 used on input line 919.
(pdftex.def)             Requested size: 170.52295pt x 170.5219pt.

Overfull \hbox (39.45299pt too wide) in paragraph at lines 915--920
[]|  [] 
 []


Overfull \hbox (39.45299pt too wide) in paragraph at lines 915--920
|  [] 
 []

<../../../theses/nick/gpBias/directionalBiasPellaExpT45.png, id=216, 481.8pt x 
481.8pt>
File: ../../../theses/nick/gpBias/directionalBiasPellaExpT45.png Graphic file (
type png)
<use ../../../theses/nick/gpBias/directionalBiasPellaExpT45.png>
Package pdftex.def Info: ../../../theses/nick/gpBias/directionalBiasPellaExpT45
.png  used on input line 923.
(pdftex.def)             Requested size: 170.52295pt x 170.5219pt.
<../../../theses/nick/gpBias/fMSYRelBiasPellaExpT45.png, id=217, 481.8pt x 481.
8pt>
File: ../../../theses/nick/gpBias/fMSYRelBiasPellaExpT45.png Graphic file (type
 png)
<use ../../../theses/nick/gpBias/fMSYRelBiasPellaExpT45.png>
Package pdftex.def Info: ../../../theses/nick/gpBias/fMSYRelBiasPellaExpT45.png
  used on input line 925.
(pdftex.def)             Requested size: 170.52295pt x 170.5219pt.

Overfull \hbox (46.56618pt too wide) in paragraph at lines 922--926
[]|  [] 
 []


Overfull \hbox (46.56618pt too wide) in paragraph at lines 922--926
|  [] 
 []


Overfull \hbox (18.15079pt too wide) in paragraph at lines 908--927
[]$[]$ $[]$ $[]$ 
 []

<./plots/yBiasPellaP0100002.png, id=218, 481.8pt x 481.8pt>
File: ./plots/yBiasPellaP0100002.png Graphic file (type png)
<use ./plots/yBiasPellaP0100002.png>
Package pdftex.def Info: ./plots/yBiasPellaP0100002.png  used on input line 933
.
(pdftex.def)             Requested size: 230.18253pt x 230.18066pt.
<./plots/directionalBiasPellaP0100002.png, id=219, 481.8pt x 481.8pt>
File: ./plots/directionalBiasPellaP0100002.png Graphic file (type png)
<use ./plots/directionalBiasPellaP0100002.png>
Package pdftex.def Info: ./plots/directionalBiasPellaP0100002.png  used on inpu
t line 937.
(pdftex.def)             Requested size: 230.18253pt x 230.18066pt.
<./plots/xBiasPellaP0100002.png, id=220, 481.8pt x 481.8pt>
File: ./plots/xBiasPellaP0100002.png Graphic file (type png)
<use ./plots/xBiasPellaP0100002.png>
Package pdftex.def Info: ./plots/xBiasPellaP0100002.png  used on input line 938
.
(pdftex.def)             Requested size: 230.18253pt x 230.18066pt.
[16

 <../../../theses/nick/gpBias/bMSYRelBiasPellaExpNoQ.png (PNG copy)> <../../../
theses/nick/gpBias/kRelBiasPellaExpNoQ.png (PNG copy)> <../../../theses/nick/gp
Bias/catchExp.png> <../../../theses/nick/gpBias/msyRelBiasPellaExpNoQ.png (PNG 
copy)> <../../../theses/nick/gpBias/directionalBiasPellaExpNoQ.png (PNG copy)> 
<../../../theses/nick/gpBias/fMSYRelBiasPellaExpNoQ.png (PNG copy)>]

LaTeX Warning: `!h' float specifier changed to `!ht'.

<./plots/curveCompareX1Z0.5.png, id=226, 481.8pt x 481.8pt>
File: ./plots/curveCompareX1Z0.5.png Graphic file (type png)
<use ./plots/curveCompareX1Z0.5.png>
Package pdftex.def Info: ./plots/curveCompareX1Z0.5.png  used on input line 960
.
(pdftex.def)             Requested size: 469.75502pt x 469.77148pt.

LaTeX Warning: `!h' float specifier changed to `!ht'.

<./plots/curveCompareX1Z0.55.png, id=227, 481.8pt x 481.8pt>
File: ./plots/curveCompareX1Z0.55.png Graphic file (type png)
<use ./plots/curveCompareX1Z0.55.png>
Package pdftex.def Info: ./plots/curveCompareX1Z0.55.png  used on input line 96
6.
(pdftex.def)             Requested size: 230.18253pt x 230.18066pt.
<./plots/curveCompareX1Z0.2.png, id=228, 481.8pt x 481.8pt>
File: ./plots/curveCompareX1Z0.2.png Graphic file (type png)
<use ./plots/curveCompareX1Z0.2.png>
Package pdftex.def Info: ./plots/curveCompareX1Z0.2.png  used on input line 967
.
(pdftex.def)             Requested size: 230.18253pt x 230.18066pt.
<./plots/curveCompareX3.5Z0.6.png, id=229, 481.8pt x 481.8pt>
File: ./plots/curveCompareX3.5Z0.6.png Graphic file (type png)
<use ./plots/curveCompareX3.5Z0.6.png>
Package pdftex.def Info: ./plots/curveCompareX3.5Z0.6.png  used on input line 9
70.
(pdftex.def)             Requested size: 230.18253pt x 230.18066pt.
<./plots/curveCompareX3.5Z0.2.png, id=230, 481.8pt x 481.8pt>
File: ./plots/curveCompareX3.5Z0.2.png Graphic file (type png)
<use ./plots/curveCompareX3.5Z0.2.png>
Package pdftex.def Info: ./plots/curveCompareX3.5Z0.2.png  used on input line 9
71.
(pdftex.def)             Requested size: 230.18253pt x 230.18066pt.

LaTeX Warning: `!h' float specifier changed to `!ht'.

No file nickGrunlohAdvancement2.bbl.
[17 <../../../theses/nick/gpBias/bMSYRelBiasPellaExpT45.png (PNG copy)> <../../
../theses/nick/gpBias/kRelBiasPellaExpT45.png (PNG copy)> <../../../theses/nick
/gpBias/catchExpT45.png> <../../../theses/nick/gpBias/msyRelBiasPellaExpT45.png
 (PNG copy)> <../../../theses/nick/gpBias/directionalBiasPellaExpT45.png (PNG c
opy)> <../../../theses/nick/gpBias/fMSYRelBiasPellaExpT45.png (PNG copy)>]
[18 <./plots/yBiasPellaP0100002.png (PNG copy)> <./plots/directionalBiasPellaP0
100002.png (PNG copy)> <./plots/xBiasPellaP0100002.png (PNG copy)>] [19 <./plot
s/curveCompareX1Z0.5.png (PNG copy)>] [20 <./plots/curveCompareX1Z0.55.png (PNG
 copy)> <./plots/curveCompareX1Z0.2.png (PNG copy)> <./plots/curveCompareX3.5Z0
.6.png (PNG copy)> <./plots/curveCompareX3.5Z0.2.png (PNG copy)>] [21

]

LaTeX Warning: Command \l invalid in math mode on input line 1207.

Missing character: There is no ª in font cmr12!

LaTeX Warning: Command \l invalid in math mode on input line 1207.

Missing character: There is no ª in font cmr12!
[22]

Package hyperref Warning: Difference (2) between bookmark levels is greater 
(hyperref)                than one, level fixed on input line 1233.

[23]
Package atveryend Info: Empty hook `BeforeClearDocument' on input line 1343.
 [24]
Package atveryend Info: Empty hook `AfterLastShipout' on input line 1343.
 (./nickGrunlohAdvancement2.aux)
Package atveryend Info: Executing hook `AtVeryEndDocument' on input line 1343.
Package atveryend Info: Executing hook `AtEndAfterFileList' on input line 1343.

Package rerunfilecheck Info: File `nickGrunlohAdvancement2.out' has not changed
.
(rerunfilecheck)             Checksum: A450ED125BA34E82305C268FE7ABA1F8;740.


LaTeX Warning: There were undefined references.


LaTeX Warning: There were multiply-defined labels.

Package atveryend Info: Empty hook `AtVeryVeryEnd' on input line 1343.
 ) 
Here is how much of TeX's memory you used:
 11362 strings out of 481239
 171844 string characters out of 5920378
 449418 words of memory out of 5000000
 26308 multiletter control sequences out of 15000+600000
 547752 words of font info for 62 fonts, out of 8000000 for 9000
 1141 hyphenation exceptions out of 8191
 43i,13n,45p,578b,402s stack positions out of 5000i,500n,10000p,200000b,80000s
{/usr/share/texmf/fonts/enc/dvips/cm-super/cm-super-t1.enc}{/usr/share/texmf/
fonts/enc/dvips/cm-super/cm-super-ts1.enc}</usr/share/texlive/texmf-dist/fonts/
type1/public/amsfonts/cmextra/cmbsy8.pfb></usr/share/texlive/texmf-dist/fonts/t
ype1/public/amsfonts/cm/cmbx12.pfb></usr/share/texlive/texmf-dist/fonts/type1/p
ublic/amsfonts/cm/cmex10.pfb></usr/share/texlive/texmf-dist/fonts/type1/public/
amsfonts/cmextra/cmex8.pfb></usr/share/texlive/texmf-dist/fonts/type1/public/am
sfonts/cm/cmmi12.pfb></usr/share/texlive/texmf-dist/fonts/type1/public/amsfonts
/cm/cmmi6.pfb></usr/share/texlive/texmf-dist/fonts/type1/public/amsfonts/cm/cmm
i8.pfb></usr/share/texlive/texmf-dist/fonts/type1/public/amsfonts/cm/cmmib10.pf
b></usr/share/texlive/texmf-dist/fonts/type1/public/amsfonts/cmextra/cmmib6.pfb
></usr/share/texlive/texmf-dist/fonts/type1/public/amsfonts/cmextra/cmmib8.pfb>
</usr/share/texlive/texmf-dist/fonts/type1/public/amsfonts/cm/cmr12.pfb></usr/s
hare/texlive/texmf-dist/fonts/type1/public/amsfonts/cm/cmr6.pfb></usr/share/tex
live/texmf-dist/fonts/type1/public/amsfonts/cm/cmr8.pfb></usr/share/texlive/tex
mf-dist/fonts/type1/public/amsfonts/cm/cmsy10.pfb></usr/share/texlive/texmf-dis
t/fonts/type1/public/amsfonts/cm/cmsy6.pfb></usr/share/texlive/texmf-dist/fonts
/type1/public/amsfonts/cm/cmsy8.pfb></usr/share/texlive/texmf-dist/fonts/type1/
public/amsfonts/symbols/msam10.pfb></usr/share/texlive/texmf-dist/fonts/type1/p
ublic/amsfonts/symbols/msbm10.pfb></usr/share/texmf/fonts/type1/public/cm-super
/sfbx1200.pfb></usr/share/texmf/fonts/type1/public/cm-super/sfbx1440.pfb></usr/
share/texmf/fonts/type1/public/cm-super/sfbx1728.pfb></usr/share/texmf/fonts/ty
pe1/public/cm-super/sfrm1200.pfb></usr/share/texmf/fonts/type1/public/cm-super/
sfti1200.pfb>
Output written on nickGrunlohAdvancement2.pdf (24 pages, 1260073 bytes).
PDF statistics:
 376 PDF objects out of 1000 (max. 8388607)
 276 compressed objects within 3 object streams
 72 named destinations out of 1000 (max. 500000)
 309 words of extra memory for PDF output out of 10000 (max. 10000000)

