This is pdfTeX, Version 3.141592653-2.6-1.40.22 (TeX Live 2022/dev/Debian) (preloaded format=pdflatex 2022.4.28)  9 AUG 2022 13:10
entering extended mode
 restricted \write18 enabled.
 %&-line parsing enabled.
**advancePres.tex
(./advancePres.tex
LaTeX2e <2021-11-15> patch level 1
L3 programming layer <2022-01-21>
(/usr/share/texlive/texmf-dist/tex/latex/beamer/beamer.cls
Document Class: beamer 2022/01/21 v3.65 A class for typesetting presentations
(/usr/share/texlive/texmf-dist/tex/latex/beamer/beamerbasemodes.sty
(/usr/share/texlive/texmf-dist/tex/latex/etoolbox/etoolbox.sty
Package: etoolbox 2020/10/05 v2.5k e-TeX tools for LaTeX (JAW)
\etb@tempcnta=\count185
)
\beamer@tempbox=\box50
\beamer@tempcount=\count186
\c@beamerpauses=\count187

(/usr/share/texlive/texmf-dist/tex/latex/beamer/beamerbasedecode.sty
\beamer@slideinframe=\count188
\beamer@minimum=\count189
\beamer@decode@box=\box51
)
\beamer@commentbox=\box52
\beamer@modecount=\count190
)
(/usr/share/texlive/texmf-dist/tex/generic/iftex/ifpdf.sty
Package: ifpdf 2019/10/25 v3.4 ifpdf legacy package. Use iftex instead.

(/usr/share/texlive/texmf-dist/tex/generic/iftex/iftex.sty
Package: iftex 2020/03/06 v1.0d TeX engine tests
))
\headdp=\dimen138
\footheight=\dimen139
\sidebarheight=\dimen140
\beamer@tempdim=\dimen141
\beamer@finalheight=\dimen142
\beamer@animht=\dimen143
\beamer@animdp=\dimen144
\beamer@animwd=\dimen145
\beamer@leftmargin=\dimen146
\beamer@rightmargin=\dimen147
\beamer@leftsidebar=\dimen148
\beamer@rightsidebar=\dimen149
\beamer@boxsize=\dimen150
\beamer@vboxoffset=\dimen151
\beamer@descdefault=\dimen152
\beamer@descriptionwidth=\dimen153
\beamer@lastskip=\skip47
\beamer@areabox=\box53
\beamer@animcurrent=\box54
\beamer@animshowbox=\box55
\beamer@sectionbox=\box56
\beamer@logobox=\box57
\beamer@linebox=\box58
\beamer@sectioncount=\count191
\beamer@subsubsectionmax=\count192
\beamer@subsectionmax=\count193
\beamer@sectionmax=\count194
\beamer@totalheads=\count195
\beamer@headcounter=\count196
\beamer@partstartpage=\count197
\beamer@sectionstartpage=\count198
\beamer@subsectionstartpage=\count199
\beamer@animationtempa=\count266
\beamer@animationtempb=\count267
\beamer@xpos=\count268
\beamer@ypos=\count269
\beamer@ypos@offset=\count270
\beamer@showpartnumber=\count271
\beamer@currentsubsection=\count272
\beamer@coveringdepth=\count273
\beamer@sectionadjust=\count274
\beamer@toclastsection=\count275
\beamer@tocsectionnumber=\count276

(/usr/share/texlive/texmf-dist/tex/latex/beamer/beamerbaseoptions.sty
(/usr/share/texlive/texmf-dist/tex/latex/graphics/keyval.sty
Package: keyval 2014/10/28 v1.15 key=value parser (DPC)
\KV@toks@=\toks16
))
\beamer@paperwidth=\skip48
\beamer@paperheight=\skip49

(/usr/share/texlive/texmf-dist/tex/latex/geometry/geometry.sty
Package: geometry 2020/01/02 v5.9 Page Geometry

(/usr/share/texlive/texmf-dist/tex/generic/iftex/ifvtex.sty
Package: ifvtex 2019/10/25 v1.7 ifvtex legacy package. Use iftex instead.
)
\Gm@cnth=\count277
\Gm@cntv=\count278
\c@Gm@tempcnt=\count279
\Gm@bindingoffset=\dimen154
\Gm@wd@mp=\dimen155
\Gm@odd@mp=\dimen156
\Gm@even@mp=\dimen157
\Gm@layoutwidth=\dimen158
\Gm@layoutheight=\dimen159
\Gm@layouthoffset=\dimen160
\Gm@layoutvoffset=\dimen161
\Gm@dimlist=\toks17
)
(/usr/share/texlive/texmf-dist/tex/latex/pgf/basiclayer/pgfcore.sty
(/usr/share/texlive/texmf-dist/tex/latex/graphics/graphicx.sty
Package: graphicx 2021/09/16 v1.2d Enhanced LaTeX Graphics (DPC,SPQR)

(/usr/share/texlive/texmf-dist/tex/latex/graphics/graphics.sty
Package: graphics 2021/03/04 v1.4d Standard LaTeX Graphics (DPC,SPQR)

(/usr/share/texlive/texmf-dist/tex/latex/graphics/trig.sty
Package: trig 2021/08/11 v1.11 sin cos tan (DPC)
)
(/usr/share/texlive/texmf-dist/tex/latex/graphics-cfg/graphics.cfg
File: graphics.cfg 2016/06/04 v1.11 sample graphics configuration
)
Package graphics Info: Driver file: pdftex.def on input line 107.

(/usr/share/texlive/texmf-dist/tex/latex/graphics-def/pdftex.def
File: pdftex.def 2020/10/05 v1.2a Graphics/color driver for pdftex
))
\Gin@req@height=\dimen162
\Gin@req@width=\dimen163
)
(/usr/share/texlive/texmf-dist/tex/latex/pgf/systemlayer/pgfsys.sty
(/usr/share/texlive/texmf-dist/tex/latex/pgf/utilities/pgfrcs.sty
(/usr/share/texlive/texmf-dist/tex/generic/pgf/utilities/pgfutil-common.tex
\pgfutil@everybye=\toks18
\pgfutil@tempdima=\dimen164
\pgfutil@tempdimb=\dimen165

(/usr/share/texlive/texmf-dist/tex/generic/pgf/utilities/pgfutil-common-lists.t
ex)) (/usr/share/texlive/texmf-dist/tex/generic/pgf/utilities/pgfutil-latex.def
\pgfutil@abb=\box59
) (/usr/share/texlive/texmf-dist/tex/generic/pgf/utilities/pgfrcs.code.tex
(/usr/share/texlive/texmf-dist/tex/generic/pgf/pgf.revision.tex)
Package: pgfrcs 2021/05/15 v3.1.9a (3.1.9a)
))
(/usr/share/texlive/texmf-dist/tex/generic/pgf/systemlayer/pgfsys.code.tex
Package: pgfsys 2021/05/15 v3.1.9a (3.1.9a)

(/usr/share/texlive/texmf-dist/tex/generic/pgf/utilities/pgfkeys.code.tex
\pgfkeys@pathtoks=\toks19
\pgfkeys@temptoks=\toks20

(/usr/share/texlive/texmf-dist/tex/generic/pgf/utilities/pgfkeysfiltered.code.t
ex
\pgfkeys@tmptoks=\toks21
))
\pgf@x=\dimen166
\pgf@y=\dimen167
\pgf@xa=\dimen168
\pgf@ya=\dimen169
\pgf@xb=\dimen170
\pgf@yb=\dimen171
\pgf@xc=\dimen172
\pgf@yc=\dimen173
\pgf@xd=\dimen174
\pgf@yd=\dimen175
\w@pgf@writea=\write3
\r@pgf@reada=\read2
\c@pgf@counta=\count280
\c@pgf@countb=\count281
\c@pgf@countc=\count282
\c@pgf@countd=\count283
\t@pgf@toka=\toks22
\t@pgf@tokb=\toks23
\t@pgf@tokc=\toks24
\pgf@sys@id@count=\count284
 (/usr/share/texlive/texmf-dist/tex/generic/pgf/systemlayer/pgf.cfg
File: pgf.cfg 2021/05/15 v3.1.9a (3.1.9a)
)
Driver file for pgf: pgfsys-pdftex.def

(/usr/share/texlive/texmf-dist/tex/generic/pgf/systemlayer/pgfsys-pdftex.def
File: pgfsys-pdftex.def 2021/05/15 v3.1.9a (3.1.9a)

(/usr/share/texlive/texmf-dist/tex/generic/pgf/systemlayer/pgfsys-common-pdf.de
f
File: pgfsys-common-pdf.def 2021/05/15 v3.1.9a (3.1.9a)
)))
(/usr/share/texlive/texmf-dist/tex/generic/pgf/systemlayer/pgfsyssoftpath.code.
tex
File: pgfsyssoftpath.code.tex 2021/05/15 v3.1.9a (3.1.9a)
\pgfsyssoftpath@smallbuffer@items=\count285
\pgfsyssoftpath@bigbuffer@items=\count286
)
(/usr/share/texlive/texmf-dist/tex/generic/pgf/systemlayer/pgfsysprotocol.code.
tex
File: pgfsysprotocol.code.tex 2021/05/15 v3.1.9a (3.1.9a)
)) (/usr/share/texlive/texmf-dist/tex/latex/xcolor/xcolor.sty
Package: xcolor 2021/10/31 v2.13 LaTeX color extensions (UK)

(/usr/share/texlive/texmf-dist/tex/latex/graphics-cfg/color.cfg
File: color.cfg 2016/01/02 v1.6 sample color configuration
)
Package xcolor Info: Driver file: pdftex.def on input line 227.

(/usr/share/texlive/texmf-dist/tex/latex/colortbl/colortbl.sty
Package: colortbl 2020/01/04 v1.0e Color table columns (DPC)

(/usr/share/texlive/texmf-dist/tex/latex/tools/array.sty
Package: array 2021/10/04 v2.5f Tabular extension package (FMi)
\col@sep=\dimen176
\ar@mcellbox=\box60
\extrarowheight=\dimen177
\NC@list=\toks25
\extratabsurround=\skip50
\backup@length=\skip51
\ar@cellbox=\box61
)
\everycr=\toks26
\minrowclearance=\skip52
)
\rownum=\count287
Package xcolor Info: Model `cmy' substituted by `cmy0' on input line 1352.
Package xcolor Info: Model `hsb' substituted by `rgb' on input line 1356.
Package xcolor Info: Model `RGB' extended on input line 1368.
Package xcolor Info: Model `HTML' substituted by `rgb' on input line 1370.
Package xcolor Info: Model `Hsb' substituted by `hsb' on input line 1371.
Package xcolor Info: Model `tHsb' substituted by `hsb' on input line 1372.
Package xcolor Info: Model `HSB' substituted by `hsb' on input line 1373.
Package xcolor Info: Model `Gray' substituted by `gray' on input line 1374.
Package xcolor Info: Model `wave' substituted by `hsb' on input line 1375.

(/usr/share/texlive/texmf-dist/tex/latex/graphics/dvipsnam.def
File: dvipsnam.def 2016/06/17 v3.0m Driver-dependent file (DPC,SPQR)
))
(/usr/share/texlive/texmf-dist/tex/generic/pgf/basiclayer/pgfcore.code.tex
Package: pgfcore 2021/05/15 v3.1.9a (3.1.9a)

(/usr/share/texlive/texmf-dist/tex/generic/pgf/math/pgfmath.code.tex
(/usr/share/texlive/texmf-dist/tex/generic/pgf/math/pgfmathcalc.code.tex
(/usr/share/texlive/texmf-dist/tex/generic/pgf/math/pgfmathutil.code.tex)
(/usr/share/texlive/texmf-dist/tex/generic/pgf/math/pgfmathparser.code.tex
\pgfmath@dimen=\dimen178
\pgfmath@count=\count288
\pgfmath@box=\box62
\pgfmath@toks=\toks27
\pgfmath@stack@operand=\toks28
\pgfmath@stack@operation=\toks29
)
(/usr/share/texlive/texmf-dist/tex/generic/pgf/math/pgfmathfunctions.code.tex
(/usr/share/texlive/texmf-dist/tex/generic/pgf/math/pgfmathfunctions.basic.code
.tex)
(/usr/share/texlive/texmf-dist/tex/generic/pgf/math/pgfmathfunctions.trigonomet
ric.code.tex)
(/usr/share/texlive/texmf-dist/tex/generic/pgf/math/pgfmathfunctions.random.cod
e.tex)
(/usr/share/texlive/texmf-dist/tex/generic/pgf/math/pgfmathfunctions.comparison
.code.tex)
(/usr/share/texlive/texmf-dist/tex/generic/pgf/math/pgfmathfunctions.base.code.
tex)
(/usr/share/texlive/texmf-dist/tex/generic/pgf/math/pgfmathfunctions.round.code
.tex)
(/usr/share/texlive/texmf-dist/tex/generic/pgf/math/pgfmathfunctions.misc.code.
tex)
(/usr/share/texlive/texmf-dist/tex/generic/pgf/math/pgfmathfunctions.integerari
thmetics.code.tex)))
(/usr/share/texlive/texmf-dist/tex/generic/pgf/math/pgfmathfloat.code.tex
\c@pgfmathroundto@lastzeros=\count289
))
(/usr/share/texlive/texmf-dist/tex/generic/pgf/math/pgfint.code.tex)
(/usr/share/texlive/texmf-dist/tex/generic/pgf/basiclayer/pgfcorepoints.code.te
x
File: pgfcorepoints.code.tex 2021/05/15 v3.1.9a (3.1.9a)
\pgf@picminx=\dimen179
\pgf@picmaxx=\dimen180
\pgf@picminy=\dimen181
\pgf@picmaxy=\dimen182
\pgf@pathminx=\dimen183
\pgf@pathmaxx=\dimen184
\pgf@pathminy=\dimen185
\pgf@pathmaxy=\dimen186
\pgf@xx=\dimen187
\pgf@xy=\dimen188
\pgf@yx=\dimen189
\pgf@yy=\dimen190
\pgf@zx=\dimen191
\pgf@zy=\dimen192
)
(/usr/share/texlive/texmf-dist/tex/generic/pgf/basiclayer/pgfcorepathconstruct.
code.tex
File: pgfcorepathconstruct.code.tex 2021/05/15 v3.1.9a (3.1.9a)
\pgf@path@lastx=\dimen193
\pgf@path@lasty=\dimen194
)
(/usr/share/texlive/texmf-dist/tex/generic/pgf/basiclayer/pgfcorepathusage.code
.tex
File: pgfcorepathusage.code.tex 2021/05/15 v3.1.9a (3.1.9a)
\pgf@shorten@end@additional=\dimen195
\pgf@shorten@start@additional=\dimen196
)
(/usr/share/texlive/texmf-dist/tex/generic/pgf/basiclayer/pgfcorescopes.code.te
x
File: pgfcorescopes.code.tex 2021/05/15 v3.1.9a (3.1.9a)
\pgfpic=\box63
\pgf@hbox=\box64
\pgf@layerbox@main=\box65
\pgf@picture@serial@count=\count290
)
(/usr/share/texlive/texmf-dist/tex/generic/pgf/basiclayer/pgfcoregraphicstate.c
ode.tex
File: pgfcoregraphicstate.code.tex 2021/05/15 v3.1.9a (3.1.9a)
\pgflinewidth=\dimen197
)
(/usr/share/texlive/texmf-dist/tex/generic/pgf/basiclayer/pgfcoretransformation
s.code.tex
File: pgfcoretransformations.code.tex 2021/05/15 v3.1.9a (3.1.9a)
\pgf@pt@x=\dimen198
\pgf@pt@y=\dimen199
\pgf@pt@temp=\dimen256
)
(/usr/share/texlive/texmf-dist/tex/generic/pgf/basiclayer/pgfcorequick.code.tex
File: pgfcorequick.code.tex 2021/05/15 v3.1.9a (3.1.9a)
)
(/usr/share/texlive/texmf-dist/tex/generic/pgf/basiclayer/pgfcoreobjects.code.t
ex
File: pgfcoreobjects.code.tex 2021/05/15 v3.1.9a (3.1.9a)
)
(/usr/share/texlive/texmf-dist/tex/generic/pgf/basiclayer/pgfcorepathprocessing
.code.tex
File: pgfcorepathprocessing.code.tex 2021/05/15 v3.1.9a (3.1.9a)
)
(/usr/share/texlive/texmf-dist/tex/generic/pgf/basiclayer/pgfcorearrows.code.te
x
File: pgfcorearrows.code.tex 2021/05/15 v3.1.9a (3.1.9a)
\pgfarrowsep=\dimen257
)
(/usr/share/texlive/texmf-dist/tex/generic/pgf/basiclayer/pgfcoreshade.code.tex
File: pgfcoreshade.code.tex 2021/05/15 v3.1.9a (3.1.9a)
\pgf@max=\dimen258
\pgf@sys@shading@range@num=\count291
\pgf@shadingcount=\count292
)
(/usr/share/texlive/texmf-dist/tex/generic/pgf/basiclayer/pgfcoreimage.code.tex
File: pgfcoreimage.code.tex 2021/05/15 v3.1.9a (3.1.9a)

(/usr/share/texlive/texmf-dist/tex/generic/pgf/basiclayer/pgfcoreexternal.code.
tex
File: pgfcoreexternal.code.tex 2021/05/15 v3.1.9a (3.1.9a)
\pgfexternal@startupbox=\box66
))
(/usr/share/texlive/texmf-dist/tex/generic/pgf/basiclayer/pgfcorelayers.code.te
x
File: pgfcorelayers.code.tex 2021/05/15 v3.1.9a (3.1.9a)
)
(/usr/share/texlive/texmf-dist/tex/generic/pgf/basiclayer/pgfcoretransparency.c
ode.tex
File: pgfcoretransparency.code.tex 2021/05/15 v3.1.9a (3.1.9a)
)
(/usr/share/texlive/texmf-dist/tex/generic/pgf/basiclayer/pgfcorepatterns.code.
tex
File: pgfcorepatterns.code.tex 2021/05/15 v3.1.9a (3.1.9a)
)
(/usr/share/texlive/texmf-dist/tex/generic/pgf/basiclayer/pgfcorerdf.code.tex
File: pgfcorerdf.code.tex 2021/05/15 v3.1.9a (3.1.9a)
))) (/usr/share/texlive/texmf-dist/tex/latex/base/size11.clo
File: size11.clo 2021/10/04 v1.4n Standard LaTeX file (size option)
)
(/usr/share/texlive/texmf-dist/tex/latex/pgf/utilities/xxcolor.sty
Package: xxcolor 2003/10/24 ver 0.1
\XC@nummixins=\count293
\XC@countmixins=\count294
)
(/usr/share/texlive/texmf-dist/tex/latex/base/atbegshi-ltx.sty
Package: atbegshi-ltx 2021/01/10 v1.0c Emulation of the original atbegshi
package with kernel methods
)
(/usr/share/texlive/texmf-dist/tex/latex/hyperref/hyperref.sty
Package: hyperref 2021-06-07 v7.00m Hypertext links for LaTeX

(/usr/share/texlive/texmf-dist/tex/generic/ltxcmds/ltxcmds.sty
Package: ltxcmds 2020-05-10 v1.25 LaTeX kernel commands for general use (HO)
)
(/usr/share/texlive/texmf-dist/tex/generic/pdftexcmds/pdftexcmds.sty
Package: pdftexcmds 2020-06-27 v0.33 Utility functions of pdfTeX for LuaTeX (HO
)

(/usr/share/texlive/texmf-dist/tex/generic/infwarerr/infwarerr.sty
Package: infwarerr 2019/12/03 v1.5 Providing info/warning/error messages (HO)
)
Package pdftexcmds Info: \pdf@primitive is available.
Package pdftexcmds Info: \pdf@ifprimitive is available.
Package pdftexcmds Info: \pdfdraftmode found.
)
(/usr/share/texlive/texmf-dist/tex/generic/kvsetkeys/kvsetkeys.sty
Package: kvsetkeys 2019/12/15 v1.18 Key value parser (HO)
)
(/usr/share/texlive/texmf-dist/tex/generic/kvdefinekeys/kvdefinekeys.sty
Package: kvdefinekeys 2019-12-19 v1.6 Define keys (HO)
)
(/usr/share/texlive/texmf-dist/tex/generic/pdfescape/pdfescape.sty
Package: pdfescape 2019/12/09 v1.15 Implements pdfTeX's escape features (HO)
)
(/usr/share/texlive/texmf-dist/tex/latex/hycolor/hycolor.sty
Package: hycolor 2020-01-27 v1.10 Color options for hyperref/bookmark (HO)
)
(/usr/share/texlive/texmf-dist/tex/latex/letltxmacro/letltxmacro.sty
Package: letltxmacro 2019/12/03 v1.6 Let assignment for LaTeX macros (HO)
)
(/usr/share/texlive/texmf-dist/tex/latex/auxhook/auxhook.sty
Package: auxhook 2019-12-17 v1.6 Hooks for auxiliary files (HO)
)
(/usr/share/texlive/texmf-dist/tex/latex/kvoptions/kvoptions.sty
Package: kvoptions 2020-10-07 v3.14 Key value format for package options (HO)
)
\@linkdim=\dimen259
\Hy@linkcounter=\count295
\Hy@pagecounter=\count296

(/usr/share/texlive/texmf-dist/tex/latex/hyperref/pd1enc.def
File: pd1enc.def 2021-06-07 v7.00m Hyperref: PDFDocEncoding definition (HO)
Now handling font encoding PD1 ...
... no UTF-8 mapping file for font encoding PD1
)
(/usr/share/texlive/texmf-dist/tex/latex/hyperref/hyperref-langpatches.def
File: hyperref-langpatches.def 2021-06-07 v7.00m Hyperref: patches for babel la
nguages
)
(/usr/share/texlive/texmf-dist/tex/generic/intcalc/intcalc.sty
Package: intcalc 2019/12/15 v1.3 Expandable calculations with integers (HO)
)
(/usr/share/texlive/texmf-dist/tex/generic/etexcmds/etexcmds.sty
Package: etexcmds 2019/12/15 v1.7 Avoid name clashes with e-TeX commands (HO)
)
\Hy@SavedSpaceFactor=\count297

(/usr/share/texlive/texmf-dist/tex/latex/hyperref/puenc.def
File: puenc.def 2021-06-07 v7.00m Hyperref: PDF Unicode definition (HO)
Now handling font encoding PU ...
... no UTF-8 mapping file for font encoding PU
)
Package hyperref Info: Option `bookmarks' set `true' on input line 4073.
Package hyperref Info: Option `bookmarksopen' set `true' on input line 4073.
Package hyperref Info: Option `implicit' set `false' on input line 4073.
Package hyperref Info: Hyper figures OFF on input line 4192.
Package hyperref Info: Link nesting OFF on input line 4197.
Package hyperref Info: Hyper index ON on input line 4200.
Package hyperref Info: Plain pages OFF on input line 4207.
Package hyperref Info: Backreferencing OFF on input line 4212.
Package hyperref Info: Implicit mode OFF; no redefinition of LaTeX internals.
Package hyperref Info: Bookmarks ON on input line 4445.
\c@Hy@tempcnt=\count298

(/usr/share/texlive/texmf-dist/tex/latex/url/url.sty
\Urlmuskip=\muskip16
Package: url 2013/09/16  ver 3.4  Verb mode for urls, etc.
)
LaTeX Info: Redefining \url on input line 4804.
\XeTeXLinkMargin=\dimen260

(/usr/share/texlive/texmf-dist/tex/generic/bitset/bitset.sty
Package: bitset 2019/12/09 v1.3 Handle bit-vector datatype (HO)

(/usr/share/texlive/texmf-dist/tex/generic/bigintcalc/bigintcalc.sty
Package: bigintcalc 2019/12/15 v1.5 Expandable calculations on big integers (HO
)
))
\Fld@menulength=\count299
\Field@Width=\dimen261
\Fld@charsize=\dimen262
Package hyperref Info: Hyper figures OFF on input line 6076.
Package hyperref Info: Link nesting OFF on input line 6081.
Package hyperref Info: Hyper index ON on input line 6084.
Package hyperref Info: backreferencing OFF on input line 6091.
Package hyperref Info: Link coloring OFF on input line 6096.
Package hyperref Info: Link coloring with OCG OFF on input line 6101.
Package hyperref Info: PDF/A mode OFF on input line 6106.
LaTeX Info: Redefining \ref on input line 6146.
LaTeX Info: Redefining \pageref on input line 6150.
\Hy@abspage=\count300


Package hyperref Message: Stopped early.

)
Package hyperref Info: Driver (autodetected): hpdftex.
 (/usr/share/texlive/texmf-dist/tex/latex/hyperref/hpdftex.def
File: hpdftex.def 2021-06-07 v7.00m Hyperref driver for pdfTeX

(/usr/share/texlive/texmf-dist/tex/latex/base/atveryend-ltx.sty
Package: atveryend-ltx 2020/08/19 v1.0a Emulation of the original atveryend pac
kage
with kernel methods
)
\Fld@listcount=\count301
\c@bookmark@seq@number=\count302

(/usr/share/texlive/texmf-dist/tex/latex/rerunfilecheck/rerunfilecheck.sty
Package: rerunfilecheck 2019/12/05 v1.9 Rerun checks for auxiliary files (HO)

(/usr/share/texlive/texmf-dist/tex/generic/uniquecounter/uniquecounter.sty
Package: uniquecounter 2019/12/15 v1.4 Provide unlimited unique counter (HO)
)
Package uniquecounter Info: New unique counter `rerunfilecheck' on input line 2
86.
))
(/usr/share/texlive/texmf-dist/tex/latex/beamer/beamerbaserequires.sty
(/usr/share/texlive/texmf-dist/tex/latex/beamer/beamerbasecompatibility.sty)
(/usr/share/texlive/texmf-dist/tex/latex/beamer/beamerbasefont.sty
(/usr/share/texlive/texmf-dist/tex/latex/amsfonts/amssymb.sty
Package: amssymb 2013/01/14 v3.01 AMS font symbols

(/usr/share/texlive/texmf-dist/tex/latex/amsfonts/amsfonts.sty
Package: amsfonts 2013/01/14 v3.01 Basic AMSFonts support
\@emptytoks=\toks30
\symAMSa=\mathgroup4
\symAMSb=\mathgroup5
LaTeX Font Info:    Redeclaring math symbol \hbar on input line 98.
LaTeX Font Info:    Overwriting math alphabet `\mathfrak' in version `bold'
(Font)                  U/euf/m/n --> U/euf/b/n on input line 106.
))
(/usr/share/texlive/texmf-dist/tex/latex/sansmathaccent/sansmathaccent.sty
Package: sansmathaccent 2020/01/31

(/usr/share/texlive/texmf-dist/tex/latex/koma-script/scrlfile.sty
Package: scrlfile 2021/11/13 v3.35 KOMA-Script package (file load hooks)

(/usr/share/texlive/texmf-dist/tex/latex/koma-script/scrlfile-hook.sty
Package: scrlfile-hook 2021/11/13 v3.35 KOMA-Script package (using LaTeX hooks)


(/usr/share/texlive/texmf-dist/tex/latex/koma-script/scrlogo.sty
Package: scrlogo 2021/11/13 v3.35 KOMA-Script package (logo)
)))))
(/usr/share/texlive/texmf-dist/tex/latex/beamer/beamerbasetranslator.sty
(/usr/share/texlive/texmf-dist/tex/latex/translator/translator.sty
Package: translator 2021-05-31 v1.12d Easy translation of strings in LaTeX
))
(/usr/share/texlive/texmf-dist/tex/latex/beamer/beamerbasemisc.sty)
(/usr/share/texlive/texmf-dist/tex/latex/beamer/beamerbasetwoscreens.sty)
(/usr/share/texlive/texmf-dist/tex/latex/beamer/beamerbaseoverlay.sty
\beamer@argscount=\count303
\beamer@lastskipcover=\skip53
\beamer@trivlistdepth=\count304
)
(/usr/share/texlive/texmf-dist/tex/latex/beamer/beamerbasetitle.sty)
(/usr/share/texlive/texmf-dist/tex/latex/beamer/beamerbasesection.sty
\c@lecture=\count305
\c@part=\count306
\c@section=\count307
\c@subsection=\count308
\c@subsubsection=\count309
)
(/usr/share/texlive/texmf-dist/tex/latex/beamer/beamerbaseframe.sty
\beamer@framebox=\box67
\beamer@frametitlebox=\box68
\beamer@zoombox=\box69
\beamer@zoomcount=\count310
\beamer@zoomframecount=\count311
\beamer@frametextheight=\dimen263
\c@subsectionslide=\count312
\beamer@frametopskip=\skip54
\beamer@framebottomskip=\skip55
\beamer@frametopskipautobreak=\skip56
\beamer@framebottomskipautobreak=\skip57
\beamer@envbody=\toks31
\framewidth=\dimen264
\c@framenumber=\count313
)
(/usr/share/texlive/texmf-dist/tex/latex/beamer/beamerbaseverbatim.sty
\beamer@verbatimfileout=\write4
)
(/usr/share/texlive/texmf-dist/tex/latex/beamer/beamerbaseframesize.sty
\beamer@splitbox=\box70
\beamer@autobreakcount=\count314
\beamer@autobreaklastheight=\dimen265
\beamer@frametitletoks=\toks32
\beamer@framesubtitletoks=\toks33
)
(/usr/share/texlive/texmf-dist/tex/latex/beamer/beamerbaseframecomponents.sty
\beamer@footins=\box71
)
(/usr/share/texlive/texmf-dist/tex/latex/beamer/beamerbasecolor.sty)
(/usr/share/texlive/texmf-dist/tex/latex/beamer/beamerbasenotes.sty
\beamer@frameboxcopy=\box72
)
(/usr/share/texlive/texmf-dist/tex/latex/beamer/beamerbasetoc.sty)
(/usr/share/texlive/texmf-dist/tex/latex/beamer/beamerbasetemplates.sty
\beamer@sbttoks=\toks34

(/usr/share/texlive/texmf-dist/tex/latex/beamer/beamerbaseauxtemplates.sty
(/usr/share/texlive/texmf-dist/tex/latex/beamer/beamerbaseboxes.sty
\bmb@box=\box73
\bmb@colorbox=\box74
\bmb@boxwidth=\dimen266
\bmb@boxheight=\dimen267
\bmb@prevheight=\dimen268
\bmb@temp=\dimen269
\bmb@dima=\dimen270
\bmb@dimb=\dimen271
\bmb@prevheight=\dimen272
)
\beamer@blockheadheight=\dimen273
))
(/usr/share/texlive/texmf-dist/tex/latex/beamer/beamerbaselocalstructure.sty
(/usr/share/texlive/texmf-dist/tex/latex/tools/enumerate.sty
Package: enumerate 2015/07/23 v3.00 enumerate extensions (DPC)
\@enLab=\toks35
)
\beamer@bibiconwidth=\skip58
\c@figure=\count315
\c@table=\count316
\abovecaptionskip=\skip59
\belowcaptionskip=\skip60
)
(/usr/share/texlive/texmf-dist/tex/latex/beamer/beamerbasenavigation.sty
\beamer@section@min@dim=\dimen274
)
(/usr/share/texlive/texmf-dist/tex/latex/beamer/beamerbasetheorems.sty
(/usr/share/texlive/texmf-dist/tex/latex/amsmath/amsmath.sty
Package: amsmath 2021/10/15 v2.17l AMS math features
\@mathmargin=\skip61

For additional information on amsmath, use the `?' option.
(/usr/share/texlive/texmf-dist/tex/latex/amsmath/amstext.sty
Package: amstext 2021/08/26 v2.01 AMS text

(/usr/share/texlive/texmf-dist/tex/latex/amsmath/amsgen.sty
File: amsgen.sty 1999/11/30 v2.0 generic functions
\@emptytoks=\toks36
\ex@=\dimen275
))
(/usr/share/texlive/texmf-dist/tex/latex/amsmath/amsbsy.sty
Package: amsbsy 1999/11/29 v1.2d Bold Symbols
\pmbraise@=\dimen276
)
(/usr/share/texlive/texmf-dist/tex/latex/amsmath/amsopn.sty
Package: amsopn 2021/08/26 v2.02 operator names
)
\inf@bad=\count317
LaTeX Info: Redefining \frac on input line 234.
\uproot@=\count318
\leftroot@=\count319
LaTeX Info: Redefining \overline on input line 399.
\classnum@=\count320
\DOTSCASE@=\count321
LaTeX Info: Redefining \ldots on input line 496.
LaTeX Info: Redefining \dots on input line 499.
LaTeX Info: Redefining \cdots on input line 620.
\Mathstrutbox@=\box75
\strutbox@=\box76
\big@size=\dimen277
LaTeX Font Info:    Redeclaring font encoding OML on input line 743.
LaTeX Font Info:    Redeclaring font encoding OMS on input line 744.
\macc@depth=\count322
\c@MaxMatrixCols=\count323
\dotsspace@=\muskip17
\c@parentequation=\count324
\dspbrk@lvl=\count325
\tag@help=\toks37
\row@=\count326
\column@=\count327
\maxfields@=\count328
\andhelp@=\toks38
\eqnshift@=\dimen278
\alignsep@=\dimen279
\tagshift@=\dimen280
\tagwidth@=\dimen281
\totwidth@=\dimen282
\lineht@=\dimen283
\@envbody=\toks39
\multlinegap=\skip62
\multlinetaggap=\skip63
\mathdisplay@stack=\toks40
LaTeX Info: Redefining \[ on input line 2938.
LaTeX Info: Redefining \] on input line 2939.
)
(/usr/share/texlive/texmf-dist/tex/latex/amscls/amsthm.sty
Package: amsthm 2020/05/29 v2.20.6
\thm@style=\toks41
\thm@bodyfont=\toks42
\thm@headfont=\toks43
\thm@notefont=\toks44
\thm@headpunct=\toks45
\thm@preskip=\skip64
\thm@postskip=\skip65
\thm@headsep=\skip66
\dth@everypar=\toks46
)
\c@theorem=\count329
)
(/usr/share/texlive/texmf-dist/tex/latex/beamer/beamerbasethemes.sty))
(/usr/share/texlive/texmf-dist/tex/latex/beamer/beamerthemedefault.sty
(/usr/share/texlive/texmf-dist/tex/latex/beamer/beamerfontthemedefault.sty)
(/usr/share/texlive/texmf-dist/tex/latex/beamer/beamercolorthemedefault.sty)
(/usr/share/texlive/texmf-dist/tex/latex/beamer/beamerinnerthemedefault.sty
\beamer@dima=\dimen284
\beamer@dimb=\dimen285
)
(/usr/share/texlive/texmf-dist/tex/latex/beamer/beamerouterthemedefault.sty)))
(/usr/share/texlive/texmf-dist/tex/latex/beamer/beamerthemeBerlin.sty
(/usr/share/texlive/texmf-dist/tex/latex/beamer/beamerouterthememiniframes.sty)
(/usr/share/texlive/texmf-dist/tex/latex/beamer/beamercolorthemewhale.sty)
(/usr/share/texlive/texmf-dist/tex/latex/beamer/beamercolorthemeorchid.sty)
(/usr/share/texlive/texmf-dist/tex/latex/beamer/beamerinnerthemerectangles.sty)
)
\sympureletters=\mathgroup6
LaTeX Font Info:    Overwriting symbol font `pureletters' in version `bold'
(Font)                  OT1/mathkerncmss/m/sl --> OT1/mathkerncmss/bx/sl on inp
ut line 7.
 (/usr/share/texlive/texmf-dist/tex/latex/tools/bm.sty
Package: bm 2021/04/25 v1.2e Bold Symbol Support (DPC/FMi)
\symboldoperators=\mathgroup7
\symboldletters=\mathgroup8
\symboldsymbols=\mathgroup9
Package bm Info: No bold for \OMX/cmex/m/n, using \pmb.
Package bm Info: No bold for \U/msa/m/n, using \pmb.
Package bm Info: No bold for \U/msb/m/n, using \pmb.
\symboldpureletters=\mathgroup10
LaTeX Font Info:    Redeclaring math alphabet \mathbf on input line 149.
)
(/usr/share/texlive/texmf-dist/tex/latex/pgf/frontendlayer/tikz.sty
(/usr/share/texlive/texmf-dist/tex/latex/pgf/basiclayer/pgf.sty
Package: pgf 2021/05/15 v3.1.9a (3.1.9a)

(/usr/share/texlive/texmf-dist/tex/generic/pgf/modules/pgfmoduleshapes.code.tex
File: pgfmoduleshapes.code.tex 2021/05/15 v3.1.9a (3.1.9a)
\pgfnodeparttextbox=\box77
) (/usr/share/texlive/texmf-dist/tex/generic/pgf/modules/pgfmoduleplot.code.tex
File: pgfmoduleplot.code.tex 2021/05/15 v3.1.9a (3.1.9a)
)
(/usr/share/texlive/texmf-dist/tex/latex/pgf/compatibility/pgfcomp-version-0-65
.sty
Package: pgfcomp-version-0-65 2021/05/15 v3.1.9a (3.1.9a)
\pgf@nodesepstart=\dimen286
\pgf@nodesepend=\dimen287
)
(/usr/share/texlive/texmf-dist/tex/latex/pgf/compatibility/pgfcomp-version-1-18
.sty
Package: pgfcomp-version-1-18 2021/05/15 v3.1.9a (3.1.9a)
)) (/usr/share/texlive/texmf-dist/tex/latex/pgf/utilities/pgffor.sty
(/usr/share/texlive/texmf-dist/tex/latex/pgf/utilities/pgfkeys.sty
(/usr/share/texlive/texmf-dist/tex/generic/pgf/utilities/pgfkeys.code.tex))
(/usr/share/texlive/texmf-dist/tex/latex/pgf/math/pgfmath.sty
(/usr/share/texlive/texmf-dist/tex/generic/pgf/math/pgfmath.code.tex))
(/usr/share/texlive/texmf-dist/tex/generic/pgf/utilities/pgffor.code.tex
Package: pgffor 2021/05/15 v3.1.9a (3.1.9a)

(/usr/share/texlive/texmf-dist/tex/generic/pgf/math/pgfmath.code.tex)
\pgffor@iter=\dimen288
\pgffor@skip=\dimen289
\pgffor@stack=\toks47
\pgffor@toks=\toks48
))
(/usr/share/texlive/texmf-dist/tex/generic/pgf/frontendlayer/tikz/tikz.code.tex
Package: tikz 2021/05/15 v3.1.9a (3.1.9a)

(/usr/share/texlive/texmf-dist/tex/generic/pgf/libraries/pgflibraryplothandlers
.code.tex
File: pgflibraryplothandlers.code.tex 2021/05/15 v3.1.9a (3.1.9a)
\pgf@plot@mark@count=\count330
\pgfplotmarksize=\dimen290
)
\tikz@lastx=\dimen291
\tikz@lasty=\dimen292
\tikz@lastxsaved=\dimen293
\tikz@lastysaved=\dimen294
\tikz@lastmovetox=\dimen295
\tikz@lastmovetoy=\dimen296
\tikzleveldistance=\dimen297
\tikzsiblingdistance=\dimen298
\tikz@figbox=\box78
\tikz@figbox@bg=\box79
\tikz@tempbox=\box80
\tikz@tempbox@bg=\box81
\tikztreelevel=\count331
\tikznumberofchildren=\count332
\tikznumberofcurrentchild=\count333
\tikz@fig@count=\count334

(/usr/share/texlive/texmf-dist/tex/generic/pgf/modules/pgfmodulematrix.code.tex
File: pgfmodulematrix.code.tex 2021/05/15 v3.1.9a (3.1.9a)
\pgfmatrixcurrentrow=\count335
\pgfmatrixcurrentcolumn=\count336
\pgf@matrix@numberofcolumns=\count337
)
\tikz@expandcount=\count338

(/usr/share/texlive/texmf-dist/tex/generic/pgf/frontendlayer/tikz/libraries/tik
zlibrarytopaths.code.tex
File: tikzlibrarytopaths.code.tex 2021/05/15 v3.1.9a (3.1.9a)
)))
(/usr/share/texlive/texmf-dist/tex/latex/doublestroke/dsfont.sty
Package: dsfont 1995/08/01 v0.1 Double stroke roman fonts
)
(/usr/share/texlive/texmf-dist/tex/latex/changepage/changepage.sty
Package: changepage 2009/10/20 v1.0c check page and change page layout
\c@cp@cntr=\count339
\cp@tempcnt=\count340
)
(/usr/share/texlive/texmf-dist/tex/latex/pgfgantt/pgfgantt.sty
Package: pgfgantt 2018/01/10 v5.0 Draw Gantt diagrams with TikZ

(/usr/share/texlive/texmf-dist/tex/generic/pgf/frontendlayer/tikz/libraries/tik
zlibraryarrows.code.tex
File: tikzlibraryarrows.code.tex 2021/05/15 v3.1.9a (3.1.9a)

(/usr/share/texlive/texmf-dist/tex/generic/pgf/libraries/pgflibraryarrows.code.
tex
File: pgflibraryarrows.code.tex 2021/05/15 v3.1.9a (3.1.9a)
\arrowsize=\dimen299
))
(/usr/share/texlive/texmf-dist/tex/generic/pgf/frontendlayer/tikz/libraries/tik
zlibrarybackgrounds.code.tex
File: tikzlibrarybackgrounds.code.tex 2021/05/15 v3.1.9a (3.1.9a)
\pgf@layerbox@background=\box82
\pgf@layerboxsaved@background=\box83
)
(/usr/share/texlive/texmf-dist/tex/generic/pgf/frontendlayer/tikz/libraries/tik
zlibrarycalc.code.tex
File: tikzlibrarycalc.code.tex 2021/05/15 v3.1.9a (3.1.9a)
)
(/usr/share/texlive/texmf-dist/tex/generic/pgf/frontendlayer/tikz/libraries/tik
zlibrarypatterns.code.tex
File: tikzlibrarypatterns.code.tex 2021/05/15 v3.1.9a (3.1.9a)

(/usr/share/texlive/texmf-dist/tex/generic/pgf/libraries/pgflibrarypatterns.cod
e.tex
File: pgflibrarypatterns.code.tex 2021/05/15 v3.1.9a (3.1.9a)
))
(/usr/share/texlive/texmf-dist/tex/generic/pgf/frontendlayer/tikz/libraries/tik
zlibrarypositioning.code.tex
File: tikzlibrarypositioning.code.tex 2021/05/15 v3.1.9a (3.1.9a)
)
(/usr/share/texlive/texmf-dist/tex/generic/pgf/frontendlayer/tikz/libraries/tik
zlibraryshapes.geometric.code.tex
File: tikzlibraryshapes.geometric.code.tex 2021/05/15 v3.1.9a (3.1.9a)

(/usr/share/texlive/texmf-dist/tex/generic/pgf/libraries/shapes/pgflibraryshape
s.geometric.code.tex
File: pgflibraryshapes.geometric.code.tex 2021/05/15 v3.1.9a (3.1.9a)
))
(/usr/share/texlive/texmf-dist/tex/latex/pgf/utilities/pgfcalendar.sty
(/usr/share/texlive/texmf-dist/tex/generic/pgf/utilities/pgfcalendar.code.tex
File: pgfcalendar.code.tex 2021/05/15 v3.1.9a (3.1.9a)

(/usr/share/texlive/texmf-dist/tex/generic/pgf/math/pgfint.code.tex)
\pgfcalendarcurrentjulian=\count341
\pgf@cal@easter@Y=\count342
\pgf@cal@easter@G=\count343
\pgf@cal@easter@C=\count344
\pgf@cal@easter@X=\count345
\pgf@cal@easter@Z=\count346
\pgf@cal@easter@D=\count347
\pgf@cal@easter@E=\count348
\pgf@cal@easter@N=\count349
\pgf@cal@easter@M=\count350
\pgf@cal@easter@julianday=\count351
))
\gtt@currentline=\count352
\gtt@lasttitleline=\count353
\gtt@currgrid=\count354
\gtt@chartwidth=\count355
\gtt@lasttitleslot=\count356
\gtt@elementid=\count357
\gtt@today@slot=\count358
\gtt@startjulian=\count359
\gtt@endjulian=\count360
\gtt@chartid=\count361
\gtt@vrule@slot=\count362
\gtt@calendar@slots=\count363
\gtt@calendar@weeknumber=\count364
\gtt@calendar@startofweek=\count365
\gtt@left@slot=\count366
\gtt@right@slot=\count367
)
(/usr/share/texlive/texmf-dist/tex/latex/units/nicefrac.sty
Package: nicefrac 1998/08/04 v0.9b Nice fractions
\L@UnitsRaiseDisplaystyle=\skip67
\L@UnitsRaiseTextstyle=\skip68
\L@UnitsRaiseScriptstyle=\skip69

(/usr/share/texlive/texmf-dist/tex/latex/base/ifthen.sty
Package: ifthen 2020/11/24 v1.1c Standard LaTeX ifthen package (DPC)
))
(/usr/share/texlive/texmf-dist/tex/latex/scalerel/scalerel.sty
Package: scalerel 2016/12/29 v1.8 Routines for constrained scaling and stretchi
ng of objects, relative to a reference object or in absolute terms

(/usr/share/texlive/texmf-dist/tex/latex/tools/calc.sty
Package: calc 2017/05/25 v4.3 Infix arithmetic (KKT,FJ)
\calc@Acount=\count368
\calc@Bcount=\count369
\calc@Adimen=\dimen300
\calc@Bdimen=\dimen301
\calc@Askip=\skip70
\calc@Bskip=\skip71
LaTeX Info: Redefining \setlength on input line 80.
LaTeX Info: Redefining \addtolength on input line 81.
\calc@Ccount=\count370
\calc@Cskip=\skip72
)
\thesrwidth=\skip73
\thesrheight=\skip74
\srblobheight=\skip75
\srblobdepth=\skip76
\mnxsrwidth=\skip77
\LMex=\skip78
\LMpt=\skip79
)
(/usr/share/texlive/texmf-dist/tex/latex/l3backend/l3backend-pdftex.def
File: l3backend-pdftex.def 2022-01-12 L3 backend support: PDF output (pdfTeX)
\l__color_backend_stack_int=\count371
\l__pdf_internal_box=\box84
)
(./advancePres.aux)
\openout1 = `advancePres.aux'.

LaTeX Font Info:    Checking defaults for OML/cmm/m/it on input line 59.
LaTeX Font Info:    ... okay on input line 59.
LaTeX Font Info:    Checking defaults for OMS/cmsy/m/n on input line 59.
LaTeX Font Info:    ... okay on input line 59.
LaTeX Font Info:    Checking defaults for OT1/cmr/m/n on input line 59.
LaTeX Font Info:    ... okay on input line 59.
LaTeX Font Info:    Checking defaults for T1/cmr/m/n on input line 59.
LaTeX Font Info:    ... okay on input line 59.
LaTeX Font Info:    Checking defaults for TS1/cmr/m/n on input line 59.
LaTeX Font Info:    ... okay on input line 59.
LaTeX Font Info:    Checking defaults for OMX/cmex/m/n on input line 59.
LaTeX Font Info:    ... okay on input line 59.
LaTeX Font Info:    Checking defaults for U/cmr/m/n on input line 59.
LaTeX Font Info:    ... okay on input line 59.
LaTeX Font Info:    Checking defaults for PD1/pdf/m/n on input line 59.
LaTeX Font Info:    ... okay on input line 59.
LaTeX Font Info:    Checking defaults for PU/pdf/m/n on input line 59.
LaTeX Font Info:    ... okay on input line 59.

*geometry* driver: auto-detecting
*geometry* detected driver: pdftex
*geometry* verbose mode - [ preamble ] result:
* driver: pdftex
* paper: custom
* layout: <same size as paper>
* layoutoffset:(h,v)=(0.0pt,0.0pt)
* modes: includehead includefoot 
* h-part:(L,W,R)=(28.45274pt, 307.28987pt, 28.45274pt)
* v-part:(T,H,B)=(0.0pt, 273.14662pt, 0.0pt)
* \paperwidth=364.19536pt
* \paperheight=273.14662pt
* \textwidth=307.28987pt
* \textheight=244.6939pt
* \oddsidemargin=-43.81725pt
* \evensidemargin=-43.81725pt
* \topmargin=-72.26999pt
* \headheight=14.22636pt
* \headsep=0.0pt
* \topskip=11.0pt
* \footskip=14.22636pt
* \marginparwidth=4.0pt
* \marginparsep=10.0pt
* \columnsep=10.0pt
* \skip\footins=10.0pt plus 4.0pt minus 2.0pt
* \hoffset=0.0pt
* \voffset=0.0pt
* \mag=1000
* \@twocolumnfalse
* \@twosidefalse
* \@mparswitchfalse
* \@reversemarginfalse
* (1in=72.27pt=25.4mm, 1cm=28.453pt)

(/usr/share/texlive/texmf-dist/tex/context/base/mkii/supp-pdf.mkii
[Loading MPS to PDF converter (version 2006.09.02).]
\scratchcounter=\count372
\scratchdimen=\dimen302
\scratchbox=\box85
\nofMPsegments=\count373
\nofMParguments=\count374
\everyMPshowfont=\toks49
\MPscratchCnt=\count375
\MPscratchDim=\dimen303
\MPnumerator=\count376
\makeMPintoPDFobject=\count377
\everyMPtoPDFconversion=\toks50
) (/usr/share/texlive/texmf-dist/tex/latex/epstopdf-pkg/epstopdf-base.sty
Package: epstopdf-base 2020-01-24 v2.11 Base part for package epstopdf
Package epstopdf-base Info: Redefining graphics rule for `.eps' on input line 4
85.

(/usr/share/texlive/texmf-dist/tex/latex/latexconfig/epstopdf-sys.cfg
File: epstopdf-sys.cfg 2010/07/13 v1.3 Configuration of (r)epstopdf for TeX Liv
e
))
Package hyperref Info: Link coloring OFF on input line 59.

(/usr/share/texlive/texmf-dist/tex/latex/hyperref/nameref.sty
Package: nameref 2021-04-02 v2.47 Cross-referencing by name of section

(/usr/share/texlive/texmf-dist/tex/latex/refcount/refcount.sty
Package: refcount 2019/12/15 v3.6 Data extraction from label references (HO)
)
(/usr/share/texlive/texmf-dist/tex/generic/gettitlestring/gettitlestring.sty
Package: gettitlestring 2019/12/15 v1.6 Cleanup title references (HO)
)
\c@section@level=\count378
)
LaTeX Info: Redefining \ref on input line 59.
LaTeX Info: Redefining \pageref on input line 59.
LaTeX Info: Redefining \nameref on input line 59.

(./advancePres.out) (./advancePres.out)
\@outlinefile=\write5
\openout5 = `advancePres.out'.

LaTeX Font Info:    Overwriting symbol font `operators' in version `normal'
(Font)                  OT1/cmr/m/n --> OT1/cmss/m/n on input line 59.
LaTeX Font Info:    Overwriting symbol font `operators' in version `bold'
(Font)                  OT1/cmr/bx/n --> OT1/cmss/b/n on input line 59.
\symnumbers=\mathgroup11
LaTeX Font Info:    Redeclaring symbol font `pureletters' on input line 59.
LaTeX Font Info:    Overwriting symbol font `pureletters' in version `normal'
(Font)                  OT1/mathkerncmss/m/sl --> OT1/cmss/m/it on input line 5
9.
LaTeX Font Info:    Overwriting symbol font `pureletters' in version `bold'
(Font)                  OT1/mathkerncmss/bx/sl --> OT1/cmss/m/it on input line 
59.
LaTeX Font Info:    Overwriting math alphabet `\mathrm' in version `normal'
(Font)                  OT1/cmss/m/n --> OT1/cmr/m/n on input line 59.
LaTeX Font Info:    Redeclaring math alphabet \mathbf on input line 59.
LaTeX Font Info:    Redeclaring math alphabet \mathsf on input line 59.
LaTeX Font Info:    Overwriting math alphabet `\mathsf' in version `normal'
(Font)                  OT1/cmss/m/n --> OT1/cmss/m/n on input line 59.
LaTeX Font Info:    Overwriting math alphabet `\mathsf' in version `bold'
(Font)                  OT1/cmss/bx/n --> OT1/cmss/m/n on input line 59.
LaTeX Font Info:    Redeclaring math alphabet \mathit on input line 59.
LaTeX Font Info:    Overwriting math alphabet `\mathit' in version `normal'
(Font)                  OT1/cmr/m/it --> OT1/cmss/m/it on input line 59.
LaTeX Font Info:    Overwriting math alphabet `\mathit' in version `bold'
(Font)                  OT1/cmr/bx/it --> OT1/cmss/m/it on input line 59.
LaTeX Font Info:    Redeclaring math alphabet \mathtt on input line 59.
LaTeX Font Info:    Overwriting math alphabet `\mathtt' in version `normal'
(Font)                  OT1/cmtt/m/n --> OT1/cmtt/m/n on input line 59.
LaTeX Font Info:    Overwriting math alphabet `\mathtt' in version `bold'
(Font)                  OT1/cmtt/m/n --> OT1/cmtt/m/n on input line 59.
LaTeX Font Info:    Overwriting symbol font `numbers' in version `bold'
(Font)                  OT1/cmss/m/n --> OT1/cmss/b/n on input line 59.
LaTeX Font Info:    Overwriting symbol font `pureletters' in version `bold'
(Font)                  OT1/cmss/m/it --> OT1/cmss/b/it on input line 59.
LaTeX Font Info:    Overwriting math alphabet `\mathrm' in version `bold'
(Font)                  OT1/cmss/b/n --> OT1/cmr/b/n on input line 59.
LaTeX Font Info:    Overwriting math alphabet `\mathbf' in version `bold'
(Font)                  OT1/cmss/b/n --> OT1/cmss/b/n on input line 59.
LaTeX Font Info:    Overwriting math alphabet `\mathsf' in version `bold'
(Font)                  OT1/cmss/m/n --> OT1/cmss/b/n on input line 59.
LaTeX Font Info:    Overwriting math alphabet `\mathit' in version `bold'
(Font)                  OT1/cmss/m/it --> OT1/cmss/b/it on input line 59.
LaTeX Font Info:    Overwriting math alphabet `\mathtt' in version `bold'
(Font)                  OT1/cmtt/m/n --> OT1/cmtt/b/n on input line 59.
LaTeX Font Info:    Redeclaring symbol font `pureletters' on input line 59.
LaTeX Font Info:    Overwriting symbol font `pureletters' in version `normal'
(Font)                  OT1/cmss/m/it --> OT1/mathkerncmss/m/sl on input line 5
9.
LaTeX Font Info:    Overwriting symbol font `pureletters' in version `bold'
(Font)                  OT1/cmss/b/it --> OT1/mathkerncmss/m/sl on input line 5
9.
LaTeX Font Info:    Overwriting symbol font `pureletters' in version `bold'
(Font)                  OT1/mathkerncmss/m/sl --> OT1/mathkerncmss/bx/sl on inp
ut line 59.

(/usr/share/texlive/texmf-dist/tex/latex/translator/translator-basic-dictionary
-English.dict
Dictionary: translator-basic-dictionary, Language: English 
)
(/usr/share/texlive/texmf-dist/tex/latex/translator/translator-bibliography-dic
tionary-English.dict
Dictionary: translator-bibliography-dictionary, Language: English 
)
(/usr/share/texlive/texmf-dist/tex/latex/translator/translator-environment-dict
ionary-English.dict
Dictionary: translator-environment-dictionary, Language: English 
)
(/usr/share/texlive/texmf-dist/tex/latex/translator/translator-months-dictionar
y-English.dict
Dictionary: translator-months-dictionary, Language: English 
)
(/usr/share/texlive/texmf-dist/tex/latex/translator/translator-numbers-dictiona
ry-English.dict
Dictionary: translator-numbers-dictionary, Language: English 
)
(/usr/share/texlive/texmf-dist/tex/latex/translator/translator-theorem-dictiona
ry-English.dict
Dictionary: translator-theorem-dictionary, Language: English 
) (./advancePres.nav)
<noaaText.png, id=99, 628.43478pt x 471.32608pt>
File: noaaText.png Graphic file (type png)
<use noaaText.png>
Package pdftex.def Info: noaaText.png  used on input line 73.
(pdftex.def)             Requested size: 90.34514pt x 67.7544pt.
LaTeX Font Info:    Trying to load font information for U+msa on input line 73.


(/usr/share/texlive/texmf-dist/tex/latex/amsfonts/umsa.fd
File: umsa.fd 2013/01/14 v3.01 AMS symbols A
)
LaTeX Font Info:    Trying to load font information for U+msb on input line 73.


(/usr/share/texlive/texmf-dist/tex/latex/amsfonts/umsb.fd
File: umsb.fd 2013/01/14 v3.01 AMS symbols B
)
LaTeX Font Info:    Trying to load font information for OT1+mathkerncmss on inp
ut line 73.

(/usr/share/texlive/texmf-dist/tex/latex/sansmathaccent/ot1mathkerncmss.fd
File: ot1mathkerncmss.fd 2020/01/31 Fontinst v1.933 font definitions for OT1/ma
thkerncmss.
)
<slug.jpg, id=101, 301.125pt x 254.9525pt>
File: slug.jpg Graphic file (type jpg)
<use slug.jpg>
Package pdftex.def Info: slug.jpg  used on input line 73.
(pdftex.def)             Requested size: 82.816pt x 70.11798pt.

[1{/var/lib/texmf/fonts/map/pdftex/updmap/pdftex.map}

 <./noaaText.png> <./slug.jpg>] (./advancePres.toc) [2

] (./advancePres.toc) [3

]
<../plots/hakeIndex.png, id=334, 481.8pt x 481.8pt>
File: ../plots/hakeIndex.png Graphic file (type png)
<use ../plots/hakeIndex.png>
Package pdftex.def Info: ../plots/hakeIndex.png  used on input line 96.
(pdftex.def)             Requested size: 150.57372pt x 150.56947pt.
<../plots/hakeCatch.png, id=335, 481.8pt x 481.8pt>
File: ../plots/hakeCatch.png Graphic file (type png)
<use ../plots/hakeCatch.png>
Package pdftex.def Info: ../plots/hakeCatch.png  used on input line 96.
(pdftex.def)             Requested size: 150.57372pt x 150.56947pt.
 [4

 <../plots/hakeIndex.png> <../plots/hakeCatch.png>]
<../plots/srrSchaefferPar.png, id=403, 481.8pt x 481.8pt>
File: ../plots/srrSchaefferPar.png Graphic file (type png)
<use ../plots/srrSchaefferPar.png>
Package pdftex.def Info: ../plots/srrSchaefferPar.png  used on input line 114.
(pdftex.def)             Requested size: 165.93446pt x 165.93446pt.
 [5

 <../plots/srrSchaefferPar.png (PNG copy)>]
<../plots/srrSchaefferRP.png, id=466, 481.8pt x 481.8pt>
File: ../plots/srrSchaefferRP.png Graphic file (type png)
<use ../plots/srrSchaefferRP.png>
Package pdftex.def Info: ../plots/srrSchaefferRP.png  used on input line 172.
(pdftex.def)             Requested size: 165.93446pt x 165.93446pt.

[6

 <../plots/srrSchaefferRP.png (PNG copy)>]
<../plots/srrSchaefferRPplus.png, id=528, 481.8pt x 481.8pt>
File: ../plots/srrSchaefferRPplus.png Graphic file (type png)
<use ../plots/srrSchaefferRPplus.png>
Package pdftex.def Info: ../plots/srrSchaefferRPplus.png  used on input line 17
2.
(pdftex.def)             Requested size: 165.93446pt x 165.93446pt.
 [7

 <../plots/srrSchaefferRPplus.png (PNG copy)>]
Underfull \hbox (badness 10000) in paragraph at lines 230--230

 []

<cjasFig.png, id=589, 433.1382pt x 434.5836pt>
File: cjasFig.png Graphic file (type png)
<use cjasFig.png>
Package pdftex.def Info: cjasFig.png  used on input line 230.
(pdftex.def)             Requested size: 167.77925pt x 168.33972pt.

Overfull \hbox (36.14337pt too wide) in paragraph at lines 230--230
|  [] 
 []

[8

 <./cjasFig.png>]
<shaeferConst.png, id=652, 481.8pt x 481.8pt>
File: shaeferConst.png Graphic file (type png)
<use shaeferConst.png>
Package pdftex.def Info: shaeferConst.png  used on input line 230.
(pdftex.def)             Requested size: 167.77925pt x 167.77972pt.

Overfull \hbox (36.14337pt too wide) in paragraph at lines 230--230
|  [] 
 []

[9

 <./shaeferConst.png>] (./advancePres.toc) [10

]
<../plots/srr1.1.png, id=782, 481.8pt x 481.8pt>
File: ../plots/srr1.1.png Graphic file (type png)
<use ../plots/srr1.1.png>
Package pdftex.def Info: ../plots/srr1.1.png  used on input line 256.
(pdftex.def)             Requested size: 155.4887pt x 155.48773pt.

Overfull \hbox (20.28041pt too wide) in paragraph at lines 256--256
[][] 
 []

[11

 <../plots/srr1.1.png (PNG copy)>]
<../../.././nick/gpBias/bioCatchFlatNoQX2Z0.6.png, id=844, 481.8pt x 481.8pt>
File: ../../.././nick/gpBias/bioCatchFlatNoQX2Z0.6.png Graphic file (type png)
<use ../../.././nick/gpBias/bioCatchFlatNoQX2Z0.6.png>
Package pdftex.def Info: ../../.././nick/gpBias/bioCatchFlatNoQX2Z0.6.png  used
 on input line 294.
(pdftex.def)             Requested size: 150.57372pt x 150.56947pt.
<../../.././nick/gpBias/bioCatchExpT45X2Z0.6.png, id=845, 481.8pt x 481.8pt>
File: ../../.././nick/gpBias/bioCatchExpT45X2Z0.6.png Graphic file (type png)
<use ../../.././nick/gpBias/bioCatchExpT45X2Z0.6.png>
Package pdftex.def Info: ../../.././nick/gpBias/bioCatchExpT45X2Z0.6.png  used 
on input line 294.
(pdftex.def)             Requested size: 150.57372pt x 150.56947pt.
 [12

 <../../.././nick/gpBias/bioCatchFlatNoQX2Z0.6.png (PNG copy)> <../../.././nick
/gpBias/bioCatchExpT45X2Z0.6.png (PNG copy)>]
<shaeferDat.png, id=905, 481.8pt x 481.8pt>
File: shaeferDat.png Graphic file (type png)
<use shaeferDat.png>
Package pdftex.def Info: shaeferDat.png  used on input line 365.
(pdftex.def)             Requested size: 179.21892pt x 179.2207pt.

Overfull \vbox (9.81584pt too high) detected at line 365
 []

[13

 <./shaeferDat.png (PNG copy)>]
File: shaeferDat.png Graphic file (type png)
<use shaeferDat.png>
Package pdftex.def Info: shaeferDat.png  used on input line 365.
(pdftex.def)             Requested size: 179.21892pt x 179.2207pt.
<../../.././nick/gpBias/bioExpT45X0.5Z0.6.png, id=969, 481.8pt x 481.8pt>
File: ../../.././nick/gpBias/bioExpT45X0.5Z0.6.png Graphic file (type png)
<use ../../.././nick/gpBias/bioExpT45X0.5Z0.6.png>
Package pdftex.def Info: ../../.././nick/gpBias/bioExpT45X0.5Z0.6.png  used on 
input line 365.
(pdftex.def)             Requested size: 56.00499pt x 56.00626pt.
<../../.././nick/gpBias/bioExpT45X3.5Z0.6.png, id=970, 481.8pt x 481.8pt>
File: ../../.././nick/gpBias/bioExpT45X3.5Z0.6.png Graphic file (type png)
<use ../../.././nick/gpBias/bioExpT45X3.5Z0.6.png>
Package pdftex.def Info: ../../.././nick/gpBias/bioExpT45X3.5Z0.6.png  used on 
input line 365.
(pdftex.def)             Requested size: 56.00499pt x 56.00626pt.
<../../.././nick/gpBias/bioExpT45X3.5Z0.2.png, id=971, 481.8pt x 481.8pt>
File: ../../.././nick/gpBias/bioExpT45X3.5Z0.2.png Graphic file (type png)
<use ../../.././nick/gpBias/bioExpT45X3.5Z0.2.png>
Package pdftex.def Info: ../../.././nick/gpBias/bioExpT45X3.5Z0.2.png  used on 
input line 365.
(pdftex.def)             Requested size: 56.00499pt x 56.00626pt.
<../../.././nick/gpBias/bioExpT45X0.5Z0.2.png, id=972, 481.8pt x 481.8pt>
File: ../../.././nick/gpBias/bioExpT45X0.5Z0.2.png Graphic file (type png)
<use ../../.././nick/gpBias/bioExpT45X0.5Z0.2.png>
Package pdftex.def Info: ../../.././nick/gpBias/bioExpT45X0.5Z0.2.png  used on 
input line 365.
(pdftex.def)             Requested size: 56.00499pt x 56.00626pt.

Overfull \vbox (9.81584pt too high) detected at line 365
 []

[14

 <../../.././nick/gpBias/bioExpT45X0.5Z0.6.png> <../../.././nick/gpBias/bioExpT
45X3.5Z0.6.png> <../../.././nick/gpBias/bioExpT45X3.5Z0.2.png> <../../.././nick
/gpBias/bioExpT45X0.5Z0.2.png>]
Overfull \hbox (24.01787pt too wide) detected at line 365
[]
 []

File: shaeferDat.png Graphic file (type png)
<use shaeferDat.png>
Package pdftex.def Info: shaeferDat.png  used on input line 365.
(pdftex.def)             Requested size: 179.21892pt x 179.2207pt.
File: ../../.././nick/gpBias/bioExpT45X0.5Z0.6.png Graphic file (type png)
<use ../../.././nick/gpBias/bioExpT45X0.5Z0.6.png>
Package pdftex.def Info: ../../.././nick/gpBias/bioExpT45X0.5Z0.6.png  used on 
input line 365.
(pdftex.def)             Requested size: 56.00499pt x 56.00626pt.
File: ../../.././nick/gpBias/bioExpT45X3.5Z0.6.png Graphic file (type png)
<use ../../.././nick/gpBias/bioExpT45X3.5Z0.6.png>
Package pdftex.def Info: ../../.././nick/gpBias/bioExpT45X3.5Z0.6.png  used on 
input line 365.
(pdftex.def)             Requested size: 56.00499pt x 56.00626pt.
File: ../../.././nick/gpBias/bioExpT45X3.5Z0.2.png Graphic file (type png)
<use ../../.././nick/gpBias/bioExpT45X3.5Z0.2.png>
Package pdftex.def Info: ../../.././nick/gpBias/bioExpT45X3.5Z0.2.png  used on 
input line 365.
(pdftex.def)             Requested size: 56.00499pt x 56.00626pt.
File: ../../.././nick/gpBias/bioExpT45X0.5Z0.2.png Graphic file (type png)
<use ../../.././nick/gpBias/bioExpT45X0.5Z0.2.png>
Package pdftex.def Info: ../../.././nick/gpBias/bioExpT45X0.5Z0.2.png  used on 
input line 365.
(pdftex.def)             Requested size: 56.00499pt x 56.00626pt.

Overfull \vbox (9.89612pt too high) detected at line 365
 []

[15

]

Package amsmath Warning: Foreign command \atop;
(amsmath)                \frac or \genfrac should be used instead
(amsmath)                 on input line 381.

[16

] (./advancePres.toc)
File: ../../.././nick/gpBias/bioCatchFlatNoQX2Z0.6.png Graphic file (type png)
<use ../../.././nick/gpBias/bioCatchFlatNoQX2Z0.6.png>
Package pdftex.def Info: ../../.././nick/gpBias/bioCatchFlatNoQX2Z0.6.png  used
 on input line 395.
(pdftex.def)             Requested size: 153.64493pt x 153.64247pt.

Overfull \vbox (1.48134pt too high) detected at line 395
 []

[17

]
<../../.././nick/gpBias/directionalBiasPellaFlatNoQ.png, id=1226, 481.8pt x 481
.8pt>
File: ../../.././nick/gpBias/directionalBiasPellaFlatNoQ.png Graphic file (type
 png)
<use ../../.././nick/gpBias/directionalBiasPellaFlatNoQ.png>
Package pdftex.def Info: ../../.././nick/gpBias/directionalBiasPellaFlatNoQ.png
  used on input line 416.
(pdftex.def)             Requested size: 224.01997pt x 224.02502pt.

Overfull \vbox (9.0pt too high) detected at line 416
 []

[18

 <../../.././nick/gpBias/directionalBiasPellaFlatNoQ.png (PNG copy)>]
<../../.././nick/gpBias/fMSYRelBiasPellaFlatNoQ.png, id=1287, 481.8pt x 481.8pt
>
File: ../../.././nick/gpBias/fMSYRelBiasPellaFlatNoQ.png Graphic file (type png
)
<use ../../.././nick/gpBias/fMSYRelBiasPellaFlatNoQ.png>
Package pdftex.def Info: ../../.././nick/gpBias/fMSYRelBiasPellaFlatNoQ.png  us
ed on input line 435.
(pdftex.def)             Requested size: 165.632pt x 165.62569pt.

Overfull \hbox (24.6048pt too wide) in paragraph at lines 435--435
[]|  [] 
 []

<../../.././nick/gpBias/zetaRelBiasPellaFlatNoQ.png, id=1288, 481.8pt x 481.8pt
>
File: ../../.././nick/gpBias/zetaRelBiasPellaFlatNoQ.png Graphic file (type png
)
<use ../../.././nick/gpBias/zetaRelBiasPellaFlatNoQ.png>
Package pdftex.def Info: ../../.././nick/gpBias/zetaRelBiasPellaFlatNoQ.png  us
ed on input line 435.
(pdftex.def)             Requested size: 165.632pt x 165.62569pt.

Overfull \hbox (45.94437pt too wide) in paragraph at lines 435--435
[]|  [] 
 []

[19

 <../../.././nick/gpBias/fMSYRelBiasPellaFlatNoQ.png (PNG copy)> <../../.././ni
ck/gpBias/zetaRelBiasPellaFlatNoQ.png (PNG copy)>]
<../../.././nick/gpBias/fMSYXRelBiasPellaFlatNoQ.png, id=1349, 481.8pt x 481.8p
t>
File: ../../.././nick/gpBias/fMSYXRelBiasPellaFlatNoQ.png Graphic file (type pn
g)
<use ../../.././nick/gpBias/fMSYXRelBiasPellaFlatNoQ.png>
Package pdftex.def Info: ../../.././nick/gpBias/fMSYXRelBiasPellaFlatNoQ.png  u
sed on input line 460.
(pdftex.def)             Requested size: 124.83531pt x 124.83128pt.
<../../.././nick/gpBias/curveCompareFlatNoQX0.5Z0.6.png, id=1350, 481.8pt x 481
.8pt>
File: ../../.././nick/gpBias/curveCompareFlatNoQX0.5Z0.6.png Graphic file (type
 png)
<use ../../.././nick/gpBias/curveCompareFlatNoQX0.5Z0.6.png>
Package pdftex.def Info: ../../.././nick/gpBias/curveCompareFlatNoQX0.5Z0.6.png
  used on input line 460.
(pdftex.def)             Requested size: 109.85568pt x 109.85594pt.
<../../.././nick/gpBias/curveCompareFlatNoQX0.5Z0.2.png, id=1351, 481.8pt x 481
.8pt>
File: ../../.././nick/gpBias/curveCompareFlatNoQX0.5Z0.2.png Graphic file (type
 png)
<use ../../.././nick/gpBias/curveCompareFlatNoQX0.5Z0.2.png>
Package pdftex.def Info: ../../.././nick/gpBias/curveCompareFlatNoQX0.5Z0.2.png
  used on input line 460.
(pdftex.def)             Requested size: 109.85568pt x 109.85594pt.

Overfull \hbox (9.98743pt too wide) in paragraph at lines 460--460
[][] 
 []


Overfull \hbox (9.98743pt too wide) in paragraph at lines 460--460
[] 
 []

<../../.././nick/gpBias/curveCompareFlatNoQX3.5Z0.6.png, id=1352, 481.8pt x 481
.8pt>
File: ../../.././nick/gpBias/curveCompareFlatNoQX3.5Z0.6.png Graphic file (type
 png)
<use ../../.././nick/gpBias/curveCompareFlatNoQX3.5Z0.6.png>
Package pdftex.def Info: ../../.././nick/gpBias/curveCompareFlatNoQX3.5Z0.6.png
  used on input line 460.
(pdftex.def)             Requested size: 109.85568pt x 109.85594pt.
<../../.././nick/gpBias/curveCompareFlatNoQX3.5Z0.2.png, id=1353, 481.8pt x 481
.8pt>
File: ../../.././nick/gpBias/curveCompareFlatNoQX3.5Z0.2.png Graphic file (type
 png)
<use ../../.././nick/gpBias/curveCompareFlatNoQX3.5Z0.2.png>
Package pdftex.def Info: ../../.././nick/gpBias/curveCompareFlatNoQX3.5Z0.2.png
  used on input line 460.
(pdftex.def)             Requested size: 109.85568pt x 109.85594pt.

Overfull \hbox (19.53394pt too wide) in paragraph at lines 460--460
[]|  [] 
 []


Overfull \hbox (19.53394pt too wide) in paragraph at lines 460--460
|  [] 
 []

[20

 <../../.././nick/gpBias/fMSYXRelBiasPellaFlatNoQ.png (PNG copy)> <../../.././n
ick/gpBias/curveCompareFlatNoQX0.5Z0.6.png (PNG copy)> <../../.././nick/gpBias/
curveCompareFlatNoQX0.5Z0.2.png (PNG copy)> <../../.././nick/gpBias/curveCompar
eFlatNoQX3.5Z0.6.png (PNG copy)> <../../.././nick/gpBias/curveCompareFlatNoQX3.
5Z0.2.png (PNG copy)>]
File: ../../.././nick/gpBias/zetaRelBiasPellaFlatNoQ.png Graphic file (type png
)
<use ../../.././nick/gpBias/zetaRelBiasPellaFlatNoQ.png>
Package pdftex.def Info: ../../.././nick/gpBias/zetaRelBiasPellaFlatNoQ.png  us
ed on input line 497.
(pdftex.def)             Requested size: 123.21393pt x 123.21445pt.

Underfull \hbox (badness 10000) in paragraph at lines 497--497

 []

<../../.././nick/gpBias/bMSYRelBiasPellaFlatNoQ.png, id=1414, 481.8pt x 481.8pt
>
File: ../../.././nick/gpBias/bMSYRelBiasPellaFlatNoQ.png Graphic file (type png
)
<use ../../.././nick/gpBias/bMSYRelBiasPellaFlatNoQ.png>
Package pdftex.def Info: ../../.././nick/gpBias/bMSYRelBiasPellaFlatNoQ.png  us
ed on input line 497.
(pdftex.def)             Requested size: 123.21393pt x 123.21445pt.
<../../.././nick/gpBias/kRelBiasPellaFlatNoQ.png, id=1415, 481.8pt x 481.8pt>
File: ../../.././nick/gpBias/kRelBiasPellaFlatNoQ.png Graphic file (type png)
<use ../../.././nick/gpBias/kRelBiasPellaFlatNoQ.png>
Package pdftex.def Info: ../../.././nick/gpBias/kRelBiasPellaFlatNoQ.png  used 
on input line 497.
(pdftex.def)             Requested size: 123.21393pt x 123.21445pt.

Overfull \hbox (5.10777pt too wide) in paragraph at lines 497--497
[]|  |  [] 
 []


Overfull \vbox (14.18643pt too high) detected at line 497
 []

[21

 <../../.././nick/gpBias/bMSYRelBiasPellaFlatNoQ.png (PNG copy)> <../../.././ni
ck/gpBias/kRelBiasPellaFlatNoQ.png (PNG copy)>] (./advancePres.toc)
File: ../../.././nick/gpBias/bioCatchExpT45X2Z0.6.png Graphic file (type png)
<use ../../.././nick/gpBias/bioCatchExpT45X2Z0.6.png>
Package pdftex.def Info: ../../.././nick/gpBias/bioCatchExpT45X2Z0.6.png  used 
on input line 512.
(pdftex.def)             Requested size: 153.64493pt x 153.64247pt.

Overfull \vbox (1.48134pt too high) detected at line 512
 []

[22

]
<../../.././nick/gpBias/bioCatchExpT45X1Z0.3.png, id=1545, 481.8pt x 481.8pt>
File: ../../.././nick/gpBias/bioCatchExpT45X1Z0.3.png Graphic file (type png)
<use ../../.././nick/gpBias/bioCatchExpT45X1Z0.3.png>
Package pdftex.def Info: ../../.././nick/gpBias/bioCatchExpT45X1Z0.3.png  used 
on input line 579.
(pdftex.def)             Requested size: 109.85568pt x 109.85594pt.

Underfull \hbox (badness 10000) in paragraph at lines 579--579

 []

<../../.././nick/gpBias/fMSYRelBiasPellaExpT45.png, id=1546, 481.8pt x 481.8pt>

File: ../../.././nick/gpBias/fMSYRelBiasPellaExpT45.png Graphic file (type png)

<use ../../.././nick/gpBias/fMSYRelBiasPellaExpT45.png>
Package pdftex.def Info: ../../.././nick/gpBias/fMSYRelBiasPellaExpT45.png  use
d on input line 579.
(pdftex.def)             Requested size: 109.85568pt x 109.85594pt.

Overfull \hbox (5.30759pt too wide) in paragraph at lines 579--579
[]|  [] 
 []


Underfull \hbox (badness 10000) in paragraph at lines 579--579

 []

<../../.././nick/gpBias/bMSYRelBiasPellaExpT45.png, id=1547, 481.8pt x 481.8pt>

File: ../../.././nick/gpBias/bMSYRelBiasPellaExpT45.png Graphic file (type png)

<use ../../.././nick/gpBias/bMSYRelBiasPellaExpT45.png>
Package pdftex.def Info: ../../.././nick/gpBias/bMSYRelBiasPellaExpT45.png  use
d on input line 579.
(pdftex.def)             Requested size: 109.85568pt x 109.85594pt.

Overfull \hbox (19.53394pt too wide) in paragraph at lines 579--579
[]|  [] 
 []


Underfull \hbox (badness 10000) in paragraph at lines 579--579

 []

[23

 <../../.././nick/gpBias/bioCatchExpT45X1Z0.3.png (PNG copy)> <../../.././nick/
gpBias/fMSYRelBiasPellaExpT45.png> <../../.././nick/gpBias/bMSYRelBiasPellaExpT
45.png>]
File: ../../.././nick/gpBias/bioCatchExpT45X1Z0.3.png Graphic file (type png)
<use ../../.././nick/gpBias/bioCatchExpT45X1Z0.3.png>
Package pdftex.def Info: ../../.././nick/gpBias/bioCatchExpT45X1Z0.3.png  used 
on input line 579.
(pdftex.def)             Requested size: 109.85568pt x 109.85594pt.
<../../.././nick/gpBias/bioCatchExpT90X1Z0.3.png, id=1610, 481.8pt x 481.8pt>
File: ../../.././nick/gpBias/bioCatchExpT90X1Z0.3.png Graphic file (type png)
<use ../../.././nick/gpBias/bioCatchExpT90X1Z0.3.png>
Package pdftex.def Info: ../../.././nick/gpBias/bioCatchExpT90X1Z0.3.png  used 
on input line 579.
(pdftex.def)             Requested size: 109.85568pt x 109.85594pt.
File: ../../.././nick/gpBias/fMSYRelBiasPellaExpT45.png Graphic file (type png)

<use ../../.././nick/gpBias/fMSYRelBiasPellaExpT45.png>
Package pdftex.def Info: ../../.././nick/gpBias/fMSYRelBiasPellaExpT45.png  use
d on input line 579.
(pdftex.def)             Requested size: 109.85568pt x 109.85594pt.
<../../.././nick/gpBias/fMSYRelBiasPellaExpT90.png, id=1611, 481.8pt x 481.8pt>

File: ../../.././nick/gpBias/fMSYRelBiasPellaExpT90.png Graphic file (type png)

<use ../../.././nick/gpBias/fMSYRelBiasPellaExpT90.png>
Package pdftex.def Info: ../../.././nick/gpBias/fMSYRelBiasPellaExpT90.png  use
d on input line 579.
(pdftex.def)             Requested size: 109.85568pt x 109.85594pt.

Overfull \hbox (5.30759pt too wide) in paragraph at lines 579--579
[]|  [] 
 []


Overfull \hbox (5.30759pt too wide) in paragraph at lines 579--579
|  [] 
 []

File: ../../.././nick/gpBias/bMSYRelBiasPellaExpT45.png Graphic file (type png)

<use ../../.././nick/gpBias/bMSYRelBiasPellaExpT45.png>
Package pdftex.def Info: ../../.././nick/gpBias/bMSYRelBiasPellaExpT45.png  use
d on input line 579.
(pdftex.def)             Requested size: 109.85568pt x 109.85594pt.
<../../.././nick/gpBias/bMSYRelBiasPellaExpT90.png, id=1612, 481.8pt x 481.8pt>

File: ../../.././nick/gpBias/bMSYRelBiasPellaExpT90.png Graphic file (type png)

<use ../../.././nick/gpBias/bMSYRelBiasPellaExpT90.png>
Package pdftex.def Info: ../../.././nick/gpBias/bMSYRelBiasPellaExpT90.png  use
d on input line 579.
(pdftex.def)             Requested size: 109.85568pt x 109.85594pt.

Overfull \hbox (19.53394pt too wide) in paragraph at lines 579--579
[]|  [] 
 []


Overfull \hbox (19.53394pt too wide) in paragraph at lines 579--579
|  [] 
 []

[24

 <../../.././nick/gpBias/bioCatchExpT90X1Z0.3.png (PNG copy)> <../../.././nick/
gpBias/fMSYRelBiasPellaExpT90.png (PNG copy)> <../../.././nick/gpBias/bMSYRelBi
asPellaExpT90.png>] [25

] (./advancePres.toc) [26

]
Overfull \hbox (0.76175pt too wide) detected at line 643
[]
 []

<../plots/derisoSrr.png, id=1803, 481.8pt x 481.8pt>
File: ../plots/derisoSrr.png Graphic file (type png)
<use ../plots/derisoSrr.png>
Package pdftex.def Info: ../plots/derisoSrr.png  used on input line 643.
(pdftex.def)             Requested size: 150.57372pt x 150.56947pt.
[27

 <../plots/derisoSrr.png (PNG copy)>]
<../plots/bhRP.png, id=1864, 481.8pt x 481.8pt>
File: ../plots/bhRP.png Graphic file (type png)
<use ../plots/bhRP.png>
Package pdftex.def Info: ../plots/bhRP.png  used on input line 658.
(pdftex.def)             Requested size: 150.57372pt x 150.56947pt.
 [28

 <../plots/bhRP.png>] [29

]
(./advancePres.toc) [30

]
Overfull \hbox (21.97595pt too wide) detected at line 754
[]
 []

[31

]
Underfull \hbox (badness 10000) in paragraph at lines 754--754

 []


Overfull \hbox (21.97595pt too wide) detected at line 754
[]
 []


Underfull \hbox (badness 10000) in paragraph at lines 754--754

 []

[32

]
LaTeX Font Info:    Trying to load font information for U+dsrom on input line 7
71.
 (/usr/share/texlive/texmf-dist/tex/latex/doublestroke/Udsrom.fd
File: Udsrom.fd 1995/08/01 v0.1 Double stroke roman font definitions
)
Overfull \hbox (1.71115pt too wide) detected at line 771
[]
 []

File: ../plots/hakeCatch.png Graphic file (type png)
<use ../plots/hakeCatch.png>
Package pdftex.def Info: ../plots/hakeCatch.png  used on input line 771.
(pdftex.def)             Requested size: 165.632pt x 165.62569pt.

Overfull \hbox (15.05829pt too wide) in paragraph at lines 771--771
[][] 
 []

[33

]
Overfull \hbox (12.54472pt too wide) detected at line 819
[]
 []

<../../.././nick/spline/dataPlots.png, id=2237, 481.8pt x 481.8pt>
File: ../../.././nick/spline/dataPlots.png Graphic file (type png)
<use ../../.././nick/spline/dataPlots.png>
Package pdftex.def Info: ../../.././nick/spline/dataPlots.png  used on input li
ne 819.
(pdftex.def)             Requested size: 150.57372pt x 150.56947pt.

Overfull \vbox (6.24065pt too high) detected at line 819
 []

[34

 <../../.././nick/spline/dataPlots.png (PNG copy)>]
Overfull \hbox (12.54472pt too wide) detected at line 819
[]
 []

File: ../../.././nick/spline/dataPlots.png Graphic file (type png)
<use ../../.././nick/spline/dataPlots.png>
Package pdftex.def Info: ../../.././nick/spline/dataPlots.png  used on input li
ne 819.
(pdftex.def)             Requested size: 150.57372pt x 150.56947pt.
<../../.././nick/spline/intCurves.png, id=2299, 481.8pt x 481.8pt>
File: ../../.././nick/spline/intCurves.png Graphic file (type png)
<use ../../.././nick/spline/intCurves.png>
Package pdftex.def Info: ../../.././nick/spline/intCurves.png  used on input li
ne 819.
(pdftex.def)             Requested size: 150.57372pt x 150.56947pt.

Overfull \vbox (7.24065pt too high) detected at line 819
 []

[35

 <../../.././nick/spline/intCurves.png (PNG copy)>]
File: ../../.././nick/spline/dataPlots.png Graphic file (type png)
<use ../../.././nick/spline/dataPlots.png>
Package pdftex.def Info: ../../.././nick/spline/dataPlots.png  used on input li
ne 819.
(pdftex.def)             Requested size: 150.57372pt x 150.56947pt.
File: ../../.././nick/spline/intCurves.png Graphic file (type png)
<use ../../.././nick/spline/intCurves.png>
Package pdftex.def Info: ../../.././nick/spline/intCurves.png  used on input li
ne 819.
(pdftex.def)             Requested size: 150.57372pt x 150.56947pt.

Overfull \vbox (2.78748pt too high) detected at line 819
 []

[36

] [37

]
<rockFish.png, id=2480, 716.6775pt x 422.57875pt>
File: rockFish.png Graphic file (type png)
<use rockFish.png>
Package pdftex.def Info: rockFish.png  used on input line 925.
(pdftex.def)             Requested size: 121.68661pt x 71.74716pt.
<seaGrant-logo.png, id=2481, 216.81pt x 83.31125pt>
File: seaGrant-logo.png Graphic file (type png)
<use seaGrant-logo.png>
Package pdftex.def Info: seaGrant-logo.png  used on input line 925.
(pdftex.def)             Requested size: 181.2999pt x 69.66951pt.
<dssc.jpg, id=2482, 447.6725pt x 384.43625pt>
File: dssc.jpg Graphic file (type jpg)
<use dssc.jpg>
Package pdftex.def Info: dssc.jpg  used on input line 925.
(pdftex.def)             Requested size: 119.84285pt x 102.91339pt.
 [38

 <./rockFish.png> <./seaGrant-logo.png> <./dssc.jpg>]
Overfull \vbox (0.92502pt too high) detected at line 925
 []

[39

]
<../../.././nick/gpBias/crossCovExpT45.png, id=2607, 481.8pt x 481.8pt>
File: ../../.././nick/gpBias/crossCovExpT45.png Graphic file (type png)
<use ../../.././nick/gpBias/crossCovExpT45.png>
Package pdftex.def Info: ../../.././nick/gpBias/crossCovExpT45.png  used on inp
ut line 925.
(pdftex.def)             Requested size: 215.10196pt x 215.1024pt.
 [40

 <../../.././nick/gpBias/crossCovExpT45.png (PNG copy)>]
File: ../../.././nick/gpBias/directionalBiasPellaFlatNoQ.png Graphic file (type
 png)
<use ../../.././nick/gpBias/directionalBiasPellaFlatNoQ.png>
Package pdftex.def Info: ../../.././nick/gpBias/directionalBiasPellaFlatNoQ.png
  used on input line 925.
(pdftex.def)             Requested size: 150.57372pt x 150.56947pt.
<../../.././nick/gpBias/directionalBiasPellaExpT45.png, id=2667, 481.8pt x 481.
8pt>
File: ../../.././nick/gpBias/directionalBiasPellaExpT45.png Graphic file (type 
png)
<use ../../.././nick/gpBias/directionalBiasPellaExpT45.png>
Package pdftex.def Info: ../../.././nick/gpBias/directionalBiasPellaExpT45.png 
 used on input line 925.
(pdftex.def)             Requested size: 150.57372pt x 150.56947pt.
 [41

 <../../.././nick/gpBias/directionalBiasPellaExpT45.png>] [42

]
<../plots/eulerTry.png, id=2787, 481.8pt x 481.8pt>
File: ../plots/eulerTry.png Graphic file (type png)
<use ../plots/eulerTry.png>
Package pdftex.def Info: ../plots/eulerTry.png  used on input line 925.
(pdftex.def)             Requested size: 140.12692pt x 140.12276pt.

Overfull \hbox (66.37567pt too wide) in paragraph at lines 925--925
[][] 
 []

[43

 <../plots/eulerTry.png>]
\tf@nav=\write6
\openout6 = `advancePres.nav'.

\tf@toc=\write7
\openout7 = `advancePres.toc'.

\tf@snm=\write8
\openout8 = `advancePres.snm'.

 (./advancePres.aux)
Package rerunfilecheck Info: File `advancePres.out' has not changed.
(rerunfilecheck)             Checksum: EE34DD5DE2DACBA637FBF9387A52EF38;1389.
 ) 
Here is how much of TeX's memory you used:
 28402 strings out of 478287
 589361 string characters out of 5849289
 871110 words of memory out of 5000000
 45831 multiletter control sequences out of 15000+600000
 491052 words of font info for 95 fonts, out of 8000000 for 9000
 1141 hyphenation exceptions out of 8191
 128i,19n,122p,391b,825s stack positions out of 5000i,500n,10000p,200000b,80000s
{/usr/share/texmf/fonts/enc/dvips/cm-super/cm-super-t1.enc}</usr/share/texliv
e/texmf-dist/fonts/type1/public/amsfonts/cmextra/cmbsy8.pfb></usr/share/texlive
/texmf-dist/fonts/type1/public/amsfonts/cm/cmex10.pfb></usr/share/texlive/texmf
-dist/fonts/type1/public/amsfonts/cmextra/cmex8.pfb></usr/share/texlive/texmf-d
ist/fonts/type1/public/amsfonts/cm/cmmi10.pfb></usr/share/texlive/texmf-dist/fo
nts/type1/public/amsfonts/cm/cmmi6.pfb></usr/share/texlive/texmf-dist/fonts/typ
e1/public/amsfonts/cm/cmmi8.pfb></usr/share/texlive/texmf-dist/fonts/type1/publ
ic/amsfonts/cm/cmmib10.pfb></usr/share/texlive/texmf-dist/fonts/type1/public/am
sfonts/cmextra/cmmib8.pfb></usr/share/texlive/texmf-dist/fonts/type1/public/ams
fonts/cm/cmss10.pfb></usr/share/texlive/texmf-dist/fonts/type1/public/amsfonts/
cm/cmss12.pfb></usr/share/texlive/texmf-dist/fonts/type1/public/amsfonts/cm/cms
s8.pfb></usr/share/texlive/texmf-dist/fonts/type1/public/amsfonts/cm/cmssbx10.p
fb></usr/share/texlive/texmf-dist/fonts/type1/public/amsfonts/cm/cmssi10.pfb></
usr/share/texlive/texmf-dist/fonts/type1/public/amsfonts/cm/cmssi8.pfb></usr/sh
are/texlive/texmf-dist/fonts/type1/public/amsfonts/cm/cmsy10.pfb></usr/share/te
xlive/texmf-dist/fonts/type1/public/amsfonts/cm/cmsy6.pfb></usr/share/texlive/t
exmf-dist/fonts/type1/public/amsfonts/cm/cmsy8.pfb></usr/share/texlive/texmf-di
st/fonts/type1/public/doublestroke/dsrom10.pfb></usr/share/texlive/texmf-dist/f
onts/type1/public/amsfonts/symbols/msbm10.pfb></usr/share/texmf/fonts/type1/pub
lic/cm-super/sfso1000.pfb>
Output written on advancePres.pdf (43 pages, 4134834 bytes).
PDF statistics:
 2959 PDF objects out of 2984 (max. 8388607)
 2746 compressed objects within 28 object streams
 100 named destinations out of 1000 (max. 500000)
 362 words of extra memory for PDF output out of 10000 (max. 10000000)

