This is pdfTeX, Version 3.141592653-2.6-1.40.24 (TeX Live 2022) (preloaded format=pdflatex 2023.3.2)  22 JUL 2024 12:32
entering extended mode
 restricted \write18 enabled.
 %&-line parsing enabled.
**disPres.tex
(./disPres.tex
LaTeX2e <2021-11-15> patch level 1
L3 programming layer <2022-02-24>
(/usr/local/texlive/2022/texmf-dist/tex/latex/beamer/beamer.cls
Document Class: beamer 2022/02/08 v3.66 A class for typesetting presentations
(/usr/local/texlive/2022/texmf-dist/tex/latex/beamer/beamerbasemodes.sty
(/usr/local/texlive/2022/texmf-dist/tex/latex/etoolbox/etoolbox.sty
Package: etoolbox 2020/10/05 v2.5k e-TeX tools for LaTeX (JAW)
\etb@tempcnta=\count185
)
\beamer@tempbox=\box50
\beamer@tempcount=\count186
\c@beamerpauses=\count187

(/usr/local/texlive/2022/texmf-dist/tex/latex/beamer/beamerbasedecode.sty
\beamer@slideinframe=\count188
\beamer@minimum=\count189
\beamer@decode@box=\box51
)
\beamer@commentbox=\box52
\beamer@modecount=\count190
)
(/usr/local/texlive/2022/texmf-dist/tex/generic/iftex/iftex.sty
Package: iftex 2022/02/03 v1.0f TeX engine tests
)
\headdp=\dimen138
\footheight=\dimen139
\sidebarheight=\dimen140
\beamer@tempdim=\dimen141
\beamer@finalheight=\dimen142
\beamer@animht=\dimen143
\beamer@animdp=\dimen144
\beamer@animwd=\dimen145
\beamer@leftmargin=\dimen146
\beamer@rightmargin=\dimen147
\beamer@leftsidebar=\dimen148
\beamer@rightsidebar=\dimen149
\beamer@boxsize=\dimen150
\beamer@vboxoffset=\dimen151
\beamer@descdefault=\dimen152
\beamer@descriptionwidth=\dimen153
\beamer@lastskip=\skip47
\beamer@areabox=\box53
\beamer@animcurrent=\box54
\beamer@animshowbox=\box55
\beamer@sectionbox=\box56
\beamer@logobox=\box57
\beamer@linebox=\box58
\beamer@sectioncount=\count191
\beamer@subsubsectionmax=\count192
\beamer@subsectionmax=\count193
\beamer@sectionmax=\count194
\beamer@totalheads=\count195
\beamer@headcounter=\count196
\beamer@partstartpage=\count197
\beamer@sectionstartpage=\count198
\beamer@subsectionstartpage=\count199
\beamer@animationtempa=\count266
\beamer@animationtempb=\count267
\beamer@xpos=\count268
\beamer@ypos=\count269
\beamer@ypos@offset=\count270
\beamer@showpartnumber=\count271
\beamer@currentsubsection=\count272
\beamer@coveringdepth=\count273
\beamer@sectionadjust=\count274
\beamer@toclastsection=\count275
\beamer@tocsectionnumber=\count276

(/usr/local/texlive/2022/texmf-dist/tex/latex/beamer/beamerbaseoptions.sty
(/usr/local/texlive/2022/texmf-dist/tex/latex/graphics/keyval.sty
Package: keyval 2014/10/28 v1.15 key=value parser (DPC)
\KV@toks@=\toks16
))
\beamer@paperwidth=\skip48
\beamer@paperheight=\skip49

(/usr/local/texlive/2022/texmf-dist/tex/latex/geometry/geometry.sty
Package: geometry 2020/01/02 v5.9 Page Geometry

(/usr/local/texlive/2022/texmf-dist/tex/generic/iftex/ifvtex.sty
Package: ifvtex 2019/10/25 v1.7 ifvtex legacy package. Use iftex instead.
)
\Gm@cnth=\count277
\Gm@cntv=\count278
\c@Gm@tempcnt=\count279
\Gm@bindingoffset=\dimen154
\Gm@wd@mp=\dimen155
\Gm@odd@mp=\dimen156
\Gm@even@mp=\dimen157
\Gm@layoutwidth=\dimen158
\Gm@layoutheight=\dimen159
\Gm@layouthoffset=\dimen160
\Gm@layoutvoffset=\dimen161
\Gm@dimlist=\toks17
)
(/usr/local/texlive/2022/texmf-dist/tex/latex/pgf/math/pgfmath.sty
(/usr/local/texlive/2022/texmf-dist/tex/latex/pgf/utilities/pgfrcs.sty
(/usr/local/texlive/2022/texmf-dist/tex/generic/pgf/utilities/pgfutil-common.te
x
\pgfutil@everybye=\toks18
\pgfutil@tempdima=\dimen162
\pgfutil@tempdimb=\dimen163

(/usr/local/texlive/2022/texmf-dist/tex/generic/pgf/utilities/pgfutil-common-li
sts.tex))
(/usr/local/texlive/2022/texmf-dist/tex/generic/pgf/utilities/pgfutil-latex.def
\pgfutil@abb=\box59
) (/usr/local/texlive/2022/texmf-dist/tex/generic/pgf/utilities/pgfrcs.code.tex
(/usr/local/texlive/2022/texmf-dist/tex/generic/pgf/pgf.revision.tex)
Package: pgfrcs 2021/05/15 v3.1.9a (3.1.9a)
))
(/usr/local/texlive/2022/texmf-dist/tex/latex/pgf/utilities/pgfkeys.sty
(/usr/local/texlive/2022/texmf-dist/tex/generic/pgf/utilities/pgfkeys.code.tex
\pgfkeys@pathtoks=\toks19
\pgfkeys@temptoks=\toks20

(/usr/local/texlive/2022/texmf-dist/tex/generic/pgf/utilities/pgfkeysfiltered.c
ode.tex
\pgfkeys@tmptoks=\toks21
)))
(/usr/local/texlive/2022/texmf-dist/tex/generic/pgf/math/pgfmath.code.tex
(/usr/local/texlive/2022/texmf-dist/tex/generic/pgf/math/pgfmathcalc.code.tex
(/usr/local/texlive/2022/texmf-dist/tex/generic/pgf/math/pgfmathutil.code.tex
\pgf@x=\dimen164
\pgf@xa=\dimen165
\pgf@xb=\dimen166
\pgf@xc=\dimen167
\pgf@y=\dimen168
\pgf@ya=\dimen169
\pgf@yb=\dimen170
\pgf@yc=\dimen171
\c@pgf@counta=\count280
\c@pgf@countb=\count281
\c@pgf@countc=\count282
\c@pgf@countd=\count283
)
(/usr/local/texlive/2022/texmf-dist/tex/generic/pgf/math/pgfmathparser.code.tex
\pgfmath@dimen=\dimen172
\pgfmath@count=\count284
\pgfmath@box=\box60
\pgfmath@toks=\toks22
\pgfmath@stack@operand=\toks23
\pgfmath@stack@operation=\toks24
)
(/usr/local/texlive/2022/texmf-dist/tex/generic/pgf/math/pgfmathfunctions.code.
tex
(/usr/local/texlive/2022/texmf-dist/tex/generic/pgf/math/pgfmathfunctions.basic
.code.tex)
(/usr/local/texlive/2022/texmf-dist/tex/generic/pgf/math/pgfmathfunctions.trigo
nometric.code.tex)
(/usr/local/texlive/2022/texmf-dist/tex/generic/pgf/math/pgfmathfunctions.rando
m.code.tex)
(/usr/local/texlive/2022/texmf-dist/tex/generic/pgf/math/pgfmathfunctions.compa
rison.code.tex)
(/usr/local/texlive/2022/texmf-dist/tex/generic/pgf/math/pgfmathfunctions.base.
code.tex)
(/usr/local/texlive/2022/texmf-dist/tex/generic/pgf/math/pgfmathfunctions.round
.code.tex)
(/usr/local/texlive/2022/texmf-dist/tex/generic/pgf/math/pgfmathfunctions.misc.
code.tex)
(/usr/local/texlive/2022/texmf-dist/tex/generic/pgf/math/pgfmathfunctions.integ
erarithmetics.code.tex)))
(/usr/local/texlive/2022/texmf-dist/tex/generic/pgf/math/pgfmathfloat.code.tex
\c@pgfmathroundto@lastzeros=\count285
))) (/usr/local/texlive/2022/texmf-dist/tex/latex/base/size11.clo
File: size11.clo 2021/10/04 v1.4n Standard LaTeX file (size option)
)
(/usr/local/texlive/2022/texmf-dist/tex/latex/pgf/basiclayer/pgfcore.sty
(/usr/local/texlive/2022/texmf-dist/tex/latex/graphics/graphicx.sty
Package: graphicx 2021/09/16 v1.2d Enhanced LaTeX Graphics (DPC,SPQR)

(/usr/local/texlive/2022/texmf-dist/tex/latex/graphics/graphics.sty
Package: graphics 2021/03/04 v1.4d Standard LaTeX Graphics (DPC,SPQR)

(/usr/local/texlive/2022/texmf-dist/tex/latex/graphics/trig.sty
Package: trig 2021/08/11 v1.11 sin cos tan (DPC)
)
(/usr/local/texlive/2022/texmf-dist/tex/latex/graphics-cfg/graphics.cfg
File: graphics.cfg 2016/06/04 v1.11 sample graphics configuration
)
Package graphics Info: Driver file: pdftex.def on input line 107.

(/usr/local/texlive/2022/texmf-dist/tex/latex/graphics-def/pdftex.def
File: pdftex.def 2020/10/05 v1.2a Graphics/color driver for pdftex
))
\Gin@req@height=\dimen173
\Gin@req@width=\dimen174
)
(/usr/local/texlive/2022/texmf-dist/tex/latex/pgf/systemlayer/pgfsys.sty
(/usr/local/texlive/2022/texmf-dist/tex/generic/pgf/systemlayer/pgfsys.code.tex
Package: pgfsys 2021/05/15 v3.1.9a (3.1.9a)
(/usr/local/texlive/2022/texmf-dist/tex/generic/pgf/utilities/pgfkeys.code.tex)
\pgf@x=\dimen175
\pgf@y=\dimen176
\pgf@xa=\dimen177
\pgf@ya=\dimen178
\pgf@xb=\dimen179
\pgf@yb=\dimen180
\pgf@xc=\dimen181
\pgf@yc=\dimen182
\pgf@xd=\dimen183
\pgf@yd=\dimen184
\w@pgf@writea=\write3
\r@pgf@reada=\read2
\c@pgf@counta=\count286
\c@pgf@countb=\count287
\c@pgf@countc=\count288
\c@pgf@countd=\count289
\t@pgf@toka=\toks25
\t@pgf@tokb=\toks26
\t@pgf@tokc=\toks27
\pgf@sys@id@count=\count290
(/usr/local/texlive/2022/texmf-dist/tex/generic/pgf/systemlayer/pgf.cfg
File: pgf.cfg 2021/05/15 v3.1.9a (3.1.9a)
)
Driver file for pgf: pgfsys-pdftex.def

(/usr/local/texlive/2022/texmf-dist/tex/generic/pgf/systemlayer/pgfsys-pdftex.d
ef
File: pgfsys-pdftex.def 2021/05/15 v3.1.9a (3.1.9a)

(/usr/local/texlive/2022/texmf-dist/tex/generic/pgf/systemlayer/pgfsys-common-p
df.def
File: pgfsys-common-pdf.def 2021/05/15 v3.1.9a (3.1.9a)
)))
(/usr/local/texlive/2022/texmf-dist/tex/generic/pgf/systemlayer/pgfsyssoftpath.
code.tex
File: pgfsyssoftpath.code.tex 2021/05/15 v3.1.9a (3.1.9a)
\pgfsyssoftpath@smallbuffer@items=\count291
\pgfsyssoftpath@bigbuffer@items=\count292
)
(/usr/local/texlive/2022/texmf-dist/tex/generic/pgf/systemlayer/pgfsysprotocol.
code.tex
File: pgfsysprotocol.code.tex 2021/05/15 v3.1.9a (3.1.9a)
)) (/usr/local/texlive/2022/texmf-dist/tex/latex/xcolor/xcolor.sty
Package: xcolor 2021/10/31 v2.13 LaTeX color extensions (UK)

(/usr/local/texlive/2022/texmf-dist/tex/latex/graphics-cfg/color.cfg
File: color.cfg 2016/01/02 v1.6 sample color configuration
)
Package xcolor Info: Driver file: pdftex.def on input line 227.

(/usr/local/texlive/2022/texmf-dist/tex/latex/colortbl/colortbl.sty
Package: colortbl 2020/01/04 v1.0e Color table columns (DPC)

(/usr/local/texlive/2022/texmf-dist/tex/latex/tools/array.sty
Package: array 2021/10/04 v2.5f Tabular extension package (FMi)
\col@sep=\dimen185
\ar@mcellbox=\box61
\extrarowheight=\dimen186
\NC@list=\toks28
\extratabsurround=\skip50
\backup@length=\skip51
\ar@cellbox=\box62
)
\everycr=\toks29
\minrowclearance=\skip52
)
\rownum=\count293
Package xcolor Info: Model `cmy' substituted by `cmy0' on input line 1352.
Package xcolor Info: Model `hsb' substituted by `rgb' on input line 1356.
Package xcolor Info: Model `RGB' extended on input line 1368.
Package xcolor Info: Model `HTML' substituted by `rgb' on input line 1370.
Package xcolor Info: Model `Hsb' substituted by `hsb' on input line 1371.
Package xcolor Info: Model `tHsb' substituted by `hsb' on input line 1372.
Package xcolor Info: Model `HSB' substituted by `hsb' on input line 1373.
Package xcolor Info: Model `Gray' substituted by `gray' on input line 1374.
Package xcolor Info: Model `wave' substituted by `hsb' on input line 1375.

(/usr/local/texlive/2022/texmf-dist/tex/latex/graphics/dvipsnam.def
File: dvipsnam.def 2016/06/17 v3.0m Driver-dependent file (DPC,SPQR)
))
(/usr/local/texlive/2022/texmf-dist/tex/generic/pgf/basiclayer/pgfcore.code.tex
Package: pgfcore 2021/05/15 v3.1.9a (3.1.9a)
(/usr/local/texlive/2022/texmf-dist/tex/generic/pgf/math/pgfmath.code.tex)
(/usr/local/texlive/2022/texmf-dist/tex/generic/pgf/math/pgfint.code.tex)
(/usr/local/texlive/2022/texmf-dist/tex/generic/pgf/basiclayer/pgfcorepoints.co
de.tex
File: pgfcorepoints.code.tex 2021/05/15 v3.1.9a (3.1.9a)
\pgf@picminx=\dimen187
\pgf@picmaxx=\dimen188
\pgf@picminy=\dimen189
\pgf@picmaxy=\dimen190
\pgf@pathminx=\dimen191
\pgf@pathmaxx=\dimen192
\pgf@pathminy=\dimen193
\pgf@pathmaxy=\dimen194
\pgf@xx=\dimen195
\pgf@xy=\dimen196
\pgf@yx=\dimen197
\pgf@yy=\dimen198
\pgf@zx=\dimen199
\pgf@zy=\dimen256
)
(/usr/local/texlive/2022/texmf-dist/tex/generic/pgf/basiclayer/pgfcorepathconst
ruct.code.tex
File: pgfcorepathconstruct.code.tex 2021/05/15 v3.1.9a (3.1.9a)
\pgf@path@lastx=\dimen257
\pgf@path@lasty=\dimen258
)
(/usr/local/texlive/2022/texmf-dist/tex/generic/pgf/basiclayer/pgfcorepathusage
.code.tex
File: pgfcorepathusage.code.tex 2021/05/15 v3.1.9a (3.1.9a)
\pgf@shorten@end@additional=\dimen259
\pgf@shorten@start@additional=\dimen260
)
(/usr/local/texlive/2022/texmf-dist/tex/generic/pgf/basiclayer/pgfcorescopes.co
de.tex
File: pgfcorescopes.code.tex 2021/05/15 v3.1.9a (3.1.9a)
\pgfpic=\box63
\pgf@hbox=\box64
\pgf@layerbox@main=\box65
\pgf@picture@serial@count=\count294
)
(/usr/local/texlive/2022/texmf-dist/tex/generic/pgf/basiclayer/pgfcoregraphicst
ate.code.tex
File: pgfcoregraphicstate.code.tex 2021/05/15 v3.1.9a (3.1.9a)
\pgflinewidth=\dimen261
)
(/usr/local/texlive/2022/texmf-dist/tex/generic/pgf/basiclayer/pgfcoretransform
ations.code.tex
File: pgfcoretransformations.code.tex 2021/05/15 v3.1.9a (3.1.9a)
\pgf@pt@x=\dimen262
\pgf@pt@y=\dimen263
\pgf@pt@temp=\dimen264
)
(/usr/local/texlive/2022/texmf-dist/tex/generic/pgf/basiclayer/pgfcorequick.cod
e.tex
File: pgfcorequick.code.tex 2021/05/15 v3.1.9a (3.1.9a)
)
(/usr/local/texlive/2022/texmf-dist/tex/generic/pgf/basiclayer/pgfcoreobjects.c
ode.tex
File: pgfcoreobjects.code.tex 2021/05/15 v3.1.9a (3.1.9a)
)
(/usr/local/texlive/2022/texmf-dist/tex/generic/pgf/basiclayer/pgfcorepathproce
ssing.code.tex
File: pgfcorepathprocessing.code.tex 2021/05/15 v3.1.9a (3.1.9a)
)
(/usr/local/texlive/2022/texmf-dist/tex/generic/pgf/basiclayer/pgfcorearrows.co
de.tex
File: pgfcorearrows.code.tex 2021/05/15 v3.1.9a (3.1.9a)
\pgfarrowsep=\dimen265
)
(/usr/local/texlive/2022/texmf-dist/tex/generic/pgf/basiclayer/pgfcoreshade.cod
e.tex
File: pgfcoreshade.code.tex 2021/05/15 v3.1.9a (3.1.9a)
\pgf@max=\dimen266
\pgf@sys@shading@range@num=\count295
\pgf@shadingcount=\count296
)
(/usr/local/texlive/2022/texmf-dist/tex/generic/pgf/basiclayer/pgfcoreimage.cod
e.tex
File: pgfcoreimage.code.tex 2021/05/15 v3.1.9a (3.1.9a)

(/usr/local/texlive/2022/texmf-dist/tex/generic/pgf/basiclayer/pgfcoreexternal.
code.tex
File: pgfcoreexternal.code.tex 2021/05/15 v3.1.9a (3.1.9a)
\pgfexternal@startupbox=\box66
))
(/usr/local/texlive/2022/texmf-dist/tex/generic/pgf/basiclayer/pgfcorelayers.co
de.tex
File: pgfcorelayers.code.tex 2021/05/15 v3.1.9a (3.1.9a)
)
(/usr/local/texlive/2022/texmf-dist/tex/generic/pgf/basiclayer/pgfcoretranspare
ncy.code.tex
File: pgfcoretransparency.code.tex 2021/05/15 v3.1.9a (3.1.9a)
)
(/usr/local/texlive/2022/texmf-dist/tex/generic/pgf/basiclayer/pgfcorepatterns.
code.tex
File: pgfcorepatterns.code.tex 2021/05/15 v3.1.9a (3.1.9a)
)
(/usr/local/texlive/2022/texmf-dist/tex/generic/pgf/basiclayer/pgfcorerdf.code.
tex
File: pgfcorerdf.code.tex 2021/05/15 v3.1.9a (3.1.9a)
))) (/usr/local/texlive/2022/texmf-dist/tex/latex/pgf/utilities/xxcolor.sty
Package: xxcolor 2003/10/24 ver 0.1
\XC@nummixins=\count297
\XC@countmixins=\count298
) (/usr/local/texlive/2022/texmf-dist/tex/latex/base/atbegshi-ltx.sty
Package: atbegshi-ltx 2021/01/10 v1.0c Emulation of the original atbegshi
package with kernel methods
)
(/usr/local/texlive/2022/texmf-dist/tex/latex/hyperref/hyperref.sty
Package: hyperref 2022-02-21 v7.00n Hypertext links for LaTeX

(/usr/local/texlive/2022/texmf-dist/tex/generic/ltxcmds/ltxcmds.sty
Package: ltxcmds 2020-05-10 v1.25 LaTeX kernel commands for general use (HO)
)
(/usr/local/texlive/2022/texmf-dist/tex/generic/pdftexcmds/pdftexcmds.sty
Package: pdftexcmds 2020-06-27 v0.33 Utility functions of pdfTeX for LuaTeX (HO
)

(/usr/local/texlive/2022/texmf-dist/tex/generic/infwarerr/infwarerr.sty
Package: infwarerr 2019/12/03 v1.5 Providing info/warning/error messages (HO)
)
Package pdftexcmds Info: \pdf@primitive is available.
Package pdftexcmds Info: \pdf@ifprimitive is available.
Package pdftexcmds Info: \pdfdraftmode found.
)
(/usr/local/texlive/2022/texmf-dist/tex/generic/kvsetkeys/kvsetkeys.sty
Package: kvsetkeys 2019/12/15 v1.18 Key value parser (HO)
)
(/usr/local/texlive/2022/texmf-dist/tex/generic/kvdefinekeys/kvdefinekeys.sty
Package: kvdefinekeys 2019-12-19 v1.6 Define keys (HO)
)
(/usr/local/texlive/2022/texmf-dist/tex/generic/pdfescape/pdfescape.sty
Package: pdfescape 2019/12/09 v1.15 Implements pdfTeX's escape features (HO)
)
(/usr/local/texlive/2022/texmf-dist/tex/latex/hycolor/hycolor.sty
Package: hycolor 2020-01-27 v1.10 Color options for hyperref/bookmark (HO)
)
(/usr/local/texlive/2022/texmf-dist/tex/latex/letltxmacro/letltxmacro.sty
Package: letltxmacro 2019/12/03 v1.6 Let assignment for LaTeX macros (HO)
)
(/usr/local/texlive/2022/texmf-dist/tex/latex/auxhook/auxhook.sty
Package: auxhook 2019-12-17 v1.6 Hooks for auxiliary files (HO)
)
(/usr/local/texlive/2022/texmf-dist/tex/latex/kvoptions/kvoptions.sty
Package: kvoptions 2020-10-07 v3.14 Key value format for package options (HO)
)
\@linkdim=\dimen267
\Hy@linkcounter=\count299
\Hy@pagecounter=\count300

(/usr/local/texlive/2022/texmf-dist/tex/latex/hyperref/pd1enc.def
File: pd1enc.def 2022-02-21 v7.00n Hyperref: PDFDocEncoding definition (HO)
Now handling font encoding PD1 ...
... no UTF-8 mapping file for font encoding PD1
)
(/usr/local/texlive/2022/texmf-dist/tex/generic/intcalc/intcalc.sty
Package: intcalc 2019/12/15 v1.3 Expandable calculations with integers (HO)
)
(/usr/local/texlive/2022/texmf-dist/tex/generic/etexcmds/etexcmds.sty
Package: etexcmds 2019/12/15 v1.7 Avoid name clashes with e-TeX commands (HO)
)
\Hy@SavedSpaceFactor=\count301

(/usr/local/texlive/2022/texmf-dist/tex/latex/hyperref/puenc.def
File: puenc.def 2022-02-21 v7.00n Hyperref: PDF Unicode definition (HO)
Now handling font encoding PU ...
... no UTF-8 mapping file for font encoding PU
)
Package hyperref Info: Option `bookmarks' set `true' on input line 4018.
Package hyperref Info: Option `bookmarksopen' set `true' on input line 4018.
Package hyperref Info: Option `implicit' set `false' on input line 4018.
Package hyperref Info: Hyper figures OFF on input line 4137.
Package hyperref Info: Link nesting OFF on input line 4142.
Package hyperref Info: Hyper index ON on input line 4145.
Package hyperref Info: Plain pages OFF on input line 4152.
Package hyperref Info: Backreferencing OFF on input line 4157.
Package hyperref Info: Implicit mode OFF; no redefinition of LaTeX internals.
Package hyperref Info: Bookmarks ON on input line 4390.
\c@Hy@tempcnt=\count302

(/usr/local/texlive/2022/texmf-dist/tex/latex/url/url.sty
\Urlmuskip=\muskip16
Package: url 2013/09/16  ver 3.4  Verb mode for urls, etc.
)
LaTeX Info: Redefining \url on input line 4749.
\XeTeXLinkMargin=\dimen268

(/usr/local/texlive/2022/texmf-dist/tex/generic/bitset/bitset.sty
Package: bitset 2019/12/09 v1.3 Handle bit-vector datatype (HO)

(/usr/local/texlive/2022/texmf-dist/tex/generic/bigintcalc/bigintcalc.sty
Package: bigintcalc 2019/12/15 v1.5 Expandable calculations on big integers (HO
)
))
\Fld@menulength=\count303
\Field@Width=\dimen269
\Fld@charsize=\dimen270
Package hyperref Info: Hyper figures OFF on input line 6027.
Package hyperref Info: Link nesting OFF on input line 6032.
Package hyperref Info: Hyper index ON on input line 6035.
Package hyperref Info: backreferencing OFF on input line 6042.
Package hyperref Info: Link coloring OFF on input line 6047.
Package hyperref Info: Link coloring with OCG OFF on input line 6052.
Package hyperref Info: PDF/A mode OFF on input line 6057.
LaTeX Info: Redefining \ref on input line 6097.
LaTeX Info: Redefining \pageref on input line 6101.
\Hy@abspage=\count304


Package hyperref Message: Stopped early.

)
Package hyperref Info: Driver (autodetected): hpdftex.
 (/usr/local/texlive/2022/texmf-dist/tex/latex/hyperref/hpdftex.def
File: hpdftex.def 2022-02-21 v7.00n Hyperref driver for pdfTeX

(/usr/local/texlive/2022/texmf-dist/tex/latex/base/atveryend-ltx.sty
Package: atveryend-ltx 2020/08/19 v1.0a Emulation of the original atveryend pac
kage
with kernel methods
)
\Fld@listcount=\count305
\c@bookmark@seq@number=\count306

(/usr/local/texlive/2022/texmf-dist/tex/latex/rerunfilecheck/rerunfilecheck.sty
Package: rerunfilecheck 2019/12/05 v1.9 Rerun checks for auxiliary files (HO)

(/usr/local/texlive/2022/texmf-dist/tex/generic/uniquecounter/uniquecounter.sty
Package: uniquecounter 2019/12/15 v1.4 Provide unlimited unique counter (HO)
)
Package uniquecounter Info: New unique counter `rerunfilecheck' on input line 2
86.
)) (/usr/local/texlive/2022/texmf-dist/tex/latex/beamer/beamerbaserequires.sty
(/usr/local/texlive/2022/texmf-dist/tex/latex/beamer/beamerbasecompatibility.st
y) (/usr/local/texlive/2022/texmf-dist/tex/latex/beamer/beamerbasefont.sty
(/usr/local/texlive/2022/texmf-dist/tex/latex/amsfonts/amssymb.sty
Package: amssymb 2013/01/14 v3.01 AMS font symbols

(/usr/local/texlive/2022/texmf-dist/tex/latex/amsfonts/amsfonts.sty
Package: amsfonts 2013/01/14 v3.01 Basic AMSFonts support
\@emptytoks=\toks30
\symAMSa=\mathgroup4
\symAMSb=\mathgroup5
LaTeX Font Info:    Redeclaring math symbol \hbar on input line 98.
LaTeX Font Info:    Overwriting math alphabet `\mathfrak' in version `bold'
(Font)                  U/euf/m/n --> U/euf/b/n on input line 106.
))
(/usr/local/texlive/2022/texmf-dist/tex/latex/sansmathaccent/sansmathaccent.sty
Package: sansmathaccent 2020/01/31
(/usr/local/texlive/2022/texmf-dist/tex/latex/koma-script/scrlfile.sty
Package: scrlfile 2021/11/13 v3.35 KOMA-Script package (file load hooks)

(/usr/local/texlive/2022/texmf-dist/tex/latex/koma-script/scrlfile-hook.sty
Package: scrlfile-hook 2021/11/13 v3.35 KOMA-Script package (using LaTeX hooks)


(/usr/local/texlive/2022/texmf-dist/tex/latex/koma-script/scrlogo.sty
Package: scrlogo 2021/11/13 v3.35 KOMA-Script package (logo)
)))))
(/usr/local/texlive/2022/texmf-dist/tex/latex/beamer/beamerbasetranslator.sty
(/usr/local/texlive/2022/texmf-dist/tex/latex/translator/translator.sty
Package: translator 2021-05-31 v1.12d Easy translation of strings in LaTeX
))
(/usr/local/texlive/2022/texmf-dist/tex/latex/beamer/beamerbasemisc.sty)
(/usr/local/texlive/2022/texmf-dist/tex/latex/beamer/beamerbasetwoscreens.sty)
(/usr/local/texlive/2022/texmf-dist/tex/latex/beamer/beamerbaseoverlay.sty
\beamer@argscount=\count307
\beamer@lastskipcover=\skip53
\beamer@trivlistdepth=\count308
)
(/usr/local/texlive/2022/texmf-dist/tex/latex/beamer/beamerbasetitle.sty)
(/usr/local/texlive/2022/texmf-dist/tex/latex/beamer/beamerbasesection.sty
\c@lecture=\count309
\c@part=\count310
\c@section=\count311
\c@subsection=\count312
\c@subsubsection=\count313
)
(/usr/local/texlive/2022/texmf-dist/tex/latex/beamer/beamerbaseframe.sty
\beamer@framebox=\box67
\beamer@frametitlebox=\box68
\beamer@zoombox=\box69
\beamer@zoomcount=\count314
\beamer@zoomframecount=\count315
\beamer@frametextheight=\dimen271
\c@subsectionslide=\count316
\beamer@frametopskip=\skip54
\beamer@framebottomskip=\skip55
\beamer@frametopskipautobreak=\skip56
\beamer@framebottomskipautobreak=\skip57
\beamer@envbody=\toks31
\framewidth=\dimen272
\c@framenumber=\count317
)
(/usr/local/texlive/2022/texmf-dist/tex/latex/beamer/beamerbaseverbatim.sty
\beamer@verbatimfileout=\write4
)
(/usr/local/texlive/2022/texmf-dist/tex/latex/beamer/beamerbaseframesize.sty
\beamer@splitbox=\box70
\beamer@autobreakcount=\count318
\beamer@autobreaklastheight=\dimen273
\beamer@frametitletoks=\toks32
\beamer@framesubtitletoks=\toks33
)
(/usr/local/texlive/2022/texmf-dist/tex/latex/beamer/beamerbaseframecomponents.
sty
\beamer@footins=\box71
) (/usr/local/texlive/2022/texmf-dist/tex/latex/beamer/beamerbasecolor.sty)
(/usr/local/texlive/2022/texmf-dist/tex/latex/beamer/beamerbasenotes.sty
\beamer@frameboxcopy=\box72
)
(/usr/local/texlive/2022/texmf-dist/tex/latex/beamer/beamerbasetoc.sty)
(/usr/local/texlive/2022/texmf-dist/tex/latex/beamer/beamerbasetemplates.sty
\beamer@sbttoks=\toks34

(/usr/local/texlive/2022/texmf-dist/tex/latex/beamer/beamerbaseauxtemplates.sty
(/usr/local/texlive/2022/texmf-dist/tex/latex/beamer/beamerbaseboxes.sty
\bmb@box=\box73
\bmb@colorbox=\box74
\bmb@boxwidth=\dimen274
\bmb@boxheight=\dimen275
\bmb@prevheight=\dimen276
\bmb@temp=\dimen277
\bmb@dima=\dimen278
\bmb@dimb=\dimen279
\bmb@prevheight=\dimen280
)
\beamer@blockheadheight=\dimen281
))
(/usr/local/texlive/2022/texmf-dist/tex/latex/beamer/beamerbaselocalstructure.s
ty (/usr/local/texlive/2022/texmf-dist/tex/latex/tools/enumerate.sty
Package: enumerate 2015/07/23 v3.00 enumerate extensions (DPC)
\@enLab=\toks35
)
\beamer@bibiconwidth=\skip58
\c@figure=\count319
\c@table=\count320
\abovecaptionskip=\skip59
\belowcaptionskip=\skip60
)
(/usr/local/texlive/2022/texmf-dist/tex/latex/beamer/beamerbasenavigation.sty
\beamer@section@min@dim=\dimen282
)
(/usr/local/texlive/2022/texmf-dist/tex/latex/beamer/beamerbasetheorems.sty
(/usr/local/texlive/2022/texmf-dist/tex/latex/amsmath/amsmath.sty
Package: amsmath 2021/10/15 v2.17l AMS math features
\@mathmargin=\skip61

For additional information on amsmath, use the `?' option.
(/usr/local/texlive/2022/texmf-dist/tex/latex/amsmath/amstext.sty
Package: amstext 2021/08/26 v2.01 AMS text

(/usr/local/texlive/2022/texmf-dist/tex/latex/amsmath/amsgen.sty
File: amsgen.sty 1999/11/30 v2.0 generic functions
\@emptytoks=\toks36
\ex@=\dimen283
))
(/usr/local/texlive/2022/texmf-dist/tex/latex/amsmath/amsbsy.sty
Package: amsbsy 1999/11/29 v1.2d Bold Symbols
\pmbraise@=\dimen284
)
(/usr/local/texlive/2022/texmf-dist/tex/latex/amsmath/amsopn.sty
Package: amsopn 2021/08/26 v2.02 operator names
)
\inf@bad=\count321
LaTeX Info: Redefining \frac on input line 234.
\uproot@=\count322
\leftroot@=\count323
LaTeX Info: Redefining \overline on input line 399.
\classnum@=\count324
\DOTSCASE@=\count325
LaTeX Info: Redefining \ldots on input line 496.
LaTeX Info: Redefining \dots on input line 499.
LaTeX Info: Redefining \cdots on input line 620.
\Mathstrutbox@=\box75
\strutbox@=\box76
\big@size=\dimen285
LaTeX Font Info:    Redeclaring font encoding OML on input line 743.
LaTeX Font Info:    Redeclaring font encoding OMS on input line 744.
\macc@depth=\count326
\c@MaxMatrixCols=\count327
\dotsspace@=\muskip17
\c@parentequation=\count328
\dspbrk@lvl=\count329
\tag@help=\toks37
\row@=\count330
\column@=\count331
\maxfields@=\count332
\andhelp@=\toks38
\eqnshift@=\dimen286
\alignsep@=\dimen287
\tagshift@=\dimen288
\tagwidth@=\dimen289
\totwidth@=\dimen290
\lineht@=\dimen291
\@envbody=\toks39
\multlinegap=\skip62
\multlinetaggap=\skip63
\mathdisplay@stack=\toks40
LaTeX Info: Redefining \[ on input line 2938.
LaTeX Info: Redefining \] on input line 2939.
)
(/usr/local/texlive/2022/texmf-dist/tex/latex/amscls/amsthm.sty
Package: amsthm 2020/05/29 v2.20.6
\thm@style=\toks41
\thm@bodyfont=\toks42
\thm@headfont=\toks43
\thm@notefont=\toks44
\thm@headpunct=\toks45
\thm@preskip=\skip64
\thm@postskip=\skip65
\thm@headsep=\skip66
\dth@everypar=\toks46
)
\c@theorem=\count333
)
(/usr/local/texlive/2022/texmf-dist/tex/latex/beamer/beamerbasethemes.sty))
(/usr/local/texlive/2022/texmf-dist/tex/latex/beamer/beamerthemedefault.sty
(/usr/local/texlive/2022/texmf-dist/tex/latex/beamer/beamerfontthemedefault.sty
)
(/usr/local/texlive/2022/texmf-dist/tex/latex/beamer/beamercolorthemedefault.st
y)
(/usr/local/texlive/2022/texmf-dist/tex/latex/beamer/beamerinnerthemedefault.st
y
\beamer@dima=\dimen292
\beamer@dimb=\dimen293
)
(/usr/local/texlive/2022/texmf-dist/tex/latex/beamer/beamerouterthemedefault.st
y))) (/usr/local/texlive/2022/texmf-dist/tex/latex/beamer/beamerthemeBerlin.sty

(/usr/local/texlive/2022/texmf-dist/tex/latex/beamer/beamerouterthememiniframes
.sty)
(/usr/local/texlive/2022/texmf-dist/tex/latex/beamer/beamercolorthemewhale.sty)

(/usr/local/texlive/2022/texmf-dist/tex/latex/beamer/beamercolorthemeorchid.sty
)
(/usr/local/texlive/2022/texmf-dist/tex/latex/beamer/beamerinnerthemerectangles
.sty))
\sympureletters=\mathgroup6
LaTeX Font Info:    Overwriting symbol font `pureletters' in version `bold'
(Font)                  OT1/mathkerncmss/m/sl --> OT1/mathkerncmss/bx/sl on inp
ut line 7.
 (/usr/local/texlive/2022/texmf-dist/tex/latex/tools/bm.sty
Package: bm 2021/04/25 v1.2e Bold Symbol Support (DPC/FMi)
\symboldoperators=\mathgroup7
\symboldletters=\mathgroup8
\symboldsymbols=\mathgroup9
Package bm Info: No bold for \OMX/cmex/m/n, using \pmb.
Package bm Info: No bold for \U/msa/m/n, using \pmb.
Package bm Info: No bold for \U/msb/m/n, using \pmb.
\symboldpureletters=\mathgroup10
LaTeX Font Info:    Redeclaring math alphabet \mathbf on input line 149.
)
(/usr/local/texlive/2022/texmf-dist/tex/latex/pgf/frontendlayer/tikz.sty
(/usr/local/texlive/2022/texmf-dist/tex/latex/pgf/basiclayer/pgf.sty
Package: pgf 2021/05/15 v3.1.9a (3.1.9a)

(/usr/local/texlive/2022/texmf-dist/tex/generic/pgf/modules/pgfmoduleshapes.cod
e.tex
File: pgfmoduleshapes.code.tex 2021/05/15 v3.1.9a (3.1.9a)
\pgfnodeparttextbox=\box77
)
(/usr/local/texlive/2022/texmf-dist/tex/generic/pgf/modules/pgfmoduleplot.code.
tex
File: pgfmoduleplot.code.tex 2021/05/15 v3.1.9a (3.1.9a)
)
(/usr/local/texlive/2022/texmf-dist/tex/latex/pgf/compatibility/pgfcomp-version
-0-65.sty
Package: pgfcomp-version-0-65 2021/05/15 v3.1.9a (3.1.9a)
\pgf@nodesepstart=\dimen294
\pgf@nodesepend=\dimen295
)
(/usr/local/texlive/2022/texmf-dist/tex/latex/pgf/compatibility/pgfcomp-version
-1-18.sty
Package: pgfcomp-version-1-18 2021/05/15 v3.1.9a (3.1.9a)
))
(/usr/local/texlive/2022/texmf-dist/tex/latex/pgf/utilities/pgffor.sty
(/usr/local/texlive/2022/texmf-dist/tex/generic/pgf/utilities/pgffor.code.tex
Package: pgffor 2021/05/15 v3.1.9a (3.1.9a)

(/usr/local/texlive/2022/texmf-dist/tex/generic/pgf/math/pgfmath.code.tex)
\pgffor@iter=\dimen296
\pgffor@skip=\dimen297
\pgffor@stack=\toks47
\pgffor@toks=\toks48
))
(/usr/local/texlive/2022/texmf-dist/tex/generic/pgf/frontendlayer/tikz/tikz.cod
e.tex
Package: tikz 2021/05/15 v3.1.9a (3.1.9a)

(/usr/local/texlive/2022/texmf-dist/tex/generic/pgf/libraries/pgflibraryplothan
dlers.code.tex
File: pgflibraryplothandlers.code.tex 2021/05/15 v3.1.9a (3.1.9a)
\pgf@plot@mark@count=\count334
\pgfplotmarksize=\dimen298
)
\tikz@lastx=\dimen299
\tikz@lasty=\dimen300
\tikz@lastxsaved=\dimen301
\tikz@lastysaved=\dimen302
\tikz@lastmovetox=\dimen303
\tikz@lastmovetoy=\dimen304
\tikzleveldistance=\dimen305
\tikzsiblingdistance=\dimen306
\tikz@figbox=\box78
\tikz@figbox@bg=\box79
\tikz@tempbox=\box80
\tikz@tempbox@bg=\box81
\tikztreelevel=\count335
\tikznumberofchildren=\count336
\tikznumberofcurrentchild=\count337
\tikz@fig@count=\count338

(/usr/local/texlive/2022/texmf-dist/tex/generic/pgf/modules/pgfmodulematrix.cod
e.tex
File: pgfmodulematrix.code.tex 2021/05/15 v3.1.9a (3.1.9a)
\pgfmatrixcurrentrow=\count339
\pgfmatrixcurrentcolumn=\count340
\pgf@matrix@numberofcolumns=\count341
)
\tikz@expandcount=\count342

(/usr/local/texlive/2022/texmf-dist/tex/generic/pgf/frontendlayer/tikz/librarie
s/tikzlibrarytopaths.code.tex
File: tikzlibrarytopaths.code.tex 2021/05/15 v3.1.9a (3.1.9a)
)))
(/usr/local/texlive/2022/texmf-dist/tex/latex/doublestroke/dsfont.sty
Package: dsfont 1995/08/01 v0.1 Double stroke roman fonts
)
(/usr/local/texlive/2022/texmf-dist/tex/latex/changepage/changepage.sty
Package: changepage 2009/10/20 v1.0c check page and change page layout
\c@cp@cntr=\count343
\cp@tempcnt=\count344
)
(/usr/local/texlive/2022/texmf-dist/tex/latex/pgfgantt/pgfgantt.sty
Package: pgfgantt 2018/01/10 v5.0 Draw Gantt diagrams with TikZ

(/usr/local/texlive/2022/texmf-dist/tex/generic/pgf/frontendlayer/tikz/librarie
s/tikzlibraryarrows.code.tex
File: tikzlibraryarrows.code.tex 2021/05/15 v3.1.9a (3.1.9a)

(/usr/local/texlive/2022/texmf-dist/tex/generic/pgf/libraries/pgflibraryarrows.
code.tex
File: pgflibraryarrows.code.tex 2021/05/15 v3.1.9a (3.1.9a)
\arrowsize=\dimen307
))
(/usr/local/texlive/2022/texmf-dist/tex/generic/pgf/frontendlayer/tikz/librarie
s/tikzlibrarybackgrounds.code.tex
File: tikzlibrarybackgrounds.code.tex 2021/05/15 v3.1.9a (3.1.9a)
\pgf@layerbox@background=\box82
\pgf@layerboxsaved@background=\box83
)
(/usr/local/texlive/2022/texmf-dist/tex/generic/pgf/frontendlayer/tikz/librarie
s/tikzlibrarycalc.code.tex
File: tikzlibrarycalc.code.tex 2021/05/15 v3.1.9a (3.1.9a)
)
(/usr/local/texlive/2022/texmf-dist/tex/generic/pgf/frontendlayer/tikz/librarie
s/tikzlibrarypatterns.code.tex
File: tikzlibrarypatterns.code.tex 2021/05/15 v3.1.9a (3.1.9a)

(/usr/local/texlive/2022/texmf-dist/tex/generic/pgf/libraries/pgflibrarypattern
s.code.tex
File: pgflibrarypatterns.code.tex 2021/05/15 v3.1.9a (3.1.9a)
))
(/usr/local/texlive/2022/texmf-dist/tex/generic/pgf/frontendlayer/tikz/librarie
s/tikzlibrarypositioning.code.tex
File: tikzlibrarypositioning.code.tex 2021/05/15 v3.1.9a (3.1.9a)
)
(/usr/local/texlive/2022/texmf-dist/tex/generic/pgf/frontendlayer/tikz/librarie
s/tikzlibraryshapes.geometric.code.tex
File: tikzlibraryshapes.geometric.code.tex 2021/05/15 v3.1.9a (3.1.9a)

(/usr/local/texlive/2022/texmf-dist/tex/generic/pgf/libraries/shapes/pgflibrary
shapes.geometric.code.tex
File: pgflibraryshapes.geometric.code.tex 2021/05/15 v3.1.9a (3.1.9a)
))
(/usr/local/texlive/2022/texmf-dist/tex/latex/pgf/utilities/pgfcalendar.sty
(/usr/local/texlive/2022/texmf-dist/tex/generic/pgf/utilities/pgfcalendar.code.
tex
File: pgfcalendar.code.tex 2021/05/15 v3.1.9a (3.1.9a)
 (/usr/local/texlive/2022/texmf-dist/tex/generic/pgf/math/pgfint.code.tex)
\pgfcalendarcurrentjulian=\count345
\pgf@cal@easter@Y=\count346
\pgf@cal@easter@G=\count347
\pgf@cal@easter@C=\count348
\pgf@cal@easter@X=\count349
\pgf@cal@easter@Z=\count350
\pgf@cal@easter@D=\count351
\pgf@cal@easter@E=\count352
\pgf@cal@easter@N=\count353
\pgf@cal@easter@M=\count354
\pgf@cal@easter@julianday=\count355
))
\gtt@currentline=\count356
\gtt@lasttitleline=\count357
\gtt@currgrid=\count358
\gtt@chartwidth=\count359
\gtt@lasttitleslot=\count360
\gtt@elementid=\count361
\gtt@today@slot=\count362
\gtt@startjulian=\count363
\gtt@endjulian=\count364
\gtt@chartid=\count365
\gtt@vrule@slot=\count366
\gtt@calendar@slots=\count367
\gtt@calendar@weeknumber=\count368
\gtt@calendar@startofweek=\count369
\gtt@left@slot=\count370
\gtt@right@slot=\count371
) (/usr/local/texlive/2022/texmf-dist/tex/latex/units/nicefrac.sty
Package: nicefrac 1998/08/04 v0.9b Nice fractions
\L@UnitsRaiseDisplaystyle=\skip67
\L@UnitsRaiseTextstyle=\skip68
\L@UnitsRaiseScriptstyle=\skip69

(/usr/local/texlive/2022/texmf-dist/tex/latex/base/ifthen.sty
Package: ifthen 2020/11/24 v1.1c Standard LaTeX ifthen package (DPC)
))
(/usr/local/texlive/2022/texmf-dist/tex/latex/scalerel/scalerel.sty
Package: scalerel 2016/12/29 v1.8 Routines for constrained scaling and stretchi
ng of objects, relative to a reference object or in absolute terms

(/usr/local/texlive/2022/texmf-dist/tex/latex/tools/calc.sty
Package: calc 2017/05/25 v4.3 Infix arithmetic (KKT,FJ)
\calc@Acount=\count372
\calc@Bcount=\count373
\calc@Adimen=\dimen308
\calc@Bdimen=\dimen309
\calc@Askip=\skip70
\calc@Bskip=\skip71
LaTeX Info: Redefining \setlength on input line 80.
LaTeX Info: Redefining \addtolength on input line 81.
\calc@Ccount=\count374
\calc@Cskip=\skip72
)
\thesrwidth=\skip73
\thesrheight=\skip74
\srblobheight=\skip75
\srblobdepth=\skip76
\mnxsrwidth=\skip77
\LMex=\skip78
\LMpt=\skip79
)
(/usr/local/texlive/2022/texmf-dist/tex/latex/l3backend/l3backend-pdftex.def
File: l3backend-pdftex.def 2022-02-07 L3 backend support: PDF output (pdfTeX)
\l__color_backend_stack_int=\count375
\l__pdf_internal_box=\box84
)
(./disPres.aux)
\openout1 = `disPres.aux'.

LaTeX Font Info:    Checking defaults for OML/cmm/m/it on input line 82.
LaTeX Font Info:    ... okay on input line 82.
LaTeX Font Info:    Checking defaults for OMS/cmsy/m/n on input line 82.
LaTeX Font Info:    ... okay on input line 82.
LaTeX Font Info:    Checking defaults for OT1/cmr/m/n on input line 82.
LaTeX Font Info:    ... okay on input line 82.
LaTeX Font Info:    Checking defaults for T1/cmr/m/n on input line 82.
LaTeX Font Info:    ... okay on input line 82.
LaTeX Font Info:    Checking defaults for TS1/cmr/m/n on input line 82.
LaTeX Font Info:    ... okay on input line 82.
LaTeX Font Info:    Checking defaults for OMX/cmex/m/n on input line 82.
LaTeX Font Info:    ... okay on input line 82.
LaTeX Font Info:    Checking defaults for U/cmr/m/n on input line 82.
LaTeX Font Info:    ... okay on input line 82.
LaTeX Font Info:    Checking defaults for PD1/pdf/m/n on input line 82.
LaTeX Font Info:    ... okay on input line 82.
LaTeX Font Info:    Checking defaults for PU/pdf/m/n on input line 82.
LaTeX Font Info:    ... okay on input line 82.

*geometry* driver: auto-detecting
*geometry* detected driver: pdftex
*geometry* verbose mode - [ preamble ] result:
* driver: pdftex
* paper: custom
* layout: <same size as paper>
* layoutoffset:(h,v)=(0.0pt,0.0pt)
* modes: includehead includefoot 
* h-part:(L,W,R)=(28.45274pt, 307.28987pt, 28.45274pt)
* v-part:(T,H,B)=(0.0pt, 273.14662pt, 0.0pt)
* \paperwidth=364.19536pt
* \paperheight=273.14662pt
* \textwidth=307.28987pt
* \textheight=244.6939pt
* \oddsidemargin=-43.81725pt
* \evensidemargin=-43.81725pt
* \topmargin=-72.26999pt
* \headheight=14.22636pt
* \headsep=0.0pt
* \topskip=11.0pt
* \footskip=14.22636pt
* \marginparwidth=4.0pt
* \marginparsep=10.0pt
* \columnsep=10.0pt
* \skip\footins=10.0pt plus 4.0pt minus 2.0pt
* \hoffset=0.0pt
* \voffset=0.0pt
* \mag=1000
* \@twocolumnfalse
* \@twosidefalse
* \@mparswitchfalse
* \@reversemarginfalse
* (1in=72.27pt=25.4mm, 1cm=28.453pt)

(/usr/local/texlive/2022/texmf-dist/tex/context/base/mkii/supp-pdf.mkii
[Loading MPS to PDF converter (version 2006.09.02).]
\scratchcounter=\count376
\scratchdimen=\dimen310
\scratchbox=\box85
\nofMPsegments=\count377
\nofMParguments=\count378
\everyMPshowfont=\toks49
\MPscratchCnt=\count379
\MPscratchDim=\dimen311
\MPnumerator=\count380
\makeMPintoPDFobject=\count381
\everyMPtoPDFconversion=\toks50
) (/usr/local/texlive/2022/texmf-dist/tex/latex/epstopdf-pkg/epstopdf-base.sty
Package: epstopdf-base 2020-01-24 v2.11 Base part for package epstopdf
Package epstopdf-base Info: Redefining graphics rule for `.eps' on input line 4
85.

(/usr/local/texlive/2022/texmf-dist/tex/latex/latexconfig/epstopdf-sys.cfg
File: epstopdf-sys.cfg 2010/07/13 v1.3 Configuration of (r)epstopdf for TeX Liv
e
))
Package hyperref Info: Link coloring OFF on input line 82.

(/usr/local/texlive/2022/texmf-dist/tex/latex/hyperref/nameref.sty
Package: nameref 2021-04-02 v2.47 Cross-referencing by name of section

(/usr/local/texlive/2022/texmf-dist/tex/latex/refcount/refcount.sty
Package: refcount 2019/12/15 v3.6 Data extraction from label references (HO)
)
(/usr/local/texlive/2022/texmf-dist/tex/generic/gettitlestring/gettitlestring.s
ty
Package: gettitlestring 2019/12/15 v1.6 Cleanup title references (HO)
)
\c@section@level=\count382
)
LaTeX Info: Redefining \ref on input line 82.
LaTeX Info: Redefining \pageref on input line 82.
LaTeX Info: Redefining \nameref on input line 82.
 (./disPres.out) (./disPres.out)
\@outlinefile=\write5
\openout5 = `disPres.out'.

LaTeX Font Info:    Overwriting symbol font `operators' in version `normal'
(Font)                  OT1/cmr/m/n --> OT1/cmss/m/n on input line 82.
LaTeX Font Info:    Overwriting symbol font `operators' in version `bold'
(Font)                  OT1/cmr/bx/n --> OT1/cmss/b/n on input line 82.
\symnumbers=\mathgroup11
LaTeX Font Info:    Redeclaring symbol font `pureletters' on input line 82.
LaTeX Font Info:    Overwriting symbol font `pureletters' in version `normal'
(Font)                  OT1/mathkerncmss/m/sl --> OT1/cmss/m/it on input line 8
2.
LaTeX Font Info:    Overwriting symbol font `pureletters' in version `bold'
(Font)                  OT1/mathkerncmss/bx/sl --> OT1/cmss/m/it on input line 
82.
LaTeX Font Info:    Overwriting math alphabet `\mathrm' in version `normal'
(Font)                  OT1/cmss/m/n --> OT1/cmr/m/n on input line 82.
LaTeX Font Info:    Redeclaring math alphabet \mathbf on input line 82.
LaTeX Font Info:    Redeclaring math alphabet \mathsf on input line 82.
LaTeX Font Info:    Overwriting math alphabet `\mathsf' in version `normal'
(Font)                  OT1/cmss/m/n --> OT1/cmss/m/n on input line 82.
LaTeX Font Info:    Overwriting math alphabet `\mathsf' in version `bold'
(Font)                  OT1/cmss/bx/n --> OT1/cmss/m/n on input line 82.
LaTeX Font Info:    Redeclaring math alphabet \mathit on input line 82.
LaTeX Font Info:    Overwriting math alphabet `\mathit' in version `normal'
(Font)                  OT1/cmr/m/it --> OT1/cmss/m/it on input line 82.
LaTeX Font Info:    Overwriting math alphabet `\mathit' in version `bold'
(Font)                  OT1/cmr/bx/it --> OT1/cmss/m/it on input line 82.
LaTeX Font Info:    Redeclaring math alphabet \mathtt on input line 82.
LaTeX Font Info:    Overwriting math alphabet `\mathtt' in version `normal'
(Font)                  OT1/cmtt/m/n --> OT1/cmtt/m/n on input line 82.
LaTeX Font Info:    Overwriting math alphabet `\mathtt' in version `bold'
(Font)                  OT1/cmtt/m/n --> OT1/cmtt/m/n on input line 82.
LaTeX Font Info:    Overwriting symbol font `numbers' in version `bold'
(Font)                  OT1/cmss/m/n --> OT1/cmss/b/n on input line 82.
LaTeX Font Info:    Overwriting symbol font `pureletters' in version `bold'
(Font)                  OT1/cmss/m/it --> OT1/cmss/b/it on input line 82.
LaTeX Font Info:    Overwriting math alphabet `\mathrm' in version `bold'
(Font)                  OT1/cmss/b/n --> OT1/cmr/b/n on input line 82.
LaTeX Font Info:    Overwriting math alphabet `\mathbf' in version `bold'
(Font)                  OT1/cmss/b/n --> OT1/cmss/b/n on input line 82.
LaTeX Font Info:    Overwriting math alphabet `\mathsf' in version `bold'
(Font)                  OT1/cmss/m/n --> OT1/cmss/b/n on input line 82.
LaTeX Font Info:    Overwriting math alphabet `\mathit' in version `bold'
(Font)                  OT1/cmss/m/it --> OT1/cmss/b/it on input line 82.
LaTeX Font Info:    Overwriting math alphabet `\mathtt' in version `bold'
(Font)                  OT1/cmtt/m/n --> OT1/cmtt/b/n on input line 82.
LaTeX Font Info:    Redeclaring symbol font `pureletters' on input line 82.
LaTeX Font Info:    Overwriting symbol font `pureletters' in version `normal'
(Font)                  OT1/cmss/m/it --> OT1/mathkerncmss/m/sl on input line 8
2.
LaTeX Font Info:    Overwriting symbol font `pureletters' in version `bold'
(Font)                  OT1/cmss/b/it --> OT1/mathkerncmss/m/sl on input line 8
2.
LaTeX Font Info:    Overwriting symbol font `pureletters' in version `bold'
(Font)                  OT1/mathkerncmss/m/sl --> OT1/mathkerncmss/bx/sl on inp
ut line 82.

(/usr/local/texlive/2022/texmf-dist/tex/latex/translator/translator-basic-dicti
onary-English.dict
Dictionary: translator-basic-dictionary, Language: English 
)
(/usr/local/texlive/2022/texmf-dist/tex/latex/translator/translator-bibliograph
y-dictionary-English.dict
Dictionary: translator-bibliography-dictionary, Language: English 
)
(/usr/local/texlive/2022/texmf-dist/tex/latex/translator/translator-environment
-dictionary-English.dict
Dictionary: translator-environment-dictionary, Language: English 
)
(/usr/local/texlive/2022/texmf-dist/tex/latex/translator/translator-months-dict
ionary-English.dict
Dictionary: translator-months-dictionary, Language: English 
)
(/usr/local/texlive/2022/texmf-dist/tex/latex/translator/translator-numbers-dic
tionary-English.dict
Dictionary: translator-numbers-dictionary, Language: English 
)
(/usr/local/texlive/2022/texmf-dist/tex/latex/translator/translator-theorem-dic
tionary-English.dict
Dictionary: translator-theorem-dictionary, Language: English 
) (./disPres.nav)
<noaaText.png, id=65, 628.43478pt x 471.32608pt>
File: noaaText.png Graphic file (type png)
<use noaaText.png>
Package pdftex.def Info: noaaText.png  used on input line 96.
(pdftex.def)             Requested size: 90.34514pt x 67.7544pt.
LaTeX Font Info:    Trying to load font information for U+msa on input line 96.


(/usr/local/texlive/2022/texmf-dist/tex/latex/amsfonts/umsa.fd
File: umsa.fd 2013/01/14 v3.01 AMS symbols A
)
LaTeX Font Info:    Trying to load font information for U+msb on input line 96.


(/usr/local/texlive/2022/texmf-dist/tex/latex/amsfonts/umsb.fd
File: umsb.fd 2013/01/14 v3.01 AMS symbols B
)
LaTeX Font Info:    Trying to load font information for OT1+mathkerncmss on inp
ut line 96.

(/usr/local/texlive/2022/texmf-dist/tex/latex/sansmathaccent/ot1mathkerncmss.fd
File: ot1mathkerncmss.fd 2020/01/31 Fontinst v1.933 font definitions for OT1/ma
thkerncmss.
)
<slug.jpg, id=67, 301.125pt x 254.9525pt>
File: slug.jpg Graphic file (type jpg)
<use slug.jpg>
Package pdftex.def Info: slug.jpg  used on input line 96.
(pdftex.def)             Requested size: 82.816pt x 70.11798pt.
 [1{/usr/local/texlive/2022/texmf-var/fonts/map/pdftex/updmap/pdftex.map}

 <./noaaText.png> <./slug.jpg>] (./disPres.toc) [2

] (./disPres.toc) [3

] [4

] [5

]
(./disPres.toc) [6

]
<../plots/srrSchaeffer.png, id=496, 481.8pt x 481.8pt>
File: ../plots/srrSchaeffer.png Graphic file (type png)
<use ../plots/srrSchaeffer.png>
Package pdftex.def Info: ../plots/srrSchaeffer.png  used on input line 156.
(pdftex.def)             Requested size: 105.40114pt x 105.40083pt.
 [7

 <../plots/srrSchaeffer.png>]
<../../ptNew/g4PT.png, id=563, 481.8pt x 481.8pt>
File: ../../ptNew/g4PT.png Graphic file (type png)
<use ../../ptNew/g4PT.png>
Package pdftex.def Info: ../../ptNew/g4PT.png  used on input line 164.
(pdftex.def)             Requested size: 150.57372pt x 150.56947pt.
 [8

 <../../ptNew/g4PT.png>]
[9

]
pdfTeX warning (ext4): destination with the same identifier (name{ptRP}) has be
en already used, duplicate ignored
<to be read again> 
                   \relax 
l.200 \end{frame}
                  [10

]
<../../ptNew/relFish.png, id=756, 481.8pt x 481.8pt>
File: ../../ptNew/relFish.png Graphic file (type png)
<use ../../ptNew/relFish.png>
Package pdftex.def Info: ../../ptNew/relFish.png  used on input line 220.
(pdftex.def)             Requested size: 135.20828pt x 135.20448pt.
<../../ptNew/relSeries.png, id=757, 481.8pt x 481.8pt>
File: ../../ptNew/relSeries.png Graphic file (type png)
<use ../../ptNew/relSeries.png>
Package pdftex.def Info: ../../ptNew/relSeries.png  used on input line 220.
(pdftex.def)             Requested size: 135.20828pt x 135.20448pt.
 [11

 <../../ptNew/relFish.png> <../../ptNew/relSeries.png>]
<../../ptNew/srrCompareFlatT30X0.12Z0.573.png, id=824, 481.8pt x 481.8pt>
File: ../../ptNew/srrCompareFlatT30X0.12Z0.573.png Graphic file (type png)
<use ../../ptNew/srrCompareFlatT30X0.12Z0.573.png>
Package pdftex.def Info: ../../ptNew/srrCompareFlatT30X0.12Z0.573.png  used on 
input line 228.
(pdftex.def)             Requested size: 73.75125pt x 73.74455pt.
<../../ptNew/srrCompareFlatT30X0.674Z0.599.png, id=825, 481.8pt x 481.8pt>
File: ../../ptNew/srrCompareFlatT30X0.674Z0.599.png Graphic file (type png)
<use ../../ptNew/srrCompareFlatT30X0.674Z0.599.png>
Package pdftex.def Info: ../../ptNew/srrCompareFlatT30X0.674Z0.599.png  used on
 input line 228.
(pdftex.def)             Requested size: 73.75125pt x 73.74455pt.
<../../ptNew/srrCompareFlatT30X0.096Z0.22.png, id=826, 481.8pt x 481.8pt>
File: ../../ptNew/srrCompareFlatT30X0.096Z0.22.png Graphic file (type png)
<use ../../ptNew/srrCompareFlatT30X0.096Z0.22.png>
Package pdftex.def Info: ../../ptNew/srrCompareFlatT30X0.096Z0.22.png  used on 
input line 228.
(pdftex.def)             Requested size: 73.75125pt x 73.74455pt.
<../../ptNew/srrCompareFlatT30X0.699Z0.201.png, id=827, 481.8pt x 481.8pt>
File: ../../ptNew/srrCompareFlatT30X0.699Z0.201.png Graphic file (type png)
<use ../../ptNew/srrCompareFlatT30X0.699Z0.201.png>
Package pdftex.def Info: ../../ptNew/srrCompareFlatT30X0.699Z0.201.png  used on
 input line 228.
(pdftex.def)             Requested size: 73.75125pt x 73.74455pt.
 [12

 <../../ptNew/srrCompareFlatT30X0.12Z0.573.png> <../../ptNew/srrCompareFlatT30X
0.674Z0.599.png> <../../ptNew/srrCompareFlatT30X0.096Z0.22.png> <../../ptNew/sr
rCompareFlatT30X0.699Z0.201.png>]
<../../ptNew/directionalBiasSubPTExpT45MinCon.png, id=893, 481.8pt x 481.8pt>
File: ../../ptNew/directionalBiasSubPTExpT45MinCon.png Graphic file (type png)
<use ../../ptNew/directionalBiasSubPTExpT45MinCon.png>
Package pdftex.def Info: ../../ptNew/directionalBiasSubPTExpT45MinCon.png  used
 on input line 251.
(pdftex.def)             Requested size: 135.20828pt x 135.20448pt.
<../../ptNew/directionalBiasSubPTFlatT30.png, id=894, 481.8pt x 481.8pt>
File: ../../ptNew/directionalBiasSubPTFlatT30.png Graphic file (type png)
<use ../../ptNew/directionalBiasSubPTFlatT30.png>
Package pdftex.def Info: ../../ptNew/directionalBiasSubPTFlatT30.png  used on i
nput line 251.
(pdftex.def)             Requested size: 135.20828pt x 135.20448pt.
<../../ptNew/subLegnd.png, id=895, 150.5625pt x 401.5pt>
File: ../../ptNew/subLegnd.png Graphic file (type png)
<use ../../ptNew/subLegnd.png>
Package pdftex.def Info: ../../ptNew/subLegnd.png  used on input line 251.
(pdftex.def)             Requested size: 41.48242pt x 110.61807pt.
 [13

 <../../ptNew/directionalBiasSubPTExpT45MinCon.png> <../../ptNew/directionalBia
sSubPTFlatT30.png> <../../ptNew/subLegnd.png>]
<../../ptNew/contrastTest3.png, id=965, 481.8pt x 481.8pt>
File: ../../ptNew/contrastTest3.png Graphic file (type png)
<use ../../ptNew/contrastTest3.png>
Package pdftex.def Info: ../../ptNew/contrastTest3.png  used on input line 256.

(pdftex.def)             Requested size: 153.64493pt x 153.64247pt.
 [14

 <../../ptNew/contrastTest3.png>] (./disPres.toc) [15

]
<../../gpBias/pBHandM.png, id=1097, 481.8pt x 481.8pt>
File: ../../gpBias/pBHandM.png Graphic file (type png)
<use ../../gpBias/pBHandM.png>
Package pdftex.def Info: ../../gpBias/pBHandM.png  used on input line 279.
(pdftex.def)             Requested size: 150.57372pt x 150.56947pt.
<../../gpBias/yeildBH.png, id=1098, 481.8pt x 481.8pt>
File: ../../gpBias/yeildBH.png Graphic file (type png)
<use ../../gpBias/yeildBH.png>
Package pdftex.def Info: ../../gpBias/yeildBH.png  used on input line 279.
(pdftex.def)             Requested size: 150.57372pt x 150.56947pt.

Overfull \vbox (3.81973pt too high) detected at line 279
 []

[16

 <../../gpBias/pBHandM.png (PNG copy)> <../../gpBias/yeildBH.png>]
<../../gpBias/g3.png, id=1162, 481.8pt x 481.8pt>
File: ../../gpBias/g3.png Graphic file (type png)
<use ../../gpBias/g3.png>
Package pdftex.def Info: ../../gpBias/g3.png  used on input line 287.
(pdftex.def)             Requested size: 338.02072pt x 338.02962pt.

Overfull \hbox (30.73085pt too wide) in paragraph at lines 287--287
[]  
 []


Overfull \vbox (148.4421pt too high) detected at line 287
 []

[17

 <../../gpBias/g3.png>]
Overfull \vbox (25.78511pt too high) detected at line 310
 []

[18

] [19

]
LaTeX Font Info:    Font shape `OT1/cmss/b/n' in size <10.95> not available
(Font)              Font shape `OT1/cmss/bx/n' tried instead on input line 328.

LaTeX Font Info:    Font shape `OT1/cmss/b/n' in size <8> not available
(Font)              Font shape `OT1/cmss/bx/n' tried instead on input line 328.

LaTeX Font Info:    Font shape `OT1/cmss/b/n' in size <6> not available
(Font)              Font shape `OT1/cmss/bx/n' tried instead on input line 328.

<../../gpBias/zeta.png, id=1357, 481.8pt x 481.8pt>
File: ../../gpBias/zeta.png Graphic file (type png)
<use ../../gpBias/zeta.png>
Package pdftex.def Info: ../../gpBias/zeta.png  used on input line 328.
(pdftex.def)             Requested size: 153.64493pt x 153.64247pt.
 [20

 <../../gpBias/zeta.png>]
<../../ddBias/designLineColorHHardFlatT30N150WWideN112.png, id=1421, 481.8pt x 
481.8pt>
File: ../../ddBias/designLineColorHHardFlatT30N150WWideN112.png Graphic file (t
ype png)
<use ../../ddBias/designLineColorHHardFlatT30N150WWideN112.png>
Package pdftex.def Info: ../../ddBias/designLineColorHHardFlatT30N150WWideN112.
png  used on input line 362.
(pdftex.def)             Requested size: 175.77222pt x 175.77098pt.

Overfull \hbox (15.98018pt too wide) in paragraph at lines 362--362
[][] 
 []


Overfull \vbox (9.47969pt too high) detected at line 362
 []

[21

 <../../ddBias/designLineColorHHardFlatT30N150WWideN112.png>]
<../../gpBias/zetaRelBiasSchnuteExpT45N150Wide.png, id=1485, 481.8pt x 481.8pt>

File: ../../gpBias/zetaRelBiasSchnuteExpT45N150Wide.png Graphic file (type png)

<use ../../gpBias/zetaRelBiasSchnuteExpT45N150Wide.png>
Package pdftex.def Info: ../../gpBias/zetaRelBiasSchnuteExpT45N150Wide.png  use
d on input line 398.
(pdftex.def)             Requested size: 166.093pt x 166.08884pt.

Overfull \hbox (12.94458pt too wide) in paragraph at lines 398--398
[]|  [] 
 []


Underfull \hbox (badness 10000) in paragraph at lines 398--398

 []

<../../gpBias/directionalBiasSchnuteSubTitleExpT45N150Wide.png, id=1486, 481.8p
t x 481.8pt>
File: ../../gpBias/directionalBiasSchnuteSubTitleExpT45N150Wide.png Graphic fil
e (type png)
<use ../../gpBias/directionalBiasSchnuteSubTitleExpT45N150Wide.png>
Package pdftex.def Info: ../../gpBias/directionalBiasSchnuteSubTitleExpT45N150W
ide.png  used on input line 398.
(pdftex.def)             Requested size: 162.24951pt x 162.24393pt.
<../../gpBias/fMSYRelBiasSchnuteExpT45N150Wide.png, id=1487, 481.8pt x 481.8pt>

File: ../../gpBias/fMSYRelBiasSchnuteExpT45N150Wide.png Graphic file (type png)

<use ../../gpBias/fMSYRelBiasSchnuteExpT45N150Wide.png>
Package pdftex.def Info: ../../gpBias/fMSYRelBiasSchnuteExpT45N150Wide.png  use
d on input line 398.
(pdftex.def)             Requested size: 162.24951pt x 162.24393pt.

Overfull \hbox (26.62912pt too wide) in paragraph at lines 398--398
[]|  [] 
 []


Overfull \hbox (26.62912pt too wide) in paragraph at lines 398--398
|  [] 
 []

<../../gpBias/legendSubSchnute.png, id=1488, 150.5625pt x 401.5pt>
File: ../../gpBias/legendSubSchnute.png Graphic file (type png)
<use ../../gpBias/legendSubSchnute.png>
Package pdftex.def Info: ../../gpBias/legendSubSchnute.png  used on input line 
398.
(pdftex.def)             Requested size: 36.57123pt x 97.51985pt.

Overfull \hbox (23.1825pt too wide) in paragraph at lines 398--398
[]|  [] 
 []


Overfull \vbox (209.41313pt too high) detected at line 398
 []

[22

 <../../gpBias/zetaRelBiasSchnuteExpT45N150Wide.png> <../../gpBias/directionalB
iasSchnuteSubTitleExpT45N150Wide.png> <../../gpBias/fMSYRelBiasSchnuteExpT45N15
0Wide.png> <../../gpBias/legendSubSchnute.png>]
<../../gpBias/directionalBiasSchnuteSubHHardFlatT30N150WWideN112.png, id=1556, 
481.8pt x 481.8pt>
File: ../../gpBias/directionalBiasSchnuteSubHHardFlatT30N150WWideN112.png Graph
ic file (type png)
<use ../../gpBias/directionalBiasSchnuteSubHHardFlatT30N150WWideN112.png>
Package pdftex.def Info: ../../gpBias/directionalBiasSchnuteSubHHardFlatT30N150
WWideN112.png  used on input line 412.
(pdftex.def)             Requested size: 141.35306pt x 141.35048pt.
File: ../../gpBias/legendSubSchnute.png Graphic file (type png)
<use ../../gpBias/legendSubSchnute.png>
Package pdftex.def Info: ../../gpBias/legendSubSchnute.png  used on input line 
412.
(pdftex.def)             Requested size: 31.34221pt x 83.57619pt.

Overfull \hbox (186.05544pt too wide) in paragraph at lines 412--412
[]|  [] 
 []

[23

 <../../gpBias/directionalBiasSchnuteSubHHardFlatT30N150WWideN112.png>]
(./disPres.toc) [24

] [25

]
File: ../../gpBias/g3.png Graphic file (type png)
<use ../../gpBias/g3.png>
Package pdftex.def Info: ../../gpBias/g3.png  used on input line 473.
(pdftex.def)             Requested size: 175.77222pt x 175.77098pt.

Overfull \hbox (15.98018pt too wide) in paragraph at lines 473--473
[][]
 []


Underfull \hbox (badness 10000) in paragraph at lines 473--473

 []


Overfull \vbox (23.0797pt too high) detected at line 473
 []

[26

]
File: ../../ddBias/designLineColorHHardFlatT30N150WWideN112.png Graphic file (t
ype png)
<use ../../ddBias/designLineColorHHardFlatT30N150WWideN112.png>
Package pdftex.def Info: ../../ddBias/designLineColorHHardFlatT30N150WWideN112.
png  used on input line 473.
(pdftex.def)             Requested size: 175.77222pt x 175.77098pt.

Overfull \hbox (15.98018pt too wide) in paragraph at lines 473--473
[][]
 []


Underfull \hbox (badness 10000) in paragraph at lines 473--473

 []


Overfull \vbox (23.0797pt too high) detected at line 473
 []

[27

]
<../../ddBias/rpTriptic.png, id=1876, 481.8pt x 481.8pt>
File: ../../ddBias/rpTriptic.png Graphic file (type png)
<use ../../ddBias/rpTriptic.png>
Package pdftex.def Info: ../../ddBias/rpTriptic.png  used on input line 506.
(pdftex.def)             Requested size: 76.79176pt x 76.78815pt.
<../../ddBias/growthTriptic.png, id=1877, 1445.4pt x 481.8pt>
File: ../../ddBias/growthTriptic.png Graphic file (type png)
<use ../../ddBias/growthTriptic.png>
Package pdftex.def Info: ../../ddBias/growthTriptic.png  used on input line 506
.
(pdftex.def)             Requested size: 76.79176pt x 25.59114pt.
 [28

 <../../ddBias/rpTriptic.png> <../../ddBias/growthTriptic.png>]
Overfull \hbox (12.60909pt too wide) detected at line 542
[]
 []


Overfull \vbox (10.32245pt too high) detected at line 542
 []

[29

]
<../../ddBias/directionalBiasDDSubFlatT45N150A0-1AS0.1K10N56Reds 2.png, id=2010
, 481.8pt x 481.8pt>
File: ../../ddBias/directionalBiasDDSubFlatT45N150A0-1AS0.1K10N56Reds 2.png Gra
phic file (type png)
<use ../../ddBias/directionalBiasDDSubFlatT45N150A0-1AS0.1K10N56Reds 2.png>
Package pdftex.def Info: ../../ddBias/directionalBiasDDSubFlatT45N150A0-1AS0.1K
10N56Reds 2.png  used on input line 549.
(pdftex.def)             Requested size: 101.40622pt x 101.40154pt.
<../../ddBias/directionalBiasDDSubFlatT45N150A0-1AS1K0.5N56Purples.png, id=2011
, 481.8pt x 481.8pt>
File: ../../ddBias/directionalBiasDDSubFlatT45N150A0-1AS1K0.5N56Purples.png Gra
phic file (type png)
<use ../../ddBias/directionalBiasDDSubFlatT45N150A0-1AS1K0.5N56Purples.png>
Package pdftex.def Info: ../../ddBias/directionalBiasDDSubFlatT45N150A0-1AS1K0.
5N56Purples.png  used on input line 549.
(pdftex.def)             Requested size: 101.40622pt x 101.40154pt.
<../../ddBias/directionalBiasDDSubFlatT45N150A0-1AS2K0.1N84EdgeBlues.png, id=20
12, 481.8pt x 481.8pt>
File: ../../ddBias/directionalBiasDDSubFlatT45N150A0-1AS2K0.1N84EdgeBlues.png G
raphic file (type png)
<use ../../ddBias/directionalBiasDDSubFlatT45N150A0-1AS2K0.1N84EdgeBlues.png>
Package pdftex.def Info: ../../ddBias/directionalBiasDDSubFlatT45N150A0-1AS2K0.
1N84EdgeBlues.png  used on input line 549.
(pdftex.def)             Requested size: 101.40622pt x 101.40154pt.
 [30

 <../../ddBias/directionalBiasDDSubFlatT45N150A0-1AS0.1K10N56Reds 2.png (PNG co
py)> <../../ddBias/directionalBiasDDSubFlatT45N150A0-1AS1K0.5N56Purples.png (PN
G copy)> <../../ddBias/directionalBiasDDSubFlatT45N150A0-1AS2K0.1N84EdgeBlues.p
ng (PNG copy)>]
<../../ddBias/vbPoster.png, id=2074, 401.5pt x 401.5pt>
File: ../../ddBias/vbPoster.png Graphic file (type png)
<use ../../ddBias/vbPoster.png>
Package pdftex.def Info: ../../ddBias/vbPoster.png  used on input line 556.
(pdftex.def)             Requested size: 150.57372pt x 150.57437pt.
<../../ddBias/relErrorImagesBHDD0.5.png, id=2075, 481.8pt x 481.8pt>
File: ../../ddBias/relErrorImagesBHDD0.5.png Graphic file (type png)
<use ../../ddBias/relErrorImagesBHDD0.5.png>
Package pdftex.def Info: ../../ddBias/relErrorImagesBHDD0.5.png  used on input 
line 556.
(pdftex.def)             Requested size: 73.75125pt x 73.74455pt.
 [31

 <../../ddBias/vbPoster.png> <../../ddBias/relErrorImagesBHDD0.5.png (PNG copy)
>]
<../../ddBias/rpSpaceww.png, id=2140, 505.89pt x 505.89pt>
File: ../../ddBias/rpSpaceww.png Graphic file (type png)
<use ../../ddBias/rpSpaceww.png>
Package pdftex.def Info: ../../ddBias/rpSpaceww.png  used on input line 561.
(pdftex.def)             Requested size: 165.93446pt x 165.93298pt.
 [32

 <../../ddBias/rpSpaceww.png>]
<rockFish.png, id=2204, 716.6775pt x 422.57875pt>
File: rockFish.png Graphic file (type png)
<use rockFish.png>
Package pdftex.def Info: rockFish.png  used on input line 1415.
(pdftex.def)             Requested size: 121.68661pt x 71.74716pt.
<seaGrant-logo.png, id=2205, 216.81pt x 83.31125pt>
File: seaGrant-logo.png Graphic file (type png)
<use seaGrant-logo.png>
Package pdftex.def Info: seaGrant-logo.png  used on input line 1415.
(pdftex.def)             Requested size: 212.03075pt x 81.47919pt.
<slugArms_blank background.png, id=2206, 1027.84pt x 1027.84pt>
File: slugArms_blank background.png Graphic file (type png)
<use slugArms_blank background.png>
Package pdftex.def Info: slugArms_blank background.png  used on input line 1415
.
(pdftex.def)             Requested size: 89.112pt x 89.09827pt.
 [33

 <./rockFish.png> <./seaGrant-logo.png> <./slugArms_blank background.png>]
Overfull \vbox (0.92502pt too high) detected at line 1415
 []

[34

]
<../../ptNew/directionalBiasSubPTExpT45Sig0.15Half.png, id=2337, 481.8pt x 481.
8pt>
File: ../../ptNew/directionalBiasSubPTExpT45Sig0.15Half.png Graphic file (type 
png)
<use ../../ptNew/directionalBiasSubPTExpT45Sig0.15Half.png>
Package pdftex.def Info: ../../ptNew/directionalBiasSubPTExpT45Sig0.15Half.png 
 used on input line 1415.
(pdftex.def)             Requested size: 98.335pt x 98.32854pt.
<../../ptNew/directionalBiasSubPTExpT45Sig0.15.png, id=2338, 481.8pt x 481.8pt>

File: ../../ptNew/directionalBiasSubPTExpT45Sig0.15.png Graphic file (type png)

<use ../../ptNew/directionalBiasSubPTExpT45Sig0.15.png>
Package pdftex.def Info: ../../ptNew/directionalBiasSubPTExpT45Sig0.15.png  use
d on input line 1415.
(pdftex.def)             Requested size: 98.335pt x 98.32854pt.
<../../ptNew/directionalBiasSubPTExpT45Sig0.1N600.png, id=2339, 481.8pt x 481.8
pt>
File: ../../ptNew/directionalBiasSubPTExpT45Sig0.1N600.png Graphic file (type p
ng)
<use ../../ptNew/directionalBiasSubPTExpT45Sig0.1N600.png>
Package pdftex.def Info: ../../ptNew/directionalBiasSubPTExpT45Sig0.1N600.png  
used on input line 1415.
(pdftex.def)             Requested size: 98.335pt x 98.32854pt.
 [35

 <../../ptNew/directionalBiasSubPTExpT45Sig0.15Half.png> <../../ptNew/direction
alBiasSubPTExpT45Sig0.15.png> <../../ptNew/directionalBiasSubPTExpT45Sig0.1N600
.png>]
<../../ddBias/magExpT45N300AS0.1K10.png, id=2404, 481.8pt x 481.8pt>
File: ../../ddBias/magExpT45N300AS0.1K10.png Graphic file (type png)
<use ../../ddBias/magExpT45N300AS0.1K10.png>
Package pdftex.def Info: ../../ddBias/magExpT45N300AS0.1K10.png  used on input 
line 1415.
(pdftex.def)             Requested size: 150.57372pt x 150.56947pt.
<../../ddBias/magFlatT45N150A0-1AS0.1K10N56.png, id=2405, 481.8pt x 481.8pt>
File: ../../ddBias/magFlatT45N150A0-1AS0.1K10N56.png Graphic file (type png)
<use ../../ddBias/magFlatT45N150A0-1AS0.1K10N56.png>
Package pdftex.def Info: ../../ddBias/magFlatT45N150A0-1AS0.1K10N56.png  used o
n input line 1415.
(pdftex.def)             Requested size: 150.57372pt x 150.56947pt.
<../../ddBias/legendMagBias.png, id=2406, 150.5625pt x 401.5pt>
File: ../../ddBias/legendMagBias.png Graphic file (type png)
<use ../../ddBias/legendMagBias.png>
Package pdftex.def Info: ../../ddBias/legendMagBias.png  used on input line 141
5.
(pdftex.def)             Requested size: 61.45703pt x 163.88701pt.
 [36

 <../../ddBias/magExpT45N300AS0.1K10.png (PNG copy)> <../../ddBias/magFlatT45N1
50A0-1AS0.1K10N56.png (PNG copy)> <../../ddBias/legendMagBias.png>]
<mariacowCod.png, id=2470, 399.4925pt x 558.085pt>
File: mariacowCod.png Graphic file (type png)
<use mariacowCod.png>
Package pdftex.def Info: mariacowCod.png  used on input line 1415.
(pdftex.def)             Requested size: 153.64493pt x 214.63773pt.
 [37

 <./mariacowCod.png>]
<schnutePostWOCapTrans.png, id=2534, 745.78625pt x 591.20876pt>
File: schnutePostWOCapTrans.png Graphic file (type png)
<use schnutePostWOCapTrans.png>
Package pdftex.def Info: schnutePostWOCapTrans.png  used on input line 1415.
(pdftex.def)             Requested size: 245.83282pt x 194.87396pt.
 [38

 <./schnutePostWOCapTrans.png>]
\tf@nav=\write6
\openout6 = `disPres.nav'.

\tf@toc=\write7
\openout7 = `disPres.toc'.

\tf@snm=\write8
\openout8 = `disPres.snm'.


(./disPres.aux)

LaTeX Warning: Label(s) may have changed. Rerun to get cross-references right.


Package rerunfilecheck Warning: File `disPres.out' has changed.
(rerunfilecheck)                Rerun to get outlines right
(rerunfilecheck)                or use package `bookmark'.

Package rerunfilecheck Info: Checksums for `disPres.out':
(rerunfilecheck)             Before: F22E7DD75BB88E9E535B16DD4917DCB6;340
(rerunfilecheck)             After:  2F293C41533FE67CD01719C8BC12C429;889.
 ) 
Here is how much of TeX's memory you used:
 27997 strings out of 478268
 580947 string characters out of 5846348
 878252 words of memory out of 5000000
 45447 multiletter control sequences out of 15000+600000
 491708 words of font info for 95 fonts, out of 8000000 for 9000
 1141 hyphenation exceptions out of 8191
 128i,19n,122p,411b,784s stack positions out of 10000i,1000n,20000p,200000b,200000s
{/usr/local/texlive/2022/texmf-dist/fonts/enc/dvips/cm-super/cm-super-t1.enc}
</usr/local/texlive/2022/texmf-dist/fonts/type1/public/amsfonts/cmextra/cmbsy8.
pfb></usr/local/texlive/2022/texmf-dist/fonts/type1/public/amsfonts/cm/cmex10.p
fb></usr/local/texlive/2022/texmf-dist/fonts/type1/public/amsfonts/cmextra/cmex
7.pfb></usr/local/texlive/2022/texmf-dist/fonts/type1/public/amsfonts/cm/cmmi10
.pfb></usr/local/texlive/2022/texmf-dist/fonts/type1/public/amsfonts/cm/cmmi5.p
fb></usr/local/texlive/2022/texmf-dist/fonts/type1/public/amsfonts/cm/cmmi6.pfb
></usr/local/texlive/2022/texmf-dist/fonts/type1/public/amsfonts/cm/cmmi8.pfb><
/usr/local/texlive/2022/texmf-dist/fonts/type1/public/amsfonts/cm/cmmib10.pfb><
/usr/local/texlive/2022/texmf-dist/fonts/type1/public/amsfonts/cm/cmss10.pfb></
usr/local/texlive/2022/texmf-dist/fonts/type1/public/amsfonts/cm/cmss12.pfb></u
sr/local/texlive/2022/texmf-dist/fonts/type1/public/amsfonts/cm/cmss8.pfb></usr
/local/texlive/2022/texmf-dist/fonts/type1/public/amsfonts/cm/cmssbx10.pfb></us
r/local/texlive/2022/texmf-dist/fonts/type1/public/amsfonts/cm/cmssi10.pfb></us
r/local/texlive/2022/texmf-dist/fonts/type1/public/amsfonts/cm/cmssi8.pfb></usr
/local/texlive/2022/texmf-dist/fonts/type1/public/amsfonts/cm/cmsy10.pfb></usr/
local/texlive/2022/texmf-dist/fonts/type1/public/amsfonts/cm/cmsy5.pfb></usr/lo
cal/texlive/2022/texmf-dist/fonts/type1/public/amsfonts/cm/cmsy6.pfb></usr/loca
l/texlive/2022/texmf-dist/fonts/type1/public/amsfonts/cm/cmsy7.pfb></usr/local/
texlive/2022/texmf-dist/fonts/type1/public/amsfonts/cm/cmsy8.pfb></usr/local/te
xlive/2022/texmf-dist/fonts/type1/public/amsfonts/symbols/msbm10.pfb></usr/loca
l/texlive/2022/texmf-dist/fonts/type1/public/cm-super/sfso1000.pfb>
Output written on disPres.pdf (38 pages, 4696827 bytes).
PDF statistics:
 2712 PDF objects out of 2984 (max. 8388607)
 2485 compressed objects within 25 object streams
 108 named destinations out of 1000 (max. 500000)
 290 words of extra memory for PDF output out of 10000 (max. 10000000)

