This is pdfTeX, Version 3.141592653-2.6-1.40.22 (TeX Live 2021) (preloaded format=pdflatex 2021.11.21)  22 JAN 2023 16:47
entering extended mode
 restricted \write18 enabled.
 %&-line parsing enabled.
**marcPres.tex
(./marcPres.tex
LaTeX2e <2020-10-01> patch level 4
L3 programming layer <2021-02-18>
(/usr/local/texlive/2021/texmf-dist/tex/latex/beamer/beamer.cls
Document Class: beamer 2021/03/19 v3.62 A class for typesetting presentations
(/usr/local/texlive/2021/texmf-dist/tex/latex/beamer/beamerbasemodes.sty
(/usr/local/texlive/2021/texmf-dist/tex/latex/etoolbox/etoolbox.sty
Package: etoolbox 2020/10/05 v2.5k e-TeX tools for LaTeX (JAW)
\etb@tempcnta=\count179
)
\beamer@tempbox=\box47
\beamer@tempcount=\count180
\c@beamerpauses=\count181

(/usr/local/texlive/2021/texmf-dist/tex/latex/beamer/beamerbasedecode.sty
\beamer@slideinframe=\count182
\beamer@minimum=\count183
\beamer@decode@box=\box48
)
\beamer@commentbox=\box49
\beamer@modecount=\count184
)
(/usr/local/texlive/2021/texmf-dist/tex/generic/iftex/ifpdf.sty
Package: ifpdf 2019/10/25 v3.4 ifpdf legacy package. Use iftex instead.

(/usr/local/texlive/2021/texmf-dist/tex/generic/iftex/iftex.sty
Package: iftex 2020/03/06 v1.0d TeX engine tests
))
\headdp=\dimen138
\footheight=\dimen139
\sidebarheight=\dimen140
\beamer@tempdim=\dimen141
\beamer@finalheight=\dimen142
\beamer@animht=\dimen143
\beamer@animdp=\dimen144
\beamer@animwd=\dimen145
\beamer@leftmargin=\dimen146
\beamer@rightmargin=\dimen147
\beamer@leftsidebar=\dimen148
\beamer@rightsidebar=\dimen149
\beamer@boxsize=\dimen150
\beamer@vboxoffset=\dimen151
\beamer@descdefault=\dimen152
\beamer@descriptionwidth=\dimen153
\beamer@lastskip=\skip47
\beamer@areabox=\box50
\beamer@animcurrent=\box51
\beamer@animshowbox=\box52
\beamer@sectionbox=\box53
\beamer@logobox=\box54
\beamer@linebox=\box55
\beamer@sectioncount=\count185
\beamer@subsubsectionmax=\count186
\beamer@subsectionmax=\count187
\beamer@sectionmax=\count188
\beamer@totalheads=\count189
\beamer@headcounter=\count190
\beamer@partstartpage=\count191
\beamer@sectionstartpage=\count192
\beamer@subsectionstartpage=\count193
\beamer@animationtempa=\count194
\beamer@animationtempb=\count195
\beamer@xpos=\count196
\beamer@ypos=\count197
\beamer@ypos@offset=\count198
\beamer@showpartnumber=\count199
\beamer@currentsubsection=\count266
\beamer@coveringdepth=\count267
\beamer@sectionadjust=\count268
\beamer@tocsectionnumber=\count269

(/usr/local/texlive/2021/texmf-dist/tex/latex/beamer/beamerbaseoptions.sty
(/usr/local/texlive/2021/texmf-dist/tex/latex/graphics/keyval.sty
Package: keyval 2014/10/28 v1.15 key=value parser (DPC)
\KV@toks@=\toks15
))
\beamer@paperwidth=\skip48
\beamer@paperheight=\skip49

(/usr/local/texlive/2021/texmf-dist/tex/latex/geometry/geometry.sty
Package: geometry 2020/01/02 v5.9 Page Geometry

(/usr/local/texlive/2021/texmf-dist/tex/generic/iftex/ifvtex.sty
Package: ifvtex 2019/10/25 v1.7 ifvtex legacy package. Use iftex instead.
)
\Gm@cnth=\count270
\Gm@cntv=\count271
\c@Gm@tempcnt=\count272
\Gm@bindingoffset=\dimen154
\Gm@wd@mp=\dimen155
\Gm@odd@mp=\dimen156
\Gm@even@mp=\dimen157
\Gm@layoutwidth=\dimen158
\Gm@layoutheight=\dimen159
\Gm@layouthoffset=\dimen160
\Gm@layoutvoffset=\dimen161
\Gm@dimlist=\toks16
)
(/usr/local/texlive/2021/texmf-dist/tex/latex/base/size11.clo
File: size11.clo 2020/04/10 v1.4m Standard LaTeX file (size option)
)
(/usr/local/texlive/2021/texmf-dist/tex/latex/pgf/basiclayer/pgfcore.sty
(/usr/local/texlive/2021/texmf-dist/tex/latex/graphics/graphicx.sty
Package: graphicx 2020/09/09 v1.2b Enhanced LaTeX Graphics (DPC,SPQR)

(/usr/local/texlive/2021/texmf-dist/tex/latex/graphics/graphics.sty
Package: graphics 2020/08/30 v1.4c Standard LaTeX Graphics (DPC,SPQR)

(/usr/local/texlive/2021/texmf-dist/tex/latex/graphics/trig.sty
Package: trig 2016/01/03 v1.10 sin cos tan (DPC)
)
(/usr/local/texlive/2021/texmf-dist/tex/latex/graphics-cfg/graphics.cfg
File: graphics.cfg 2016/06/04 v1.11 sample graphics configuration
)
Package graphics Info: Driver file: pdftex.def on input line 105.

(/usr/local/texlive/2021/texmf-dist/tex/latex/graphics-def/pdftex.def
File: pdftex.def 2020/10/05 v1.2a Graphics/color driver for pdftex
))
\Gin@req@height=\dimen162
\Gin@req@width=\dimen163
)
(/usr/local/texlive/2021/texmf-dist/tex/latex/pgf/systemlayer/pgfsys.sty
(/usr/local/texlive/2021/texmf-dist/tex/latex/pgf/utilities/pgfrcs.sty
(/usr/local/texlive/2021/texmf-dist/tex/generic/pgf/utilities/pgfutil-common.te
x
\pgfutil@everybye=\toks17
\pgfutil@tempdima=\dimen164
\pgfutil@tempdimb=\dimen165

(/usr/local/texlive/2021/texmf-dist/tex/generic/pgf/utilities/pgfutil-common-li
sts.tex))
(/usr/local/texlive/2021/texmf-dist/tex/generic/pgf/utilities/pgfutil-latex.def
\pgfutil@abb=\box56
) (/usr/local/texlive/2021/texmf-dist/tex/generic/pgf/utilities/pgfrcs.code.tex
(/usr/local/texlive/2021/texmf-dist/tex/generic/pgf/pgf.revision.tex)
Package: pgfrcs 2020/12/27 v3.1.8b (3.1.8b)
))
(/usr/local/texlive/2021/texmf-dist/tex/generic/pgf/systemlayer/pgfsys.code.tex
Package: pgfsys 2020/12/27 v3.1.8b (3.1.8b)
(/usr/local/texlive/2021/texmf-dist/tex/generic/pgf/utilities/pgfkeys.code.tex
\pgfkeys@pathtoks=\toks18
\pgfkeys@temptoks=\toks19

(/usr/local/texlive/2021/texmf-dist/tex/generic/pgf/utilities/pgfkeysfiltered.c
ode.tex
\pgfkeys@tmptoks=\toks20
))
\pgf@x=\dimen166
\pgf@y=\dimen167
\pgf@xa=\dimen168
\pgf@ya=\dimen169
\pgf@xb=\dimen170
\pgf@yb=\dimen171
\pgf@xc=\dimen172
\pgf@yc=\dimen173
\pgf@xd=\dimen174
\pgf@yd=\dimen175
\w@pgf@writea=\write3
\r@pgf@reada=\read2
\c@pgf@counta=\count273
\c@pgf@countb=\count274
\c@pgf@countc=\count275
\c@pgf@countd=\count276
\t@pgf@toka=\toks21
\t@pgf@tokb=\toks22
\t@pgf@tokc=\toks23
\pgf@sys@id@count=\count277

(/usr/local/texlive/2021/texmf-dist/tex/generic/pgf/systemlayer/pgf.cfg
File: pgf.cfg 2020/12/27 v3.1.8b (3.1.8b)
)
Driver file for pgf: pgfsys-pdftex.def

(/usr/local/texlive/2021/texmf-dist/tex/generic/pgf/systemlayer/pgfsys-pdftex.d
ef
File: pgfsys-pdftex.def 2020/12/27 v3.1.8b (3.1.8b)

(/usr/local/texlive/2021/texmf-dist/tex/generic/pgf/systemlayer/pgfsys-common-p
df.def
File: pgfsys-common-pdf.def 2020/12/27 v3.1.8b (3.1.8b)
)))
(/usr/local/texlive/2021/texmf-dist/tex/generic/pgf/systemlayer/pgfsyssoftpath.
code.tex
File: pgfsyssoftpath.code.tex 2020/12/27 v3.1.8b (3.1.8b)
\pgfsyssoftpath@smallbuffer@items=\count278
\pgfsyssoftpath@bigbuffer@items=\count279
)
(/usr/local/texlive/2021/texmf-dist/tex/generic/pgf/systemlayer/pgfsysprotocol.
code.tex
File: pgfsysprotocol.code.tex 2020/12/27 v3.1.8b (3.1.8b)
)) (/usr/local/texlive/2021/texmf-dist/tex/latex/xcolor/xcolor.sty
Package: xcolor 2016/05/11 v2.12 LaTeX color extensions (UK)

(/usr/local/texlive/2021/texmf-dist/tex/latex/graphics-cfg/color.cfg
File: color.cfg 2016/01/02 v1.6 sample color configuration
)
Package xcolor Info: Driver file: pdftex.def on input line 225.

(/usr/local/texlive/2021/texmf-dist/tex/latex/colortbl/colortbl.sty
Package: colortbl 2020/01/04 v1.0e Color table columns (DPC)

(/usr/local/texlive/2021/texmf-dist/tex/latex/tools/array.sty
Package: array 2020/10/01 v2.5c Tabular extension package (FMi)
\col@sep=\dimen176
\ar@mcellbox=\box57
\extrarowheight=\dimen177
\NC@list=\toks24
\extratabsurround=\skip50
\backup@length=\skip51
\ar@cellbox=\box58
)
\everycr=\toks25
\minrowclearance=\skip52
)
\rownum=\count280
Package xcolor Info: Model `cmy' substituted by `cmy0' on input line 1348.
Package xcolor Info: Model `hsb' substituted by `rgb' on input line 1352.
Package xcolor Info: Model `RGB' extended on input line 1364.
Package xcolor Info: Model `HTML' substituted by `rgb' on input line 1366.
Package xcolor Info: Model `Hsb' substituted by `hsb' on input line 1367.
Package xcolor Info: Model `tHsb' substituted by `hsb' on input line 1368.
Package xcolor Info: Model `HSB' substituted by `hsb' on input line 1369.
Package xcolor Info: Model `Gray' substituted by `gray' on input line 1370.
Package xcolor Info: Model `wave' substituted by `hsb' on input line 1371.

(/usr/local/texlive/2021/texmf-dist/tex/latex/graphics/dvipsnam.def
File: dvipsnam.def 2016/06/17 v3.0m Driver-dependent file (DPC,SPQR)
))
(/usr/local/texlive/2021/texmf-dist/tex/generic/pgf/basiclayer/pgfcore.code.tex
Package: pgfcore 2020/12/27 v3.1.8b (3.1.8b)
(/usr/local/texlive/2021/texmf-dist/tex/generic/pgf/math/pgfmath.code.tex
(/usr/local/texlive/2021/texmf-dist/tex/generic/pgf/math/pgfmathcalc.code.tex
(/usr/local/texlive/2021/texmf-dist/tex/generic/pgf/math/pgfmathutil.code.tex)
(/usr/local/texlive/2021/texmf-dist/tex/generic/pgf/math/pgfmathparser.code.tex
\pgfmath@dimen=\dimen178
\pgfmath@count=\count281
\pgfmath@box=\box59
\pgfmath@toks=\toks26
\pgfmath@stack@operand=\toks27
\pgfmath@stack@operation=\toks28
)
(/usr/local/texlive/2021/texmf-dist/tex/generic/pgf/math/pgfmathfunctions.code.
tex
(/usr/local/texlive/2021/texmf-dist/tex/generic/pgf/math/pgfmathfunctions.basic
.code.tex)
(/usr/local/texlive/2021/texmf-dist/tex/generic/pgf/math/pgfmathfunctions.trigo
nometric.code.tex)
(/usr/local/texlive/2021/texmf-dist/tex/generic/pgf/math/pgfmathfunctions.rando
m.code.tex)
(/usr/local/texlive/2021/texmf-dist/tex/generic/pgf/math/pgfmathfunctions.compa
rison.code.tex)
(/usr/local/texlive/2021/texmf-dist/tex/generic/pgf/math/pgfmathfunctions.base.
code.tex)
(/usr/local/texlive/2021/texmf-dist/tex/generic/pgf/math/pgfmathfunctions.round
.code.tex)
(/usr/local/texlive/2021/texmf-dist/tex/generic/pgf/math/pgfmathfunctions.misc.
code.tex)
(/usr/local/texlive/2021/texmf-dist/tex/generic/pgf/math/pgfmathfunctions.integ
erarithmetics.code.tex)))
(/usr/local/texlive/2021/texmf-dist/tex/generic/pgf/math/pgfmathfloat.code.tex
\c@pgfmathroundto@lastzeros=\count282
)) (/usr/local/texlive/2021/texmf-dist/tex/generic/pgf/math/pgfint.code.tex)
(/usr/local/texlive/2021/texmf-dist/tex/generic/pgf/basiclayer/pgfcorepoints.co
de.tex
File: pgfcorepoints.code.tex 2020/12/27 v3.1.8b (3.1.8b)
\pgf@picminx=\dimen179
\pgf@picmaxx=\dimen180
\pgf@picminy=\dimen181
\pgf@picmaxy=\dimen182
\pgf@pathminx=\dimen183
\pgf@pathmaxx=\dimen184
\pgf@pathminy=\dimen185
\pgf@pathmaxy=\dimen186
\pgf@xx=\dimen187
\pgf@xy=\dimen188
\pgf@yx=\dimen189
\pgf@yy=\dimen190
\pgf@zx=\dimen191
\pgf@zy=\dimen192
)
(/usr/local/texlive/2021/texmf-dist/tex/generic/pgf/basiclayer/pgfcorepathconst
ruct.code.tex
File: pgfcorepathconstruct.code.tex 2020/12/27 v3.1.8b (3.1.8b)
\pgf@path@lastx=\dimen193
\pgf@path@lasty=\dimen194
)
(/usr/local/texlive/2021/texmf-dist/tex/generic/pgf/basiclayer/pgfcorepathusage
.code.tex
File: pgfcorepathusage.code.tex 2020/12/27 v3.1.8b (3.1.8b)
\pgf@shorten@end@additional=\dimen195
\pgf@shorten@start@additional=\dimen196
)
(/usr/local/texlive/2021/texmf-dist/tex/generic/pgf/basiclayer/pgfcorescopes.co
de.tex
File: pgfcorescopes.code.tex 2020/12/27 v3.1.8b (3.1.8b)
\pgfpic=\box60
\pgf@hbox=\box61
\pgf@layerbox@main=\box62
\pgf@picture@serial@count=\count283
)
(/usr/local/texlive/2021/texmf-dist/tex/generic/pgf/basiclayer/pgfcoregraphicst
ate.code.tex
File: pgfcoregraphicstate.code.tex 2020/12/27 v3.1.8b (3.1.8b)
\pgflinewidth=\dimen197
)
(/usr/local/texlive/2021/texmf-dist/tex/generic/pgf/basiclayer/pgfcoretransform
ations.code.tex
File: pgfcoretransformations.code.tex 2020/12/27 v3.1.8b (3.1.8b)
\pgf@pt@x=\dimen198
\pgf@pt@y=\dimen199
\pgf@pt@temp=\dimen256
)
(/usr/local/texlive/2021/texmf-dist/tex/generic/pgf/basiclayer/pgfcorequick.cod
e.tex
File: pgfcorequick.code.tex 2020/12/27 v3.1.8b (3.1.8b)
)
(/usr/local/texlive/2021/texmf-dist/tex/generic/pgf/basiclayer/pgfcoreobjects.c
ode.tex
File: pgfcoreobjects.code.tex 2020/12/27 v3.1.8b (3.1.8b)
)
(/usr/local/texlive/2021/texmf-dist/tex/generic/pgf/basiclayer/pgfcorepathproce
ssing.code.tex
File: pgfcorepathprocessing.code.tex 2020/12/27 v3.1.8b (3.1.8b)
)
(/usr/local/texlive/2021/texmf-dist/tex/generic/pgf/basiclayer/pgfcorearrows.co
de.tex
File: pgfcorearrows.code.tex 2020/12/27 v3.1.8b (3.1.8b)
\pgfarrowsep=\dimen257
)
(/usr/local/texlive/2021/texmf-dist/tex/generic/pgf/basiclayer/pgfcoreshade.cod
e.tex
File: pgfcoreshade.code.tex 2020/12/27 v3.1.8b (3.1.8b)
\pgf@max=\dimen258
\pgf@sys@shading@range@num=\count284
\pgf@shadingcount=\count285
)
(/usr/local/texlive/2021/texmf-dist/tex/generic/pgf/basiclayer/pgfcoreimage.cod
e.tex
File: pgfcoreimage.code.tex 2020/12/27 v3.1.8b (3.1.8b)

(/usr/local/texlive/2021/texmf-dist/tex/generic/pgf/basiclayer/pgfcoreexternal.
code.tex
File: pgfcoreexternal.code.tex 2020/12/27 v3.1.8b (3.1.8b)
\pgfexternal@startupbox=\box63
))
(/usr/local/texlive/2021/texmf-dist/tex/generic/pgf/basiclayer/pgfcorelayers.co
de.tex
File: pgfcorelayers.code.tex 2020/12/27 v3.1.8b (3.1.8b)
)
(/usr/local/texlive/2021/texmf-dist/tex/generic/pgf/basiclayer/pgfcoretranspare
ncy.code.tex
File: pgfcoretransparency.code.tex 2020/12/27 v3.1.8b (3.1.8b)
)
(/usr/local/texlive/2021/texmf-dist/tex/generic/pgf/basiclayer/pgfcorepatterns.
code.tex
File: pgfcorepatterns.code.tex 2020/12/27 v3.1.8b (3.1.8b)
)
(/usr/local/texlive/2021/texmf-dist/tex/generic/pgf/basiclayer/pgfcorerdf.code.
tex
File: pgfcorerdf.code.tex 2020/12/27 v3.1.8b (3.1.8b)
))) (/usr/local/texlive/2021/texmf-dist/tex/latex/pgf/utilities/xxcolor.sty
Package: xxcolor 2003/10/24 ver 0.1
\XC@nummixins=\count286
\XC@countmixins=\count287
) (/usr/local/texlive/2021/texmf-dist/tex/latex/base/atbegshi-ltx.sty
Package: atbegshi-ltx 2020/08/17 v1.0a Emulation of the original atbegshi packa
ge
with kernel methods
)
(/usr/local/texlive/2021/texmf-dist/tex/latex/hyperref/hyperref.sty
Package: hyperref 2021-02-27 v7.00k Hypertext links for LaTeX

(/usr/local/texlive/2021/texmf-dist/tex/generic/ltxcmds/ltxcmds.sty
Package: ltxcmds 2020-05-10 v1.25 LaTeX kernel commands for general use (HO)
)
(/usr/local/texlive/2021/texmf-dist/tex/generic/pdftexcmds/pdftexcmds.sty
Package: pdftexcmds 2020-06-27 v0.33 Utility functions of pdfTeX for LuaTeX (HO
)

(/usr/local/texlive/2021/texmf-dist/tex/generic/infwarerr/infwarerr.sty
Package: infwarerr 2019/12/03 v1.5 Providing info/warning/error messages (HO)
)
Package pdftexcmds Info: \pdf@primitive is available.
Package pdftexcmds Info: \pdf@ifprimitive is available.
Package pdftexcmds Info: \pdfdraftmode found.
)
(/usr/local/texlive/2021/texmf-dist/tex/generic/kvsetkeys/kvsetkeys.sty
Package: kvsetkeys 2019/12/15 v1.18 Key value parser (HO)
)
(/usr/local/texlive/2021/texmf-dist/tex/generic/kvdefinekeys/kvdefinekeys.sty
Package: kvdefinekeys 2019-12-19 v1.6 Define keys (HO)
)
(/usr/local/texlive/2021/texmf-dist/tex/generic/pdfescape/pdfescape.sty
Package: pdfescape 2019/12/09 v1.15 Implements pdfTeX's escape features (HO)
)
(/usr/local/texlive/2021/texmf-dist/tex/latex/hycolor/hycolor.sty
Package: hycolor 2020-01-27 v1.10 Color options for hyperref/bookmark (HO)
)
(/usr/local/texlive/2021/texmf-dist/tex/latex/letltxmacro/letltxmacro.sty
Package: letltxmacro 2019/12/03 v1.6 Let assignment for LaTeX macros (HO)
)
(/usr/local/texlive/2021/texmf-dist/tex/latex/auxhook/auxhook.sty
Package: auxhook 2019-12-17 v1.6 Hooks for auxiliary files (HO)
)
(/usr/local/texlive/2021/texmf-dist/tex/latex/kvoptions/kvoptions.sty
Package: kvoptions 2020-10-07 v3.14 Key value format for package options (HO)
)
\@linkdim=\dimen259
\Hy@linkcounter=\count288
\Hy@pagecounter=\count289

(/usr/local/texlive/2021/texmf-dist/tex/latex/hyperref/pd1enc.def
File: pd1enc.def 2021-02-27 v7.00k Hyperref: PDFDocEncoding definition (HO)
Now handling font encoding PD1 ...
... no UTF-8 mapping file for font encoding PD1
)
(/usr/local/texlive/2021/texmf-dist/tex/latex/hyperref/hyperref-langpatches.def
File: hyperref-langpatches.def 2021-02-27 v7.00k Hyperref: patches for babel la
nguages
) (/usr/local/texlive/2021/texmf-dist/tex/generic/intcalc/intcalc.sty
Package: intcalc 2019/12/15 v1.3 Expandable calculations with integers (HO)
)
(/usr/local/texlive/2021/texmf-dist/tex/generic/etexcmds/etexcmds.sty
Package: etexcmds 2019/12/15 v1.7 Avoid name clashes with e-TeX commands (HO)
)
\Hy@SavedSpaceFactor=\count290

(/usr/local/texlive/2021/texmf-dist/tex/latex/hyperref/puenc.def
File: puenc.def 2021-02-27 v7.00k Hyperref: PDF Unicode definition (HO)
Now handling font encoding PU ...
... no UTF-8 mapping file for font encoding PU
)
Package hyperref Info: Option `bookmarks' set `true' on input line 4073.
Package hyperref Info: Option `bookmarksopen' set `true' on input line 4073.
Package hyperref Info: Option `implicit' set `false' on input line 4073.
Package hyperref Info: Hyper figures OFF on input line 4192.
Package hyperref Info: Link nesting OFF on input line 4197.
Package hyperref Info: Hyper index ON on input line 4200.
Package hyperref Info: Plain pages OFF on input line 4207.
Package hyperref Info: Backreferencing OFF on input line 4212.
Package hyperref Info: Implicit mode OFF; no redefinition of LaTeX internals.
Package hyperref Info: Bookmarks ON on input line 4445.
\c@Hy@tempcnt=\count291

(/usr/local/texlive/2021/texmf-dist/tex/latex/url/url.sty
\Urlmuskip=\muskip16
Package: url 2013/09/16  ver 3.4  Verb mode for urls, etc.
)
LaTeX Info: Redefining \url on input line 4804.
\XeTeXLinkMargin=\dimen260

(/usr/local/texlive/2021/texmf-dist/tex/generic/bitset/bitset.sty
Package: bitset 2019/12/09 v1.3 Handle bit-vector datatype (HO)

(/usr/local/texlive/2021/texmf-dist/tex/generic/bigintcalc/bigintcalc.sty
Package: bigintcalc 2019/12/15 v1.5 Expandable calculations on big integers (HO
)
))
\Fld@menulength=\count292
\Field@Width=\dimen261
\Fld@charsize=\dimen262
Package hyperref Info: Hyper figures OFF on input line 6075.
Package hyperref Info: Link nesting OFF on input line 6080.
Package hyperref Info: Hyper index ON on input line 6083.
Package hyperref Info: backreferencing OFF on input line 6090.
Package hyperref Info: Link coloring OFF on input line 6095.
Package hyperref Info: Link coloring with OCG OFF on input line 6100.
Package hyperref Info: PDF/A mode OFF on input line 6105.
LaTeX Info: Redefining \ref on input line 6145.
LaTeX Info: Redefining \pageref on input line 6149.
\Hy@abspage=\count293


Package hyperref Message: Stopped early.

)
Package hyperref Info: Driver (autodetected): hpdftex.
 (/usr/local/texlive/2021/texmf-dist/tex/latex/hyperref/hpdftex.def
File: hpdftex.def 2021-02-27 v7.00k Hyperref driver for pdfTeX

(/usr/local/texlive/2021/texmf-dist/tex/latex/base/atveryend-ltx.sty
Package: atveryend-ltx 2020/08/19 v1.0a Emulation of the original atvery packag
e
with kernel methods
)
\Fld@listcount=\count294
\c@bookmark@seq@number=\count295

(/usr/local/texlive/2021/texmf-dist/tex/latex/rerunfilecheck/rerunfilecheck.sty
Package: rerunfilecheck 2019/12/05 v1.9 Rerun checks for auxiliary files (HO)

(/usr/local/texlive/2021/texmf-dist/tex/generic/uniquecounter/uniquecounter.sty
Package: uniquecounter 2019/12/15 v1.4 Provide unlimited unique counter (HO)
)
Package uniquecounter Info: New unique counter `rerunfilecheck' on input line 2
86.
)) (/usr/local/texlive/2021/texmf-dist/tex/latex/beamer/beamerbaserequires.sty
(/usr/local/texlive/2021/texmf-dist/tex/latex/beamer/beamerbasecompatibility.st
y) (/usr/local/texlive/2021/texmf-dist/tex/latex/beamer/beamerbasefont.sty
(/usr/local/texlive/2021/texmf-dist/tex/latex/amsfonts/amssymb.sty
Package: amssymb 2013/01/14 v3.01 AMS font symbols

(/usr/local/texlive/2021/texmf-dist/tex/latex/amsfonts/amsfonts.sty
Package: amsfonts 2013/01/14 v3.01 Basic AMSFonts support
\@emptytoks=\toks29
\symAMSa=\mathgroup4
\symAMSb=\mathgroup5
LaTeX Font Info:    Redeclaring math symbol \hbar on input line 98.
LaTeX Font Info:    Overwriting math alphabet `\mathfrak' in version `bold'
(Font)                  U/euf/m/n --> U/euf/b/n on input line 106.
))
(/usr/local/texlive/2021/texmf-dist/tex/latex/sansmathaccent/sansmathaccent.sty
Package: sansmathaccent 2020/01/31
(/usr/local/texlive/2021/texmf-dist/tex/latex/koma-script/scrlfile.sty
Package: scrlfile 2021/03/17 v3.33 KOMA-Script package (file load hooks)

(/usr/local/texlive/2021/texmf-dist/tex/latex/koma-script/scrlfile-hook.sty
Package: scrlfile-hook 2021/03/17 v3.33 KOMA-Script package (using LaTeX hooks)


LaTeX3 Info: Defining command \BeforeFile with sig. 'm' on line 61.


LaTeX3 Info: Defining command \AfterFile with sig. 'm' on line 65.


LaTeX3 Info: Defining command \BeforeClass with sig. 'm' on line 69.


LaTeX3 Info: Defining command \BeforePackage with sig. 'm' on line 73.


LaTeX3 Info: Defining command \AfterAtEndOfClass with sig. 'smo+m' on line 83.


LaTeX3 Info: Defining command \AfterAtEndOfPackage with sig. 'smo+m' on line
(LaTeX3)     93.


LaTeX3 Info: Defining command \scrlfile@AfterClass with sig. 'smo+m' on line
(LaTeX3)     173.


LaTeX3 Info: Defining command \AfterClass with sig. '' on line 174.


LaTeX3 Info: Defining command \scrlfile@AfterPackage with sig. 'smo+m' on line
(LaTeX3)     191.


LaTeX3 Info: Defining command \AfterPackage with sig. '' on line 192.


LaTeX3 Info: Defining command \ReplaceInput with sig. '' on line 193.


LaTeX3 Info: Defining command \ReplaceClass with sig. 'mm' on line 196.


LaTeX3 Info: Defining command \ReplacePackage with sig. 'mm' on line 199.


LaTeX3 Info: Defining command \UnReplaceInput with sig. '' on line 200.


LaTeX3 Info: Defining command \UnReplaceClass with sig. 'm' on line 203.


LaTeX3 Info: Defining command \UnReplacePackage with sig. 'mm' on line 206.


LaTeX3 Info: Defining command \PreventPackageFromLoading with sig. 's+om' on
(LaTeX3)     line 234.


LaTeX3 Info: Defining command \StorePreventPackageFromLoading with sig. 'm' on
(LaTeX3)     line 242.


LaTeX3 Info: Defining command \ResetPreventPackageFromLoading with sig. '' on
(LaTeX3)     line 247.


LaTeX3 Info: Defining command \UnPreventPackageFromLoading with sig. 'sm' on
(LaTeX3)     line 261.


LaTeX3 Info: Defining command \BeforeClosingMainAux with sig. 'om' on line
(LaTeX3)     274.


LaTeX3 Info: Defining command \AfterReadingMainAux with sig. 'om' on line 287.


LaTeX3 Info: Defining command \protected@immediate@write with sig. 'm+m+m' on
(LaTeX3)     line 298.


(/usr/local/texlive/2021/texmf-dist/tex/latex/koma-script/scrlogo.sty
Package: scrlogo 2021/03/17 v3.33 KOMA-Script package (logo)
)))))
(/usr/local/texlive/2021/texmf-dist/tex/latex/beamer/beamerbasetranslator.sty
(/usr/local/texlive/2021/texmf-dist/tex/latex/translator/translator.sty
Package: translator 2020-08-03 v1.12c Easy translation of strings in LaTeX
))
(/usr/local/texlive/2021/texmf-dist/tex/latex/beamer/beamerbasemisc.sty)
(/usr/local/texlive/2021/texmf-dist/tex/latex/beamer/beamerbasetwoscreens.sty)
(/usr/local/texlive/2021/texmf-dist/tex/latex/beamer/beamerbaseoverlay.sty
\beamer@argscount=\count296
\beamer@lastskipcover=\skip53
\beamer@trivlistdepth=\count297
)
(/usr/local/texlive/2021/texmf-dist/tex/latex/beamer/beamerbasetitle.sty)
(/usr/local/texlive/2021/texmf-dist/tex/latex/beamer/beamerbasesection.sty
\c@lecture=\count298
\c@part=\count299
\c@section=\count300
\c@subsection=\count301
\c@subsubsection=\count302
)
(/usr/local/texlive/2021/texmf-dist/tex/latex/beamer/beamerbaseframe.sty
\beamer@framebox=\box64
\beamer@frametitlebox=\box65
\beamer@zoombox=\box66
\beamer@zoomcount=\count303
\beamer@zoomframecount=\count304
\beamer@frametextheight=\dimen263
\c@subsectionslide=\count305
\beamer@frametopskip=\skip54
\beamer@framebottomskip=\skip55
\beamer@frametopskipautobreak=\skip56
\beamer@framebottomskipautobreak=\skip57
\beamer@envbody=\toks30
\framewidth=\dimen264
\c@framenumber=\count306
)
(/usr/local/texlive/2021/texmf-dist/tex/latex/beamer/beamerbaseverbatim.sty
\beamer@verbatimfileout=\write4
)
(/usr/local/texlive/2021/texmf-dist/tex/latex/beamer/beamerbaseframesize.sty
\beamer@splitbox=\box67
\beamer@autobreakcount=\count307
\beamer@autobreaklastheight=\dimen265
\beamer@frametitletoks=\toks31
\beamer@framesubtitletoks=\toks32
)
(/usr/local/texlive/2021/texmf-dist/tex/latex/beamer/beamerbaseframecomponents.
sty
\beamer@footins=\box68
) (/usr/local/texlive/2021/texmf-dist/tex/latex/beamer/beamerbasecolor.sty)
(/usr/local/texlive/2021/texmf-dist/tex/latex/beamer/beamerbasenotes.sty
\beamer@frameboxcopy=\box69
)
(/usr/local/texlive/2021/texmf-dist/tex/latex/beamer/beamerbasetoc.sty)
(/usr/local/texlive/2021/texmf-dist/tex/latex/beamer/beamerbasetemplates.sty
\beamer@sbttoks=\toks33

(/usr/local/texlive/2021/texmf-dist/tex/latex/beamer/beamerbaseauxtemplates.sty
(/usr/local/texlive/2021/texmf-dist/tex/latex/beamer/beamerbaseboxes.sty
\bmb@box=\box70
\bmb@colorbox=\box71
\bmb@boxwidth=\dimen266
\bmb@boxheight=\dimen267
\bmb@prevheight=\dimen268
\bmb@temp=\dimen269
\bmb@dima=\dimen270
\bmb@dimb=\dimen271
\bmb@prevheight=\dimen272
)
\beamer@blockheadheight=\dimen273
))
(/usr/local/texlive/2021/texmf-dist/tex/latex/beamer/beamerbaselocalstructure.s
ty (/usr/local/texlive/2021/texmf-dist/tex/latex/tools/enumerate.sty
Package: enumerate 2015/07/23 v3.00 enumerate extensions (DPC)
\@enLab=\toks34
)
\beamer@bibiconwidth=\skip58
\c@figure=\count308
\c@table=\count309
\abovecaptionskip=\skip59
\belowcaptionskip=\skip60
)
(/usr/local/texlive/2021/texmf-dist/tex/latex/beamer/beamerbasenavigation.sty
\beamer@section@min@dim=\dimen274
)
(/usr/local/texlive/2021/texmf-dist/tex/latex/beamer/beamerbasetheorems.sty
(/usr/local/texlive/2021/texmf-dist/tex/latex/amsmath/amsmath.sty
Package: amsmath 2020/09/23 v2.17i AMS math features
\@mathmargin=\skip61

For additional information on amsmath, use the `?' option.
(/usr/local/texlive/2021/texmf-dist/tex/latex/amsmath/amstext.sty
Package: amstext 2000/06/29 v2.01 AMS text

(/usr/local/texlive/2021/texmf-dist/tex/latex/amsmath/amsgen.sty
File: amsgen.sty 1999/11/30 v2.0 generic functions
\@emptytoks=\toks35
\ex@=\dimen275
))
(/usr/local/texlive/2021/texmf-dist/tex/latex/amsmath/amsbsy.sty
Package: amsbsy 1999/11/29 v1.2d Bold Symbols
\pmbraise@=\dimen276
)
(/usr/local/texlive/2021/texmf-dist/tex/latex/amsmath/amsopn.sty
Package: amsopn 2016/03/08 v2.02 operator names
)
\inf@bad=\count310
LaTeX Info: Redefining \frac on input line 234.
\uproot@=\count311
\leftroot@=\count312
LaTeX Info: Redefining \overline on input line 399.
\classnum@=\count313
\DOTSCASE@=\count314
LaTeX Info: Redefining \ldots on input line 496.
LaTeX Info: Redefining \dots on input line 499.
LaTeX Info: Redefining \cdots on input line 620.
\Mathstrutbox@=\box72
\strutbox@=\box73
\big@size=\dimen277
LaTeX Font Info:    Redeclaring font encoding OML on input line 743.
LaTeX Font Info:    Redeclaring font encoding OMS on input line 744.
\macc@depth=\count315
\c@MaxMatrixCols=\count316
\dotsspace@=\muskip17
\c@parentequation=\count317
\dspbrk@lvl=\count318
\tag@help=\toks36
\row@=\count319
\column@=\count320
\maxfields@=\count321
\andhelp@=\toks37
\eqnshift@=\dimen278
\alignsep@=\dimen279
\tagshift@=\dimen280
\tagwidth@=\dimen281
\totwidth@=\dimen282
\lineht@=\dimen283
\@envbody=\toks38
\multlinegap=\skip62
\multlinetaggap=\skip63
\mathdisplay@stack=\toks39
LaTeX Info: Redefining \[ on input line 2923.
LaTeX Info: Redefining \] on input line 2924.
)
(/usr/local/texlive/2021/texmf-dist/tex/latex/amscls/amsthm.sty
Package: amsthm 2020/05/29 v2.20.6
\thm@style=\toks40
\thm@bodyfont=\toks41
\thm@headfont=\toks42
\thm@notefont=\toks43
\thm@headpunct=\toks44
\thm@preskip=\skip64
\thm@postskip=\skip65
\thm@headsep=\skip66
\dth@everypar=\toks45
)
\c@theorem=\count322
)
(/usr/local/texlive/2021/texmf-dist/tex/latex/beamer/beamerbasethemes.sty))
(/usr/local/texlive/2021/texmf-dist/tex/latex/beamer/beamerthemedefault.sty
(/usr/local/texlive/2021/texmf-dist/tex/latex/beamer/beamerfontthemedefault.sty
)
(/usr/local/texlive/2021/texmf-dist/tex/latex/beamer/beamercolorthemedefault.st
y)
(/usr/local/texlive/2021/texmf-dist/tex/latex/beamer/beamerinnerthemedefault.st
y
\beamer@dima=\dimen284
\beamer@dimb=\dimen285
)
(/usr/local/texlive/2021/texmf-dist/tex/latex/beamer/beamerouterthemedefault.st
y))) (/usr/local/texlive/2021/texmf-dist/tex/latex/beamer/beamerthemeBerlin.sty

(/usr/local/texlive/2021/texmf-dist/tex/latex/beamer/beamerouterthememiniframes
.sty)
(/usr/local/texlive/2021/texmf-dist/tex/latex/beamer/beamercolorthemewhale.sty)

(/usr/local/texlive/2021/texmf-dist/tex/latex/beamer/beamercolorthemeorchid.sty
)
(/usr/local/texlive/2021/texmf-dist/tex/latex/beamer/beamerinnerthemerectangles
.sty))
\sympureletters=\mathgroup6
LaTeX Font Info:    Overwriting symbol font `pureletters' in version `bold'
(Font)                  OT1/mathkerncmss/m/sl --> OT1/mathkerncmss/bx/sl on inp
ut line 7.
 (/usr/local/texlive/2021/texmf-dist/tex/latex/tools/bm.sty
Package: bm 2019/07/24 v1.2d Bold Symbol Support (DPC/FMi)
\symboldoperators=\mathgroup7
\symboldletters=\mathgroup8
\symboldsymbols=\mathgroup9
\symboldpureletters=\mathgroup10
LaTeX Font Info:    Redeclaring math alphabet \mathbf on input line 141.
LaTeX Info: Redefining \bm on input line 209.
)
(/usr/local/texlive/2021/texmf-dist/tex/latex/pgf/frontendlayer/tikz.sty
(/usr/local/texlive/2021/texmf-dist/tex/latex/pgf/basiclayer/pgf.sty
Package: pgf 2020/12/27 v3.1.8b (3.1.8b)

(/usr/local/texlive/2021/texmf-dist/tex/generic/pgf/modules/pgfmoduleshapes.cod
e.tex
File: pgfmoduleshapes.code.tex 2020/12/27 v3.1.8b (3.1.8b)
\pgfnodeparttextbox=\box74
)
(/usr/local/texlive/2021/texmf-dist/tex/generic/pgf/modules/pgfmoduleplot.code.
tex
File: pgfmoduleplot.code.tex 2020/12/27 v3.1.8b (3.1.8b)
)
(/usr/local/texlive/2021/texmf-dist/tex/latex/pgf/compatibility/pgfcomp-version
-0-65.sty
Package: pgfcomp-version-0-65 2020/12/27 v3.1.8b (3.1.8b)
\pgf@nodesepstart=\dimen286
\pgf@nodesepend=\dimen287
)
(/usr/local/texlive/2021/texmf-dist/tex/latex/pgf/compatibility/pgfcomp-version
-1-18.sty
Package: pgfcomp-version-1-18 2020/12/27 v3.1.8b (3.1.8b)
))
(/usr/local/texlive/2021/texmf-dist/tex/latex/pgf/utilities/pgffor.sty
(/usr/local/texlive/2021/texmf-dist/tex/latex/pgf/utilities/pgfkeys.sty
(/usr/local/texlive/2021/texmf-dist/tex/generic/pgf/utilities/pgfkeys.code.tex)
) (/usr/local/texlive/2021/texmf-dist/tex/latex/pgf/math/pgfmath.sty
(/usr/local/texlive/2021/texmf-dist/tex/generic/pgf/math/pgfmath.code.tex))
(/usr/local/texlive/2021/texmf-dist/tex/generic/pgf/utilities/pgffor.code.tex
Package: pgffor 2020/12/27 v3.1.8b (3.1.8b)

(/usr/local/texlive/2021/texmf-dist/tex/generic/pgf/math/pgfmath.code.tex)
\pgffor@iter=\dimen288
\pgffor@skip=\dimen289
\pgffor@stack=\toks46
\pgffor@toks=\toks47
))
(/usr/local/texlive/2021/texmf-dist/tex/generic/pgf/frontendlayer/tikz/tikz.cod
e.tex
Package: tikz 2020/12/27 v3.1.8b (3.1.8b)

(/usr/local/texlive/2021/texmf-dist/tex/generic/pgf/libraries/pgflibraryplothan
dlers.code.tex
File: pgflibraryplothandlers.code.tex 2020/12/27 v3.1.8b (3.1.8b)
\pgf@plot@mark@count=\count323
\pgfplotmarksize=\dimen290
)
\tikz@lastx=\dimen291
\tikz@lasty=\dimen292
\tikz@lastxsaved=\dimen293
\tikz@lastysaved=\dimen294
\tikz@lastmovetox=\dimen295
\tikz@lastmovetoy=\dimen296
\tikzleveldistance=\dimen297
\tikzsiblingdistance=\dimen298
\tikz@figbox=\box75
\tikz@figbox@bg=\box76
\tikz@tempbox=\box77
\tikz@tempbox@bg=\box78
\tikztreelevel=\count324
\tikznumberofchildren=\count325
\tikznumberofcurrentchild=\count326
\tikz@fig@count=\count327

(/usr/local/texlive/2021/texmf-dist/tex/generic/pgf/modules/pgfmodulematrix.cod
e.tex
File: pgfmodulematrix.code.tex 2020/12/27 v3.1.8b (3.1.8b)
\pgfmatrixcurrentrow=\count328
\pgfmatrixcurrentcolumn=\count329
\pgf@matrix@numberofcolumns=\count330
)
\tikz@expandcount=\count331

(/usr/local/texlive/2021/texmf-dist/tex/generic/pgf/frontendlayer/tikz/librarie
s/tikzlibrarytopaths.code.tex
File: tikzlibrarytopaths.code.tex 2020/12/27 v3.1.8b (3.1.8b)
)))
(/usr/local/texlive/2021/texmf-dist/tex/latex/doublestroke/dsfont.sty
Package: dsfont 1995/08/01 v0.1 Double stroke roman fonts
)
(/usr/local/texlive/2021/texmf-dist/tex/latex/tools/verbatim.sty
Package: verbatim 2020-07-07 v1.5u LaTeX2e package for verbatim enhancements
\every@verbatim=\toks48
\verbatim@line=\toks49
\verbatim@in@stream=\read3
)
(/usr/local/texlive/2021/texmf-dist/tex/latex/changepage/changepage.sty
Package: changepage 2009/10/20 v1.0c check page and change page layout
\c@cp@cntr=\count332
\cp@tempcnt=\count333
)

Package hyperref Warning: Token not allowed in a PDF string (Unicode):
(hyperref)                removing `\\' on input line 23.


Package hyperref Warning: Token not allowed in a PDF string (Unicode):
(hyperref)                removing `math shift' on input line 23.


Package hyperref Warning: Token not allowed in a PDF string (Unicode):
(hyperref)                removing `math shift' on input line 23.


Package hyperref Warning: Token not allowed in a PDF string (Unicode):
(hyperref)                removing `\\' on input line 23.


Package hyperref Warning: Token not allowed in a PDF string (Unicode):
(hyperref)                removing `\\' on input line 23.


Package hyperref Warning: Token not allowed in a PDF string (Unicode):
(hyperref)                removing `\\' on input line 23.

(/usr/local/texlive/2021/texmf-dist/tex/latex/l3backend/l3backend-pdftex.def
File: l3backend-pdftex.def 2021-03-18 L3 backend support: PDF output (pdfTeX)
\l__color_backend_stack_int=\count334
\l__pdf_internal_box=\box79
)
(./marcPres.aux)
\openout1 = `marcPres.aux'.

LaTeX Font Info:    Checking defaults for OML/cmm/m/it on input line 40.
LaTeX Font Info:    ... okay on input line 40.
LaTeX Font Info:    Checking defaults for OMS/cmsy/m/n on input line 40.
LaTeX Font Info:    ... okay on input line 40.
LaTeX Font Info:    Checking defaults for OT1/cmr/m/n on input line 40.
LaTeX Font Info:    ... okay on input line 40.
LaTeX Font Info:    Checking defaults for T1/cmr/m/n on input line 40.
LaTeX Font Info:    ... okay on input line 40.
LaTeX Font Info:    Checking defaults for TS1/cmr/m/n on input line 40.
LaTeX Font Info:    ... okay on input line 40.
LaTeX Font Info:    Checking defaults for OMX/cmex/m/n on input line 40.
LaTeX Font Info:    ... okay on input line 40.
LaTeX Font Info:    Checking defaults for U/cmr/m/n on input line 40.
LaTeX Font Info:    ... okay on input line 40.
LaTeX Font Info:    Checking defaults for PD1/pdf/m/n on input line 40.
LaTeX Font Info:    ... okay on input line 40.
LaTeX Font Info:    Checking defaults for PU/pdf/m/n on input line 40.
LaTeX Font Info:    ... okay on input line 40.

*geometry* driver: auto-detecting
*geometry* detected driver: pdftex
*geometry* verbose mode - [ preamble ] result:
* driver: pdftex
* paper: custom
* layout: <same size as paper>
* layoutoffset:(h,v)=(0.0pt,0.0pt)
* modes: includehead includefoot 
* h-part:(L,W,R)=(28.45274pt, 307.28987pt, 28.45274pt)
* v-part:(T,H,B)=(0.0pt, 273.14662pt, 0.0pt)
* \paperwidth=364.19536pt
* \paperheight=273.14662pt
* \textwidth=307.28987pt
* \textheight=244.6939pt
* \oddsidemargin=-43.81725pt
* \evensidemargin=-43.81725pt
* \topmargin=-72.26999pt
* \headheight=14.22636pt
* \headsep=0.0pt
* \topskip=11.0pt
* \footskip=14.22636pt
* \marginparwidth=4.0pt
* \marginparsep=10.0pt
* \columnsep=10.0pt
* \skip\footins=10.0pt plus 4.0pt minus 2.0pt
* \hoffset=0.0pt
* \voffset=0.0pt
* \mag=1000
* \@twocolumnfalse
* \@twosidefalse
* \@mparswitchfalse
* \@reversemarginfalse
* (1in=72.27pt=25.4mm, 1cm=28.453pt)

(/usr/local/texlive/2021/texmf-dist/tex/context/base/mkii/supp-pdf.mkii
[Loading MPS to PDF converter (version 2006.09.02).]
\scratchcounter=\count335
\scratchdimen=\dimen299
\scratchbox=\box80
\nofMPsegments=\count336
\nofMParguments=\count337
\everyMPshowfont=\toks50
\MPscratchCnt=\count338
\MPscratchDim=\dimen300
\MPnumerator=\count339
\makeMPintoPDFobject=\count340
\everyMPtoPDFconversion=\toks51
) (/usr/local/texlive/2021/texmf-dist/tex/latex/epstopdf-pkg/epstopdf-base.sty
Package: epstopdf-base 2020-01-24 v2.11 Base part for package epstopdf
Package epstopdf-base Info: Redefining graphics rule for `.eps' on input line 4
85.

(/usr/local/texlive/2021/texmf-dist/tex/latex/latexconfig/epstopdf-sys.cfg
File: epstopdf-sys.cfg 2010/07/13 v1.3 Configuration of (r)epstopdf for TeX Liv
e
))
Package hyperref Info: Link coloring OFF on input line 40.

(/usr/local/texlive/2021/texmf-dist/tex/latex/hyperref/nameref.sty
Package: nameref 2021-04-02 v2.47 Cross-referencing by name of section

(/usr/local/texlive/2021/texmf-dist/tex/latex/refcount/refcount.sty
Package: refcount 2019/12/15 v3.6 Data extraction from label references (HO)
)
(/usr/local/texlive/2021/texmf-dist/tex/generic/gettitlestring/gettitlestring.s
ty
Package: gettitlestring 2019/12/15 v1.6 Cleanup title references (HO)
)
\c@section@level=\count341
)
LaTeX Info: Redefining \ref on input line 40.
LaTeX Info: Redefining \pageref on input line 40.
LaTeX Info: Redefining \nameref on input line 40.
 (./marcPres.out) (./marcPres.out)
\@outlinefile=\write5
\openout5 = `marcPres.out'.

LaTeX Font Info:    Overwriting symbol font `operators' in version `normal'
(Font)                  OT1/cmr/m/n --> OT1/cmss/m/n on input line 40.
LaTeX Font Info:    Overwriting symbol font `operators' in version `bold'
(Font)                  OT1/cmr/bx/n --> OT1/cmss/b/n on input line 40.
\symnumbers=\mathgroup11
LaTeX Font Info:    Redeclaring symbol font `pureletters' on input line 40.
LaTeX Font Info:    Overwriting symbol font `pureletters' in version `normal'
(Font)                  OT1/mathkerncmss/m/sl --> OT1/cmss/m/it on input line 4
0.
LaTeX Font Info:    Overwriting symbol font `pureletters' in version `bold'
(Font)                  OT1/mathkerncmss/bx/sl --> OT1/cmss/m/it on input line 
40.
LaTeX Font Info:    Overwriting math alphabet `\mathrm' in version `normal'
(Font)                  OT1/cmss/m/n --> OT1/cmr/m/n on input line 40.
LaTeX Font Info:    Redeclaring math alphabet \mathbf on input line 40.
LaTeX Font Info:    Redeclaring math alphabet \mathsf on input line 40.
LaTeX Font Info:    Overwriting math alphabet `\mathsf' in version `normal'
(Font)                  OT1/cmss/m/n --> OT1/cmss/m/n on input line 40.
LaTeX Font Info:    Overwriting math alphabet `\mathsf' in version `bold'
(Font)                  OT1/cmss/bx/n --> OT1/cmss/m/n on input line 40.
LaTeX Font Info:    Redeclaring math alphabet \mathit on input line 40.
LaTeX Font Info:    Overwriting math alphabet `\mathit' in version `normal'
(Font)                  OT1/cmr/m/it --> OT1/cmss/m/it on input line 40.
LaTeX Font Info:    Overwriting math alphabet `\mathit' in version `bold'
(Font)                  OT1/cmr/bx/it --> OT1/cmss/m/it on input line 40.
LaTeX Font Info:    Redeclaring math alphabet \mathtt on input line 40.
LaTeX Font Info:    Overwriting math alphabet `\mathtt' in version `normal'
(Font)                  OT1/cmtt/m/n --> OT1/cmtt/m/n on input line 40.
LaTeX Font Info:    Overwriting math alphabet `\mathtt' in version `bold'
(Font)                  OT1/cmtt/m/n --> OT1/cmtt/m/n on input line 40.
LaTeX Font Info:    Overwriting symbol font `numbers' in version `bold'
(Font)                  OT1/cmss/m/n --> OT1/cmss/b/n on input line 40.
LaTeX Font Info:    Overwriting symbol font `pureletters' in version `bold'
(Font)                  OT1/cmss/m/it --> OT1/cmss/b/it on input line 40.
LaTeX Font Info:    Overwriting math alphabet `\mathrm' in version `bold'
(Font)                  OT1/cmss/b/n --> OT1/cmr/b/n on input line 40.
LaTeX Font Info:    Overwriting math alphabet `\mathbf' in version `bold'
(Font)                  OT1/cmss/b/n --> OT1/cmss/b/n on input line 40.
LaTeX Font Info:    Overwriting math alphabet `\mathsf' in version `bold'
(Font)                  OT1/cmss/m/n --> OT1/cmss/b/n on input line 40.
LaTeX Font Info:    Overwriting math alphabet `\mathit' in version `bold'
(Font)                  OT1/cmss/m/it --> OT1/cmss/b/it on input line 40.
LaTeX Font Info:    Overwriting math alphabet `\mathtt' in version `bold'
(Font)                  OT1/cmtt/m/n --> OT1/cmtt/b/n on input line 40.
LaTeX Font Info:    Redeclaring symbol font `pureletters' on input line 40.
LaTeX Font Info:    Overwriting symbol font `pureletters' in version `normal'
(Font)                  OT1/cmss/m/it --> OT1/mathkerncmss/m/sl on input line 4
0.
LaTeX Font Info:    Overwriting symbol font `pureletters' in version `bold'
(Font)                  OT1/cmss/b/it --> OT1/mathkerncmss/m/sl on input line 4
0.
LaTeX Font Info:    Overwriting symbol font `pureletters' in version `bold'
(Font)                  OT1/mathkerncmss/m/sl --> OT1/mathkerncmss/bx/sl on inp
ut line 40.

(/usr/local/texlive/2021/texmf-dist/tex/latex/translator/translator-basic-dicti
onary-English.dict
Dictionary: translator-basic-dictionary, Language: English 
)
(/usr/local/texlive/2021/texmf-dist/tex/latex/translator/translator-bibliograph
y-dictionary-English.dict
Dictionary: translator-bibliography-dictionary, Language: English 
)
(/usr/local/texlive/2021/texmf-dist/tex/latex/translator/translator-environment
-dictionary-English.dict
Dictionary: translator-environment-dictionary, Language: English 
)
(/usr/local/texlive/2021/texmf-dist/tex/latex/translator/translator-months-dict
ionary-English.dict
Dictionary: translator-months-dictionary, Language: English 
)
(/usr/local/texlive/2021/texmf-dist/tex/latex/translator/translator-numbers-dic
tionary-English.dict
Dictionary: translator-numbers-dictionary, Language: English 
)
(/usr/local/texlive/2021/texmf-dist/tex/latex/translator/translator-theorem-dic
tionary-English.dict
Dictionary: translator-theorem-dictionary, Language: English 
) (./marcPres.nav)
LaTeX Font Info:    Trying to load font information for U+msa on input line 40.


(/usr/local/texlive/2021/texmf-dist/tex/latex/amsfonts/umsa.fd
File: umsa.fd 2013/01/14 v3.01 AMS symbols A
)
LaTeX Font Info:    Trying to load font information for U+msb on input line 40.


(/usr/local/texlive/2021/texmf-dist/tex/latex/amsfonts/umsb.fd
File: umsb.fd 2013/01/14 v3.01 AMS symbols B
)
LaTeX Font Info:    Trying to load font information for OT1+mathkerncmss on inp
ut line 40.

(/usr/local/texlive/2021/texmf-dist/tex/latex/sansmathaccent/ot1mathkerncmss.fd
File: ot1mathkerncmss.fd 2020/01/31 Fontinst v1.933 font definitions for OT1/ma
thkerncmss.
)
<noaaText.png, id=85, 628.43478pt x 471.32608pt>
File: noaaText.png Graphic file (type png)
<use noaaText.png>
Package pdftex.def Info: noaaText.png  used on input line 53.
(pdftex.def)             Requested size: 90.34514pt x 67.7544pt.
<slug.jpg, id=87, 301.125pt x 254.9525pt>
File: slug.jpg Graphic file (type jpg)
<use slug.jpg>
Package pdftex.def Info: slug.jpg  used on input line 53.
(pdftex.def)             Requested size: 82.816pt x 70.11798pt.
 [1{/usr/local/texlive/2021/texmf-var/fonts/map/pdftex/updmap/pdftex.map}

 <./noaaText.png> <./slug.jpg>]
Overfull \hbox (3.68225pt too wide) detected at line 75
[]
 []

<./plots/yieldRPplus.png, id=167, 481.8pt x 481.8pt>
File: ./plots/yieldRPplus.png Graphic file (type png)
<use ./plots/yieldRPplus.png>
Package pdftex.def Info: ./plots/yieldRPplus.png  used on input line 75.
(pdftex.def)             Requested size: 180.68799pt x 180.6819pt.

Overfull \hbox (38.23807pt too wide) in paragraph at lines 75--75
|  [] 
 []

[2

 <./plots/yieldRPplus.png>]
<cjasFig.png, id=229, 433.1382pt x 434.5836pt>
File: cjasFig.png Graphic file (type png)
<use cjasFig.png>
Package pdftex.def Info: cjasFig.png  used on input line 99.
(pdftex.def)             Requested size: 167.77925pt x 168.33972pt.

Overfull \hbox (41.83383pt too wide) in paragraph at lines 99--99
|  [] 
 []

[3

 <./cjasFig.png>]
<./derisoSrr.png, id=285, 481.8pt x 481.8pt>
File: ./derisoSrr.png Graphic file (type png)
<use ./derisoSrr.png>
Package pdftex.def Info: ./derisoSrr.png  used on input line 123.
(pdftex.def)             Requested size: 154.873pt x 154.8702pt.

Overfull \hbox (25.81183pt too wide) in paragraph at lines 123--123
[][] 
 []

[4

 <./derisoSrr.png (PNG copy)>]

Package amsmath Warning: Foreign command \atop;
(amsmath)                \frac or \genfrac should be used instead
(amsmath)                 on input line 149.

<../../gpBias/designLineHHardExpT45N150M0.3Wide.png, id=342, 481.8pt x 481.8pt>

File: ../../gpBias/designLineHHardExpT45N150M0.3Wide.png Graphic file (type png
)
<use ../../gpBias/designLineHHardExpT45N150M0.3Wide.png>
Package pdftex.def Info: ../../gpBias/designLineHHardExpT45N150M0.3Wide.png  us
ed on input line 149.
(pdftex.def)             Requested size: 156.01706pt x 156.0203pt.
[5

 <../../gpBias/designLineHHardExpT45N150M0.3Wide.png>]
<../../gpBias/directionalBiasSchnuteAnimateSinkExpT45N150WideX2.5Z0.45.png, id=
399, 481.8pt x 481.8pt>
File: ../../gpBias/directionalBiasSchnuteAnimateSinkExpT45N150WideX2.5Z0.45.png
 Graphic file (type png)
<use ../../gpBias/directionalBiasSchnuteAnimateSinkExpT45N150WideX2.5Z0.45.png>

Package pdftex.def Info: ../../gpBias/directionalBiasSchnuteAnimateSinkExpT45N1
50WideX2.5Z0.45.png  used on input line 160.
(pdftex.def)             Requested size: 205.05267pt x 205.05573pt.
<../../gpBias/yeildCurveTruthExpT45N150WideX2.5Z0.45.png, id=400, 481.8pt x 481
.8pt>
File: ../../gpBias/yeildCurveTruthExpT45N150WideX2.5Z0.45.png Graphic file (typ
e png)
<use ../../gpBias/yeildCurveTruthExpT45N150WideX2.5Z0.45.png>
Package pdftex.def Info: ../../gpBias/yeildCurveTruthExpT45N150WideX2.5Z0.45.pn
g  used on input line 160.
(pdftex.def)             Requested size: 86.72025pt x 86.72025pt.
<../../gpBias/yeildCurveFitExpT45N150WideX2.5Z0.45.png, id=401, 481.8pt x 481.8
pt>
File: ../../gpBias/yeildCurveFitExpT45N150WideX2.5Z0.45.png Graphic file (type 
png)
<use ../../gpBias/yeildCurveFitExpT45N150WideX2.5Z0.45.png>
Package pdftex.def Info: ../../gpBias/yeildCurveFitExpT45N150WideX2.5Z0.45.png 
 used on input line 160.
(pdftex.def)             Requested size: 86.72025pt x 86.72025pt.
 [6

 <../../gpBias/directionalBiasSchnuteAnimateSinkExpT45N150WideX2.5Z0.45.png> <.
./../gpBias/yeildCurveTruthExpT45N150WideX2.5Z0.45.png> <../../gpBias/yeildCurv
eFitExpT45N150WideX2.5Z0.45.png>]
<../../gpBias/directionalBiasSchnuteAnimateSinkHHardFlatT30N150WWideN112X3Z0.35
.png, id=459, 481.8pt x 481.8pt>
File: ../../gpBias/directionalBiasSchnuteAnimateSinkHHardFlatT30N150WWideN112X3
Z0.35.png Graphic file (type png)
<use ../../gpBias/directionalBiasSchnuteAnimateSinkHHardFlatT30N150WWideN112X3Z
0.35.png>
Package pdftex.def Info: ../../gpBias/directionalBiasSchnuteAnimateSinkHHardFla
tT30N150WWideN112X3Z0.35.png  used on input line 185.
(pdftex.def)             Requested size: 205.05267pt x 205.05573pt.
<../../gpBias/yeildCurveTruthHHardFlatT30N150WWideN112X3Z0.35.png, id=460, 481.
8pt x 481.8pt>
File: ../../gpBias/yeildCurveTruthHHardFlatT30N150WWideN112X3Z0.35.png Graphic 
file (type png)
<use ../../gpBias/yeildCurveTruthHHardFlatT30N150WWideN112X3Z0.35.png>
Package pdftex.def Info: ../../gpBias/yeildCurveTruthHHardFlatT30N150WWideN112X
3Z0.35.png  used on input line 185.
(pdftex.def)             Requested size: 86.72025pt x 86.72025pt.
<../../gpBias/yeildCurveFitHHardFlatT30N150WWideN112X3Z0.35.png, id=461, 481.8p
t x 481.8pt>
File: ../../gpBias/yeildCurveFitHHardFlatT30N150WWideN112X3Z0.35.png Graphic fi
le (type png)
<use ../../gpBias/yeildCurveFitHHardFlatT30N150WWideN112X3Z0.35.png>
Package pdftex.def Info: ../../gpBias/yeildCurveFitHHardFlatT30N150WWideN112X3Z
0.35.png  used on input line 185.
(pdftex.def)             Requested size: 86.72025pt x 86.72025pt.
 [7

 <../../gpBias/directionalBiasSchnuteAnimateSinkHHardFlatT30N150WWideN112X3Z0.3
5.png> <../../gpBias/yeildCurveTruthHHardFlatT30N150WWideN112X3Z0.35.png> <../.
./gpBias/yeildCurveFitHHardFlatT30N150WWideN112X3Z0.35.png>]
<../../gpBias/directionalBiasSchnuteAnimateBothHHardFlatT30N150WWideN112X3Z0.35
.png, id=519, 481.8pt x 481.8pt>
File: ../../gpBias/directionalBiasSchnuteAnimateBothHHardFlatT30N150WWideN112X3
Z0.35.png Graphic file (type png)
<use ../../gpBias/directionalBiasSchnuteAnimateBothHHardFlatT30N150WWideN112X3Z
0.35.png>
Package pdftex.def Info: ../../gpBias/directionalBiasSchnuteAnimateBothHHardFla
tT30N150WWideN112X3Z0.35.png  used on input line 185.
(pdftex.def)             Requested size: 205.05267pt x 205.05573pt.
File: ../../gpBias/yeildCurveTruthHHardFlatT30N150WWideN112X3Z0.35.png Graphic 
file (type png)
<use ../../gpBias/yeildCurveTruthHHardFlatT30N150WWideN112X3Z0.35.png>
Package pdftex.def Info: ../../gpBias/yeildCurveTruthHHardFlatT30N150WWideN112X
3Z0.35.png  used on input line 185.
(pdftex.def)             Requested size: 86.72025pt x 86.72025pt.
File: ../../gpBias/yeildCurveFitHHardFlatT30N150WWideN112X3Z0.35.png Graphic fi
le (type png)
<use ../../gpBias/yeildCurveFitHHardFlatT30N150WWideN112X3Z0.35.png>
Package pdftex.def Info: ../../gpBias/yeildCurveFitHHardFlatT30N150WWideN112X3Z
0.35.png  used on input line 185.
(pdftex.def)             Requested size: 86.72025pt x 86.72025pt.
<../../gpBias/yeildCurveTruthHHardFlatT30N150WWideN112X3Z0.55.png, id=520, 481.
8pt x 481.8pt>
File: ../../gpBias/yeildCurveTruthHHardFlatT30N150WWideN112X3Z0.55.png Graphic 
file (type png)
<use ../../gpBias/yeildCurveTruthHHardFlatT30N150WWideN112X3Z0.55.png>
Package pdftex.def Info: ../../gpBias/yeildCurveTruthHHardFlatT30N150WWideN112X
3Z0.55.png  used on input line 185.
(pdftex.def)             Requested size: 86.72025pt x 86.72025pt.
<../../gpBias/yeildCurveFitHHardFlatT30N150WWideN112X3Z0.55.png, id=521, 481.8p
t x 481.8pt>
File: ../../gpBias/yeildCurveFitHHardFlatT30N150WWideN112X3Z0.55.png Graphic fi
le (type png)
<use ../../gpBias/yeildCurveFitHHardFlatT30N150WWideN112X3Z0.55.png>
Package pdftex.def Info: ../../gpBias/yeildCurveFitHHardFlatT30N150WWideN112X3Z
0.55.png  used on input line 185.
(pdftex.def)             Requested size: 86.72025pt x 86.72025pt.

[8

 <../../gpBias/directionalBiasSchnuteAnimateBothHHardFlatT30N150WWideN112X3Z0.3
5.png> <../../gpBias/yeildCurveTruthHHardFlatT30N150WWideN112X3Z0.55.png> <../.
./gpBias/yeildCurveFitHHardFlatT30N150WWideN112X3Z0.55.png>] [9

]
<../../ddBias/directionalBiasDDExpT45N150A15.png, id=633, 481.8pt x 481.8pt>
File: ../../ddBias/directionalBiasDDExpT45N150A15.png Graphic file (type png)
<use ../../ddBias/directionalBiasDDExpT45N150A15.png>
Package pdftex.def Info: ../../ddBias/directionalBiasDDExpT45N150A15.png  used 
on input line 237.
(pdftex.def)             Requested size: 132.75285pt x 132.74904pt.

Overfull \hbox (8.39844pt too wide) in paragraph at lines 237--237
[]|  [] 
 []

<../../ddBias/bMSYRelBiasDDExpT45N150A15.png, id=634, 481.8pt x 481.8pt>
File: ../../ddBias/bMSYRelBiasDDExpT45N150A15.png Graphic file (type png)
<use ../../ddBias/bMSYRelBiasDDExpT45N150A15.png>
Package pdftex.def Info: ../../ddBias/bMSYRelBiasDDExpT45N150A15.png  used on i
nput line 237.
(pdftex.def)             Requested size: 98.335pt x 98.32854pt.
<../../ddBias/kRelBiasDDExpT45N150A15.png, id=635, 481.8pt x 481.8pt>
File: ../../ddBias/kRelBiasDDExpT45N150A15.png Graphic file (type png)
<use ../../ddBias/kRelBiasDDExpT45N150A15.png>
Package pdftex.def Info: ../../ddBias/kRelBiasDDExpT45N150A15.png  used on inpu
t line 237.
(pdftex.def)             Requested size: 98.335pt x 98.32854pt.
<../../ddBias/indexGridExpT45N150A15.png, id=636, 2007.5pt x 2007.5pt>
File: ../../ddBias/indexGridExpT45N150A15.png Graphic file (type png)
<use ../../ddBias/indexGridExpT45N150A15.png>
Package pdftex.def Info: ../../ddBias/indexGridExpT45N150A15.png  used on input
 line 237.
(pdftex.def)             Requested size: 121.68715pt x 121.67007pt.
<../../ddBias/rGridExpT45N150A15.png, id=637, 2007.5pt x 2007.5pt>
File: ../../ddBias/rGridExpT45N150A15.png Graphic file (type png)
<use ../../ddBias/rGridExpT45N150A15.png>
Package pdftex.def Info: ../../ddBias/rGridExpT45N150A15.png  used on input lin
e 237.
(pdftex.def)             Requested size: 50.70311pt x 50.69586pt.

Overfull \hbox (20.28093pt too wide) in paragraph at lines 237--237
[][]
 []

[10

 <../../ddBias/directionalBiasDDExpT45N150A15.png> <../../ddBias/bMSYRelBiasDDE
xpT45N150A15.png> <../../ddBias/kRelBiasDDExpT45N150A15.png> <../../ddBias/inde
xGridExpT45N150A15.png> <../../ddBias/rGridExpT45N150A15.png>]
<../../ddBias/directionalBiasDDFlatT30N150A15K0.1.png, id=696, 481.8pt x 481.8p
t>
File: ../../ddBias/directionalBiasDDFlatT30N150A15K0.1.png Graphic file (type p
ng)
<use ../../ddBias/directionalBiasDDFlatT30N150A15K0.1.png>
Package pdftex.def Info: ../../ddBias/directionalBiasDDFlatT30N150A15K0.1.png  
used on input line 253.
(pdftex.def)             Requested size: 132.75285pt x 132.74904pt.

Overfull \hbox (8.39844pt too wide) in paragraph at lines 253--253
[]|  [] 
 []

<../../ddBias/bMSYRelBiasDDFlatT30N150A15K0.1.png, id=697, 481.8pt x 481.8pt>
File: ../../ddBias/bMSYRelBiasDDFlatT30N150A15K0.1.png Graphic file (type png)
<use ../../ddBias/bMSYRelBiasDDFlatT30N150A15K0.1.png>
Package pdftex.def Info: ../../ddBias/bMSYRelBiasDDFlatT30N150A15K0.1.png  used
 on input line 253.
(pdftex.def)             Requested size: 98.335pt x 98.32854pt.
<../../ddBias/kRelBiasDDFlatT30N150A15K0.1.png, id=698, 481.8pt x 481.8pt>
File: ../../ddBias/kRelBiasDDFlatT30N150A15K0.1.png Graphic file (type png)
<use ../../ddBias/kRelBiasDDFlatT30N150A15K0.1.png>
Package pdftex.def Info: ../../ddBias/kRelBiasDDFlatT30N150A15K0.1.png  used on
 input line 253.
(pdftex.def)             Requested size: 98.335pt x 98.32854pt.
<../../ddBias/indexGridFlatT30N150A15K0.1.png, id=699, 2007.5pt x 2007.5pt>
File: ../../ddBias/indexGridFlatT30N150A15K0.1.png Graphic file (type png)
<use ../../ddBias/indexGridFlatT30N150A15K0.1.png>
Package pdftex.def Info: ../../ddBias/indexGridFlatT30N150A15K0.1.png  used on 
input line 253.
(pdftex.def)             Requested size: 121.68715pt x 121.67007pt.
<../../ddBias/rGridFlatT30N150A15K0.1.png, id=700, 2007.5pt x 2007.5pt>
File: ../../ddBias/rGridFlatT30N150A15K0.1.png Graphic file (type png)
<use ../../ddBias/rGridFlatT30N150A15K0.1.png>
Package pdftex.def Info: ../../ddBias/rGridFlatT30N150A15K0.1.png  used on inpu
t line 253.
(pdftex.def)             Requested size: 50.70311pt x 50.69586pt.

Overfull \hbox (20.28093pt too wide) in paragraph at lines 253--253
[][]
 []

[11

 <../../ddBias/directionalBiasDDFlatT30N150A15K0.1.png> <../../ddBias/bMSYRelBi
asDDFlatT30N150A15K0.1.png> <../../ddBias/kRelBiasDDFlatT30N150A15K0.1.png> <..
/../ddBias/indexGridFlatT30N150A15K0.1.png> <../../ddBias/rGridFlatT30N150A15K0
.1.png>]
<./eulerTry.png, id=760, 481.8pt x 481.8pt>
File: ./eulerTry.png Graphic file (type png)
<use ./eulerTry.png>
Package pdftex.def Info: ./eulerTry.png  used on input line 312.
(pdftex.def)             Requested size: 140.12692pt x 140.12276pt.

Overfull \hbox (66.37567pt too wide) in paragraph at lines 312--312
[][] 
 []

[12

 <./eulerTry.png>]
Underfull \hbox (badness 10000) in paragraph at lines 312--312

 []


Overfull \hbox (21.97595pt too wide) detected at line 312
[]
 []


Underfull \hbox (badness 10000) in paragraph at lines 312--312

 []

[13

]
LaTeX Font Info:    Trying to load font information for U+dsrom on input line 3
55.
 (/usr/local/texlive/2021/texmf-dist/tex/latex/doublestroke/Udsrom.fd
File: Udsrom.fd 1995/08/01 v0.1 Double stroke roman font definitions
)
Overfull \hbox (1.71115pt too wide) detected at line 355
[]
 []

<./plots/hakeCatch.png, id=869, 481.8pt x 481.8pt>
File: ./plots/hakeCatch.png Graphic file (type png)
<use ./plots/hakeCatch.png>
Package pdftex.def Info: ./plots/hakeCatch.png  used on input line 355.
(pdftex.def)             Requested size: 165.632pt x 165.62569pt.

Overfull \hbox (15.05829pt too wide) in paragraph at lines 355--355
[][] 
 []

[14

 <./plots/hakeCatch.png>]
Overfull \hbox (1.71115pt too wide) detected at line 355
[]
 []

File: ./plots/hakeCatch.png Graphic file (type png)
<use ./plots/hakeCatch.png>
Package pdftex.def Info: ./plots/hakeCatch.png  used on input line 355.
(pdftex.def)             Requested size: 165.632pt x 165.62569pt.

Overfull \hbox (15.05829pt too wide) in paragraph at lines 355--355
[][] 
 []


Overfull \hbox (12.54472pt too wide) detected at line 355
[]
 []


Overfull \vbox (2.72159pt too high) detected at line 355
 []

[15

]
<../../.././nick/spline/dataPlots.png, id=979, 481.8pt x 481.8pt>
File: ../../.././nick/spline/dataPlots.png Graphic file (type png)
<use ../../.././nick/spline/dataPlots.png>
Package pdftex.def Info: ../../.././nick/spline/dataPlots.png  used on input li
ne 373.
(pdftex.def)             Requested size: 150.57372pt x 150.56947pt.
<../../.././nick/spline/intCurves.png, id=980, 481.8pt x 481.8pt>
File: ../../.././nick/spline/intCurves.png Graphic file (type png)
<use ../../.././nick/spline/intCurves.png>
Package pdftex.def Info: ../../.././nick/spline/intCurves.png  used on input li
ne 373.
(pdftex.def)             Requested size: 150.57372pt x 150.56947pt.

Overfull \vbox (2.92538pt too high) detected at line 373
 []

[16

 <../../.././nick/spline/dataPlots.png (PNG copy)> <../../.././nick/spline/intC
urves.png (PNG copy)>] [17

] [18

]
<rockFish.png, id=1141, 716.6775pt x 422.57875pt>
File: rockFish.png Graphic file (type png)
<use rockFish.png>
Package pdftex.def Info: rockFish.png  used on input line 493.
(pdftex.def)             Requested size: 121.68661pt x 71.74716pt.
<seaGrant-logo.png, id=1142, 216.81pt x 83.31125pt>
File: seaGrant-logo.png Graphic file (type png)
<use seaGrant-logo.png>
Package pdftex.def Info: seaGrant-logo.png  used on input line 493.
(pdftex.def)             Requested size: 181.2999pt x 69.66951pt.
<dssc.jpg, id=1143, 447.6725pt x 384.43625pt>
File: dssc.jpg Graphic file (type jpg)
<use dssc.jpg>
Package pdftex.def Info: dssc.jpg  used on input line 493.
(pdftex.def)             Requested size: 119.84285pt x 102.91339pt.
 [19

 <./rockFish.png> <./seaGrant-logo.png> <./dssc.jpg>] [20

] [21

]
<./plots/srr1.1.png, id=1311, 481.8pt x 481.8pt>
File: ./plots/srr1.1.png Graphic file (type png)
<use ./plots/srr1.1.png>
Package pdftex.def Info: ./plots/srr1.1.png  used on input line 515.
(pdftex.def)             Requested size: 143.81105pt x 143.80594pt.

Overfull \hbox (23.9682pt too wide) in paragraph at lines 515--515
[][] 
 []

[22

 <./plots/srr1.1.png>]
Overfull \hbox (24.01787pt too wide) detected at line 539
[]
 []

<shaeferDat.png, id=1367, 481.8pt x 481.8pt>
File: shaeferDat.png Graphic file (type png)
<use shaeferDat.png>
Package pdftex.def Info: shaeferDat.png  used on input line 539.
(pdftex.def)             Requested size: 178.30731pt x 178.31036pt.
<../../.././nick/gpBias/bioExpT45X0.5Z0.6.png, id=1368, 481.8pt x 481.8pt>
File: ../../.././nick/gpBias/bioExpT45X0.5Z0.6.png Graphic file (type png)
<use ../../.././nick/gpBias/bioExpT45X0.5Z0.6.png>
Package pdftex.def Info: ../../.././nick/gpBias/bioExpT45X0.5Z0.6.png  used on 
input line 539.
(pdftex.def)             Requested size: 55.71828pt x 55.72177pt.
<../../.././nick/gpBias/bioExpT45X3.5Z0.6.png, id=1369, 481.8pt x 481.8pt>
File: ../../.././nick/gpBias/bioExpT45X3.5Z0.6.png Graphic file (type png)
<use ../../.././nick/gpBias/bioExpT45X3.5Z0.6.png>
Package pdftex.def Info: ../../.././nick/gpBias/bioExpT45X3.5Z0.6.png  used on 
input line 539.
(pdftex.def)             Requested size: 55.71828pt x 55.72177pt.
<../../.././nick/gpBias/bioExpT45X3.5Z0.2.png, id=1370, 481.8pt x 481.8pt>
File: ../../.././nick/gpBias/bioExpT45X3.5Z0.2.png Graphic file (type png)
<use ../../.././nick/gpBias/bioExpT45X3.5Z0.2.png>
Package pdftex.def Info: ../../.././nick/gpBias/bioExpT45X3.5Z0.2.png  used on 
input line 539.
(pdftex.def)             Requested size: 55.71828pt x 55.72177pt.
<../../.././nick/gpBias/bioExpT45X0.5Z0.2.png, id=1371, 481.8pt x 481.8pt>
File: ../../.././nick/gpBias/bioExpT45X0.5Z0.2.png Graphic file (type png)
<use ../../.././nick/gpBias/bioExpT45X0.5Z0.2.png>
Package pdftex.def Info: ../../.././nick/gpBias/bioExpT45X0.5Z0.2.png  used on 
input line 539.
(pdftex.def)             Requested size: 55.71828pt x 55.72177pt.

Overfull \vbox (10.12369pt too high) detected at line 539
 []

[23

 <./shaeferDat.png (PNG copy)> <../../.././nick/gpBias/bioExpT45X0.5Z0.6.png> <
../../.././nick/gpBias/bioExpT45X3.5Z0.6.png> <../../.././nick/gpBias/bioExpT45
X3.5Z0.2.png> <../../.././nick/gpBias/bioExpT45X0.5Z0.2.png>]
<../../gpBias/directionalBiasPellaFlatNoQ.png, id=1431, 481.8pt x 481.8pt>
File: ../../gpBias/directionalBiasPellaFlatNoQ.png Graphic file (type png)
<use ../../gpBias/directionalBiasPellaFlatNoQ.png>
Package pdftex.def Info: ../../gpBias/directionalBiasPellaFlatNoQ.png  used on 
input line 549.
(pdftex.def)             Requested size: 150.57372pt x 150.56947pt.
<../../gpBias/directionalBiasPellaExpT45.png, id=1432, 481.8pt x 481.8pt>
File: ../../gpBias/directionalBiasPellaExpT45.png Graphic file (type png)
<use ../../gpBias/directionalBiasPellaExpT45.png>
Package pdftex.def Info: ../../gpBias/directionalBiasPellaExpT45.png  used on i
nput line 549.
(pdftex.def)             Requested size: 150.57372pt x 150.56947pt.
 [24

 <../../gpBias/directionalBiasPellaFlatNoQ.png (PNG copy)> <../../gpBias/direct
ionalBiasPellaExpT45.png>]
<../../.././nick/gpBias/fMSYXRelBiasPellaFlatNoQ.png, id=1488, 481.8pt x 481.8p
t>
File: ../../.././nick/gpBias/fMSYXRelBiasPellaFlatNoQ.png Graphic file (type pn
g)
<use ../../.././nick/gpBias/fMSYXRelBiasPellaFlatNoQ.png>
Package pdftex.def Info: ../../.././nick/gpBias/fMSYXRelBiasPellaFlatNoQ.png  u
sed on input line 625.
(pdftex.def)             Requested size: 124.83531pt x 124.83128pt.

Underfull \hbox (badness 10000) in paragraph at lines 625--625
\OT1/mathkerncmss/m/sl/10.95 F[]$
 []

<../../.././nick/gpBias/curveCompareFlatNoQX0.5Z0.6.png, id=1489, 481.8pt x 481
.8pt>
File: ../../.././nick/gpBias/curveCompareFlatNoQX0.5Z0.6.png Graphic file (type
 png)
<use ../../.././nick/gpBias/curveCompareFlatNoQX0.5Z0.6.png>
Package pdftex.def Info: ../../.././nick/gpBias/curveCompareFlatNoQX0.5Z0.6.png
  used on input line 625.
(pdftex.def)             Requested size: 109.85568pt x 109.85594pt.
<../../.././nick/gpBias/curveCompareFlatNoQX0.5Z0.2.png, id=1490, 481.8pt x 481
.8pt>
File: ../../.././nick/gpBias/curveCompareFlatNoQX0.5Z0.2.png Graphic file (type
 png)
<use ../../.././nick/gpBias/curveCompareFlatNoQX0.5Z0.2.png>
Package pdftex.def Info: ../../.././nick/gpBias/curveCompareFlatNoQX0.5Z0.2.png
  used on input line 625.
(pdftex.def)             Requested size: 109.85568pt x 109.85594pt.

Overfull \hbox (9.98743pt too wide) in paragraph at lines 625--625
[][] 
 []


Overfull \hbox (9.98743pt too wide) in paragraph at lines 625--625
[] 
 []

<../../.././nick/gpBias/curveCompareFlatNoQX3.5Z0.6.png, id=1491, 481.8pt x 481
.8pt>
File: ../../.././nick/gpBias/curveCompareFlatNoQX3.5Z0.6.png Graphic file (type
 png)
<use ../../.././nick/gpBias/curveCompareFlatNoQX3.5Z0.6.png>
Package pdftex.def Info: ../../.././nick/gpBias/curveCompareFlatNoQX3.5Z0.6.png
  used on input line 625.
(pdftex.def)             Requested size: 109.85568pt x 109.85594pt.
<../../.././nick/gpBias/curveCompareFlatNoQX3.5Z0.2.png, id=1492, 481.8pt x 481
.8pt>
File: ../../.././nick/gpBias/curveCompareFlatNoQX3.5Z0.2.png Graphic file (type
 png)
<use ../../.././nick/gpBias/curveCompareFlatNoQX3.5Z0.2.png>
Package pdftex.def Info: ../../.././nick/gpBias/curveCompareFlatNoQX3.5Z0.2.png
  used on input line 625.
(pdftex.def)             Requested size: 109.85568pt x 109.85594pt.

Overfull \hbox (19.53394pt too wide) in paragraph at lines 625--625
[]|  [] 
 []


Overfull \hbox (19.53394pt too wide) in paragraph at lines 625--625
|  [] 
 []

[25

 <../../.././nick/gpBias/fMSYXRelBiasPellaFlatNoQ.png (PNG copy)> <../../.././n
ick/gpBias/curveCompareFlatNoQX0.5Z0.6.png (PNG copy)> <../../.././nick/gpBias/
curveCompareFlatNoQX0.5Z0.2.png (PNG copy)> <../../.././nick/gpBias/curveCompar
eFlatNoQX3.5Z0.6.png (PNG copy)> <../../.././nick/gpBias/curveCompareFlatNoQX3.
5Z0.2.png (PNG copy)>]
<../../.././nick/gpBias/zetaRelBiasPellaFlatNoQ.png, id=1547, 481.8pt x 481.8pt
>
File: ../../.././nick/gpBias/zetaRelBiasPellaFlatNoQ.png Graphic file (type png
)
<use ../../.././nick/gpBias/zetaRelBiasPellaFlatNoQ.png>
Package pdftex.def Info: ../../.././nick/gpBias/zetaRelBiasPellaFlatNoQ.png  us
ed on input line 653.
(pdftex.def)             Requested size: 122.58904pt x 122.5886pt.

Underfull \hbox (badness 10000) in paragraph at lines 653--653

 []

<../../.././nick/gpBias/bMSYRelBiasPellaFlatNoQ.png, id=1548, 481.8pt x 481.8pt
>
File: ../../.././nick/gpBias/bMSYRelBiasPellaFlatNoQ.png Graphic file (type png
)
<use ../../.././nick/gpBias/bMSYRelBiasPellaFlatNoQ.png>
Package pdftex.def Info: ../../.././nick/gpBias/bMSYRelBiasPellaFlatNoQ.png  us
ed on input line 653.
(pdftex.def)             Requested size: 122.58904pt x 122.5886pt.
<../../.././nick/gpBias/kRelBiasPellaFlatNoQ.png, id=1549, 481.8pt x 481.8pt>
File: ../../.././nick/gpBias/kRelBiasPellaFlatNoQ.png Graphic file (type png)
<use ../../.././nick/gpBias/kRelBiasPellaFlatNoQ.png>
Package pdftex.def Info: ../../.././nick/gpBias/kRelBiasPellaFlatNoQ.png  used 
on input line 653.
(pdftex.def)             Requested size: 122.58904pt x 122.5886pt.

Overfull \hbox (4.79532pt too wide) in paragraph at lines 653--653
[]|  |  [] 
 []


Overfull \vbox (14.69849pt too high) detected at line 653
 []

[26

 <../../.././nick/gpBias/zetaRelBiasPellaFlatNoQ.png (PNG copy)> <../../.././ni
ck/gpBias/bMSYRelBiasPellaFlatNoQ.png (PNG copy)> <../../.././nick/gpBias/kRelB
iasPellaFlatNoQ.png (PNG copy)>]
<../../.././nick/gpBias/fMSYRelBiasPellaExpT90.png, id=1604, 481.8pt x 481.8pt>

File: ../../.././nick/gpBias/fMSYRelBiasPellaExpT90.png Graphic file (type png)

<use ../../.././nick/gpBias/fMSYRelBiasPellaExpT90.png>
Package pdftex.def Info: ../../.././nick/gpBias/fMSYRelBiasPellaExpT90.png  use
d on input line 681.
(pdftex.def)             Requested size: 181.2999pt x 181.29944pt.
<../../.././nick/gpBias/bMSYRelBiasPellaExpT90.png, id=1605, 481.8pt x 481.8pt>

File: ../../.././nick/gpBias/bMSYRelBiasPellaExpT90.png Graphic file (type png)

<use ../../.././nick/gpBias/bMSYRelBiasPellaExpT90.png>
Package pdftex.def Info: ../../.././nick/gpBias/bMSYRelBiasPellaExpT90.png  use
d on input line 681.
(pdftex.def)             Requested size: 111.44391pt x 111.44356pt.
<../../.././nick/gpBias/kRelBiasPellaExpT90.png, id=1606, 481.8pt x 481.8pt>
File: ../../.././nick/gpBias/kRelBiasPellaExpT90.png Graphic file (type png)
<use ../../.././nick/gpBias/kRelBiasPellaExpT90.png>
Package pdftex.def Info: ../../.././nick/gpBias/kRelBiasPellaExpT90.png  used o
n input line 681.
(pdftex.def)             Requested size: 111.44391pt x 111.44356pt.

Overfull \hbox (1.14757pt too wide) in paragraph at lines 681--681
[]|  [] 
 []


Overfull \hbox (1.14757pt too wide) in paragraph at lines 681--681
|  [] 
 []


Overfull \vbox (2.0pt too high) detected at line 681
 []

[27

 <../../.././nick/gpBias/fMSYRelBiasPellaExpT90.png (PNG copy)> <../../.././nic
k/gpBias/bMSYRelBiasPellaExpT90.png> <../../.././nick/gpBias/kRelBiasPellaExpT9
0.png (PNG copy)>]
\tf@nav=\write6
\openout6 = `marcPres.nav'.

\tf@toc=\write7
\openout7 = `marcPres.toc'.

\tf@snm=\write8
\openout8 = `marcPres.snm'.

 (./marcPres.aux)
Package rerunfilecheck Info: File `marcPres.out' has not changed.
(rerunfilecheck)             Checksum: 5CDA03FF1FD7232270637B4614817ABF;763.
 ) 
Here is how much of TeX's memory you used:
 24568 strings out of 478994
 478376 string characters out of 5858183
 789766 words of memory out of 5000000
 41379 multiletter control sequences out of 15000+600000
 425511 words of font info for 97 fonts, out of 8000000 for 9000
 1141 hyphenation exceptions out of 8191
 131i,19n,132p,412b,779s stack positions out of 5000i,500n,10000p,200000b,80000s
{/usr/local/texlive/2021/texmf-dist/fonts/enc/dvips/cm-super/cm-super-t1.enc}
</usr/local/texlive/2021/texmf-dist/fonts/type1/public/amsfonts/cmextra/cmbsy8.
pfb></usr/local/texlive/2021/texmf-dist/fonts/type1/public/amsfonts/cm/cmex10.p
fb></usr/local/texlive/2021/texmf-dist/fonts/type1/public/amsfonts/cmextra/cmex
8.pfb></usr/local/texlive/2021/texmf-dist/fonts/type1/public/amsfonts/cm/cmmi10
.pfb></usr/local/texlive/2021/texmf-dist/fonts/type1/public/amsfonts/cm/cmmi6.p
fb></usr/local/texlive/2021/texmf-dist/fonts/type1/public/amsfonts/cm/cmmi8.pfb
></usr/local/texlive/2021/texmf-dist/fonts/type1/public/amsfonts/cm/cmmib10.pfb
></usr/local/texlive/2021/texmf-dist/fonts/type1/public/amsfonts/cmextra/cmmib8
.pfb></usr/local/texlive/2021/texmf-dist/fonts/type1/public/amsfonts/cm/cmss10.
pfb></usr/local/texlive/2021/texmf-dist/fonts/type1/public/amsfonts/cm/cmss12.p
fb></usr/local/texlive/2021/texmf-dist/fonts/type1/public/amsfonts/cm/cmss8.pfb
></usr/local/texlive/2021/texmf-dist/fonts/type1/public/amsfonts/cm/cmssi10.pfb
></usr/local/texlive/2021/texmf-dist/fonts/type1/public/amsfonts/cm/cmssi8.pfb>
</usr/local/texlive/2021/texmf-dist/fonts/type1/public/amsfonts/cm/cmsy10.pfb><
/usr/local/texlive/2021/texmf-dist/fonts/type1/public/amsfonts/cm/cmsy6.pfb></u
sr/local/texlive/2021/texmf-dist/fonts/type1/public/amsfonts/cm/cmsy8.pfb></usr
/local/texlive/2021/texmf-dist/fonts/type1/public/doublestroke/dsrom10.pfb></us
r/local/texlive/2021/texmf-dist/fonts/type1/public/amsfonts/symbols/msbm10.pfb>
</usr/local/texlive/2021/texmf-dist/fonts/type1/public/cm-super/sfso1000.pfb>
Output written on marcPres.pdf (27 pages, 5181977 bytes).
PDF statistics:
 1739 PDF objects out of 2073 (max. 8388607)
 1556 compressed objects within 16 object streams
 66 named destinations out of 1000 (max. 500000)
 386 words of extra memory for PDF output out of 10000 (max. 10000000)

