This is pdfTeX, Version 3.1415926-1.40.10 (TeX Live 2009/Debian) (format=pdflatex 2013.4.21)  25 JUL 2013 10:56
entering extended mode
 %&-line parsing enabled.
**grunlohAndMangel1.tex
(./grunlohAndMangel1.tex
LaTeX2e <2009/09/24>
Babel <v3.8l> and hyphenation patterns for english, usenglishmax, dumylang, noh
yphenation, farsi, arabic, croatian, bulgarian, ukrainian, russian, czech, slov
ak, danish, dutch, finnish, french, basque, ngerman, german, german-x-2009-06-1
9, ngerman-x-2009-06-19, ibycus, monogreek, greek, ancientgreek, hungarian, san
skrit, italian, latin, latvian, lithuanian, mongolian2a, mongolian, bokmal, nyn
orsk, romanian, irish, coptic, serbian, turkish, welsh, esperanto, uppersorbian
, estonian, indonesian, interlingua, icelandic, kurmanji, slovenian, polish, po
rtuguese, spanish, galician, catalan, swedish, ukenglish, pinyin, loaded.
(/usr/share/texmf-texlive/tex/latex/base/article.cls
Document Class: article 2007/10/19 v1.4h Standard LaTeX document class
(/usr/share/texmf-texlive/tex/latex/base/size12.clo
File: size12.clo 2007/10/19 v1.4h Standard LaTeX file (size option)
)
\c@part=\count79
\c@section=\count80
\c@subsection=\count81
\c@subsubsection=\count82
\c@paragraph=\count83
\c@subparagraph=\count84
\c@figure=\count85
\c@table=\count86
\abovecaptionskip=\skip41
\belowcaptionskip=\skip42
\bibindent=\dimen102
)
(/usr/share/texmf-texlive/tex/latex/psnfss/times.sty
Package: times 2005/04/12 PSNFSS-v9.2a (SPQR) 
)
(/usr/share/texmf-texlive/tex/latex/lineno/lineno.sty
Package: lineno 2005/11/02 line numbers on paragraphs v4.41
\linenopenalty=\count87
\output=\toks14
\linenoprevgraf=\count88
\linenumbersep=\dimen103
\linenumberwidth=\dimen104
\c@linenumber=\count89
\c@pagewiselinenumber=\count90
\c@LN@truepage=\count91
\c@internallinenumber=\count92
\c@internallinenumbers=\count93
\quotelinenumbersep=\dimen105
\bframerule=\dimen106
\bframesep=\dimen107
\bframebox=\box26
LaTeX Info: Redefining \\ on input line 3056.
)
(/usr/share/texmf-texlive/tex/latex/graphics/epsfig.sty
Package: epsfig 1999/02/16 v1.7a (e)psfig emulation (SPQR)

(/usr/share/texmf-texlive/tex/latex/graphics/graphicx.sty
Package: graphicx 1999/02/16 v1.0f Enhanced LaTeX Graphics (DPC,SPQR)

(/usr/share/texmf-texlive/tex/latex/graphics/keyval.sty
Package: keyval 1999/03/16 v1.13 key=value parser (DPC)
\KV@toks@=\toks15
)
(/usr/share/texmf-texlive/tex/latex/graphics/graphics.sty
Package: graphics 2009/02/05 v1.0o Standard LaTeX Graphics (DPC,SPQR)

(/usr/share/texmf-texlive/tex/latex/graphics/trig.sty
Package: trig 1999/03/16 v1.09 sin cos tan (DPC)
)
(/etc/texmf/tex/latex/config/graphics.cfg
File: graphics.cfg 2009/08/28 v1.8 graphics configuration of TeX Live
)
Package graphics Info: Driver file: pdftex.def on input line 91.

(/usr/share/texmf-texlive/tex/latex/pdftex-def/pdftex.def
File: pdftex.def 2010/03/12 v0.04p Graphics/color for pdfTeX
\Gread@gobject=\count94
))
\Gin@req@height=\dimen108
\Gin@req@width=\dimen109
)
\epsfxsize=\dimen110
\epsfysize=\dimen111
)
(/usr/share/texmf-texlive/tex/latex/ltxmisc/ulem.sty
\UL@box=\box27
\UL@hyphenbox=\box28
\UL@skip=\skip43
\UL@hook=\toks16
\UL@pe=\count95
\UL@pixel=\dimen112
\ULC@box=\box29
Package: ulem 2000/05/26
\ULdepth=\dimen113
)
(/usr/share/texmf-texlive/tex/latex/amsmath/amsmath.sty
Package: amsmath 2000/07/18 v2.13 AMS math features
\@mathmargin=\skip44

For additional information on amsmath, use the `?' option.
(/usr/share/texmf-texlive/tex/latex/amsmath/amstext.sty
Package: amstext 2000/06/29 v2.01

(/usr/share/texmf-texlive/tex/latex/amsmath/amsgen.sty
File: amsgen.sty 1999/11/30 v2.0
\@emptytoks=\toks17
\ex@=\dimen114
))
(/usr/share/texmf-texlive/tex/latex/amsmath/amsbsy.sty
Package: amsbsy 1999/11/29 v1.2d
\pmbraise@=\dimen115
)
(/usr/share/texmf-texlive/tex/latex/amsmath/amsopn.sty
Package: amsopn 1999/12/14 v2.01 operator names
)
\inf@bad=\count96
LaTeX Info: Redefining \frac on input line 211.
\uproot@=\count97
\leftroot@=\count98
LaTeX Info: Redefining \overline on input line 307.
\classnum@=\count99
\DOTSCASE@=\count100
LaTeX Info: Redefining \ldots on input line 379.
LaTeX Info: Redefining \dots on input line 382.
LaTeX Info: Redefining \cdots on input line 467.
\Mathstrutbox@=\box30
\strutbox@=\box31
\big@size=\dimen116
LaTeX Font Info:    Redeclaring font encoding OML on input line 567.
LaTeX Font Info:    Redeclaring font encoding OMS on input line 568.
\macc@depth=\count101
\c@MaxMatrixCols=\count102
\dotsspace@=\muskip10
\c@parentequation=\count103
\dspbrk@lvl=\count104
\tag@help=\toks18
\row@=\count105
\column@=\count106
\maxfields@=\count107
\andhelp@=\toks19
\eqnshift@=\dimen117
\alignsep@=\dimen118
\tagshift@=\dimen119
\tagwidth@=\dimen120
\totwidth@=\dimen121
\lineht@=\dimen122
\@envbody=\toks20
\multlinegap=\skip45
\multlinetaggap=\skip46
\mathdisplay@stack=\toks21
LaTeX Info: Redefining \[ on input line 2666.
LaTeX Info: Redefining \] on input line 2667.
)
(/usr/share/texmf-texlive/tex/latex/jknapltx/mathrsfs.sty
Package: mathrsfs 1996/01/01 Math RSFS package v1.0 (jk)
\symrsfs=\mathgroup4
)
(/usr/share/texmf-texlive/tex/latex/geometry/geometry.sty
Package: geometry 2008/12/21 v4.2 Page Geometry

(/usr/share/texmf-texlive/tex/generic/oberdiek/ifpdf.sty
Package: ifpdf 2009/04/10 v2.0 Provides the ifpdf switch (HO)
Package ifpdf Info: pdfTeX in pdf mode detected.
)
(/usr/share/texmf-texlive/tex/generic/oberdiek/ifvtex.sty
Package: ifvtex 2008/11/04 v1.4 Switches for detecting VTeX and its modes (HO)
Package ifvtex Info: VTeX not detected.
)
\Gm@cnth=\count108
\Gm@cntv=\count109
\c@Gm@tempcnt=\count110
\Gm@bindingoffset=\dimen123
\Gm@wd@mp=\dimen124
\Gm@odd@mp=\dimen125
\Gm@even@mp=\dimen126
\Gm@dimlist=\toks22

(/usr/share/texmf-texlive/tex/xelatex/xetexconfig/geometry.cfg))
(./grunlohAndMangel1.aux

LaTeX Warning: Label `sdf' multiply defined.


LaTeX Warning: Label `sdf' multiply defined.


LaTeX Warning: Label `phi' multiply defined.

)
\openout1 = `grunlohAndMangel1.aux'.

LaTeX Font Info:    Checking defaults for OML/cmm/m/it on input line 19.
LaTeX Font Info:    ... okay on input line 19.
LaTeX Font Info:    Checking defaults for T1/cmr/m/n on input line 19.
LaTeX Font Info:    ... okay on input line 19.
LaTeX Font Info:    Checking defaults for OT1/cmr/m/n on input line 19.
LaTeX Font Info:    ... okay on input line 19.
LaTeX Font Info:    Checking defaults for OMS/cmsy/m/n on input line 19.
LaTeX Font Info:    ... okay on input line 19.
LaTeX Font Info:    Checking defaults for OMX/cmex/m/n on input line 19.
LaTeX Font Info:    ... okay on input line 19.
LaTeX Font Info:    Checking defaults for U/cmr/m/n on input line 19.
LaTeX Font Info:    ... okay on input line 19.
LaTeX Font Info:    Try loading font information for OT1+ptm on input line 19.
 (/usr/share/texmf-texlive/tex/latex/psnfss/ot1ptm.fd
File: ot1ptm.fd 2001/06/04 font definitions for OT1/ptm.
)
(/usr/share/texmf-texlive/tex/context/base/supp-pdf.mkii
[Loading MPS to PDF converter (version 2006.09.02).]
\scratchcounter=\count111
\scratchdimen=\dimen127
\scratchbox=\box32
\nofMPsegments=\count112
\nofMParguments=\count113
\everyMPshowfont=\toks23
\MPscratchCnt=\count114
\MPscratchDim=\dimen128
\MPnumerator=\count115
\everyMPtoPDFconversion=\toks24
)
*geometry auto-detecting driver*
*geometry detected driver: pdftex*
-------------------- Geometry parameters
paper: letterpaper
landscape: --
twocolumn: --
twoside: --
asymmetric: --
h-parts: 108.405pt, 415.5525pt, 90.3375pt
v-parts: 90.3375pt, 614.295pt, 90.3375pt
hmarginratio: --
vmarginratio: --
lines: --
heightrounded: --
bindingoffset: 0.0pt
truedimen: --
includehead: --
includefoot: true
includemp: --
driver: pdftex
-------------------- Page layout dimensions and switches
\paperwidth  614.295pt
\paperheight 794.96999pt
\textwidth  415.5525pt
\textheight 584.295pt
\oddsidemargin  36.13501pt
\evensidemargin 36.13501pt
\topmargin  18.0675pt
\headheight 0.0pt
\headsep    0.0pt
\footskip   30.0pt
\marginparwidth 44.0pt
\marginparsep   10.0pt
\columnsep  10.0pt
\skip\footins  10.8pt plus 4.0pt minus 2.0pt
\hoffset 0.0pt
\voffset 0.0pt
\mag 1000

(1in=72.27pt, 1cm=28.45pt)
-----------------------
LaTeX Font Info:    Try loading font information for OT1+phv on input line 20.
(/usr/share/texmf-texlive/tex/latex/psnfss/ot1phv.fd
File: ot1phv.fd 2001/06/04 scalable font definitions for OT1/phv.
)
LaTeX Font Info:    Try loading font information for U+rsfs on input line 20.

(/usr/share/texmf-texlive/tex/latex/jknapltx/ursfs.fd
File: ursfs.fd 1998/03/24 rsfs font definition file (jk)
)
LaTeX Font Info:    Font shape `OT1/ptm/bx/n' in size <17.28> not available
(Font)              Font shape `OT1/ptm/b/n' tried instead on input line 22.
 [1

{/var/lib/texmf/fonts/map/pdftex/updmap/pdftex.map}] [2] [3]
LaTeX Font Info:    Font shape `OT1/ptm/bx/n' in size <14.4> not available
(Font)              Font shape `OT1/ptm/b/n' tried instead on input line 106.
 [4]
LaTeX Font Info:    Font shape `OT1/ptm/bx/n' in size <12> not available
(Font)              Font shape `OT1/ptm/b/n' tried instead on input line 142.
 [5]
Underfull \hbox (badness 10000) in paragraph at lines 175--179

 []

[6]

LaTeX Warning: `h' float specifier changed to `ht'.


Package amsmath Warning: Foreign command \over;
(amsmath)                \frac or \genfrac should be used instead
(amsmath)                 on input line 235.

[7] [8] [9] [10]
Overfull \hbox (118.12376pt too wide) detected at line 323
\OML/cmm/m/it/12 V[]\OT1/cmr/m/n/12 (\OML/cmm/m/it/12 i; t\OT1/cmr/m/n/12 ) = [
]1 \OMS/cmsy/m/n/12 ^^@ [] \OML/cmm/m/it/12 ^^U[]\OT1/cmr/m/n/12 (\OML/cmm/m/it
/12 t\OT1/cmr/m/n/12 )[] []\OML/cmm/m/it/12 F\OT1/cmr/m/n/12 (\OML/cmm/m/it/12 
i \OMS/cmsy/m/n/12 ^^@ \OML/cmm/m/it/12 ;  []t \OT1/cmr/m/n/12 + 1) [] +  [] [
] \OML/cmm/m/it/12 ^^U[]\OT1/cmr/m/n/12 (\OML/cmm/m/it/12 t\OT1/cmr/m/n/12 ) []
\OML/cmm/m/it/12 max [] :
 []

[11]
Overfull \hbox (4.62491pt too wide) in paragraph at lines 377--381
\OT1/ptm/m/n/12 back-wards in time from the ter-mi-nal con-di-tion. Ev-ery time
 pe-riod of the model $\OML/cmm/m/it/12 V[]\OT1/cmr/m/n/12 (\OML/cmm/m/it/12 i;
 t\OT1/cmr/m/n/12 )$
 []

[12] [13] [14] [15] [16] [17] [18] [19] [20] [21] [22]
<caroFig1edit.pdf, id=85, 355.29037pt x 265.71469pt>
File: caroFig1edit.pdf Graphic file (type pdf)
 <use caroFig1edit.pdf>
<caroFig2edit.pdf, id=86, 188.705pt x 347.2975pt>
File: caroFig2edit.pdf Graphic file (type pdf)
 <use caroFig2edit.pdf>
Overfull \hbox (32.53487pt too wide) in paragraph at lines 657--661
[] 
 []


Overfull \hbox (23.99904pt too wide) in paragraph at lines 657--661
[] 
 []


Underfull \hbox (badness 10000) in paragraph at lines 663--667

 []


Underfull \hbox (badness 10000) in paragraph at lines 663--667

 []


Underfull \hbox (badness 10000) in paragraph at lines 663--667

 []


Underfull \hbox (badness 1742) in paragraph at lines 663--667
\OT1/ptm/m/n/12 b) Run-ning mean val-ues of in-di-
 []


LaTeX Warning: Float too large for page by 133.90211pt on input line 669.


LaTeX Warning: `!h' float specifier changed to `!ht'.

<numberLineOfLife.pdf, id=88, 614.295pt x 144.54pt>
File: numberLineOfLife.pdf Graphic file (type pdf)
 <use numberLineOfLife.pdf>
Overfull \hbox (68.14433pt too wide) in paragraph at lines 676--677
 [] 
 []


LaTeX Warning: `!h' float specifier changed to `!ht'.

<sdf.pdf, id=90, 863.62653pt x 419.8887pt>
File: sdf.pdf Graphic file (type pdf)
 <use sdf.pdf>
Overfull \hbox (39.69157pt too wide) in paragraph at lines 685--686
 [] 
 []


LaTeX Warning: `h' float specifier changed to `ht'.

<phi.pdf, id=91, 586.83241pt x 442.29242pt>
File: phi.pdf Graphic file (type pdf)
 <use phi.pdf>
Overfull \hbox (39.69157pt too wide) in paragraph at lines 694--695
 [] 
 []


LaTeX Warning: `h' float specifier changed to `ht'.

<TplayHeat.pdf, id=92, 628.3475pt x 505.89pt>
File: TplayHeat.pdf Graphic file (type pdf)
 <use TplayHeat.pdf>
Overfull \hbox (68.14433pt too wide) in paragraph at lines 704--709
 [] 
 []


LaTeX Warning: Float too large for page by 67.7639pt on input line 711.


LaTeX Warning: `h' float specifier changed to `ht'.

<fitness.pdf, id=94, 863.62653pt x 420.6114pt>
File: fitness.pdf Graphic file (type pdf)
 <use fitness.pdf>
Overfull \hbox (39.69157pt too wide) in paragraph at lines 717--718
 [] 
 []


LaTeX Warning: `h' float specifier changed to `ht'.

<Fmcmc.pdf, id=95, 586.83241pt x 442.29242pt>
File: Fmcmc.pdf Graphic file (type pdf)
 <use Fmcmc.pdf>
Overfull \hbox (11.23883pt too wide) in paragraph at lines 725--726
 [] 
 []

<mcmc2.pdf, id=96, 586.83241pt x 442.29242pt>
File: mcmc2.pdf Graphic file (type pdf)
 <use mcmc2.pdf>
Overfull \hbox (11.23883pt too wide) in paragraph at lines 735--736
 [] 
 []


LaTeX Warning: `h' float specifier changed to `ht'.

[23

] [24 <./caroFig1edit.pdf> <./caroFig2edit.pdf>] [25 <./numberLineOfLife.pdf>] 
[26 <./sdf.pdf>] [27 <./phi.pdf>] [28 <./TplayHeat.pdf>] [29 <./fitness.pdf>] [
30 <./Fmcmc.pdf>] [31 <./mcmc2.pdf>] (./grunlohAndMangel1.aux)

LaTeX Warning: There were multiply-defined labels.

 ) 
Here is how much of TeX's memory you used:
 2404 strings out of 493848
 31068 string characters out of 1152823
 93182 words of memory out of 3000000
 5648 multiletter control sequences out of 15000+50000
 25285 words of font info for 58 fonts, out of 3000000 for 9000
 714 hyphenation exceptions out of 8191
 32i,11n,21p,1049b,332s stack positions out of 5000i,500n,10000p,200000b,50000s
{/usr/share/texmf-texlive/fonts/enc/dvips/base/8r.enc}</usr/share/texmf-texli
ve/fonts/type1/public/amsfonts/cm/cmex10.pfb></usr/share/texmf-texlive/fonts/ty
pe1/public/amsfonts/cmextra/cmex8.pfb></usr/share/texmf-texlive/fonts/type1/pub
lic/amsfonts/cm/cmmi12.pfb></usr/share/texmf-texlive/fonts/type1/public/amsfont
s/cm/cmmi6.pfb></usr/share/texmf-texlive/fonts/type1/public/amsfonts/cm/cmmi8.p
fb></usr/share/texmf-texlive/fonts/type1/public/amsfonts/cm/cmr12.pfb></usr/sha
re/texmf-texlive/fonts/type1/public/amsfonts/cm/cmr6.pfb></usr/share/texmf-texl
ive/fonts/type1/public/amsfonts/cm/cmsy10.pfb></usr/share/texmf-texlive/fonts/t
ype1/public/amsfonts/cm/cmsy6.pfb></usr/share/texmf-texlive/fonts/type1/public/
amsfonts/cm/cmsy8.pfb></usr/share/texmf-texlive/fonts/type1/urw/helvetic/uhvr8a
.pfb></usr/share/texmf-texlive/fonts/type1/urw/times/utmb8a.pfb></usr/share/tex
mf-texlive/fonts/type1/urw/times/utmr8a.pfb></usr/share/texmf-texlive/fonts/typ
e1/urw/times/utmri8a.pfb>
Output written on grunlohAndMangel1.pdf (31 pages, 482001 bytes).
PDF statistics:
 232 PDF objects out of 1000 (max. 8388607)
 0 named destinations out of 1000 (max. 500000)
 46 words of extra memory for PDF output out of 10000 (max. 10000000)

